[2023-12-20T03:40:59.650+0000] {taskinstance.py:1957} INFO - Dependencies all met for dep_context=non-requeueable deps ti=<TaskInstance: dag_with_api.readfile manual__2023-12-20T03:40:58.330131+00:00 [queued]>
[2023-12-20T03:40:59.655+0000] {taskinstance.py:1957} INFO - Dependencies all met for dep_context=requeueable deps ti=<TaskInstance: dag_with_api.readfile manual__2023-12-20T03:40:58.330131+00:00 [queued]>
[2023-12-20T03:40:59.655+0000] {taskinstance.py:2171} INFO - Starting attempt 1 of 6
[2023-12-20T03:40:59.662+0000] {taskinstance.py:2192} INFO - Executing <Task(_PythonDecoratedOperator): readfile> on 2023-12-20 03:40:58.330131+00:00
[2023-12-20T03:40:59.666+0000] {standard_task_runner.py:60} INFO - Started process 533 to run task
[2023-12-20T03:40:59.670+0000] {standard_task_runner.py:87} INFO - Running: ['***', 'tasks', 'run', 'dag_with_api', 'readfile', 'manual__2023-12-20T03:40:58.330131+00:00', '--job-id', '70', '--raw', '--subdir', 'DAGS_FOLDER/api.py', '--cfg-path', '/tmp/tmp00cl3xuw']
[2023-12-20T03:40:59.672+0000] {standard_task_runner.py:88} INFO - Job 70: Subtask readfile
[2023-12-20T03:40:59.723+0000] {task_command.py:423} INFO - Running <TaskInstance: dag_with_api.readfile manual__2023-12-20T03:40:58.330131+00:00 [running]> on host 1c6925ad37f2
[2023-12-20T03:41:00.082+0000] {taskinstance.py:2481} INFO - Exporting env vars: AIRFLOW_CTX_DAG_OWNER='william' AIRFLOW_CTX_DAG_ID='dag_with_api' AIRFLOW_CTX_TASK_ID='readfile' AIRFLOW_CTX_EXECUTION_DATE='2023-12-20T03:40:58.330131+00:00' AIRFLOW_CTX_TRY_NUMBER='1' AIRFLOW_CTX_DAG_RUN_ID='manual__2023-12-20T03:40:58.330131+00:00'
[2023-12-20T03:41:00.141+0000] {logging_mixin.py:188} INFO -       product_id  ...                                       product_link
0     B07JW9H4J1  ...  https://www.amazon.in/Wayona-Braided-WN3LG1-Sy...
1     B098NS6PVG  ...  https://www.amazon.in/Ambrane-Unbreakable-Char...
2     B096MSW6CT  ...  https://www.amazon.in/Sounce-iPhone-Charging-C...
3     B08HDJ86NZ  ...  https://www.amazon.in/Deuce-300-Resistant-Tang...
4     B08CF3B7N1  ...  https://www.amazon.in/Portronics-Konnect-POR-1...
...          ...  ...                                                ...
1460  B08L7J3T31  ...  https://www.amazon.in/Noir-Aqua-Spanner-Purifi...
1461  B01M6453MB  ...  https://www.amazon.in/Prestige-Delight-PRWO-1-...
1462  B009P2LIL4  ...  https://www.amazon.in/Bajaj-RX-10-2000-Watt-Co...
1463  B00J5DYCCA  ...  https://www.amazon.in/Havells-Ventilair-230mm-...
1464  B01486F4G6  ...  https://www.amazon.in/Borosil-Jumbo-1000-Watt-...

[1465 rows x 16 columns]
[2023-12-20T03:41:00.579+0000] {python.py:201} INFO - Done. Returned value was: None
[2023-12-20T03:41:00.587+0000] {taskinstance.py:1138} INFO - Marking task as SUCCESS. dag_id=dag_with_api, task_id=readfile, execution_date=20231220T034058, start_date=20231220T034059, end_date=20231220T034100
[2023-12-20T03:41:00.647+0000] {local_task_job_runner.py:234} INFO - Task exited with return code 0
[2023-12-20T03:41:00.660+0000] {taskinstance.py:3281} INFO - 0 downstream tasks scheduled from follow-on schedule check
