[2023-12-19T03:23:35.024+0000] {processor.py:161} INFO - Started process (PID=48) to work on /home/airflow/.local/lib/python3.8/site-packages/airflow/example_dags/example_setup_teardown.py
[2023-12-19T03:23:35.025+0000] {processor.py:830} INFO - Processing file /home/airflow/.local/lib/python3.8/site-packages/airflow/example_dags/example_setup_teardown.py for tasks to queue
[2023-12-19T03:23:35.027+0000] {logging_mixin.py:188} INFO - [2023-12-19T03:23:35.027+0000] {dagbag.py:538} INFO - Filling up the DagBag from /home/airflow/.local/lib/python3.8/site-packages/airflow/example_dags/example_setup_teardown.py
[2023-12-19T03:23:35.035+0000] {processor.py:840} INFO - DAG(s) 'example_setup_teardown' retrieved from /home/airflow/.local/lib/python3.8/site-packages/airflow/example_dags/example_setup_teardown.py
[2023-12-19T03:23:35.045+0000] {logging_mixin.py:188} INFO - [2023-12-19T03:23:35.045+0000] {dag.py:3033} INFO - Sync 1 DAGs
[2023-12-19T03:23:35.061+0000] {logging_mixin.py:188} INFO - [2023-12-19T03:23:35.061+0000] {dag.py:3820} INFO - Setting next_dagrun for example_setup_teardown to 2023-12-18T00:00:00+00:00, run_after=2023-12-19T00:00:00+00:00
[2023-12-19T03:23:35.074+0000] {processor.py:183} INFO - Processing /home/airflow/.local/lib/python3.8/site-packages/airflow/example_dags/example_setup_teardown.py took 0.053 seconds
[2023-12-19T03:24:05.486+0000] {processor.py:161} INFO - Started process (PID=103) to work on /home/airflow/.local/lib/python3.8/site-packages/airflow/example_dags/example_setup_teardown.py
[2023-12-19T03:24:05.487+0000] {processor.py:830} INFO - Processing file /home/airflow/.local/lib/python3.8/site-packages/airflow/example_dags/example_setup_teardown.py for tasks to queue
[2023-12-19T03:24:05.488+0000] {logging_mixin.py:188} INFO - [2023-12-19T03:24:05.488+0000] {dagbag.py:538} INFO - Filling up the DagBag from /home/airflow/.local/lib/python3.8/site-packages/airflow/example_dags/example_setup_teardown.py
[2023-12-19T03:24:05.493+0000] {processor.py:840} INFO - DAG(s) 'example_setup_teardown' retrieved from /home/airflow/.local/lib/python3.8/site-packages/airflow/example_dags/example_setup_teardown.py
[2023-12-19T03:24:05.545+0000] {logging_mixin.py:188} INFO - [2023-12-19T03:24:05.545+0000] {dag.py:3033} INFO - Sync 1 DAGs
[2023-12-19T03:24:05.555+0000] {logging_mixin.py:188} INFO - [2023-12-19T03:24:05.555+0000] {dag.py:3820} INFO - Setting next_dagrun for example_setup_teardown to 2023-12-18T00:00:00+00:00, run_after=2023-12-19T00:00:00+00:00
[2023-12-19T03:24:05.564+0000] {processor.py:183} INFO - Processing /home/airflow/.local/lib/python3.8/site-packages/airflow/example_dags/example_setup_teardown.py took 0.081 seconds
[2023-12-19T03:24:39.019+0000] {processor.py:161} INFO - Started process (PID=47) to work on /home/airflow/.local/lib/python3.8/site-packages/airflow/example_dags/example_setup_teardown.py
[2023-12-19T03:24:39.021+0000] {processor.py:830} INFO - Processing file /home/airflow/.local/lib/python3.8/site-packages/airflow/example_dags/example_setup_teardown.py for tasks to queue
[2023-12-19T03:24:39.023+0000] {logging_mixin.py:188} INFO - [2023-12-19T03:24:39.022+0000] {dagbag.py:538} INFO - Filling up the DagBag from /home/airflow/.local/lib/python3.8/site-packages/airflow/example_dags/example_setup_teardown.py
[2023-12-19T03:24:39.029+0000] {processor.py:840} INFO - DAG(s) 'example_setup_teardown' retrieved from /home/airflow/.local/lib/python3.8/site-packages/airflow/example_dags/example_setup_teardown.py
[2023-12-19T03:24:39.047+0000] {logging_mixin.py:188} INFO - [2023-12-19T03:24:39.047+0000] {dag.py:3033} INFO - Sync 1 DAGs
[2023-12-19T03:24:39.059+0000] {logging_mixin.py:188} INFO - [2023-12-19T03:24:39.059+0000] {dag.py:3820} INFO - Setting next_dagrun for example_setup_teardown to 2023-12-18T00:00:00+00:00, run_after=2023-12-19T00:00:00+00:00
[2023-12-19T03:24:39.068+0000] {processor.py:183} INFO - Processing /home/airflow/.local/lib/python3.8/site-packages/airflow/example_dags/example_setup_teardown.py took 0.051 seconds
[2023-12-19T03:25:11.304+0000] {processor.py:161} INFO - Started process (PID=47) to work on /home/airflow/.local/lib/python3.8/site-packages/airflow/example_dags/example_setup_teardown.py
[2023-12-19T03:25:11.306+0000] {processor.py:830} INFO - Processing file /home/airflow/.local/lib/python3.8/site-packages/airflow/example_dags/example_setup_teardown.py for tasks to queue
[2023-12-19T03:25:11.309+0000] {logging_mixin.py:188} INFO - [2023-12-19T03:25:11.309+0000] {dagbag.py:538} INFO - Filling up the DagBag from /home/airflow/.local/lib/python3.8/site-packages/airflow/example_dags/example_setup_teardown.py
[2023-12-19T03:25:11.318+0000] {processor.py:840} INFO - DAG(s) 'example_setup_teardown' retrieved from /home/airflow/.local/lib/python3.8/site-packages/airflow/example_dags/example_setup_teardown.py
[2023-12-19T03:25:11.329+0000] {logging_mixin.py:188} INFO - [2023-12-19T03:25:11.329+0000] {dag.py:3033} INFO - Sync 1 DAGs
[2023-12-19T03:25:11.344+0000] {logging_mixin.py:188} INFO - [2023-12-19T03:25:11.344+0000] {dag.py:3820} INFO - Setting next_dagrun for example_setup_teardown to 2023-12-18T00:00:00+00:00, run_after=2023-12-19T00:00:00+00:00
[2023-12-19T03:25:11.357+0000] {processor.py:183} INFO - Processing /home/airflow/.local/lib/python3.8/site-packages/airflow/example_dags/example_setup_teardown.py took 0.056 seconds
[2023-12-19T03:25:42.101+0000] {processor.py:161} INFO - Started process (PID=101) to work on /home/airflow/.local/lib/python3.8/site-packages/airflow/example_dags/example_setup_teardown.py
[2023-12-19T03:25:42.102+0000] {processor.py:830} INFO - Processing file /home/airflow/.local/lib/python3.8/site-packages/airflow/example_dags/example_setup_teardown.py for tasks to queue
[2023-12-19T03:25:42.104+0000] {logging_mixin.py:188} INFO - [2023-12-19T03:25:42.104+0000] {dagbag.py:538} INFO - Filling up the DagBag from /home/airflow/.local/lib/python3.8/site-packages/airflow/example_dags/example_setup_teardown.py
[2023-12-19T03:25:42.109+0000] {processor.py:840} INFO - DAG(s) 'example_setup_teardown' retrieved from /home/airflow/.local/lib/python3.8/site-packages/airflow/example_dags/example_setup_teardown.py
[2023-12-19T03:25:42.161+0000] {logging_mixin.py:188} INFO - [2023-12-19T03:25:42.161+0000] {dag.py:3033} INFO - Sync 1 DAGs
[2023-12-19T03:25:42.171+0000] {logging_mixin.py:188} INFO - [2023-12-19T03:25:42.170+0000] {dag.py:3820} INFO - Setting next_dagrun for example_setup_teardown to 2023-12-18T00:00:00+00:00, run_after=2023-12-19T00:00:00+00:00
[2023-12-19T03:25:42.181+0000] {processor.py:183} INFO - Processing /home/airflow/.local/lib/python3.8/site-packages/airflow/example_dags/example_setup_teardown.py took 0.082 seconds
[2023-12-19T03:26:13.112+0000] {processor.py:161} INFO - Started process (PID=164) to work on /home/airflow/.local/lib/python3.8/site-packages/airflow/example_dags/example_setup_teardown.py
[2023-12-19T03:26:13.113+0000] {processor.py:830} INFO - Processing file /home/airflow/.local/lib/python3.8/site-packages/airflow/example_dags/example_setup_teardown.py for tasks to queue
[2023-12-19T03:26:13.116+0000] {logging_mixin.py:188} INFO - [2023-12-19T03:26:13.116+0000] {dagbag.py:538} INFO - Filling up the DagBag from /home/airflow/.local/lib/python3.8/site-packages/airflow/example_dags/example_setup_teardown.py
[2023-12-19T03:26:13.124+0000] {processor.py:840} INFO - DAG(s) 'example_setup_teardown' retrieved from /home/airflow/.local/lib/python3.8/site-packages/airflow/example_dags/example_setup_teardown.py
[2023-12-19T03:26:13.147+0000] {logging_mixin.py:188} INFO - [2023-12-19T03:26:13.146+0000] {dag.py:3033} INFO - Sync 1 DAGs
[2023-12-19T03:26:13.162+0000] {logging_mixin.py:188} INFO - [2023-12-19T03:26:13.162+0000] {dag.py:3820} INFO - Setting next_dagrun for example_setup_teardown to 2023-12-18T00:00:00+00:00, run_after=2023-12-19T00:00:00+00:00
[2023-12-19T03:26:13.173+0000] {processor.py:183} INFO - Processing /home/airflow/.local/lib/python3.8/site-packages/airflow/example_dags/example_setup_teardown.py took 0.066 seconds
[2023-12-19T03:26:43.242+0000] {processor.py:161} INFO - Started process (PID=219) to work on /home/airflow/.local/lib/python3.8/site-packages/airflow/example_dags/example_setup_teardown.py
[2023-12-19T03:26:43.244+0000] {processor.py:830} INFO - Processing file /home/airflow/.local/lib/python3.8/site-packages/airflow/example_dags/example_setup_teardown.py for tasks to queue
[2023-12-19T03:26:43.247+0000] {logging_mixin.py:188} INFO - [2023-12-19T03:26:43.246+0000] {dagbag.py:538} INFO - Filling up the DagBag from /home/airflow/.local/lib/python3.8/site-packages/airflow/example_dags/example_setup_teardown.py
[2023-12-19T03:26:43.253+0000] {processor.py:840} INFO - DAG(s) 'example_setup_teardown' retrieved from /home/airflow/.local/lib/python3.8/site-packages/airflow/example_dags/example_setup_teardown.py
[2023-12-19T03:26:43.274+0000] {logging_mixin.py:188} INFO - [2023-12-19T03:26:43.274+0000] {dag.py:3033} INFO - Sync 1 DAGs
[2023-12-19T03:26:43.290+0000] {logging_mixin.py:188} INFO - [2023-12-19T03:26:43.290+0000] {dag.py:3820} INFO - Setting next_dagrun for example_setup_teardown to 2023-12-18T00:00:00+00:00, run_after=2023-12-19T00:00:00+00:00
[2023-12-19T03:26:43.313+0000] {processor.py:183} INFO - Processing /home/airflow/.local/lib/python3.8/site-packages/airflow/example_dags/example_setup_teardown.py took 0.077 seconds
[2023-12-19T03:27:13.867+0000] {processor.py:161} INFO - Started process (PID=274) to work on /home/airflow/.local/lib/python3.8/site-packages/airflow/example_dags/example_setup_teardown.py
[2023-12-19T03:27:13.870+0000] {processor.py:830} INFO - Processing file /home/airflow/.local/lib/python3.8/site-packages/airflow/example_dags/example_setup_teardown.py for tasks to queue
[2023-12-19T03:27:13.874+0000] {logging_mixin.py:188} INFO - [2023-12-19T03:27:13.873+0000] {dagbag.py:538} INFO - Filling up the DagBag from /home/airflow/.local/lib/python3.8/site-packages/airflow/example_dags/example_setup_teardown.py
[2023-12-19T03:27:13.886+0000] {processor.py:840} INFO - DAG(s) 'example_setup_teardown' retrieved from /home/airflow/.local/lib/python3.8/site-packages/airflow/example_dags/example_setup_teardown.py
[2023-12-19T03:27:13.918+0000] {logging_mixin.py:188} INFO - [2023-12-19T03:27:13.918+0000] {dag.py:3033} INFO - Sync 1 DAGs
[2023-12-19T03:27:13.938+0000] {logging_mixin.py:188} INFO - [2023-12-19T03:27:13.938+0000] {dag.py:3820} INFO - Setting next_dagrun for example_setup_teardown to 2023-12-18T00:00:00+00:00, run_after=2023-12-19T00:00:00+00:00
[2023-12-19T03:27:13.950+0000] {processor.py:183} INFO - Processing /home/airflow/.local/lib/python3.8/site-packages/airflow/example_dags/example_setup_teardown.py took 0.087 seconds
[2023-12-19T03:27:44.443+0000] {processor.py:161} INFO - Started process (PID=329) to work on /home/airflow/.local/lib/python3.8/site-packages/airflow/example_dags/example_setup_teardown.py
[2023-12-19T03:27:44.445+0000] {processor.py:830} INFO - Processing file /home/airflow/.local/lib/python3.8/site-packages/airflow/example_dags/example_setup_teardown.py for tasks to queue
[2023-12-19T03:27:44.448+0000] {logging_mixin.py:188} INFO - [2023-12-19T03:27:44.447+0000] {dagbag.py:538} INFO - Filling up the DagBag from /home/airflow/.local/lib/python3.8/site-packages/airflow/example_dags/example_setup_teardown.py
[2023-12-19T03:27:44.454+0000] {processor.py:840} INFO - DAG(s) 'example_setup_teardown' retrieved from /home/airflow/.local/lib/python3.8/site-packages/airflow/example_dags/example_setup_teardown.py
[2023-12-19T03:27:44.473+0000] {logging_mixin.py:188} INFO - [2023-12-19T03:27:44.473+0000] {dag.py:3033} INFO - Sync 1 DAGs
[2023-12-19T03:27:44.486+0000] {logging_mixin.py:188} INFO - [2023-12-19T03:27:44.486+0000] {dag.py:3820} INFO - Setting next_dagrun for example_setup_teardown to 2023-12-18T00:00:00+00:00, run_after=2023-12-19T00:00:00+00:00
[2023-12-19T03:27:44.496+0000] {processor.py:183} INFO - Processing /home/airflow/.local/lib/python3.8/site-packages/airflow/example_dags/example_setup_teardown.py took 0.058 seconds
[2023-12-19T03:28:14.582+0000] {processor.py:161} INFO - Started process (PID=384) to work on /home/airflow/.local/lib/python3.8/site-packages/airflow/example_dags/example_setup_teardown.py
[2023-12-19T03:28:14.584+0000] {processor.py:830} INFO - Processing file /home/airflow/.local/lib/python3.8/site-packages/airflow/example_dags/example_setup_teardown.py for tasks to queue
[2023-12-19T03:28:14.588+0000] {logging_mixin.py:188} INFO - [2023-12-19T03:28:14.587+0000] {dagbag.py:538} INFO - Filling up the DagBag from /home/airflow/.local/lib/python3.8/site-packages/airflow/example_dags/example_setup_teardown.py
[2023-12-19T03:28:14.596+0000] {processor.py:840} INFO - DAG(s) 'example_setup_teardown' retrieved from /home/airflow/.local/lib/python3.8/site-packages/airflow/example_dags/example_setup_teardown.py
[2023-12-19T03:28:14.621+0000] {logging_mixin.py:188} INFO - [2023-12-19T03:28:14.621+0000] {dag.py:3033} INFO - Sync 1 DAGs
[2023-12-19T03:28:14.635+0000] {logging_mixin.py:188} INFO - [2023-12-19T03:28:14.635+0000] {dag.py:3820} INFO - Setting next_dagrun for example_setup_teardown to 2023-12-18T00:00:00+00:00, run_after=2023-12-19T00:00:00+00:00
[2023-12-19T03:28:14.645+0000] {processor.py:183} INFO - Processing /home/airflow/.local/lib/python3.8/site-packages/airflow/example_dags/example_setup_teardown.py took 0.068 seconds
[2023-12-19T03:28:44.763+0000] {processor.py:161} INFO - Started process (PID=439) to work on /home/airflow/.local/lib/python3.8/site-packages/airflow/example_dags/example_setup_teardown.py
[2023-12-19T03:28:44.764+0000] {processor.py:830} INFO - Processing file /home/airflow/.local/lib/python3.8/site-packages/airflow/example_dags/example_setup_teardown.py for tasks to queue
[2023-12-19T03:28:44.768+0000] {logging_mixin.py:188} INFO - [2023-12-19T03:28:44.768+0000] {dagbag.py:538} INFO - Filling up the DagBag from /home/airflow/.local/lib/python3.8/site-packages/airflow/example_dags/example_setup_teardown.py
[2023-12-19T03:28:44.778+0000] {processor.py:840} INFO - DAG(s) 'example_setup_teardown' retrieved from /home/airflow/.local/lib/python3.8/site-packages/airflow/example_dags/example_setup_teardown.py
[2023-12-19T03:28:44.797+0000] {logging_mixin.py:188} INFO - [2023-12-19T03:28:44.797+0000] {dag.py:3033} INFO - Sync 1 DAGs
[2023-12-19T03:28:44.814+0000] {logging_mixin.py:188} INFO - [2023-12-19T03:28:44.814+0000] {dag.py:3820} INFO - Setting next_dagrun for example_setup_teardown to 2023-12-18T00:00:00+00:00, run_after=2023-12-19T00:00:00+00:00
[2023-12-19T03:28:44.824+0000] {processor.py:183} INFO - Processing /home/airflow/.local/lib/python3.8/site-packages/airflow/example_dags/example_setup_teardown.py took 0.065 seconds
[2023-12-19T03:29:15.264+0000] {processor.py:161} INFO - Started process (PID=494) to work on /home/airflow/.local/lib/python3.8/site-packages/airflow/example_dags/example_setup_teardown.py
[2023-12-19T03:29:15.266+0000] {processor.py:830} INFO - Processing file /home/airflow/.local/lib/python3.8/site-packages/airflow/example_dags/example_setup_teardown.py for tasks to queue
[2023-12-19T03:29:15.269+0000] {logging_mixin.py:188} INFO - [2023-12-19T03:29:15.269+0000] {dagbag.py:538} INFO - Filling up the DagBag from /home/airflow/.local/lib/python3.8/site-packages/airflow/example_dags/example_setup_teardown.py
[2023-12-19T03:29:15.279+0000] {processor.py:840} INFO - DAG(s) 'example_setup_teardown' retrieved from /home/airflow/.local/lib/python3.8/site-packages/airflow/example_dags/example_setup_teardown.py
[2023-12-19T03:29:15.301+0000] {logging_mixin.py:188} INFO - [2023-12-19T03:29:15.301+0000] {dag.py:3033} INFO - Sync 1 DAGs
[2023-12-19T03:29:15.319+0000] {logging_mixin.py:188} INFO - [2023-12-19T03:29:15.319+0000] {dag.py:3820} INFO - Setting next_dagrun for example_setup_teardown to 2023-12-18T00:00:00+00:00, run_after=2023-12-19T00:00:00+00:00
[2023-12-19T03:29:15.333+0000] {processor.py:183} INFO - Processing /home/airflow/.local/lib/python3.8/site-packages/airflow/example_dags/example_setup_teardown.py took 0.075 seconds
[2023-12-19T03:29:45.489+0000] {processor.py:161} INFO - Started process (PID=549) to work on /home/airflow/.local/lib/python3.8/site-packages/airflow/example_dags/example_setup_teardown.py
[2023-12-19T03:29:45.490+0000] {processor.py:830} INFO - Processing file /home/airflow/.local/lib/python3.8/site-packages/airflow/example_dags/example_setup_teardown.py for tasks to queue
[2023-12-19T03:29:45.493+0000] {logging_mixin.py:188} INFO - [2023-12-19T03:29:45.492+0000] {dagbag.py:538} INFO - Filling up the DagBag from /home/airflow/.local/lib/python3.8/site-packages/airflow/example_dags/example_setup_teardown.py
[2023-12-19T03:29:45.499+0000] {processor.py:840} INFO - DAG(s) 'example_setup_teardown' retrieved from /home/airflow/.local/lib/python3.8/site-packages/airflow/example_dags/example_setup_teardown.py
[2023-12-19T03:29:45.518+0000] {logging_mixin.py:188} INFO - [2023-12-19T03:29:45.518+0000] {dag.py:3033} INFO - Sync 1 DAGs
[2023-12-19T03:29:45.530+0000] {logging_mixin.py:188} INFO - [2023-12-19T03:29:45.530+0000] {dag.py:3820} INFO - Setting next_dagrun for example_setup_teardown to 2023-12-18T00:00:00+00:00, run_after=2023-12-19T00:00:00+00:00
[2023-12-19T03:29:45.539+0000] {processor.py:183} INFO - Processing /home/airflow/.local/lib/python3.8/site-packages/airflow/example_dags/example_setup_teardown.py took 0.053 seconds
[2023-12-19T03:30:15.681+0000] {processor.py:161} INFO - Started process (PID=604) to work on /home/airflow/.local/lib/python3.8/site-packages/airflow/example_dags/example_setup_teardown.py
[2023-12-19T03:30:15.682+0000] {processor.py:830} INFO - Processing file /home/airflow/.local/lib/python3.8/site-packages/airflow/example_dags/example_setup_teardown.py for tasks to queue
[2023-12-19T03:30:15.685+0000] {logging_mixin.py:188} INFO - [2023-12-19T03:30:15.685+0000] {dagbag.py:538} INFO - Filling up the DagBag from /home/airflow/.local/lib/python3.8/site-packages/airflow/example_dags/example_setup_teardown.py
[2023-12-19T03:30:15.692+0000] {processor.py:840} INFO - DAG(s) 'example_setup_teardown' retrieved from /home/airflow/.local/lib/python3.8/site-packages/airflow/example_dags/example_setup_teardown.py
[2023-12-19T03:30:15.711+0000] {logging_mixin.py:188} INFO - [2023-12-19T03:30:15.711+0000] {dag.py:3033} INFO - Sync 1 DAGs
[2023-12-19T03:30:15.723+0000] {logging_mixin.py:188} INFO - [2023-12-19T03:30:15.723+0000] {dag.py:3820} INFO - Setting next_dagrun for example_setup_teardown to 2023-12-18T00:00:00+00:00, run_after=2023-12-19T00:00:00+00:00
[2023-12-19T03:30:15.732+0000] {processor.py:183} INFO - Processing /home/airflow/.local/lib/python3.8/site-packages/airflow/example_dags/example_setup_teardown.py took 0.056 seconds
[2023-12-19T03:30:45.847+0000] {processor.py:161} INFO - Started process (PID=659) to work on /home/airflow/.local/lib/python3.8/site-packages/airflow/example_dags/example_setup_teardown.py
[2023-12-19T03:30:45.849+0000] {processor.py:830} INFO - Processing file /home/airflow/.local/lib/python3.8/site-packages/airflow/example_dags/example_setup_teardown.py for tasks to queue
[2023-12-19T03:30:45.852+0000] {logging_mixin.py:188} INFO - [2023-12-19T03:30:45.851+0000] {dagbag.py:538} INFO - Filling up the DagBag from /home/airflow/.local/lib/python3.8/site-packages/airflow/example_dags/example_setup_teardown.py
[2023-12-19T03:30:45.858+0000] {processor.py:840} INFO - DAG(s) 'example_setup_teardown' retrieved from /home/airflow/.local/lib/python3.8/site-packages/airflow/example_dags/example_setup_teardown.py
[2023-12-19T03:30:45.877+0000] {logging_mixin.py:188} INFO - [2023-12-19T03:30:45.877+0000] {dag.py:3033} INFO - Sync 1 DAGs
[2023-12-19T03:30:45.890+0000] {logging_mixin.py:188} INFO - [2023-12-19T03:30:45.890+0000] {dag.py:3820} INFO - Setting next_dagrun for example_setup_teardown to 2023-12-18T00:00:00+00:00, run_after=2023-12-19T00:00:00+00:00
[2023-12-19T03:30:45.899+0000] {processor.py:183} INFO - Processing /home/airflow/.local/lib/python3.8/site-packages/airflow/example_dags/example_setup_teardown.py took 0.056 seconds
[2023-12-19T03:31:16.095+0000] {processor.py:161} INFO - Started process (PID=714) to work on /home/airflow/.local/lib/python3.8/site-packages/airflow/example_dags/example_setup_teardown.py
[2023-12-19T03:31:16.096+0000] {processor.py:830} INFO - Processing file /home/airflow/.local/lib/python3.8/site-packages/airflow/example_dags/example_setup_teardown.py for tasks to queue
[2023-12-19T03:31:16.099+0000] {logging_mixin.py:188} INFO - [2023-12-19T03:31:16.099+0000] {dagbag.py:538} INFO - Filling up the DagBag from /home/airflow/.local/lib/python3.8/site-packages/airflow/example_dags/example_setup_teardown.py
[2023-12-19T03:31:16.106+0000] {processor.py:840} INFO - DAG(s) 'example_setup_teardown' retrieved from /home/airflow/.local/lib/python3.8/site-packages/airflow/example_dags/example_setup_teardown.py
[2023-12-19T03:31:16.123+0000] {logging_mixin.py:188} INFO - [2023-12-19T03:31:16.122+0000] {dag.py:3033} INFO - Sync 1 DAGs
[2023-12-19T03:31:16.135+0000] {logging_mixin.py:188} INFO - [2023-12-19T03:31:16.135+0000] {dag.py:3820} INFO - Setting next_dagrun for example_setup_teardown to 2023-12-18T00:00:00+00:00, run_after=2023-12-19T00:00:00+00:00
[2023-12-19T03:31:16.144+0000] {processor.py:183} INFO - Processing /home/airflow/.local/lib/python3.8/site-packages/airflow/example_dags/example_setup_teardown.py took 0.053 seconds
[2023-12-19T03:31:46.210+0000] {processor.py:161} INFO - Started process (PID=769) to work on /home/airflow/.local/lib/python3.8/site-packages/airflow/example_dags/example_setup_teardown.py
[2023-12-19T03:31:46.212+0000] {processor.py:830} INFO - Processing file /home/airflow/.local/lib/python3.8/site-packages/airflow/example_dags/example_setup_teardown.py for tasks to queue
[2023-12-19T03:31:46.214+0000] {logging_mixin.py:188} INFO - [2023-12-19T03:31:46.214+0000] {dagbag.py:538} INFO - Filling up the DagBag from /home/airflow/.local/lib/python3.8/site-packages/airflow/example_dags/example_setup_teardown.py
[2023-12-19T03:31:46.221+0000] {processor.py:840} INFO - DAG(s) 'example_setup_teardown' retrieved from /home/airflow/.local/lib/python3.8/site-packages/airflow/example_dags/example_setup_teardown.py
[2023-12-19T03:31:46.239+0000] {logging_mixin.py:188} INFO - [2023-12-19T03:31:46.238+0000] {dag.py:3033} INFO - Sync 1 DAGs
[2023-12-19T03:31:46.252+0000] {logging_mixin.py:188} INFO - [2023-12-19T03:31:46.252+0000] {dag.py:3820} INFO - Setting next_dagrun for example_setup_teardown to 2023-12-18T00:00:00+00:00, run_after=2023-12-19T00:00:00+00:00
[2023-12-19T03:31:46.260+0000] {processor.py:183} INFO - Processing /home/airflow/.local/lib/python3.8/site-packages/airflow/example_dags/example_setup_teardown.py took 0.054 seconds
[2023-12-19T03:32:16.441+0000] {processor.py:161} INFO - Started process (PID=824) to work on /home/airflow/.local/lib/python3.8/site-packages/airflow/example_dags/example_setup_teardown.py
[2023-12-19T03:32:16.443+0000] {processor.py:830} INFO - Processing file /home/airflow/.local/lib/python3.8/site-packages/airflow/example_dags/example_setup_teardown.py for tasks to queue
[2023-12-19T03:32:16.446+0000] {logging_mixin.py:188} INFO - [2023-12-19T03:32:16.445+0000] {dagbag.py:538} INFO - Filling up the DagBag from /home/airflow/.local/lib/python3.8/site-packages/airflow/example_dags/example_setup_teardown.py
[2023-12-19T03:32:16.452+0000] {processor.py:840} INFO - DAG(s) 'example_setup_teardown' retrieved from /home/airflow/.local/lib/python3.8/site-packages/airflow/example_dags/example_setup_teardown.py
[2023-12-19T03:32:16.470+0000] {logging_mixin.py:188} INFO - [2023-12-19T03:32:16.470+0000] {dag.py:3033} INFO - Sync 1 DAGs
[2023-12-19T03:32:16.483+0000] {logging_mixin.py:188} INFO - [2023-12-19T03:32:16.483+0000] {dag.py:3820} INFO - Setting next_dagrun for example_setup_teardown to 2023-12-18T00:00:00+00:00, run_after=2023-12-19T00:00:00+00:00
[2023-12-19T03:32:16.491+0000] {processor.py:183} INFO - Processing /home/airflow/.local/lib/python3.8/site-packages/airflow/example_dags/example_setup_teardown.py took 0.055 seconds
[2023-12-19T03:32:46.839+0000] {processor.py:161} INFO - Started process (PID=879) to work on /home/airflow/.local/lib/python3.8/site-packages/airflow/example_dags/example_setup_teardown.py
[2023-12-19T03:32:46.842+0000] {processor.py:830} INFO - Processing file /home/airflow/.local/lib/python3.8/site-packages/airflow/example_dags/example_setup_teardown.py for tasks to queue
[2023-12-19T03:32:46.846+0000] {logging_mixin.py:188} INFO - [2023-12-19T03:32:46.846+0000] {dagbag.py:538} INFO - Filling up the DagBag from /home/airflow/.local/lib/python3.8/site-packages/airflow/example_dags/example_setup_teardown.py
[2023-12-19T03:32:46.853+0000] {processor.py:840} INFO - DAG(s) 'example_setup_teardown' retrieved from /home/airflow/.local/lib/python3.8/site-packages/airflow/example_dags/example_setup_teardown.py
[2023-12-19T03:32:46.869+0000] {logging_mixin.py:188} INFO - [2023-12-19T03:32:46.869+0000] {dag.py:3033} INFO - Sync 1 DAGs
[2023-12-19T03:32:46.882+0000] {logging_mixin.py:188} INFO - [2023-12-19T03:32:46.882+0000] {dag.py:3820} INFO - Setting next_dagrun for example_setup_teardown to 2023-12-18T00:00:00+00:00, run_after=2023-12-19T00:00:00+00:00
[2023-12-19T03:32:46.891+0000] {processor.py:183} INFO - Processing /home/airflow/.local/lib/python3.8/site-packages/airflow/example_dags/example_setup_teardown.py took 0.057 seconds
[2023-12-19T03:33:17.114+0000] {processor.py:161} INFO - Started process (PID=934) to work on /home/airflow/.local/lib/python3.8/site-packages/airflow/example_dags/example_setup_teardown.py
[2023-12-19T03:33:17.116+0000] {processor.py:830} INFO - Processing file /home/airflow/.local/lib/python3.8/site-packages/airflow/example_dags/example_setup_teardown.py for tasks to queue
[2023-12-19T03:33:17.119+0000] {logging_mixin.py:188} INFO - [2023-12-19T03:33:17.119+0000] {dagbag.py:538} INFO - Filling up the DagBag from /home/airflow/.local/lib/python3.8/site-packages/airflow/example_dags/example_setup_teardown.py
[2023-12-19T03:33:17.129+0000] {processor.py:840} INFO - DAG(s) 'example_setup_teardown' retrieved from /home/airflow/.local/lib/python3.8/site-packages/airflow/example_dags/example_setup_teardown.py
[2023-12-19T03:33:17.147+0000] {logging_mixin.py:188} INFO - [2023-12-19T03:33:17.147+0000] {dag.py:3033} INFO - Sync 1 DAGs
[2023-12-19T03:33:17.159+0000] {logging_mixin.py:188} INFO - [2023-12-19T03:33:17.159+0000] {dag.py:3820} INFO - Setting next_dagrun for example_setup_teardown to 2023-12-18T00:00:00+00:00, run_after=2023-12-19T00:00:00+00:00
[2023-12-19T03:33:17.168+0000] {processor.py:183} INFO - Processing /home/airflow/.local/lib/python3.8/site-packages/airflow/example_dags/example_setup_teardown.py took 0.058 seconds
[2023-12-19T03:33:47.434+0000] {processor.py:161} INFO - Started process (PID=989) to work on /home/airflow/.local/lib/python3.8/site-packages/airflow/example_dags/example_setup_teardown.py
[2023-12-19T03:33:47.436+0000] {processor.py:830} INFO - Processing file /home/airflow/.local/lib/python3.8/site-packages/airflow/example_dags/example_setup_teardown.py for tasks to queue
[2023-12-19T03:33:47.438+0000] {logging_mixin.py:188} INFO - [2023-12-19T03:33:47.438+0000] {dagbag.py:538} INFO - Filling up the DagBag from /home/airflow/.local/lib/python3.8/site-packages/airflow/example_dags/example_setup_teardown.py
[2023-12-19T03:33:47.445+0000] {processor.py:840} INFO - DAG(s) 'example_setup_teardown' retrieved from /home/airflow/.local/lib/python3.8/site-packages/airflow/example_dags/example_setup_teardown.py
[2023-12-19T03:33:47.463+0000] {logging_mixin.py:188} INFO - [2023-12-19T03:33:47.463+0000] {dag.py:3033} INFO - Sync 1 DAGs
[2023-12-19T03:33:47.475+0000] {logging_mixin.py:188} INFO - [2023-12-19T03:33:47.475+0000] {dag.py:3820} INFO - Setting next_dagrun for example_setup_teardown to 2023-12-18T00:00:00+00:00, run_after=2023-12-19T00:00:00+00:00
[2023-12-19T03:33:47.483+0000] {processor.py:183} INFO - Processing /home/airflow/.local/lib/python3.8/site-packages/airflow/example_dags/example_setup_teardown.py took 0.053 seconds
[2023-12-19T03:34:17.777+0000] {processor.py:161} INFO - Started process (PID=1044) to work on /home/airflow/.local/lib/python3.8/site-packages/airflow/example_dags/example_setup_teardown.py
[2023-12-19T03:34:17.778+0000] {processor.py:830} INFO - Processing file /home/airflow/.local/lib/python3.8/site-packages/airflow/example_dags/example_setup_teardown.py for tasks to queue
[2023-12-19T03:34:17.781+0000] {logging_mixin.py:188} INFO - [2023-12-19T03:34:17.781+0000] {dagbag.py:538} INFO - Filling up the DagBag from /home/airflow/.local/lib/python3.8/site-packages/airflow/example_dags/example_setup_teardown.py
[2023-12-19T03:34:17.788+0000] {processor.py:840} INFO - DAG(s) 'example_setup_teardown' retrieved from /home/airflow/.local/lib/python3.8/site-packages/airflow/example_dags/example_setup_teardown.py
[2023-12-19T03:34:17.806+0000] {logging_mixin.py:188} INFO - [2023-12-19T03:34:17.806+0000] {dag.py:3033} INFO - Sync 1 DAGs
[2023-12-19T03:34:17.818+0000] {logging_mixin.py:188} INFO - [2023-12-19T03:34:17.818+0000] {dag.py:3820} INFO - Setting next_dagrun for example_setup_teardown to 2023-12-18T00:00:00+00:00, run_after=2023-12-19T00:00:00+00:00
[2023-12-19T03:34:17.826+0000] {processor.py:183} INFO - Processing /home/airflow/.local/lib/python3.8/site-packages/airflow/example_dags/example_setup_teardown.py took 0.054 seconds
[2023-12-19T03:34:48.139+0000] {processor.py:161} INFO - Started process (PID=1099) to work on /home/airflow/.local/lib/python3.8/site-packages/airflow/example_dags/example_setup_teardown.py
[2023-12-19T03:34:48.140+0000] {processor.py:830} INFO - Processing file /home/airflow/.local/lib/python3.8/site-packages/airflow/example_dags/example_setup_teardown.py for tasks to queue
[2023-12-19T03:34:48.142+0000] {logging_mixin.py:188} INFO - [2023-12-19T03:34:48.141+0000] {dagbag.py:538} INFO - Filling up the DagBag from /home/airflow/.local/lib/python3.8/site-packages/airflow/example_dags/example_setup_teardown.py
[2023-12-19T03:34:48.146+0000] {processor.py:840} INFO - DAG(s) 'example_setup_teardown' retrieved from /home/airflow/.local/lib/python3.8/site-packages/airflow/example_dags/example_setup_teardown.py
[2023-12-19T03:34:48.161+0000] {logging_mixin.py:188} INFO - [2023-12-19T03:34:48.161+0000] {dag.py:3033} INFO - Sync 1 DAGs
[2023-12-19T03:34:48.176+0000] {logging_mixin.py:188} INFO - [2023-12-19T03:34:48.176+0000] {dag.py:3820} INFO - Setting next_dagrun for example_setup_teardown to 2023-12-18T00:00:00+00:00, run_after=2023-12-19T00:00:00+00:00
[2023-12-19T03:34:48.186+0000] {processor.py:183} INFO - Processing /home/airflow/.local/lib/python3.8/site-packages/airflow/example_dags/example_setup_teardown.py took 0.051 seconds
[2023-12-19T03:35:18.307+0000] {processor.py:161} INFO - Started process (PID=1154) to work on /home/airflow/.local/lib/python3.8/site-packages/airflow/example_dags/example_setup_teardown.py
[2023-12-19T03:35:18.309+0000] {processor.py:830} INFO - Processing file /home/airflow/.local/lib/python3.8/site-packages/airflow/example_dags/example_setup_teardown.py for tasks to queue
[2023-12-19T03:35:18.311+0000] {logging_mixin.py:188} INFO - [2023-12-19T03:35:18.311+0000] {dagbag.py:538} INFO - Filling up the DagBag from /home/airflow/.local/lib/python3.8/site-packages/airflow/example_dags/example_setup_teardown.py
[2023-12-19T03:35:18.317+0000] {processor.py:840} INFO - DAG(s) 'example_setup_teardown' retrieved from /home/airflow/.local/lib/python3.8/site-packages/airflow/example_dags/example_setup_teardown.py
[2023-12-19T03:35:18.335+0000] {logging_mixin.py:188} INFO - [2023-12-19T03:35:18.334+0000] {dag.py:3033} INFO - Sync 1 DAGs
[2023-12-19T03:35:18.347+0000] {logging_mixin.py:188} INFO - [2023-12-19T03:35:18.347+0000] {dag.py:3820} INFO - Setting next_dagrun for example_setup_teardown to 2023-12-18T00:00:00+00:00, run_after=2023-12-19T00:00:00+00:00
[2023-12-19T03:35:18.355+0000] {processor.py:183} INFO - Processing /home/airflow/.local/lib/python3.8/site-packages/airflow/example_dags/example_setup_teardown.py took 0.051 seconds
[2023-12-19T03:35:48.609+0000] {processor.py:161} INFO - Started process (PID=1209) to work on /home/airflow/.local/lib/python3.8/site-packages/airflow/example_dags/example_setup_teardown.py
[2023-12-19T03:35:48.611+0000] {processor.py:830} INFO - Processing file /home/airflow/.local/lib/python3.8/site-packages/airflow/example_dags/example_setup_teardown.py for tasks to queue
[2023-12-19T03:35:48.614+0000] {logging_mixin.py:188} INFO - [2023-12-19T03:35:48.614+0000] {dagbag.py:538} INFO - Filling up the DagBag from /home/airflow/.local/lib/python3.8/site-packages/airflow/example_dags/example_setup_teardown.py
[2023-12-19T03:35:48.621+0000] {processor.py:840} INFO - DAG(s) 'example_setup_teardown' retrieved from /home/airflow/.local/lib/python3.8/site-packages/airflow/example_dags/example_setup_teardown.py
[2023-12-19T03:35:48.639+0000] {logging_mixin.py:188} INFO - [2023-12-19T03:35:48.639+0000] {dag.py:3033} INFO - Sync 1 DAGs
[2023-12-19T03:35:48.652+0000] {logging_mixin.py:188} INFO - [2023-12-19T03:35:48.652+0000] {dag.py:3820} INFO - Setting next_dagrun for example_setup_teardown to 2023-12-18T00:00:00+00:00, run_after=2023-12-19T00:00:00+00:00
[2023-12-19T03:35:48.659+0000] {processor.py:183} INFO - Processing /home/airflow/.local/lib/python3.8/site-packages/airflow/example_dags/example_setup_teardown.py took 0.055 seconds
[2023-12-19T03:36:18.857+0000] {processor.py:161} INFO - Started process (PID=1264) to work on /home/airflow/.local/lib/python3.8/site-packages/airflow/example_dags/example_setup_teardown.py
[2023-12-19T03:36:18.859+0000] {processor.py:830} INFO - Processing file /home/airflow/.local/lib/python3.8/site-packages/airflow/example_dags/example_setup_teardown.py for tasks to queue
[2023-12-19T03:36:18.862+0000] {logging_mixin.py:188} INFO - [2023-12-19T03:36:18.861+0000] {dagbag.py:538} INFO - Filling up the DagBag from /home/airflow/.local/lib/python3.8/site-packages/airflow/example_dags/example_setup_teardown.py
[2023-12-19T03:36:18.869+0000] {processor.py:840} INFO - DAG(s) 'example_setup_teardown' retrieved from /home/airflow/.local/lib/python3.8/site-packages/airflow/example_dags/example_setup_teardown.py
[2023-12-19T03:36:18.892+0000] {logging_mixin.py:188} INFO - [2023-12-19T03:36:18.891+0000] {dag.py:3033} INFO - Sync 1 DAGs
[2023-12-19T03:36:18.906+0000] {logging_mixin.py:188} INFO - [2023-12-19T03:36:18.906+0000] {dag.py:3820} INFO - Setting next_dagrun for example_setup_teardown to 2023-12-18T00:00:00+00:00, run_after=2023-12-19T00:00:00+00:00
[2023-12-19T03:36:18.917+0000] {processor.py:183} INFO - Processing /home/airflow/.local/lib/python3.8/site-packages/airflow/example_dags/example_setup_teardown.py took 0.065 seconds
[2023-12-19T03:36:49.432+0000] {processor.py:161} INFO - Started process (PID=1319) to work on /home/airflow/.local/lib/python3.8/site-packages/airflow/example_dags/example_setup_teardown.py
[2023-12-19T03:36:49.433+0000] {processor.py:830} INFO - Processing file /home/airflow/.local/lib/python3.8/site-packages/airflow/example_dags/example_setup_teardown.py for tasks to queue
[2023-12-19T03:36:49.437+0000] {logging_mixin.py:188} INFO - [2023-12-19T03:36:49.436+0000] {dagbag.py:538} INFO - Filling up the DagBag from /home/airflow/.local/lib/python3.8/site-packages/airflow/example_dags/example_setup_teardown.py
[2023-12-19T03:36:49.444+0000] {processor.py:840} INFO - DAG(s) 'example_setup_teardown' retrieved from /home/airflow/.local/lib/python3.8/site-packages/airflow/example_dags/example_setup_teardown.py
[2023-12-19T03:36:49.464+0000] {logging_mixin.py:188} INFO - [2023-12-19T03:36:49.464+0000] {dag.py:3033} INFO - Sync 1 DAGs
[2023-12-19T03:36:49.478+0000] {logging_mixin.py:188} INFO - [2023-12-19T03:36:49.478+0000] {dag.py:3820} INFO - Setting next_dagrun for example_setup_teardown to 2023-12-18T00:00:00+00:00, run_after=2023-12-19T00:00:00+00:00
[2023-12-19T03:36:49.487+0000] {processor.py:183} INFO - Processing /home/airflow/.local/lib/python3.8/site-packages/airflow/example_dags/example_setup_teardown.py took 0.061 seconds
[2023-12-19T03:37:19.785+0000] {processor.py:161} INFO - Started process (PID=1374) to work on /home/airflow/.local/lib/python3.8/site-packages/airflow/example_dags/example_setup_teardown.py
[2023-12-19T03:37:19.786+0000] {processor.py:830} INFO - Processing file /home/airflow/.local/lib/python3.8/site-packages/airflow/example_dags/example_setup_teardown.py for tasks to queue
[2023-12-19T03:37:19.789+0000] {logging_mixin.py:188} INFO - [2023-12-19T03:37:19.788+0000] {dagbag.py:538} INFO - Filling up the DagBag from /home/airflow/.local/lib/python3.8/site-packages/airflow/example_dags/example_setup_teardown.py
[2023-12-19T03:37:19.795+0000] {processor.py:840} INFO - DAG(s) 'example_setup_teardown' retrieved from /home/airflow/.local/lib/python3.8/site-packages/airflow/example_dags/example_setup_teardown.py
[2023-12-19T03:37:19.814+0000] {logging_mixin.py:188} INFO - [2023-12-19T03:37:19.814+0000] {dag.py:3033} INFO - Sync 1 DAGs
[2023-12-19T03:37:19.827+0000] {logging_mixin.py:188} INFO - [2023-12-19T03:37:19.826+0000] {dag.py:3820} INFO - Setting next_dagrun for example_setup_teardown to 2023-12-18T00:00:00+00:00, run_after=2023-12-19T00:00:00+00:00
[2023-12-19T03:37:19.836+0000] {processor.py:183} INFO - Processing /home/airflow/.local/lib/python3.8/site-packages/airflow/example_dags/example_setup_teardown.py took 0.055 seconds
[2023-12-19T03:37:50.071+0000] {processor.py:161} INFO - Started process (PID=1429) to work on /home/airflow/.local/lib/python3.8/site-packages/airflow/example_dags/example_setup_teardown.py
[2023-12-19T03:37:50.073+0000] {processor.py:830} INFO - Processing file /home/airflow/.local/lib/python3.8/site-packages/airflow/example_dags/example_setup_teardown.py for tasks to queue
[2023-12-19T03:37:50.077+0000] {logging_mixin.py:188} INFO - [2023-12-19T03:37:50.076+0000] {dagbag.py:538} INFO - Filling up the DagBag from /home/airflow/.local/lib/python3.8/site-packages/airflow/example_dags/example_setup_teardown.py
[2023-12-19T03:37:50.083+0000] {processor.py:840} INFO - DAG(s) 'example_setup_teardown' retrieved from /home/airflow/.local/lib/python3.8/site-packages/airflow/example_dags/example_setup_teardown.py
[2023-12-19T03:37:50.100+0000] {logging_mixin.py:188} INFO - [2023-12-19T03:37:50.100+0000] {dag.py:3033} INFO - Sync 1 DAGs
[2023-12-19T03:37:50.112+0000] {logging_mixin.py:188} INFO - [2023-12-19T03:37:50.112+0000] {dag.py:3820} INFO - Setting next_dagrun for example_setup_teardown to 2023-12-18T00:00:00+00:00, run_after=2023-12-19T00:00:00+00:00
[2023-12-19T03:37:50.121+0000] {processor.py:183} INFO - Processing /home/airflow/.local/lib/python3.8/site-packages/airflow/example_dags/example_setup_teardown.py took 0.056 seconds
