[2023-12-19T03:23:35.226+0000] {processor.py:161} INFO - Started process (PID=53) to work on /home/airflow/.local/lib/python3.8/site-packages/airflow/example_dags/example_datasets.py
[2023-12-19T03:23:35.227+0000] {processor.py:830} INFO - Processing file /home/airflow/.local/lib/python3.8/site-packages/airflow/example_dags/example_datasets.py for tasks to queue
[2023-12-19T03:23:35.229+0000] {logging_mixin.py:188} INFO - [2023-12-19T03:23:35.229+0000] {dagbag.py:538} INFO - Filling up the DagBag from /home/airflow/.local/lib/python3.8/site-packages/airflow/example_dags/example_datasets.py
[2023-12-19T03:23:35.243+0000] {processor.py:840} INFO - DAG(s) 'dataset_consumes_1', 'dataset_consumes_1_and_2', 'dataset_produces_2', 'dataset_consumes_1_never_scheduled', 'dataset_produces_1', 'dataset_consumes_unknown_never_scheduled' retrieved from /home/airflow/.local/lib/python3.8/site-packages/airflow/example_dags/example_datasets.py
[2023-12-19T03:23:35.255+0000] {logging_mixin.py:188} INFO - [2023-12-19T03:23:35.255+0000] {dag.py:3033} INFO - Sync 6 DAGs
[2023-12-19T03:23:35.270+0000] {logging_mixin.py:188} INFO - [2023-12-19T03:23:35.270+0000] {dag.py:3820} INFO - Setting next_dagrun for dataset_consumes_1 to None, run_after=None
[2023-12-19T03:23:35.272+0000] {logging_mixin.py:188} INFO - [2023-12-19T03:23:35.272+0000] {dag.py:3820} INFO - Setting next_dagrun for dataset_consumes_1_and_2 to None, run_after=None
[2023-12-19T03:23:35.273+0000] {logging_mixin.py:188} INFO - [2023-12-19T03:23:35.273+0000] {dag.py:3820} INFO - Setting next_dagrun for dataset_consumes_1_never_scheduled to None, run_after=None
[2023-12-19T03:23:35.275+0000] {logging_mixin.py:188} INFO - [2023-12-19T03:23:35.275+0000] {dag.py:3820} INFO - Setting next_dagrun for dataset_consumes_unknown_never_scheduled to None, run_after=None
[2023-12-19T03:23:35.277+0000] {logging_mixin.py:188} INFO - [2023-12-19T03:23:35.277+0000] {dag.py:3820} INFO - Setting next_dagrun for dataset_produces_1 to 2023-12-18T00:00:00+00:00, run_after=2023-12-19T00:00:00+00:00
[2023-12-19T03:23:35.278+0000] {logging_mixin.py:188} INFO - [2023-12-19T03:23:35.278+0000] {dag.py:3820} INFO - Setting next_dagrun for dataset_produces_2 to None, run_after=None
[2023-12-19T03:23:35.300+0000] {processor.py:183} INFO - Processing /home/airflow/.local/lib/python3.8/site-packages/airflow/example_dags/example_datasets.py took 0.079 seconds
[2023-12-19T03:24:05.711+0000] {processor.py:161} INFO - Started process (PID=108) to work on /home/airflow/.local/lib/python3.8/site-packages/airflow/example_dags/example_datasets.py
[2023-12-19T03:24:05.712+0000] {processor.py:830} INFO - Processing file /home/airflow/.local/lib/python3.8/site-packages/airflow/example_dags/example_datasets.py for tasks to queue
[2023-12-19T03:24:05.714+0000] {logging_mixin.py:188} INFO - [2023-12-19T03:24:05.713+0000] {dagbag.py:538} INFO - Filling up the DagBag from /home/airflow/.local/lib/python3.8/site-packages/airflow/example_dags/example_datasets.py
[2023-12-19T03:24:05.720+0000] {processor.py:840} INFO - DAG(s) 'dataset_consumes_1_never_scheduled', 'dataset_produces_2', 'dataset_consumes_unknown_never_scheduled', 'dataset_produces_1', 'dataset_consumes_1', 'dataset_consumes_1_and_2' retrieved from /home/airflow/.local/lib/python3.8/site-packages/airflow/example_dags/example_datasets.py
[2023-12-19T03:24:05.796+0000] {logging_mixin.py:188} INFO - [2023-12-19T03:24:05.796+0000] {dag.py:3033} INFO - Sync 6 DAGs
[2023-12-19T03:24:05.807+0000] {logging_mixin.py:188} INFO - [2023-12-19T03:24:05.807+0000] {dag.py:3820} INFO - Setting next_dagrun for dataset_consumes_1 to None, run_after=None
[2023-12-19T03:24:05.808+0000] {logging_mixin.py:188} INFO - [2023-12-19T03:24:05.808+0000] {dag.py:3820} INFO - Setting next_dagrun for dataset_consumes_1_and_2 to None, run_after=None
[2023-12-19T03:24:05.809+0000] {logging_mixin.py:188} INFO - [2023-12-19T03:24:05.809+0000] {dag.py:3820} INFO - Setting next_dagrun for dataset_consumes_1_never_scheduled to None, run_after=None
[2023-12-19T03:24:05.810+0000] {logging_mixin.py:188} INFO - [2023-12-19T03:24:05.810+0000] {dag.py:3820} INFO - Setting next_dagrun for dataset_consumes_unknown_never_scheduled to None, run_after=None
[2023-12-19T03:24:05.812+0000] {logging_mixin.py:188} INFO - [2023-12-19T03:24:05.812+0000] {dag.py:3820} INFO - Setting next_dagrun for dataset_produces_1 to 2023-12-18T00:00:00+00:00, run_after=2023-12-19T00:00:00+00:00
[2023-12-19T03:24:05.813+0000] {logging_mixin.py:188} INFO - [2023-12-19T03:24:05.813+0000] {dag.py:3820} INFO - Setting next_dagrun for dataset_produces_2 to None, run_after=None
[2023-12-19T03:24:05.828+0000] {processor.py:183} INFO - Processing /home/airflow/.local/lib/python3.8/site-packages/airflow/example_dags/example_datasets.py took 0.120 seconds
[2023-12-19T03:24:39.195+0000] {processor.py:161} INFO - Started process (PID=52) to work on /home/airflow/.local/lib/python3.8/site-packages/airflow/example_dags/example_datasets.py
[2023-12-19T03:24:39.196+0000] {processor.py:830} INFO - Processing file /home/airflow/.local/lib/python3.8/site-packages/airflow/example_dags/example_datasets.py for tasks to queue
[2023-12-19T03:24:39.198+0000] {logging_mixin.py:188} INFO - [2023-12-19T03:24:39.198+0000] {dagbag.py:538} INFO - Filling up the DagBag from /home/airflow/.local/lib/python3.8/site-packages/airflow/example_dags/example_datasets.py
[2023-12-19T03:24:39.205+0000] {processor.py:840} INFO - DAG(s) 'dataset_produces_1', 'dataset_consumes_unknown_never_scheduled', 'dataset_consumes_1_and_2', 'dataset_produces_2', 'dataset_consumes_1', 'dataset_consumes_1_never_scheduled' retrieved from /home/airflow/.local/lib/python3.8/site-packages/airflow/example_dags/example_datasets.py
[2023-12-19T03:24:39.229+0000] {logging_mixin.py:188} INFO - [2023-12-19T03:24:39.229+0000] {dag.py:3033} INFO - Sync 6 DAGs
[2023-12-19T03:24:39.241+0000] {logging_mixin.py:188} INFO - [2023-12-19T03:24:39.241+0000] {dag.py:3820} INFO - Setting next_dagrun for dataset_consumes_1 to None, run_after=None
[2023-12-19T03:24:39.243+0000] {logging_mixin.py:188} INFO - [2023-12-19T03:24:39.243+0000] {dag.py:3820} INFO - Setting next_dagrun for dataset_consumes_1_and_2 to None, run_after=None
[2023-12-19T03:24:39.244+0000] {logging_mixin.py:188} INFO - [2023-12-19T03:24:39.244+0000] {dag.py:3820} INFO - Setting next_dagrun for dataset_consumes_1_never_scheduled to None, run_after=None
[2023-12-19T03:24:39.245+0000] {logging_mixin.py:188} INFO - [2023-12-19T03:24:39.245+0000] {dag.py:3820} INFO - Setting next_dagrun for dataset_consumes_unknown_never_scheduled to None, run_after=None
[2023-12-19T03:24:39.247+0000] {logging_mixin.py:188} INFO - [2023-12-19T03:24:39.247+0000] {dag.py:3820} INFO - Setting next_dagrun for dataset_produces_1 to 2023-12-18T00:00:00+00:00, run_after=2023-12-19T00:00:00+00:00
[2023-12-19T03:24:39.248+0000] {logging_mixin.py:188} INFO - [2023-12-19T03:24:39.248+0000] {dag.py:3820} INFO - Setting next_dagrun for dataset_produces_2 to None, run_after=None
[2023-12-19T03:24:39.261+0000] {processor.py:183} INFO - Processing /home/airflow/.local/lib/python3.8/site-packages/airflow/example_dags/example_datasets.py took 0.069 seconds
[2023-12-19T03:25:11.520+0000] {processor.py:161} INFO - Started process (PID=52) to work on /home/airflow/.local/lib/python3.8/site-packages/airflow/example_dags/example_datasets.py
[2023-12-19T03:25:11.522+0000] {processor.py:830} INFO - Processing file /home/airflow/.local/lib/python3.8/site-packages/airflow/example_dags/example_datasets.py for tasks to queue
[2023-12-19T03:25:11.525+0000] {logging_mixin.py:188} INFO - [2023-12-19T03:25:11.525+0000] {dagbag.py:538} INFO - Filling up the DagBag from /home/airflow/.local/lib/python3.8/site-packages/airflow/example_dags/example_datasets.py
[2023-12-19T03:25:11.539+0000] {processor.py:840} INFO - DAG(s) 'dataset_consumes_1_and_2', 'dataset_consumes_1', 'dataset_consumes_unknown_never_scheduled', 'dataset_produces_1', 'dataset_produces_2', 'dataset_consumes_1_never_scheduled' retrieved from /home/airflow/.local/lib/python3.8/site-packages/airflow/example_dags/example_datasets.py
[2023-12-19T03:25:11.557+0000] {logging_mixin.py:188} INFO - [2023-12-19T03:25:11.557+0000] {dag.py:3033} INFO - Sync 6 DAGs
[2023-12-19T03:25:11.589+0000] {logging_mixin.py:188} INFO - [2023-12-19T03:25:11.589+0000] {dag.py:3820} INFO - Setting next_dagrun for dataset_consumes_1 to None, run_after=None
[2023-12-19T03:25:11.592+0000] {logging_mixin.py:188} INFO - [2023-12-19T03:25:11.592+0000] {dag.py:3820} INFO - Setting next_dagrun for dataset_consumes_1_and_2 to None, run_after=None
[2023-12-19T03:25:11.593+0000] {logging_mixin.py:188} INFO - [2023-12-19T03:25:11.593+0000] {dag.py:3820} INFO - Setting next_dagrun for dataset_consumes_1_never_scheduled to None, run_after=None
[2023-12-19T03:25:11.594+0000] {logging_mixin.py:188} INFO - [2023-12-19T03:25:11.594+0000] {dag.py:3820} INFO - Setting next_dagrun for dataset_consumes_unknown_never_scheduled to None, run_after=None
[2023-12-19T03:25:11.596+0000] {logging_mixin.py:188} INFO - [2023-12-19T03:25:11.596+0000] {dag.py:3820} INFO - Setting next_dagrun for dataset_produces_1 to 2023-12-18T00:00:00+00:00, run_after=2023-12-19T00:00:00+00:00
[2023-12-19T03:25:11.597+0000] {logging_mixin.py:188} INFO - [2023-12-19T03:25:11.597+0000] {dag.py:3820} INFO - Setting next_dagrun for dataset_produces_2 to None, run_after=None
[2023-12-19T03:25:11.617+0000] {processor.py:183} INFO - Processing /home/airflow/.local/lib/python3.8/site-packages/airflow/example_dags/example_datasets.py took 0.102 seconds
[2023-12-19T03:25:42.403+0000] {processor.py:161} INFO - Started process (PID=106) to work on /home/airflow/.local/lib/python3.8/site-packages/airflow/example_dags/example_datasets.py
[2023-12-19T03:25:42.404+0000] {processor.py:830} INFO - Processing file /home/airflow/.local/lib/python3.8/site-packages/airflow/example_dags/example_datasets.py for tasks to queue
[2023-12-19T03:25:42.407+0000] {logging_mixin.py:188} INFO - [2023-12-19T03:25:42.407+0000] {dagbag.py:538} INFO - Filling up the DagBag from /home/airflow/.local/lib/python3.8/site-packages/airflow/example_dags/example_datasets.py
[2023-12-19T03:25:42.414+0000] {processor.py:840} INFO - DAG(s) 'dataset_produces_2', 'dataset_consumes_1_and_2', 'dataset_produces_1', 'dataset_consumes_unknown_never_scheduled', 'dataset_consumes_1', 'dataset_consumes_1_never_scheduled' retrieved from /home/airflow/.local/lib/python3.8/site-packages/airflow/example_dags/example_datasets.py
[2023-12-19T03:25:42.489+0000] {logging_mixin.py:188} INFO - [2023-12-19T03:25:42.489+0000] {dag.py:3033} INFO - Sync 6 DAGs
[2023-12-19T03:25:42.500+0000] {logging_mixin.py:188} INFO - [2023-12-19T03:25:42.500+0000] {dag.py:3820} INFO - Setting next_dagrun for dataset_consumes_1 to None, run_after=None
[2023-12-19T03:25:42.502+0000] {logging_mixin.py:188} INFO - [2023-12-19T03:25:42.502+0000] {dag.py:3820} INFO - Setting next_dagrun for dataset_consumes_1_and_2 to None, run_after=None
[2023-12-19T03:25:42.502+0000] {logging_mixin.py:188} INFO - [2023-12-19T03:25:42.502+0000] {dag.py:3820} INFO - Setting next_dagrun for dataset_consumes_1_never_scheduled to None, run_after=None
[2023-12-19T03:25:42.503+0000] {logging_mixin.py:188} INFO - [2023-12-19T03:25:42.503+0000] {dag.py:3820} INFO - Setting next_dagrun for dataset_consumes_unknown_never_scheduled to None, run_after=None
[2023-12-19T03:25:42.505+0000] {logging_mixin.py:188} INFO - [2023-12-19T03:25:42.505+0000] {dag.py:3820} INFO - Setting next_dagrun for dataset_produces_1 to 2023-12-18T00:00:00+00:00, run_after=2023-12-19T00:00:00+00:00
[2023-12-19T03:25:42.506+0000] {logging_mixin.py:188} INFO - [2023-12-19T03:25:42.505+0000] {dag.py:3820} INFO - Setting next_dagrun for dataset_produces_2 to None, run_after=None
[2023-12-19T03:25:42.521+0000] {processor.py:183} INFO - Processing /home/airflow/.local/lib/python3.8/site-packages/airflow/example_dags/example_datasets.py took 0.122 seconds
[2023-12-19T03:26:13.344+0000] {processor.py:161} INFO - Started process (PID=169) to work on /home/airflow/.local/lib/python3.8/site-packages/airflow/example_dags/example_datasets.py
[2023-12-19T03:26:13.345+0000] {processor.py:830} INFO - Processing file /home/airflow/.local/lib/python3.8/site-packages/airflow/example_dags/example_datasets.py for tasks to queue
[2023-12-19T03:26:13.347+0000] {logging_mixin.py:188} INFO - [2023-12-19T03:26:13.347+0000] {dagbag.py:538} INFO - Filling up the DagBag from /home/airflow/.local/lib/python3.8/site-packages/airflow/example_dags/example_datasets.py
[2023-12-19T03:26:13.353+0000] {processor.py:840} INFO - DAG(s) 'dataset_consumes_1_never_scheduled', 'dataset_produces_1', 'dataset_produces_2', 'dataset_consumes_1_and_2', 'dataset_consumes_1', 'dataset_consumes_unknown_never_scheduled' retrieved from /home/airflow/.local/lib/python3.8/site-packages/airflow/example_dags/example_datasets.py
[2023-12-19T03:26:13.374+0000] {logging_mixin.py:188} INFO - [2023-12-19T03:26:13.374+0000] {dag.py:3033} INFO - Sync 6 DAGs
[2023-12-19T03:26:13.387+0000] {logging_mixin.py:188} INFO - [2023-12-19T03:26:13.387+0000] {dag.py:3820} INFO - Setting next_dagrun for dataset_consumes_1 to None, run_after=None
[2023-12-19T03:26:13.389+0000] {logging_mixin.py:188} INFO - [2023-12-19T03:26:13.389+0000] {dag.py:3820} INFO - Setting next_dagrun for dataset_consumes_1_and_2 to None, run_after=None
[2023-12-19T03:26:13.390+0000] {logging_mixin.py:188} INFO - [2023-12-19T03:26:13.390+0000] {dag.py:3820} INFO - Setting next_dagrun for dataset_consumes_1_never_scheduled to None, run_after=None
[2023-12-19T03:26:13.391+0000] {logging_mixin.py:188} INFO - [2023-12-19T03:26:13.391+0000] {dag.py:3820} INFO - Setting next_dagrun for dataset_consumes_unknown_never_scheduled to None, run_after=None
[2023-12-19T03:26:13.393+0000] {logging_mixin.py:188} INFO - [2023-12-19T03:26:13.392+0000] {dag.py:3820} INFO - Setting next_dagrun for dataset_produces_1 to 2023-12-18T00:00:00+00:00, run_after=2023-12-19T00:00:00+00:00
[2023-12-19T03:26:13.394+0000] {logging_mixin.py:188} INFO - [2023-12-19T03:26:13.393+0000] {dag.py:3820} INFO - Setting next_dagrun for dataset_produces_2 to None, run_after=None
[2023-12-19T03:26:13.410+0000] {processor.py:183} INFO - Processing /home/airflow/.local/lib/python3.8/site-packages/airflow/example_dags/example_datasets.py took 0.069 seconds
[2023-12-19T03:26:43.513+0000] {processor.py:161} INFO - Started process (PID=224) to work on /home/airflow/.local/lib/python3.8/site-packages/airflow/example_dags/example_datasets.py
[2023-12-19T03:26:43.515+0000] {processor.py:830} INFO - Processing file /home/airflow/.local/lib/python3.8/site-packages/airflow/example_dags/example_datasets.py for tasks to queue
[2023-12-19T03:26:43.518+0000] {logging_mixin.py:188} INFO - [2023-12-19T03:26:43.517+0000] {dagbag.py:538} INFO - Filling up the DagBag from /home/airflow/.local/lib/python3.8/site-packages/airflow/example_dags/example_datasets.py
[2023-12-19T03:26:43.535+0000] {processor.py:840} INFO - DAG(s) 'dataset_consumes_1', 'dataset_consumes_1_and_2', 'dataset_produces_1', 'dataset_produces_2', 'dataset_consumes_1_never_scheduled', 'dataset_consumes_unknown_never_scheduled' retrieved from /home/airflow/.local/lib/python3.8/site-packages/airflow/example_dags/example_datasets.py
[2023-12-19T03:26:43.564+0000] {logging_mixin.py:188} INFO - [2023-12-19T03:26:43.564+0000] {dag.py:3033} INFO - Sync 6 DAGs
[2023-12-19T03:26:43.582+0000] {logging_mixin.py:188} INFO - [2023-12-19T03:26:43.581+0000] {dag.py:3820} INFO - Setting next_dagrun for dataset_consumes_1 to None, run_after=None
[2023-12-19T03:26:43.585+0000] {logging_mixin.py:188} INFO - [2023-12-19T03:26:43.585+0000] {dag.py:3820} INFO - Setting next_dagrun for dataset_consumes_1_and_2 to None, run_after=None
[2023-12-19T03:26:43.586+0000] {logging_mixin.py:188} INFO - [2023-12-19T03:26:43.586+0000] {dag.py:3820} INFO - Setting next_dagrun for dataset_consumes_1_never_scheduled to None, run_after=None
[2023-12-19T03:26:43.587+0000] {logging_mixin.py:188} INFO - [2023-12-19T03:26:43.587+0000] {dag.py:3820} INFO - Setting next_dagrun for dataset_consumes_unknown_never_scheduled to None, run_after=None
[2023-12-19T03:26:43.589+0000] {logging_mixin.py:188} INFO - [2023-12-19T03:26:43.589+0000] {dag.py:3820} INFO - Setting next_dagrun for dataset_produces_1 to 2023-12-18T00:00:00+00:00, run_after=2023-12-19T00:00:00+00:00
[2023-12-19T03:26:43.590+0000] {logging_mixin.py:188} INFO - [2023-12-19T03:26:43.590+0000] {dag.py:3820} INFO - Setting next_dagrun for dataset_produces_2 to None, run_after=None
[2023-12-19T03:26:43.606+0000] {processor.py:183} INFO - Processing /home/airflow/.local/lib/python3.8/site-packages/airflow/example_dags/example_datasets.py took 0.096 seconds
[2023-12-19T03:27:14.185+0000] {processor.py:161} INFO - Started process (PID=279) to work on /home/airflow/.local/lib/python3.8/site-packages/airflow/example_dags/example_datasets.py
[2023-12-19T03:27:14.187+0000] {processor.py:830} INFO - Processing file /home/airflow/.local/lib/python3.8/site-packages/airflow/example_dags/example_datasets.py for tasks to queue
[2023-12-19T03:27:14.191+0000] {logging_mixin.py:188} INFO - [2023-12-19T03:27:14.190+0000] {dagbag.py:538} INFO - Filling up the DagBag from /home/airflow/.local/lib/python3.8/site-packages/airflow/example_dags/example_datasets.py
[2023-12-19T03:27:14.204+0000] {processor.py:840} INFO - DAG(s) 'dataset_produces_1', 'dataset_consumes_1_and_2', 'dataset_consumes_unknown_never_scheduled', 'dataset_produces_2', 'dataset_consumes_1', 'dataset_consumes_1_never_scheduled' retrieved from /home/airflow/.local/lib/python3.8/site-packages/airflow/example_dags/example_datasets.py
[2023-12-19T03:27:14.233+0000] {logging_mixin.py:188} INFO - [2023-12-19T03:27:14.233+0000] {dag.py:3033} INFO - Sync 6 DAGs
[2023-12-19T03:27:14.251+0000] {logging_mixin.py:188} INFO - [2023-12-19T03:27:14.251+0000] {dag.py:3820} INFO - Setting next_dagrun for dataset_consumes_1 to None, run_after=None
[2023-12-19T03:27:14.254+0000] {logging_mixin.py:188} INFO - [2023-12-19T03:27:14.253+0000] {dag.py:3820} INFO - Setting next_dagrun for dataset_consumes_1_and_2 to None, run_after=None
[2023-12-19T03:27:14.255+0000] {logging_mixin.py:188} INFO - [2023-12-19T03:27:14.255+0000] {dag.py:3820} INFO - Setting next_dagrun for dataset_consumes_1_never_scheduled to None, run_after=None
[2023-12-19T03:27:14.256+0000] {logging_mixin.py:188} INFO - [2023-12-19T03:27:14.256+0000] {dag.py:3820} INFO - Setting next_dagrun for dataset_consumes_unknown_never_scheduled to None, run_after=None
[2023-12-19T03:27:14.258+0000] {logging_mixin.py:188} INFO - [2023-12-19T03:27:14.258+0000] {dag.py:3820} INFO - Setting next_dagrun for dataset_produces_1 to 2023-12-18T00:00:00+00:00, run_after=2023-12-19T00:00:00+00:00
[2023-12-19T03:27:14.259+0000] {logging_mixin.py:188} INFO - [2023-12-19T03:27:14.259+0000] {dag.py:3820} INFO - Setting next_dagrun for dataset_produces_2 to None, run_after=None
[2023-12-19T03:27:14.277+0000] {processor.py:183} INFO - Processing /home/airflow/.local/lib/python3.8/site-packages/airflow/example_dags/example_datasets.py took 0.097 seconds
[2023-12-19T03:27:44.663+0000] {processor.py:161} INFO - Started process (PID=334) to work on /home/airflow/.local/lib/python3.8/site-packages/airflow/example_dags/example_datasets.py
[2023-12-19T03:27:44.664+0000] {processor.py:830} INFO - Processing file /home/airflow/.local/lib/python3.8/site-packages/airflow/example_dags/example_datasets.py for tasks to queue
[2023-12-19T03:27:44.666+0000] {logging_mixin.py:188} INFO - [2023-12-19T03:27:44.665+0000] {dagbag.py:538} INFO - Filling up the DagBag from /home/airflow/.local/lib/python3.8/site-packages/airflow/example_dags/example_datasets.py
[2023-12-19T03:27:44.672+0000] {processor.py:840} INFO - DAG(s) 'dataset_produces_2', 'dataset_produces_1', 'dataset_consumes_1_never_scheduled', 'dataset_consumes_unknown_never_scheduled', 'dataset_consumes_1', 'dataset_consumes_1_and_2' retrieved from /home/airflow/.local/lib/python3.8/site-packages/airflow/example_dags/example_datasets.py
[2023-12-19T03:27:44.692+0000] {logging_mixin.py:188} INFO - [2023-12-19T03:27:44.692+0000] {dag.py:3033} INFO - Sync 6 DAGs
[2023-12-19T03:27:44.706+0000] {logging_mixin.py:188} INFO - [2023-12-19T03:27:44.706+0000] {dag.py:3820} INFO - Setting next_dagrun for dataset_consumes_1 to None, run_after=None
[2023-12-19T03:27:44.709+0000] {logging_mixin.py:188} INFO - [2023-12-19T03:27:44.709+0000] {dag.py:3820} INFO - Setting next_dagrun for dataset_consumes_1_and_2 to None, run_after=None
[2023-12-19T03:27:44.710+0000] {logging_mixin.py:188} INFO - [2023-12-19T03:27:44.710+0000] {dag.py:3820} INFO - Setting next_dagrun for dataset_consumes_1_never_scheduled to None, run_after=None
[2023-12-19T03:27:44.710+0000] {logging_mixin.py:188} INFO - [2023-12-19T03:27:44.710+0000] {dag.py:3820} INFO - Setting next_dagrun for dataset_consumes_unknown_never_scheduled to None, run_after=None
[2023-12-19T03:27:44.712+0000] {logging_mixin.py:188} INFO - [2023-12-19T03:27:44.712+0000] {dag.py:3820} INFO - Setting next_dagrun for dataset_produces_1 to 2023-12-18T00:00:00+00:00, run_after=2023-12-19T00:00:00+00:00
[2023-12-19T03:27:44.713+0000] {logging_mixin.py:188} INFO - [2023-12-19T03:27:44.713+0000] {dag.py:3820} INFO - Setting next_dagrun for dataset_produces_2 to None, run_after=None
[2023-12-19T03:27:44.726+0000] {processor.py:183} INFO - Processing /home/airflow/.local/lib/python3.8/site-packages/airflow/example_dags/example_datasets.py took 0.066 seconds
[2023-12-19T03:28:14.860+0000] {processor.py:161} INFO - Started process (PID=389) to work on /home/airflow/.local/lib/python3.8/site-packages/airflow/example_dags/example_datasets.py
[2023-12-19T03:28:14.861+0000] {processor.py:830} INFO - Processing file /home/airflow/.local/lib/python3.8/site-packages/airflow/example_dags/example_datasets.py for tasks to queue
[2023-12-19T03:28:14.863+0000] {logging_mixin.py:188} INFO - [2023-12-19T03:28:14.863+0000] {dagbag.py:538} INFO - Filling up the DagBag from /home/airflow/.local/lib/python3.8/site-packages/airflow/example_dags/example_datasets.py
[2023-12-19T03:28:14.869+0000] {processor.py:840} INFO - DAG(s) 'dataset_produces_1', 'dataset_consumes_1_and_2', 'dataset_consumes_1', 'dataset_consumes_unknown_never_scheduled', 'dataset_consumes_1_never_scheduled', 'dataset_produces_2' retrieved from /home/airflow/.local/lib/python3.8/site-packages/airflow/example_dags/example_datasets.py
[2023-12-19T03:28:14.888+0000] {logging_mixin.py:188} INFO - [2023-12-19T03:28:14.888+0000] {dag.py:3033} INFO - Sync 6 DAGs
[2023-12-19T03:28:14.900+0000] {logging_mixin.py:188} INFO - [2023-12-19T03:28:14.900+0000] {dag.py:3820} INFO - Setting next_dagrun for dataset_consumes_1 to None, run_after=None
[2023-12-19T03:28:14.902+0000] {logging_mixin.py:188} INFO - [2023-12-19T03:28:14.902+0000] {dag.py:3820} INFO - Setting next_dagrun for dataset_consumes_1_and_2 to None, run_after=None
[2023-12-19T03:28:14.903+0000] {logging_mixin.py:188} INFO - [2023-12-19T03:28:14.903+0000] {dag.py:3820} INFO - Setting next_dagrun for dataset_consumes_1_never_scheduled to None, run_after=None
[2023-12-19T03:28:14.904+0000] {logging_mixin.py:188} INFO - [2023-12-19T03:28:14.903+0000] {dag.py:3820} INFO - Setting next_dagrun for dataset_consumes_unknown_never_scheduled to None, run_after=None
[2023-12-19T03:28:14.905+0000] {logging_mixin.py:188} INFO - [2023-12-19T03:28:14.905+0000] {dag.py:3820} INFO - Setting next_dagrun for dataset_produces_1 to 2023-12-18T00:00:00+00:00, run_after=2023-12-19T00:00:00+00:00
[2023-12-19T03:28:14.906+0000] {logging_mixin.py:188} INFO - [2023-12-19T03:28:14.906+0000] {dag.py:3820} INFO - Setting next_dagrun for dataset_produces_2 to None, run_after=None
[2023-12-19T03:28:14.920+0000] {processor.py:183} INFO - Processing /home/airflow/.local/lib/python3.8/site-packages/airflow/example_dags/example_datasets.py took 0.062 seconds
[2023-12-19T03:28:45.095+0000] {processor.py:161} INFO - Started process (PID=444) to work on /home/airflow/.local/lib/python3.8/site-packages/airflow/example_dags/example_datasets.py
[2023-12-19T03:28:45.096+0000] {processor.py:830} INFO - Processing file /home/airflow/.local/lib/python3.8/site-packages/airflow/example_dags/example_datasets.py for tasks to queue
[2023-12-19T03:28:45.099+0000] {logging_mixin.py:188} INFO - [2023-12-19T03:28:45.098+0000] {dagbag.py:538} INFO - Filling up the DagBag from /home/airflow/.local/lib/python3.8/site-packages/airflow/example_dags/example_datasets.py
[2023-12-19T03:28:45.107+0000] {processor.py:840} INFO - DAG(s) 'dataset_produces_1', 'dataset_consumes_1_never_scheduled', 'dataset_produces_2', 'dataset_consumes_unknown_never_scheduled', 'dataset_consumes_1', 'dataset_consumes_1_and_2' retrieved from /home/airflow/.local/lib/python3.8/site-packages/airflow/example_dags/example_datasets.py
[2023-12-19T03:28:45.134+0000] {logging_mixin.py:188} INFO - [2023-12-19T03:28:45.134+0000] {dag.py:3033} INFO - Sync 6 DAGs
[2023-12-19T03:28:45.148+0000] {logging_mixin.py:188} INFO - [2023-12-19T03:28:45.148+0000] {dag.py:3820} INFO - Setting next_dagrun for dataset_consumes_1 to None, run_after=None
[2023-12-19T03:28:45.153+0000] {logging_mixin.py:188} INFO - [2023-12-19T03:28:45.153+0000] {dag.py:3820} INFO - Setting next_dagrun for dataset_consumes_1_and_2 to None, run_after=None
[2023-12-19T03:28:45.154+0000] {logging_mixin.py:188} INFO - [2023-12-19T03:28:45.154+0000] {dag.py:3820} INFO - Setting next_dagrun for dataset_consumes_1_never_scheduled to None, run_after=None
[2023-12-19T03:28:45.155+0000] {logging_mixin.py:188} INFO - [2023-12-19T03:28:45.155+0000] {dag.py:3820} INFO - Setting next_dagrun for dataset_consumes_unknown_never_scheduled to None, run_after=None
[2023-12-19T03:28:45.157+0000] {logging_mixin.py:188} INFO - [2023-12-19T03:28:45.157+0000] {dag.py:3820} INFO - Setting next_dagrun for dataset_produces_1 to 2023-12-18T00:00:00+00:00, run_after=2023-12-19T00:00:00+00:00
[2023-12-19T03:28:45.158+0000] {logging_mixin.py:188} INFO - [2023-12-19T03:28:45.158+0000] {dag.py:3820} INFO - Setting next_dagrun for dataset_produces_2 to None, run_after=None
[2023-12-19T03:28:45.175+0000] {processor.py:183} INFO - Processing /home/airflow/.local/lib/python3.8/site-packages/airflow/example_dags/example_datasets.py took 0.085 seconds
[2023-12-19T03:29:15.521+0000] {processor.py:161} INFO - Started process (PID=499) to work on /home/airflow/.local/lib/python3.8/site-packages/airflow/example_dags/example_datasets.py
[2023-12-19T03:29:15.522+0000] {processor.py:830} INFO - Processing file /home/airflow/.local/lib/python3.8/site-packages/airflow/example_dags/example_datasets.py for tasks to queue
[2023-12-19T03:29:15.523+0000] {logging_mixin.py:188} INFO - [2023-12-19T03:29:15.523+0000] {dagbag.py:538} INFO - Filling up the DagBag from /home/airflow/.local/lib/python3.8/site-packages/airflow/example_dags/example_datasets.py
[2023-12-19T03:29:15.530+0000] {processor.py:840} INFO - DAG(s) 'dataset_produces_1', 'dataset_produces_2', 'dataset_consumes_1_and_2', 'dataset_consumes_unknown_never_scheduled', 'dataset_consumes_1', 'dataset_consumes_1_never_scheduled' retrieved from /home/airflow/.local/lib/python3.8/site-packages/airflow/example_dags/example_datasets.py
[2023-12-19T03:29:15.552+0000] {logging_mixin.py:188} INFO - [2023-12-19T03:29:15.552+0000] {dag.py:3033} INFO - Sync 6 DAGs
[2023-12-19T03:29:15.567+0000] {logging_mixin.py:188} INFO - [2023-12-19T03:29:15.567+0000] {dag.py:3820} INFO - Setting next_dagrun for dataset_consumes_1 to None, run_after=None
[2023-12-19T03:29:15.569+0000] {logging_mixin.py:188} INFO - [2023-12-19T03:29:15.569+0000] {dag.py:3820} INFO - Setting next_dagrun for dataset_consumes_1_and_2 to None, run_after=None
[2023-12-19T03:29:15.570+0000] {logging_mixin.py:188} INFO - [2023-12-19T03:29:15.570+0000] {dag.py:3820} INFO - Setting next_dagrun for dataset_consumes_1_never_scheduled to None, run_after=None
[2023-12-19T03:29:15.571+0000] {logging_mixin.py:188} INFO - [2023-12-19T03:29:15.571+0000] {dag.py:3820} INFO - Setting next_dagrun for dataset_consumes_unknown_never_scheduled to None, run_after=None
[2023-12-19T03:29:15.573+0000] {logging_mixin.py:188} INFO - [2023-12-19T03:29:15.572+0000] {dag.py:3820} INFO - Setting next_dagrun for dataset_produces_1 to 2023-12-18T00:00:00+00:00, run_after=2023-12-19T00:00:00+00:00
[2023-12-19T03:29:15.574+0000] {logging_mixin.py:188} INFO - [2023-12-19T03:29:15.574+0000] {dag.py:3820} INFO - Setting next_dagrun for dataset_produces_2 to None, run_after=None
[2023-12-19T03:29:15.590+0000] {processor.py:183} INFO - Processing /home/airflow/.local/lib/python3.8/site-packages/airflow/example_dags/example_datasets.py took 0.072 seconds
[2023-12-19T03:29:45.693+0000] {processor.py:161} INFO - Started process (PID=554) to work on /home/airflow/.local/lib/python3.8/site-packages/airflow/example_dags/example_datasets.py
[2023-12-19T03:29:45.694+0000] {processor.py:830} INFO - Processing file /home/airflow/.local/lib/python3.8/site-packages/airflow/example_dags/example_datasets.py for tasks to queue
[2023-12-19T03:29:45.696+0000] {logging_mixin.py:188} INFO - [2023-12-19T03:29:45.696+0000] {dagbag.py:538} INFO - Filling up the DagBag from /home/airflow/.local/lib/python3.8/site-packages/airflow/example_dags/example_datasets.py
[2023-12-19T03:29:45.703+0000] {processor.py:840} INFO - DAG(s) 'dataset_consumes_1_and_2', 'dataset_produces_2', 'dataset_produces_1', 'dataset_consumes_unknown_never_scheduled', 'dataset_consumes_1', 'dataset_consumes_1_never_scheduled' retrieved from /home/airflow/.local/lib/python3.8/site-packages/airflow/example_dags/example_datasets.py
[2023-12-19T03:29:45.722+0000] {logging_mixin.py:188} INFO - [2023-12-19T03:29:45.722+0000] {dag.py:3033} INFO - Sync 6 DAGs
[2023-12-19T03:29:45.734+0000] {logging_mixin.py:188} INFO - [2023-12-19T03:29:45.734+0000] {dag.py:3820} INFO - Setting next_dagrun for dataset_consumes_1 to None, run_after=None
[2023-12-19T03:29:45.736+0000] {logging_mixin.py:188} INFO - [2023-12-19T03:29:45.736+0000] {dag.py:3820} INFO - Setting next_dagrun for dataset_consumes_1_and_2 to None, run_after=None
[2023-12-19T03:29:45.737+0000] {logging_mixin.py:188} INFO - [2023-12-19T03:29:45.736+0000] {dag.py:3820} INFO - Setting next_dagrun for dataset_consumes_1_never_scheduled to None, run_after=None
[2023-12-19T03:29:45.737+0000] {logging_mixin.py:188} INFO - [2023-12-19T03:29:45.737+0000] {dag.py:3820} INFO - Setting next_dagrun for dataset_consumes_unknown_never_scheduled to None, run_after=None
[2023-12-19T03:29:45.739+0000] {logging_mixin.py:188} INFO - [2023-12-19T03:29:45.739+0000] {dag.py:3820} INFO - Setting next_dagrun for dataset_produces_1 to 2023-12-18T00:00:00+00:00, run_after=2023-12-19T00:00:00+00:00
[2023-12-19T03:29:45.739+0000] {logging_mixin.py:188} INFO - [2023-12-19T03:29:45.739+0000] {dag.py:3820} INFO - Setting next_dagrun for dataset_produces_2 to None, run_after=None
[2023-12-19T03:29:45.753+0000] {processor.py:183} INFO - Processing /home/airflow/.local/lib/python3.8/site-packages/airflow/example_dags/example_datasets.py took 0.062 seconds
[2023-12-19T03:30:15.958+0000] {processor.py:161} INFO - Started process (PID=609) to work on /home/airflow/.local/lib/python3.8/site-packages/airflow/example_dags/example_datasets.py
[2023-12-19T03:30:15.960+0000] {processor.py:830} INFO - Processing file /home/airflow/.local/lib/python3.8/site-packages/airflow/example_dags/example_datasets.py for tasks to queue
[2023-12-19T03:30:15.961+0000] {logging_mixin.py:188} INFO - [2023-12-19T03:30:15.961+0000] {dagbag.py:538} INFO - Filling up the DagBag from /home/airflow/.local/lib/python3.8/site-packages/airflow/example_dags/example_datasets.py
[2023-12-19T03:30:15.967+0000] {processor.py:840} INFO - DAG(s) 'dataset_consumes_1_never_scheduled', 'dataset_produces_2', 'dataset_consumes_1', 'dataset_produces_1', 'dataset_consumes_unknown_never_scheduled', 'dataset_consumes_1_and_2' retrieved from /home/airflow/.local/lib/python3.8/site-packages/airflow/example_dags/example_datasets.py
[2023-12-19T03:30:15.987+0000] {logging_mixin.py:188} INFO - [2023-12-19T03:30:15.987+0000] {dag.py:3033} INFO - Sync 6 DAGs
[2023-12-19T03:30:15.999+0000] {logging_mixin.py:188} INFO - [2023-12-19T03:30:15.999+0000] {dag.py:3820} INFO - Setting next_dagrun for dataset_consumes_1 to None, run_after=None
[2023-12-19T03:30:16.001+0000] {logging_mixin.py:188} INFO - [2023-12-19T03:30:16.001+0000] {dag.py:3820} INFO - Setting next_dagrun for dataset_consumes_1_and_2 to None, run_after=None
[2023-12-19T03:30:16.002+0000] {logging_mixin.py:188} INFO - [2023-12-19T03:30:16.002+0000] {dag.py:3820} INFO - Setting next_dagrun for dataset_consumes_1_never_scheduled to None, run_after=None
[2023-12-19T03:30:16.003+0000] {logging_mixin.py:188} INFO - [2023-12-19T03:30:16.003+0000] {dag.py:3820} INFO - Setting next_dagrun for dataset_consumes_unknown_never_scheduled to None, run_after=None
[2023-12-19T03:30:16.005+0000] {logging_mixin.py:188} INFO - [2023-12-19T03:30:16.005+0000] {dag.py:3820} INFO - Setting next_dagrun for dataset_produces_1 to 2023-12-18T00:00:00+00:00, run_after=2023-12-19T00:00:00+00:00
[2023-12-19T03:30:16.006+0000] {logging_mixin.py:188} INFO - [2023-12-19T03:30:16.006+0000] {dag.py:3820} INFO - Setting next_dagrun for dataset_produces_2 to None, run_after=None
[2023-12-19T03:30:16.020+0000] {processor.py:183} INFO - Processing /home/airflow/.local/lib/python3.8/site-packages/airflow/example_dags/example_datasets.py took 0.065 seconds
[2023-12-19T03:30:46.056+0000] {processor.py:161} INFO - Started process (PID=664) to work on /home/airflow/.local/lib/python3.8/site-packages/airflow/example_dags/example_datasets.py
[2023-12-19T03:30:46.057+0000] {processor.py:830} INFO - Processing file /home/airflow/.local/lib/python3.8/site-packages/airflow/example_dags/example_datasets.py for tasks to queue
[2023-12-19T03:30:46.059+0000] {logging_mixin.py:188} INFO - [2023-12-19T03:30:46.059+0000] {dagbag.py:538} INFO - Filling up the DagBag from /home/airflow/.local/lib/python3.8/site-packages/airflow/example_dags/example_datasets.py
[2023-12-19T03:30:46.065+0000] {processor.py:840} INFO - DAG(s) 'dataset_produces_1', 'dataset_consumes_1', 'dataset_consumes_1_and_2', 'dataset_produces_2', 'dataset_consumes_unknown_never_scheduled', 'dataset_consumes_1_never_scheduled' retrieved from /home/airflow/.local/lib/python3.8/site-packages/airflow/example_dags/example_datasets.py
[2023-12-19T03:30:46.085+0000] {logging_mixin.py:188} INFO - [2023-12-19T03:30:46.085+0000] {dag.py:3033} INFO - Sync 6 DAGs
[2023-12-19T03:30:46.097+0000] {logging_mixin.py:188} INFO - [2023-12-19T03:30:46.097+0000] {dag.py:3820} INFO - Setting next_dagrun for dataset_consumes_1 to None, run_after=None
[2023-12-19T03:30:46.099+0000] {logging_mixin.py:188} INFO - [2023-12-19T03:30:46.099+0000] {dag.py:3820} INFO - Setting next_dagrun for dataset_consumes_1_and_2 to None, run_after=None
[2023-12-19T03:30:46.100+0000] {logging_mixin.py:188} INFO - [2023-12-19T03:30:46.100+0000] {dag.py:3820} INFO - Setting next_dagrun for dataset_consumes_1_never_scheduled to None, run_after=None
[2023-12-19T03:30:46.101+0000] {logging_mixin.py:188} INFO - [2023-12-19T03:30:46.101+0000] {dag.py:3820} INFO - Setting next_dagrun for dataset_consumes_unknown_never_scheduled to None, run_after=None
[2023-12-19T03:30:46.103+0000] {logging_mixin.py:188} INFO - [2023-12-19T03:30:46.103+0000] {dag.py:3820} INFO - Setting next_dagrun for dataset_produces_1 to 2023-12-18T00:00:00+00:00, run_after=2023-12-19T00:00:00+00:00
[2023-12-19T03:30:46.103+0000] {logging_mixin.py:188} INFO - [2023-12-19T03:30:46.103+0000] {dag.py:3820} INFO - Setting next_dagrun for dataset_produces_2 to None, run_after=None
[2023-12-19T03:30:46.117+0000] {processor.py:183} INFO - Processing /home/airflow/.local/lib/python3.8/site-packages/airflow/example_dags/example_datasets.py took 0.065 seconds
[2023-12-19T03:31:16.299+0000] {processor.py:161} INFO - Started process (PID=719) to work on /home/airflow/.local/lib/python3.8/site-packages/airflow/example_dags/example_datasets.py
[2023-12-19T03:31:16.300+0000] {processor.py:830} INFO - Processing file /home/airflow/.local/lib/python3.8/site-packages/airflow/example_dags/example_datasets.py for tasks to queue
[2023-12-19T03:31:16.302+0000] {logging_mixin.py:188} INFO - [2023-12-19T03:31:16.302+0000] {dagbag.py:538} INFO - Filling up the DagBag from /home/airflow/.local/lib/python3.8/site-packages/airflow/example_dags/example_datasets.py
[2023-12-19T03:31:16.309+0000] {processor.py:840} INFO - DAG(s) 'dataset_consumes_1', 'dataset_consumes_1_and_2', 'dataset_consumes_1_never_scheduled', 'dataset_consumes_unknown_never_scheduled', 'dataset_produces_2', 'dataset_produces_1' retrieved from /home/airflow/.local/lib/python3.8/site-packages/airflow/example_dags/example_datasets.py
[2023-12-19T03:31:16.330+0000] {logging_mixin.py:188} INFO - [2023-12-19T03:31:16.330+0000] {dag.py:3033} INFO - Sync 6 DAGs
[2023-12-19T03:31:16.342+0000] {logging_mixin.py:188} INFO - [2023-12-19T03:31:16.342+0000] {dag.py:3820} INFO - Setting next_dagrun for dataset_consumes_1 to None, run_after=None
[2023-12-19T03:31:16.344+0000] {logging_mixin.py:188} INFO - [2023-12-19T03:31:16.344+0000] {dag.py:3820} INFO - Setting next_dagrun for dataset_consumes_1_and_2 to None, run_after=None
[2023-12-19T03:31:16.345+0000] {logging_mixin.py:188} INFO - [2023-12-19T03:31:16.345+0000] {dag.py:3820} INFO - Setting next_dagrun for dataset_consumes_1_never_scheduled to None, run_after=None
[2023-12-19T03:31:16.346+0000] {logging_mixin.py:188} INFO - [2023-12-19T03:31:16.346+0000] {dag.py:3820} INFO - Setting next_dagrun for dataset_consumes_unknown_never_scheduled to None, run_after=None
[2023-12-19T03:31:16.347+0000] {logging_mixin.py:188} INFO - [2023-12-19T03:31:16.347+0000] {dag.py:3820} INFO - Setting next_dagrun for dataset_produces_1 to 2023-12-18T00:00:00+00:00, run_after=2023-12-19T00:00:00+00:00
[2023-12-19T03:31:16.348+0000] {logging_mixin.py:188} INFO - [2023-12-19T03:31:16.348+0000] {dag.py:3820} INFO - Setting next_dagrun for dataset_produces_2 to None, run_after=None
[2023-12-19T03:31:16.362+0000] {processor.py:183} INFO - Processing /home/airflow/.local/lib/python3.8/site-packages/airflow/example_dags/example_datasets.py took 0.066 seconds
[2023-12-19T03:31:46.422+0000] {processor.py:161} INFO - Started process (PID=774) to work on /home/airflow/.local/lib/python3.8/site-packages/airflow/example_dags/example_datasets.py
[2023-12-19T03:31:46.423+0000] {processor.py:830} INFO - Processing file /home/airflow/.local/lib/python3.8/site-packages/airflow/example_dags/example_datasets.py for tasks to queue
[2023-12-19T03:31:46.424+0000] {logging_mixin.py:188} INFO - [2023-12-19T03:31:46.424+0000] {dagbag.py:538} INFO - Filling up the DagBag from /home/airflow/.local/lib/python3.8/site-packages/airflow/example_dags/example_datasets.py
[2023-12-19T03:31:46.431+0000] {processor.py:840} INFO - DAG(s) 'dataset_consumes_1_never_scheduled', 'dataset_produces_1', 'dataset_consumes_1_and_2', 'dataset_consumes_unknown_never_scheduled', 'dataset_consumes_1', 'dataset_produces_2' retrieved from /home/airflow/.local/lib/python3.8/site-packages/airflow/example_dags/example_datasets.py
[2023-12-19T03:31:46.452+0000] {logging_mixin.py:188} INFO - [2023-12-19T03:31:46.452+0000] {dag.py:3033} INFO - Sync 6 DAGs
[2023-12-19T03:31:46.464+0000] {logging_mixin.py:188} INFO - [2023-12-19T03:31:46.464+0000] {dag.py:3820} INFO - Setting next_dagrun for dataset_consumes_1 to None, run_after=None
[2023-12-19T03:31:46.466+0000] {logging_mixin.py:188} INFO - [2023-12-19T03:31:46.466+0000] {dag.py:3820} INFO - Setting next_dagrun for dataset_consumes_1_and_2 to None, run_after=None
[2023-12-19T03:31:46.466+0000] {logging_mixin.py:188} INFO - [2023-12-19T03:31:46.466+0000] {dag.py:3820} INFO - Setting next_dagrun for dataset_consumes_1_never_scheduled to None, run_after=None
[2023-12-19T03:31:46.467+0000] {logging_mixin.py:188} INFO - [2023-12-19T03:31:46.467+0000] {dag.py:3820} INFO - Setting next_dagrun for dataset_consumes_unknown_never_scheduled to None, run_after=None
[2023-12-19T03:31:46.469+0000] {logging_mixin.py:188} INFO - [2023-12-19T03:31:46.469+0000] {dag.py:3820} INFO - Setting next_dagrun for dataset_produces_1 to 2023-12-18T00:00:00+00:00, run_after=2023-12-19T00:00:00+00:00
[2023-12-19T03:31:46.470+0000] {logging_mixin.py:188} INFO - [2023-12-19T03:31:46.470+0000] {dag.py:3820} INFO - Setting next_dagrun for dataset_produces_2 to None, run_after=None
[2023-12-19T03:31:46.483+0000] {processor.py:183} INFO - Processing /home/airflow/.local/lib/python3.8/site-packages/airflow/example_dags/example_datasets.py took 0.064 seconds
[2023-12-19T03:32:16.710+0000] {processor.py:161} INFO - Started process (PID=829) to work on /home/airflow/.local/lib/python3.8/site-packages/airflow/example_dags/example_datasets.py
[2023-12-19T03:32:16.711+0000] {processor.py:830} INFO - Processing file /home/airflow/.local/lib/python3.8/site-packages/airflow/example_dags/example_datasets.py for tasks to queue
[2023-12-19T03:32:16.713+0000] {logging_mixin.py:188} INFO - [2023-12-19T03:32:16.713+0000] {dagbag.py:538} INFO - Filling up the DagBag from /home/airflow/.local/lib/python3.8/site-packages/airflow/example_dags/example_datasets.py
[2023-12-19T03:32:16.719+0000] {processor.py:840} INFO - DAG(s) 'dataset_consumes_1_never_scheduled', 'dataset_produces_2', 'dataset_produces_1', 'dataset_consumes_unknown_never_scheduled', 'dataset_consumes_1_and_2', 'dataset_consumes_1' retrieved from /home/airflow/.local/lib/python3.8/site-packages/airflow/example_dags/example_datasets.py
[2023-12-19T03:32:16.738+0000] {logging_mixin.py:188} INFO - [2023-12-19T03:32:16.738+0000] {dag.py:3033} INFO - Sync 6 DAGs
[2023-12-19T03:32:16.750+0000] {logging_mixin.py:188} INFO - [2023-12-19T03:32:16.750+0000] {dag.py:3820} INFO - Setting next_dagrun for dataset_consumes_1 to None, run_after=None
[2023-12-19T03:32:16.752+0000] {logging_mixin.py:188} INFO - [2023-12-19T03:32:16.752+0000] {dag.py:3820} INFO - Setting next_dagrun for dataset_consumes_1_and_2 to None, run_after=None
[2023-12-19T03:32:16.753+0000] {logging_mixin.py:188} INFO - [2023-12-19T03:32:16.753+0000] {dag.py:3820} INFO - Setting next_dagrun for dataset_consumes_1_never_scheduled to None, run_after=None
[2023-12-19T03:32:16.754+0000] {logging_mixin.py:188} INFO - [2023-12-19T03:32:16.754+0000] {dag.py:3820} INFO - Setting next_dagrun for dataset_consumes_unknown_never_scheduled to None, run_after=None
[2023-12-19T03:32:16.755+0000] {logging_mixin.py:188} INFO - [2023-12-19T03:32:16.755+0000] {dag.py:3820} INFO - Setting next_dagrun for dataset_produces_1 to 2023-12-18T00:00:00+00:00, run_after=2023-12-19T00:00:00+00:00
[2023-12-19T03:32:16.756+0000] {logging_mixin.py:188} INFO - [2023-12-19T03:32:16.756+0000] {dag.py:3820} INFO - Setting next_dagrun for dataset_produces_2 to None, run_after=None
[2023-12-19T03:32:16.769+0000] {processor.py:183} INFO - Processing /home/airflow/.local/lib/python3.8/site-packages/airflow/example_dags/example_datasets.py took 0.062 seconds
[2023-12-19T03:32:47.069+0000] {processor.py:161} INFO - Started process (PID=884) to work on /home/airflow/.local/lib/python3.8/site-packages/airflow/example_dags/example_datasets.py
[2023-12-19T03:32:47.070+0000] {processor.py:830} INFO - Processing file /home/airflow/.local/lib/python3.8/site-packages/airflow/example_dags/example_datasets.py for tasks to queue
[2023-12-19T03:32:47.072+0000] {logging_mixin.py:188} INFO - [2023-12-19T03:32:47.072+0000] {dagbag.py:538} INFO - Filling up the DagBag from /home/airflow/.local/lib/python3.8/site-packages/airflow/example_dags/example_datasets.py
[2023-12-19T03:32:47.079+0000] {processor.py:840} INFO - DAG(s) 'dataset_consumes_1_and_2', 'dataset_consumes_unknown_never_scheduled', 'dataset_consumes_1_never_scheduled', 'dataset_produces_2', 'dataset_consumes_1', 'dataset_produces_1' retrieved from /home/airflow/.local/lib/python3.8/site-packages/airflow/example_dags/example_datasets.py
[2023-12-19T03:32:47.100+0000] {logging_mixin.py:188} INFO - [2023-12-19T03:32:47.100+0000] {dag.py:3033} INFO - Sync 6 DAGs
[2023-12-19T03:32:47.113+0000] {logging_mixin.py:188} INFO - [2023-12-19T03:32:47.113+0000] {dag.py:3820} INFO - Setting next_dagrun for dataset_consumes_1 to None, run_after=None
[2023-12-19T03:32:47.116+0000] {logging_mixin.py:188} INFO - [2023-12-19T03:32:47.116+0000] {dag.py:3820} INFO - Setting next_dagrun for dataset_consumes_1_and_2 to None, run_after=None
[2023-12-19T03:32:47.117+0000] {logging_mixin.py:188} INFO - [2023-12-19T03:32:47.117+0000] {dag.py:3820} INFO - Setting next_dagrun for dataset_consumes_1_never_scheduled to None, run_after=None
[2023-12-19T03:32:47.117+0000] {logging_mixin.py:188} INFO - [2023-12-19T03:32:47.117+0000] {dag.py:3820} INFO - Setting next_dagrun for dataset_consumes_unknown_never_scheduled to None, run_after=None
[2023-12-19T03:32:47.119+0000] {logging_mixin.py:188} INFO - [2023-12-19T03:32:47.119+0000] {dag.py:3820} INFO - Setting next_dagrun for dataset_produces_1 to 2023-12-18T00:00:00+00:00, run_after=2023-12-19T00:00:00+00:00
[2023-12-19T03:32:47.120+0000] {logging_mixin.py:188} INFO - [2023-12-19T03:32:47.120+0000] {dag.py:3820} INFO - Setting next_dagrun for dataset_produces_2 to None, run_after=None
[2023-12-19T03:32:47.135+0000] {processor.py:183} INFO - Processing /home/airflow/.local/lib/python3.8/site-packages/airflow/example_dags/example_datasets.py took 0.068 seconds
[2023-12-19T03:33:17.349+0000] {processor.py:161} INFO - Started process (PID=939) to work on /home/airflow/.local/lib/python3.8/site-packages/airflow/example_dags/example_datasets.py
[2023-12-19T03:33:17.350+0000] {processor.py:830} INFO - Processing file /home/airflow/.local/lib/python3.8/site-packages/airflow/example_dags/example_datasets.py for tasks to queue
[2023-12-19T03:33:17.352+0000] {logging_mixin.py:188} INFO - [2023-12-19T03:33:17.352+0000] {dagbag.py:538} INFO - Filling up the DagBag from /home/airflow/.local/lib/python3.8/site-packages/airflow/example_dags/example_datasets.py
[2023-12-19T03:33:17.358+0000] {processor.py:840} INFO - DAG(s) 'dataset_consumes_unknown_never_scheduled', 'dataset_consumes_1_never_scheduled', 'dataset_consumes_1_and_2', 'dataset_produces_1', 'dataset_produces_2', 'dataset_consumes_1' retrieved from /home/airflow/.local/lib/python3.8/site-packages/airflow/example_dags/example_datasets.py
[2023-12-19T03:33:17.379+0000] {logging_mixin.py:188} INFO - [2023-12-19T03:33:17.379+0000] {dag.py:3033} INFO - Sync 6 DAGs
[2023-12-19T03:33:17.391+0000] {logging_mixin.py:188} INFO - [2023-12-19T03:33:17.391+0000] {dag.py:3820} INFO - Setting next_dagrun for dataset_consumes_1 to None, run_after=None
[2023-12-19T03:33:17.394+0000] {logging_mixin.py:188} INFO - [2023-12-19T03:33:17.393+0000] {dag.py:3820} INFO - Setting next_dagrun for dataset_consumes_1_and_2 to None, run_after=None
[2023-12-19T03:33:17.394+0000] {logging_mixin.py:188} INFO - [2023-12-19T03:33:17.394+0000] {dag.py:3820} INFO - Setting next_dagrun for dataset_consumes_1_never_scheduled to None, run_after=None
[2023-12-19T03:33:17.395+0000] {logging_mixin.py:188} INFO - [2023-12-19T03:33:17.395+0000] {dag.py:3820} INFO - Setting next_dagrun for dataset_consumes_unknown_never_scheduled to None, run_after=None
[2023-12-19T03:33:17.397+0000] {logging_mixin.py:188} INFO - [2023-12-19T03:33:17.397+0000] {dag.py:3820} INFO - Setting next_dagrun for dataset_produces_1 to 2023-12-18T00:00:00+00:00, run_after=2023-12-19T00:00:00+00:00
[2023-12-19T03:33:17.397+0000] {logging_mixin.py:188} INFO - [2023-12-19T03:33:17.397+0000] {dag.py:3820} INFO - Setting next_dagrun for dataset_produces_2 to None, run_after=None
[2023-12-19T03:33:17.413+0000] {processor.py:183} INFO - Processing /home/airflow/.local/lib/python3.8/site-packages/airflow/example_dags/example_datasets.py took 0.066 seconds
[2023-12-19T03:33:47.634+0000] {processor.py:161} INFO - Started process (PID=994) to work on /home/airflow/.local/lib/python3.8/site-packages/airflow/example_dags/example_datasets.py
[2023-12-19T03:33:47.635+0000] {processor.py:830} INFO - Processing file /home/airflow/.local/lib/python3.8/site-packages/airflow/example_dags/example_datasets.py for tasks to queue
[2023-12-19T03:33:47.637+0000] {logging_mixin.py:188} INFO - [2023-12-19T03:33:47.636+0000] {dagbag.py:538} INFO - Filling up the DagBag from /home/airflow/.local/lib/python3.8/site-packages/airflow/example_dags/example_datasets.py
[2023-12-19T03:33:47.643+0000] {processor.py:840} INFO - DAG(s) 'dataset_consumes_1_and_2', 'dataset_consumes_1_never_scheduled', 'dataset_consumes_unknown_never_scheduled', 'dataset_produces_1', 'dataset_consumes_1', 'dataset_produces_2' retrieved from /home/airflow/.local/lib/python3.8/site-packages/airflow/example_dags/example_datasets.py
[2023-12-19T03:33:47.662+0000] {logging_mixin.py:188} INFO - [2023-12-19T03:33:47.662+0000] {dag.py:3033} INFO - Sync 6 DAGs
[2023-12-19T03:33:47.673+0000] {logging_mixin.py:188} INFO - [2023-12-19T03:33:47.673+0000] {dag.py:3820} INFO - Setting next_dagrun for dataset_consumes_1 to None, run_after=None
[2023-12-19T03:33:47.675+0000] {logging_mixin.py:188} INFO - [2023-12-19T03:33:47.675+0000] {dag.py:3820} INFO - Setting next_dagrun for dataset_consumes_1_and_2 to None, run_after=None
[2023-12-19T03:33:47.675+0000] {logging_mixin.py:188} INFO - [2023-12-19T03:33:47.675+0000] {dag.py:3820} INFO - Setting next_dagrun for dataset_consumes_1_never_scheduled to None, run_after=None
[2023-12-19T03:33:47.676+0000] {logging_mixin.py:188} INFO - [2023-12-19T03:33:47.676+0000] {dag.py:3820} INFO - Setting next_dagrun for dataset_consumes_unknown_never_scheduled to None, run_after=None
[2023-12-19T03:33:47.678+0000] {logging_mixin.py:188} INFO - [2023-12-19T03:33:47.678+0000] {dag.py:3820} INFO - Setting next_dagrun for dataset_produces_1 to 2023-12-18T00:00:00+00:00, run_after=2023-12-19T00:00:00+00:00
[2023-12-19T03:33:47.678+0000] {logging_mixin.py:188} INFO - [2023-12-19T03:33:47.678+0000] {dag.py:3820} INFO - Setting next_dagrun for dataset_produces_2 to None, run_after=None
[2023-12-19T03:33:47.693+0000] {processor.py:183} INFO - Processing /home/airflow/.local/lib/python3.8/site-packages/airflow/example_dags/example_datasets.py took 0.061 seconds
[2023-12-19T03:34:17.986+0000] {processor.py:161} INFO - Started process (PID=1049) to work on /home/airflow/.local/lib/python3.8/site-packages/airflow/example_dags/example_datasets.py
[2023-12-19T03:34:17.987+0000] {processor.py:830} INFO - Processing file /home/airflow/.local/lib/python3.8/site-packages/airflow/example_dags/example_datasets.py for tasks to queue
[2023-12-19T03:34:17.989+0000] {logging_mixin.py:188} INFO - [2023-12-19T03:34:17.988+0000] {dagbag.py:538} INFO - Filling up the DagBag from /home/airflow/.local/lib/python3.8/site-packages/airflow/example_dags/example_datasets.py
[2023-12-19T03:34:17.994+0000] {processor.py:840} INFO - DAG(s) 'dataset_consumes_1', 'dataset_produces_2', 'dataset_consumes_1_never_scheduled', 'dataset_consumes_1_and_2', 'dataset_consumes_unknown_never_scheduled', 'dataset_produces_1' retrieved from /home/airflow/.local/lib/python3.8/site-packages/airflow/example_dags/example_datasets.py
[2023-12-19T03:34:18.015+0000] {logging_mixin.py:188} INFO - [2023-12-19T03:34:18.015+0000] {dag.py:3033} INFO - Sync 6 DAGs
[2023-12-19T03:34:18.027+0000] {logging_mixin.py:188} INFO - [2023-12-19T03:34:18.027+0000] {dag.py:3820} INFO - Setting next_dagrun for dataset_consumes_1 to None, run_after=None
[2023-12-19T03:34:18.029+0000] {logging_mixin.py:188} INFO - [2023-12-19T03:34:18.029+0000] {dag.py:3820} INFO - Setting next_dagrun for dataset_consumes_1_and_2 to None, run_after=None
[2023-12-19T03:34:18.030+0000] {logging_mixin.py:188} INFO - [2023-12-19T03:34:18.030+0000] {dag.py:3820} INFO - Setting next_dagrun for dataset_consumes_1_never_scheduled to None, run_after=None
[2023-12-19T03:34:18.031+0000] {logging_mixin.py:188} INFO - [2023-12-19T03:34:18.031+0000] {dag.py:3820} INFO - Setting next_dagrun for dataset_consumes_unknown_never_scheduled to None, run_after=None
[2023-12-19T03:34:18.032+0000] {logging_mixin.py:188} INFO - [2023-12-19T03:34:18.032+0000] {dag.py:3820} INFO - Setting next_dagrun for dataset_produces_1 to 2023-12-18T00:00:00+00:00, run_after=2023-12-19T00:00:00+00:00
[2023-12-19T03:34:18.033+0000] {logging_mixin.py:188} INFO - [2023-12-19T03:34:18.033+0000] {dag.py:3820} INFO - Setting next_dagrun for dataset_produces_2 to None, run_after=None
[2023-12-19T03:34:18.047+0000] {processor.py:183} INFO - Processing /home/airflow/.local/lib/python3.8/site-packages/airflow/example_dags/example_datasets.py took 0.064 seconds
[2023-12-19T03:34:48.343+0000] {processor.py:161} INFO - Started process (PID=1104) to work on /home/airflow/.local/lib/python3.8/site-packages/airflow/example_dags/example_datasets.py
[2023-12-19T03:34:48.344+0000] {processor.py:830} INFO - Processing file /home/airflow/.local/lib/python3.8/site-packages/airflow/example_dags/example_datasets.py for tasks to queue
[2023-12-19T03:34:48.346+0000] {logging_mixin.py:188} INFO - [2023-12-19T03:34:48.345+0000] {dagbag.py:538} INFO - Filling up the DagBag from /home/airflow/.local/lib/python3.8/site-packages/airflow/example_dags/example_datasets.py
[2023-12-19T03:34:48.352+0000] {processor.py:840} INFO - DAG(s) 'dataset_consumes_1', 'dataset_consumes_1_never_scheduled', 'dataset_produces_1', 'dataset_consumes_unknown_never_scheduled', 'dataset_produces_2', 'dataset_consumes_1_and_2' retrieved from /home/airflow/.local/lib/python3.8/site-packages/airflow/example_dags/example_datasets.py
[2023-12-19T03:34:48.373+0000] {logging_mixin.py:188} INFO - [2023-12-19T03:34:48.373+0000] {dag.py:3033} INFO - Sync 6 DAGs
[2023-12-19T03:34:48.387+0000] {logging_mixin.py:188} INFO - [2023-12-19T03:34:48.387+0000] {dag.py:3820} INFO - Setting next_dagrun for dataset_consumes_1 to None, run_after=None
[2023-12-19T03:34:48.389+0000] {logging_mixin.py:188} INFO - [2023-12-19T03:34:48.389+0000] {dag.py:3820} INFO - Setting next_dagrun for dataset_consumes_1_and_2 to None, run_after=None
[2023-12-19T03:34:48.390+0000] {logging_mixin.py:188} INFO - [2023-12-19T03:34:48.390+0000] {dag.py:3820} INFO - Setting next_dagrun for dataset_consumes_1_never_scheduled to None, run_after=None
[2023-12-19T03:34:48.391+0000] {logging_mixin.py:188} INFO - [2023-12-19T03:34:48.391+0000] {dag.py:3820} INFO - Setting next_dagrun for dataset_consumes_unknown_never_scheduled to None, run_after=None
[2023-12-19T03:34:48.392+0000] {logging_mixin.py:188} INFO - [2023-12-19T03:34:48.392+0000] {dag.py:3820} INFO - Setting next_dagrun for dataset_produces_1 to 2023-12-18T00:00:00+00:00, run_after=2023-12-19T00:00:00+00:00
[2023-12-19T03:34:48.393+0000] {logging_mixin.py:188} INFO - [2023-12-19T03:34:48.393+0000] {dag.py:3820} INFO - Setting next_dagrun for dataset_produces_2 to None, run_after=None
[2023-12-19T03:34:48.407+0000] {processor.py:183} INFO - Processing /home/airflow/.local/lib/python3.8/site-packages/airflow/example_dags/example_datasets.py took 0.067 seconds
[2023-12-19T03:35:18.501+0000] {processor.py:161} INFO - Started process (PID=1159) to work on /home/airflow/.local/lib/python3.8/site-packages/airflow/example_dags/example_datasets.py
[2023-12-19T03:35:18.502+0000] {processor.py:830} INFO - Processing file /home/airflow/.local/lib/python3.8/site-packages/airflow/example_dags/example_datasets.py for tasks to queue
[2023-12-19T03:35:18.504+0000] {logging_mixin.py:188} INFO - [2023-12-19T03:35:18.504+0000] {dagbag.py:538} INFO - Filling up the DagBag from /home/airflow/.local/lib/python3.8/site-packages/airflow/example_dags/example_datasets.py
[2023-12-19T03:35:18.510+0000] {processor.py:840} INFO - DAG(s) 'dataset_produces_2', 'dataset_consumes_1_never_scheduled', 'dataset_consumes_unknown_never_scheduled', 'dataset_consumes_1_and_2', 'dataset_consumes_1', 'dataset_produces_1' retrieved from /home/airflow/.local/lib/python3.8/site-packages/airflow/example_dags/example_datasets.py
[2023-12-19T03:35:18.528+0000] {logging_mixin.py:188} INFO - [2023-12-19T03:35:18.528+0000] {dag.py:3033} INFO - Sync 6 DAGs
[2023-12-19T03:35:18.539+0000] {logging_mixin.py:188} INFO - [2023-12-19T03:35:18.539+0000] {dag.py:3820} INFO - Setting next_dagrun for dataset_consumes_1 to None, run_after=None
[2023-12-19T03:35:18.541+0000] {logging_mixin.py:188} INFO - [2023-12-19T03:35:18.541+0000] {dag.py:3820} INFO - Setting next_dagrun for dataset_consumes_1_and_2 to None, run_after=None
[2023-12-19T03:35:18.542+0000] {logging_mixin.py:188} INFO - [2023-12-19T03:35:18.542+0000] {dag.py:3820} INFO - Setting next_dagrun for dataset_consumes_1_never_scheduled to None, run_after=None
[2023-12-19T03:35:18.543+0000] {logging_mixin.py:188} INFO - [2023-12-19T03:35:18.543+0000] {dag.py:3820} INFO - Setting next_dagrun for dataset_consumes_unknown_never_scheduled to None, run_after=None
[2023-12-19T03:35:18.544+0000] {logging_mixin.py:188} INFO - [2023-12-19T03:35:18.544+0000] {dag.py:3820} INFO - Setting next_dagrun for dataset_produces_1 to 2023-12-18T00:00:00+00:00, run_after=2023-12-19T00:00:00+00:00
[2023-12-19T03:35:18.545+0000] {logging_mixin.py:188} INFO - [2023-12-19T03:35:18.545+0000] {dag.py:3820} INFO - Setting next_dagrun for dataset_produces_2 to None, run_after=None
[2023-12-19T03:35:18.559+0000] {processor.py:183} INFO - Processing /home/airflow/.local/lib/python3.8/site-packages/airflow/example_dags/example_datasets.py took 0.060 seconds
[2023-12-19T03:35:48.809+0000] {processor.py:161} INFO - Started process (PID=1214) to work on /home/airflow/.local/lib/python3.8/site-packages/airflow/example_dags/example_datasets.py
[2023-12-19T03:35:48.810+0000] {processor.py:830} INFO - Processing file /home/airflow/.local/lib/python3.8/site-packages/airflow/example_dags/example_datasets.py for tasks to queue
[2023-12-19T03:35:48.811+0000] {logging_mixin.py:188} INFO - [2023-12-19T03:35:48.811+0000] {dagbag.py:538} INFO - Filling up the DagBag from /home/airflow/.local/lib/python3.8/site-packages/airflow/example_dags/example_datasets.py
[2023-12-19T03:35:48.818+0000] {processor.py:840} INFO - DAG(s) 'dataset_consumes_1', 'dataset_produces_2', 'dataset_produces_1', 'dataset_consumes_unknown_never_scheduled', 'dataset_consumes_1_never_scheduled', 'dataset_consumes_1_and_2' retrieved from /home/airflow/.local/lib/python3.8/site-packages/airflow/example_dags/example_datasets.py
[2023-12-19T03:35:48.838+0000] {logging_mixin.py:188} INFO - [2023-12-19T03:35:48.838+0000] {dag.py:3033} INFO - Sync 6 DAGs
[2023-12-19T03:35:48.850+0000] {logging_mixin.py:188} INFO - [2023-12-19T03:35:48.850+0000] {dag.py:3820} INFO - Setting next_dagrun for dataset_consumes_1 to None, run_after=None
[2023-12-19T03:35:48.851+0000] {logging_mixin.py:188} INFO - [2023-12-19T03:35:48.851+0000] {dag.py:3820} INFO - Setting next_dagrun for dataset_consumes_1_and_2 to None, run_after=None
[2023-12-19T03:35:48.852+0000] {logging_mixin.py:188} INFO - [2023-12-19T03:35:48.852+0000] {dag.py:3820} INFO - Setting next_dagrun for dataset_consumes_1_never_scheduled to None, run_after=None
[2023-12-19T03:35:48.853+0000] {logging_mixin.py:188} INFO - [2023-12-19T03:35:48.853+0000] {dag.py:3820} INFO - Setting next_dagrun for dataset_consumes_unknown_never_scheduled to None, run_after=None
[2023-12-19T03:35:48.854+0000] {logging_mixin.py:188} INFO - [2023-12-19T03:35:48.854+0000] {dag.py:3820} INFO - Setting next_dagrun for dataset_produces_1 to 2023-12-18T00:00:00+00:00, run_after=2023-12-19T00:00:00+00:00
[2023-12-19T03:35:48.855+0000] {logging_mixin.py:188} INFO - [2023-12-19T03:35:48.855+0000] {dag.py:3820} INFO - Setting next_dagrun for dataset_produces_2 to None, run_after=None
[2023-12-19T03:35:48.869+0000] {processor.py:183} INFO - Processing /home/airflow/.local/lib/python3.8/site-packages/airflow/example_dags/example_datasets.py took 0.062 seconds
[2023-12-19T03:36:19.095+0000] {processor.py:161} INFO - Started process (PID=1269) to work on /home/airflow/.local/lib/python3.8/site-packages/airflow/example_dags/example_datasets.py
[2023-12-19T03:36:19.096+0000] {processor.py:830} INFO - Processing file /home/airflow/.local/lib/python3.8/site-packages/airflow/example_dags/example_datasets.py for tasks to queue
[2023-12-19T03:36:19.098+0000] {logging_mixin.py:188} INFO - [2023-12-19T03:36:19.098+0000] {dagbag.py:538} INFO - Filling up the DagBag from /home/airflow/.local/lib/python3.8/site-packages/airflow/example_dags/example_datasets.py
[2023-12-19T03:36:19.105+0000] {processor.py:840} INFO - DAG(s) 'dataset_produces_1', 'dataset_consumes_unknown_never_scheduled', 'dataset_produces_2', 'dataset_consumes_1', 'dataset_consumes_1_and_2', 'dataset_consumes_1_never_scheduled' retrieved from /home/airflow/.local/lib/python3.8/site-packages/airflow/example_dags/example_datasets.py
[2023-12-19T03:36:19.128+0000] {logging_mixin.py:188} INFO - [2023-12-19T03:36:19.127+0000] {dag.py:3033} INFO - Sync 6 DAGs
[2023-12-19T03:36:19.142+0000] {logging_mixin.py:188} INFO - [2023-12-19T03:36:19.142+0000] {dag.py:3820} INFO - Setting next_dagrun for dataset_consumes_1 to None, run_after=None
[2023-12-19T03:36:19.144+0000] {logging_mixin.py:188} INFO - [2023-12-19T03:36:19.144+0000] {dag.py:3820} INFO - Setting next_dagrun for dataset_consumes_1_and_2 to None, run_after=None
[2023-12-19T03:36:19.145+0000] {logging_mixin.py:188} INFO - [2023-12-19T03:36:19.145+0000] {dag.py:3820} INFO - Setting next_dagrun for dataset_consumes_1_never_scheduled to None, run_after=None
[2023-12-19T03:36:19.146+0000] {logging_mixin.py:188} INFO - [2023-12-19T03:36:19.146+0000] {dag.py:3820} INFO - Setting next_dagrun for dataset_consumes_unknown_never_scheduled to None, run_after=None
[2023-12-19T03:36:19.148+0000] {logging_mixin.py:188} INFO - [2023-12-19T03:36:19.148+0000] {dag.py:3820} INFO - Setting next_dagrun for dataset_produces_1 to 2023-12-18T00:00:00+00:00, run_after=2023-12-19T00:00:00+00:00
[2023-12-19T03:36:19.149+0000] {logging_mixin.py:188} INFO - [2023-12-19T03:36:19.149+0000] {dag.py:3820} INFO - Setting next_dagrun for dataset_produces_2 to None, run_after=None
[2023-12-19T03:36:19.163+0000] {processor.py:183} INFO - Processing /home/airflow/.local/lib/python3.8/site-packages/airflow/example_dags/example_datasets.py took 0.071 seconds
[2023-12-19T03:36:49.658+0000] {processor.py:161} INFO - Started process (PID=1324) to work on /home/airflow/.local/lib/python3.8/site-packages/airflow/example_dags/example_datasets.py
[2023-12-19T03:36:49.660+0000] {processor.py:830} INFO - Processing file /home/airflow/.local/lib/python3.8/site-packages/airflow/example_dags/example_datasets.py for tasks to queue
[2023-12-19T03:36:49.661+0000] {logging_mixin.py:188} INFO - [2023-12-19T03:36:49.661+0000] {dagbag.py:538} INFO - Filling up the DagBag from /home/airflow/.local/lib/python3.8/site-packages/airflow/example_dags/example_datasets.py
[2023-12-19T03:36:49.668+0000] {processor.py:840} INFO - DAG(s) 'dataset_produces_1', 'dataset_consumes_1_never_scheduled', 'dataset_produces_2', 'dataset_consumes_1_and_2', 'dataset_consumes_unknown_never_scheduled', 'dataset_consumes_1' retrieved from /home/airflow/.local/lib/python3.8/site-packages/airflow/example_dags/example_datasets.py
[2023-12-19T03:36:49.689+0000] {logging_mixin.py:188} INFO - [2023-12-19T03:36:49.689+0000] {dag.py:3033} INFO - Sync 6 DAGs
[2023-12-19T03:36:49.700+0000] {logging_mixin.py:188} INFO - [2023-12-19T03:36:49.700+0000] {dag.py:3820} INFO - Setting next_dagrun for dataset_consumes_1 to None, run_after=None
[2023-12-19T03:36:49.702+0000] {logging_mixin.py:188} INFO - [2023-12-19T03:36:49.702+0000] {dag.py:3820} INFO - Setting next_dagrun for dataset_consumes_1_and_2 to None, run_after=None
[2023-12-19T03:36:49.703+0000] {logging_mixin.py:188} INFO - [2023-12-19T03:36:49.703+0000] {dag.py:3820} INFO - Setting next_dagrun for dataset_consumes_1_never_scheduled to None, run_after=None
[2023-12-19T03:36:49.704+0000] {logging_mixin.py:188} INFO - [2023-12-19T03:36:49.704+0000] {dag.py:3820} INFO - Setting next_dagrun for dataset_consumes_unknown_never_scheduled to None, run_after=None
[2023-12-19T03:36:49.706+0000] {logging_mixin.py:188} INFO - [2023-12-19T03:36:49.706+0000] {dag.py:3820} INFO - Setting next_dagrun for dataset_produces_1 to 2023-12-18T00:00:00+00:00, run_after=2023-12-19T00:00:00+00:00
[2023-12-19T03:36:49.706+0000] {logging_mixin.py:188} INFO - [2023-12-19T03:36:49.706+0000] {dag.py:3820} INFO - Setting next_dagrun for dataset_produces_2 to None, run_after=None
[2023-12-19T03:36:49.721+0000] {processor.py:183} INFO - Processing /home/airflow/.local/lib/python3.8/site-packages/airflow/example_dags/example_datasets.py took 0.065 seconds
[2023-12-19T03:37:19.990+0000] {processor.py:161} INFO - Started process (PID=1379) to work on /home/airflow/.local/lib/python3.8/site-packages/airflow/example_dags/example_datasets.py
[2023-12-19T03:37:19.990+0000] {processor.py:830} INFO - Processing file /home/airflow/.local/lib/python3.8/site-packages/airflow/example_dags/example_datasets.py for tasks to queue
[2023-12-19T03:37:19.992+0000] {logging_mixin.py:188} INFO - [2023-12-19T03:37:19.992+0000] {dagbag.py:538} INFO - Filling up the DagBag from /home/airflow/.local/lib/python3.8/site-packages/airflow/example_dags/example_datasets.py
[2023-12-19T03:37:19.999+0000] {processor.py:840} INFO - DAG(s) 'dataset_consumes_1', 'dataset_produces_2', 'dataset_produces_1', 'dataset_consumes_unknown_never_scheduled', 'dataset_consumes_1_never_scheduled', 'dataset_consumes_1_and_2' retrieved from /home/airflow/.local/lib/python3.8/site-packages/airflow/example_dags/example_datasets.py
[2023-12-19T03:37:20.019+0000] {logging_mixin.py:188} INFO - [2023-12-19T03:37:20.019+0000] {dag.py:3033} INFO - Sync 6 DAGs
[2023-12-19T03:37:20.032+0000] {logging_mixin.py:188} INFO - [2023-12-19T03:37:20.032+0000] {dag.py:3820} INFO - Setting next_dagrun for dataset_consumes_1 to None, run_after=None
[2023-12-19T03:37:20.034+0000] {logging_mixin.py:188} INFO - [2023-12-19T03:37:20.034+0000] {dag.py:3820} INFO - Setting next_dagrun for dataset_consumes_1_and_2 to None, run_after=None
[2023-12-19T03:37:20.035+0000] {logging_mixin.py:188} INFO - [2023-12-19T03:37:20.035+0000] {dag.py:3820} INFO - Setting next_dagrun for dataset_consumes_1_never_scheduled to None, run_after=None
[2023-12-19T03:37:20.035+0000] {logging_mixin.py:188} INFO - [2023-12-19T03:37:20.035+0000] {dag.py:3820} INFO - Setting next_dagrun for dataset_consumes_unknown_never_scheduled to None, run_after=None
[2023-12-19T03:37:20.037+0000] {logging_mixin.py:188} INFO - [2023-12-19T03:37:20.037+0000] {dag.py:3820} INFO - Setting next_dagrun for dataset_produces_1 to 2023-12-18T00:00:00+00:00, run_after=2023-12-19T00:00:00+00:00
[2023-12-19T03:37:20.038+0000] {logging_mixin.py:188} INFO - [2023-12-19T03:37:20.038+0000] {dag.py:3820} INFO - Setting next_dagrun for dataset_produces_2 to None, run_after=None
[2023-12-19T03:37:20.052+0000] {processor.py:183} INFO - Processing /home/airflow/.local/lib/python3.8/site-packages/airflow/example_dags/example_datasets.py took 0.065 seconds
[2023-12-19T03:37:50.279+0000] {processor.py:161} INFO - Started process (PID=1434) to work on /home/airflow/.local/lib/python3.8/site-packages/airflow/example_dags/example_datasets.py
[2023-12-19T03:37:50.280+0000] {processor.py:830} INFO - Processing file /home/airflow/.local/lib/python3.8/site-packages/airflow/example_dags/example_datasets.py for tasks to queue
[2023-12-19T03:37:50.282+0000] {logging_mixin.py:188} INFO - [2023-12-19T03:37:50.282+0000] {dagbag.py:538} INFO - Filling up the DagBag from /home/airflow/.local/lib/python3.8/site-packages/airflow/example_dags/example_datasets.py
[2023-12-19T03:37:50.288+0000] {processor.py:840} INFO - DAG(s) 'dataset_consumes_1', 'dataset_produces_1', 'dataset_consumes_1_never_scheduled', 'dataset_consumes_unknown_never_scheduled', 'dataset_produces_2', 'dataset_consumes_1_and_2' retrieved from /home/airflow/.local/lib/python3.8/site-packages/airflow/example_dags/example_datasets.py
[2023-12-19T03:37:50.309+0000] {logging_mixin.py:188} INFO - [2023-12-19T03:37:50.308+0000] {dag.py:3033} INFO - Sync 6 DAGs
[2023-12-19T03:37:50.321+0000] {logging_mixin.py:188} INFO - [2023-12-19T03:37:50.321+0000] {dag.py:3820} INFO - Setting next_dagrun for dataset_consumes_1 to None, run_after=None
[2023-12-19T03:37:50.322+0000] {logging_mixin.py:188} INFO - [2023-12-19T03:37:50.322+0000] {dag.py:3820} INFO - Setting next_dagrun for dataset_consumes_1_and_2 to None, run_after=None
[2023-12-19T03:37:50.323+0000] {logging_mixin.py:188} INFO - [2023-12-19T03:37:50.323+0000] {dag.py:3820} INFO - Setting next_dagrun for dataset_consumes_1_never_scheduled to None, run_after=None
[2023-12-19T03:37:50.324+0000] {logging_mixin.py:188} INFO - [2023-12-19T03:37:50.324+0000] {dag.py:3820} INFO - Setting next_dagrun for dataset_consumes_unknown_never_scheduled to None, run_after=None
[2023-12-19T03:37:50.326+0000] {logging_mixin.py:188} INFO - [2023-12-19T03:37:50.326+0000] {dag.py:3820} INFO - Setting next_dagrun for dataset_produces_1 to 2023-12-18T00:00:00+00:00, run_after=2023-12-19T00:00:00+00:00
[2023-12-19T03:37:50.326+0000] {logging_mixin.py:188} INFO - [2023-12-19T03:37:50.326+0000] {dag.py:3820} INFO - Setting next_dagrun for dataset_produces_2 to None, run_after=None
[2023-12-19T03:37:50.340+0000] {processor.py:183} INFO - Processing /home/airflow/.local/lib/python3.8/site-packages/airflow/example_dags/example_datasets.py took 0.063 seconds
