[2023-12-19T03:23:35.336+0000] {processor.py:161} INFO - Started process (PID=55) to work on /home/airflow/.local/lib/python3.8/site-packages/airflow/example_dags/example_subdag_operator.py
[2023-12-19T03:23:35.337+0000] {processor.py:830} INFO - Processing file /home/airflow/.local/lib/python3.8/site-packages/airflow/example_dags/example_subdag_operator.py for tasks to queue
[2023-12-19T03:23:35.349+0000] {logging_mixin.py:188} INFO - [2023-12-19T03:23:35.349+0000] {dagbag.py:538} INFO - Filling up the DagBag from /home/airflow/.local/lib/python3.8/site-packages/airflow/example_dags/example_subdag_operator.py
[2023-12-19T03:23:35.387+0000] {processor.py:840} INFO - DAG(s) 'example_subdag_operator.section-1', 'example_subdag_operator.section-2', 'example_subdag_operator' retrieved from /home/airflow/.local/lib/python3.8/site-packages/airflow/example_dags/example_subdag_operator.py
[2023-12-19T03:23:35.390+0000] {logging_mixin.py:188} INFO - [2023-12-19T03:23:35.390+0000] {dag.py:3033} INFO - Sync 3 DAGs
[2023-12-19T03:23:35.404+0000] {logging_mixin.py:188} INFO - [2023-12-19T03:23:35.404+0000] {dag.py:3820} INFO - Setting next_dagrun for example_subdag_operator to 2022-01-01T00:00:00+00:00, run_after=2022-01-01T00:00:00+00:00
[2023-12-19T03:23:35.407+0000] {logging_mixin.py:188} INFO - [2023-12-19T03:23:35.407+0000] {dag.py:3820} INFO - Setting next_dagrun for example_subdag_operator.section-1 to None, run_after=None
[2023-12-19T03:23:35.408+0000] {logging_mixin.py:188} INFO - [2023-12-19T03:23:35.408+0000] {dag.py:3820} INFO - Setting next_dagrun for example_subdag_operator.section-2 to None, run_after=None
[2023-12-19T03:23:35.413+0000] {logging_mixin.py:188} INFO - [2023-12-19T03:23:35.413+0000] {dag.py:3033} INFO - Sync 2 DAGs
[2023-12-19T03:23:35.417+0000] {logging_mixin.py:188} INFO - [2023-12-19T03:23:35.416+0000] {dag.py:3820} INFO - Setting next_dagrun for example_subdag_operator.section-1 to None, run_after=None
[2023-12-19T03:23:35.417+0000] {logging_mixin.py:188} INFO - [2023-12-19T03:23:35.417+0000] {dag.py:3820} INFO - Setting next_dagrun for example_subdag_operator.section-2 to None, run_after=None
[2023-12-19T03:23:35.431+0000] {processor.py:183} INFO - Processing /home/airflow/.local/lib/python3.8/site-packages/airflow/example_dags/example_subdag_operator.py took 0.099 seconds
[2023-12-19T03:24:05.850+0000] {processor.py:161} INFO - Started process (PID=110) to work on /home/airflow/.local/lib/python3.8/site-packages/airflow/example_dags/example_subdag_operator.py
[2023-12-19T03:24:05.851+0000] {processor.py:830} INFO - Processing file /home/airflow/.local/lib/python3.8/site-packages/airflow/example_dags/example_subdag_operator.py for tasks to queue
[2023-12-19T03:24:05.853+0000] {logging_mixin.py:188} INFO - [2023-12-19T03:24:05.853+0000] {dagbag.py:538} INFO - Filling up the DagBag from /home/airflow/.local/lib/python3.8/site-packages/airflow/example_dags/example_subdag_operator.py
[2023-12-19T03:24:05.870+0000] {processor.py:840} INFO - DAG(s) 'example_subdag_operator.section-1', 'example_subdag_operator.section-2', 'example_subdag_operator' retrieved from /home/airflow/.local/lib/python3.8/site-packages/airflow/example_dags/example_subdag_operator.py
[2023-12-19T03:24:05.918+0000] {logging_mixin.py:188} INFO - [2023-12-19T03:24:05.918+0000] {dag.py:3033} INFO - Sync 3 DAGs
[2023-12-19T03:24:05.928+0000] {logging_mixin.py:188} INFO - [2023-12-19T03:24:05.928+0000] {dag.py:3820} INFO - Setting next_dagrun for example_subdag_operator to 2022-01-01T00:00:00+00:00, run_after=2022-01-01T00:00:00+00:00
[2023-12-19T03:24:05.930+0000] {logging_mixin.py:188} INFO - [2023-12-19T03:24:05.930+0000] {dag.py:3820} INFO - Setting next_dagrun for example_subdag_operator.section-1 to None, run_after=None
[2023-12-19T03:24:05.931+0000] {logging_mixin.py:188} INFO - [2023-12-19T03:24:05.931+0000] {dag.py:3820} INFO - Setting next_dagrun for example_subdag_operator.section-2 to None, run_after=None
[2023-12-19T03:24:05.935+0000] {logging_mixin.py:188} INFO - [2023-12-19T03:24:05.935+0000] {dag.py:3033} INFO - Sync 2 DAGs
[2023-12-19T03:24:05.938+0000] {logging_mixin.py:188} INFO - [2023-12-19T03:24:05.938+0000] {dag.py:3820} INFO - Setting next_dagrun for example_subdag_operator.section-1 to None, run_after=None
[2023-12-19T03:24:05.939+0000] {logging_mixin.py:188} INFO - [2023-12-19T03:24:05.939+0000] {dag.py:3820} INFO - Setting next_dagrun for example_subdag_operator.section-2 to None, run_after=None
[2023-12-19T03:24:05.944+0000] {processor.py:183} INFO - Processing /home/airflow/.local/lib/python3.8/site-packages/airflow/example_dags/example_subdag_operator.py took 0.096 seconds
[2023-12-19T03:24:39.284+0000] {processor.py:161} INFO - Started process (PID=54) to work on /home/airflow/.local/lib/python3.8/site-packages/airflow/example_dags/example_subdag_operator.py
[2023-12-19T03:24:39.285+0000] {processor.py:830} INFO - Processing file /home/airflow/.local/lib/python3.8/site-packages/airflow/example_dags/example_subdag_operator.py for tasks to queue
[2023-12-19T03:24:39.287+0000] {logging_mixin.py:188} INFO - [2023-12-19T03:24:39.287+0000] {dagbag.py:538} INFO - Filling up the DagBag from /home/airflow/.local/lib/python3.8/site-packages/airflow/example_dags/example_subdag_operator.py
[2023-12-19T03:24:39.303+0000] {processor.py:840} INFO - DAG(s) 'example_subdag_operator.section-1', 'example_subdag_operator.section-2', 'example_subdag_operator' retrieved from /home/airflow/.local/lib/python3.8/site-packages/airflow/example_dags/example_subdag_operator.py
[2023-12-19T03:24:39.315+0000] {logging_mixin.py:188} INFO - [2023-12-19T03:24:39.315+0000] {dag.py:3033} INFO - Sync 3 DAGs
[2023-12-19T03:24:39.326+0000] {logging_mixin.py:188} INFO - [2023-12-19T03:24:39.326+0000] {dag.py:3820} INFO - Setting next_dagrun for example_subdag_operator to 2022-01-01T00:00:00+00:00, run_after=2022-01-01T00:00:00+00:00
[2023-12-19T03:24:39.328+0000] {logging_mixin.py:188} INFO - [2023-12-19T03:24:39.328+0000] {dag.py:3820} INFO - Setting next_dagrun for example_subdag_operator.section-1 to None, run_after=None
[2023-12-19T03:24:39.329+0000] {logging_mixin.py:188} INFO - [2023-12-19T03:24:39.329+0000] {dag.py:3820} INFO - Setting next_dagrun for example_subdag_operator.section-2 to None, run_after=None
[2023-12-19T03:24:39.333+0000] {logging_mixin.py:188} INFO - [2023-12-19T03:24:39.333+0000] {dag.py:3033} INFO - Sync 2 DAGs
[2023-12-19T03:24:39.335+0000] {logging_mixin.py:188} INFO - [2023-12-19T03:24:39.335+0000] {dag.py:3820} INFO - Setting next_dagrun for example_subdag_operator.section-1 to None, run_after=None
[2023-12-19T03:24:39.336+0000] {logging_mixin.py:188} INFO - [2023-12-19T03:24:39.336+0000] {dag.py:3820} INFO - Setting next_dagrun for example_subdag_operator.section-2 to None, run_after=None
[2023-12-19T03:24:39.342+0000] {processor.py:183} INFO - Processing /home/airflow/.local/lib/python3.8/site-packages/airflow/example_dags/example_subdag_operator.py took 0.061 seconds
[2023-12-19T03:25:11.644+0000] {processor.py:161} INFO - Started process (PID=54) to work on /home/airflow/.local/lib/python3.8/site-packages/airflow/example_dags/example_subdag_operator.py
[2023-12-19T03:25:11.649+0000] {processor.py:830} INFO - Processing file /home/airflow/.local/lib/python3.8/site-packages/airflow/example_dags/example_subdag_operator.py for tasks to queue
[2023-12-19T03:25:11.653+0000] {logging_mixin.py:188} INFO - [2023-12-19T03:25:11.653+0000] {dagbag.py:538} INFO - Filling up the DagBag from /home/airflow/.local/lib/python3.8/site-packages/airflow/example_dags/example_subdag_operator.py
[2023-12-19T03:25:11.678+0000] {processor.py:840} INFO - DAG(s) 'example_subdag_operator.section-1', 'example_subdag_operator.section-2', 'example_subdag_operator' retrieved from /home/airflow/.local/lib/python3.8/site-packages/airflow/example_dags/example_subdag_operator.py
[2023-12-19T03:25:11.680+0000] {logging_mixin.py:188} INFO - [2023-12-19T03:25:11.680+0000] {dag.py:3033} INFO - Sync 3 DAGs
[2023-12-19T03:25:11.710+0000] {logging_mixin.py:188} INFO - [2023-12-19T03:25:11.710+0000] {dag.py:3820} INFO - Setting next_dagrun for example_subdag_operator to 2022-01-01T00:00:00+00:00, run_after=2022-01-01T00:00:00+00:00
[2023-12-19T03:25:11.714+0000] {logging_mixin.py:188} INFO - [2023-12-19T03:25:11.714+0000] {dag.py:3820} INFO - Setting next_dagrun for example_subdag_operator.section-1 to None, run_after=None
[2023-12-19T03:25:11.715+0000] {logging_mixin.py:188} INFO - [2023-12-19T03:25:11.715+0000] {dag.py:3820} INFO - Setting next_dagrun for example_subdag_operator.section-2 to None, run_after=None
[2023-12-19T03:25:11.720+0000] {logging_mixin.py:188} INFO - [2023-12-19T03:25:11.720+0000] {dag.py:3033} INFO - Sync 2 DAGs
[2023-12-19T03:25:11.723+0000] {logging_mixin.py:188} INFO - [2023-12-19T03:25:11.723+0000] {dag.py:3820} INFO - Setting next_dagrun for example_subdag_operator.section-1 to None, run_after=None
[2023-12-19T03:25:11.723+0000] {logging_mixin.py:188} INFO - [2023-12-19T03:25:11.723+0000] {dag.py:3820} INFO - Setting next_dagrun for example_subdag_operator.section-2 to None, run_after=None
[2023-12-19T03:25:11.729+0000] {processor.py:183} INFO - Processing /home/airflow/.local/lib/python3.8/site-packages/airflow/example_dags/example_subdag_operator.py took 0.088 seconds
[2023-12-19T03:25:42.517+0000] {processor.py:161} INFO - Started process (PID=108) to work on /home/airflow/.local/lib/python3.8/site-packages/airflow/example_dags/example_subdag_operator.py
[2023-12-19T03:25:42.518+0000] {processor.py:830} INFO - Processing file /home/airflow/.local/lib/python3.8/site-packages/airflow/example_dags/example_subdag_operator.py for tasks to queue
[2023-12-19T03:25:42.520+0000] {logging_mixin.py:188} INFO - [2023-12-19T03:25:42.520+0000] {dagbag.py:538} INFO - Filling up the DagBag from /home/airflow/.local/lib/python3.8/site-packages/airflow/example_dags/example_subdag_operator.py
[2023-12-19T03:25:42.536+0000] {processor.py:840} INFO - DAG(s) 'example_subdag_operator.section-1', 'example_subdag_operator.section-2', 'example_subdag_operator' retrieved from /home/airflow/.local/lib/python3.8/site-packages/airflow/example_dags/example_subdag_operator.py
[2023-12-19T03:25:42.581+0000] {logging_mixin.py:188} INFO - [2023-12-19T03:25:42.581+0000] {dag.py:3033} INFO - Sync 3 DAGs
[2023-12-19T03:25:42.590+0000] {logging_mixin.py:188} INFO - [2023-12-19T03:25:42.590+0000] {dag.py:3820} INFO - Setting next_dagrun for example_subdag_operator to 2022-01-01T00:00:00+00:00, run_after=2022-01-01T00:00:00+00:00
[2023-12-19T03:25:42.593+0000] {logging_mixin.py:188} INFO - [2023-12-19T03:25:42.592+0000] {dag.py:3820} INFO - Setting next_dagrun for example_subdag_operator.section-1 to None, run_after=None
[2023-12-19T03:25:42.594+0000] {logging_mixin.py:188} INFO - [2023-12-19T03:25:42.593+0000] {dag.py:3820} INFO - Setting next_dagrun for example_subdag_operator.section-2 to None, run_after=None
[2023-12-19T03:25:42.598+0000] {logging_mixin.py:188} INFO - [2023-12-19T03:25:42.598+0000] {dag.py:3033} INFO - Sync 2 DAGs
[2023-12-19T03:25:42.601+0000] {logging_mixin.py:188} INFO - [2023-12-19T03:25:42.601+0000] {dag.py:3820} INFO - Setting next_dagrun for example_subdag_operator.section-1 to None, run_after=None
[2023-12-19T03:25:42.601+0000] {logging_mixin.py:188} INFO - [2023-12-19T03:25:42.601+0000] {dag.py:3820} INFO - Setting next_dagrun for example_subdag_operator.section-2 to None, run_after=None
[2023-12-19T03:25:42.605+0000] {processor.py:183} INFO - Processing /home/airflow/.local/lib/python3.8/site-packages/airflow/example_dags/example_subdag_operator.py took 0.091 seconds
[2023-12-19T03:26:13.431+0000] {processor.py:161} INFO - Started process (PID=171) to work on /home/airflow/.local/lib/python3.8/site-packages/airflow/example_dags/example_subdag_operator.py
[2023-12-19T03:26:13.433+0000] {processor.py:830} INFO - Processing file /home/airflow/.local/lib/python3.8/site-packages/airflow/example_dags/example_subdag_operator.py for tasks to queue
[2023-12-19T03:26:13.434+0000] {logging_mixin.py:188} INFO - [2023-12-19T03:26:13.434+0000] {dagbag.py:538} INFO - Filling up the DagBag from /home/airflow/.local/lib/python3.8/site-packages/airflow/example_dags/example_subdag_operator.py
[2023-12-19T03:26:13.453+0000] {processor.py:840} INFO - DAG(s) 'example_subdag_operator.section-1', 'example_subdag_operator.section-2', 'example_subdag_operator' retrieved from /home/airflow/.local/lib/python3.8/site-packages/airflow/example_dags/example_subdag_operator.py
[2023-12-19T03:26:13.462+0000] {logging_mixin.py:188} INFO - [2023-12-19T03:26:13.461+0000] {dag.py:3033} INFO - Sync 3 DAGs
[2023-12-19T03:26:13.475+0000] {logging_mixin.py:188} INFO - [2023-12-19T03:26:13.475+0000] {dag.py:3820} INFO - Setting next_dagrun for example_subdag_operator to 2022-01-01T00:00:00+00:00, run_after=2022-01-01T00:00:00+00:00
[2023-12-19T03:26:13.477+0000] {logging_mixin.py:188} INFO - [2023-12-19T03:26:13.477+0000] {dag.py:3820} INFO - Setting next_dagrun for example_subdag_operator.section-1 to None, run_after=None
[2023-12-19T03:26:13.478+0000] {logging_mixin.py:188} INFO - [2023-12-19T03:26:13.478+0000] {dag.py:3820} INFO - Setting next_dagrun for example_subdag_operator.section-2 to None, run_after=None
[2023-12-19T03:26:13.482+0000] {logging_mixin.py:188} INFO - [2023-12-19T03:26:13.482+0000] {dag.py:3033} INFO - Sync 2 DAGs
[2023-12-19T03:26:13.485+0000] {logging_mixin.py:188} INFO - [2023-12-19T03:26:13.485+0000] {dag.py:3820} INFO - Setting next_dagrun for example_subdag_operator.section-1 to None, run_after=None
[2023-12-19T03:26:13.486+0000] {logging_mixin.py:188} INFO - [2023-12-19T03:26:13.486+0000] {dag.py:3820} INFO - Setting next_dagrun for example_subdag_operator.section-2 to None, run_after=None
[2023-12-19T03:26:13.491+0000] {processor.py:183} INFO - Processing /home/airflow/.local/lib/python3.8/site-packages/airflow/example_dags/example_subdag_operator.py took 0.063 seconds
[2023-12-19T03:26:43.626+0000] {processor.py:161} INFO - Started process (PID=226) to work on /home/airflow/.local/lib/python3.8/site-packages/airflow/example_dags/example_subdag_operator.py
[2023-12-19T03:26:43.627+0000] {processor.py:830} INFO - Processing file /home/airflow/.local/lib/python3.8/site-packages/airflow/example_dags/example_subdag_operator.py for tasks to queue
[2023-12-19T03:26:43.629+0000] {logging_mixin.py:188} INFO - [2023-12-19T03:26:43.629+0000] {dagbag.py:538} INFO - Filling up the DagBag from /home/airflow/.local/lib/python3.8/site-packages/airflow/example_dags/example_subdag_operator.py
[2023-12-19T03:26:43.655+0000] {processor.py:840} INFO - DAG(s) 'example_subdag_operator.section-1', 'example_subdag_operator.section-2', 'example_subdag_operator' retrieved from /home/airflow/.local/lib/python3.8/site-packages/airflow/example_dags/example_subdag_operator.py
[2023-12-19T03:26:43.665+0000] {logging_mixin.py:188} INFO - [2023-12-19T03:26:43.665+0000] {dag.py:3033} INFO - Sync 3 DAGs
[2023-12-19T03:26:43.677+0000] {logging_mixin.py:188} INFO - [2023-12-19T03:26:43.677+0000] {dag.py:3820} INFO - Setting next_dagrun for example_subdag_operator to 2022-01-01T00:00:00+00:00, run_after=2022-01-01T00:00:00+00:00
[2023-12-19T03:26:43.679+0000] {logging_mixin.py:188} INFO - [2023-12-19T03:26:43.679+0000] {dag.py:3820} INFO - Setting next_dagrun for example_subdag_operator.section-1 to None, run_after=None
[2023-12-19T03:26:43.680+0000] {logging_mixin.py:188} INFO - [2023-12-19T03:26:43.680+0000] {dag.py:3820} INFO - Setting next_dagrun for example_subdag_operator.section-2 to None, run_after=None
[2023-12-19T03:26:43.685+0000] {logging_mixin.py:188} INFO - [2023-12-19T03:26:43.685+0000] {dag.py:3033} INFO - Sync 2 DAGs
[2023-12-19T03:26:43.688+0000] {logging_mixin.py:188} INFO - [2023-12-19T03:26:43.688+0000] {dag.py:3820} INFO - Setting next_dagrun for example_subdag_operator.section-1 to None, run_after=None
[2023-12-19T03:26:43.689+0000] {logging_mixin.py:188} INFO - [2023-12-19T03:26:43.689+0000] {dag.py:3820} INFO - Setting next_dagrun for example_subdag_operator.section-2 to None, run_after=None
[2023-12-19T03:26:43.695+0000] {processor.py:183} INFO - Processing /home/airflow/.local/lib/python3.8/site-packages/airflow/example_dags/example_subdag_operator.py took 0.071 seconds
[2023-12-19T03:27:14.300+0000] {processor.py:161} INFO - Started process (PID=281) to work on /home/airflow/.local/lib/python3.8/site-packages/airflow/example_dags/example_subdag_operator.py
[2023-12-19T03:27:14.302+0000] {processor.py:830} INFO - Processing file /home/airflow/.local/lib/python3.8/site-packages/airflow/example_dags/example_subdag_operator.py for tasks to queue
[2023-12-19T03:27:14.304+0000] {logging_mixin.py:188} INFO - [2023-12-19T03:27:14.304+0000] {dagbag.py:538} INFO - Filling up the DagBag from /home/airflow/.local/lib/python3.8/site-packages/airflow/example_dags/example_subdag_operator.py
[2023-12-19T03:27:14.328+0000] {processor.py:840} INFO - DAG(s) 'example_subdag_operator.section-1', 'example_subdag_operator.section-2', 'example_subdag_operator' retrieved from /home/airflow/.local/lib/python3.8/site-packages/airflow/example_dags/example_subdag_operator.py
[2023-12-19T03:27:14.340+0000] {logging_mixin.py:188} INFO - [2023-12-19T03:27:14.340+0000] {dag.py:3033} INFO - Sync 3 DAGs
[2023-12-19T03:27:14.354+0000] {logging_mixin.py:188} INFO - [2023-12-19T03:27:14.354+0000] {dag.py:3820} INFO - Setting next_dagrun for example_subdag_operator to 2022-01-01T00:00:00+00:00, run_after=2022-01-01T00:00:00+00:00
[2023-12-19T03:27:14.357+0000] {logging_mixin.py:188} INFO - [2023-12-19T03:27:14.356+0000] {dag.py:3820} INFO - Setting next_dagrun for example_subdag_operator.section-1 to None, run_after=None
[2023-12-19T03:27:14.358+0000] {logging_mixin.py:188} INFO - [2023-12-19T03:27:14.358+0000] {dag.py:3820} INFO - Setting next_dagrun for example_subdag_operator.section-2 to None, run_after=None
[2023-12-19T03:27:14.362+0000] {logging_mixin.py:188} INFO - [2023-12-19T03:27:14.362+0000] {dag.py:3033} INFO - Sync 2 DAGs
[2023-12-19T03:27:14.365+0000] {logging_mixin.py:188} INFO - [2023-12-19T03:27:14.365+0000] {dag.py:3820} INFO - Setting next_dagrun for example_subdag_operator.section-1 to None, run_after=None
[2023-12-19T03:27:14.366+0000] {logging_mixin.py:188} INFO - [2023-12-19T03:27:14.366+0000] {dag.py:3820} INFO - Setting next_dagrun for example_subdag_operator.section-2 to None, run_after=None
[2023-12-19T03:27:14.371+0000] {processor.py:183} INFO - Processing /home/airflow/.local/lib/python3.8/site-packages/airflow/example_dags/example_subdag_operator.py took 0.074 seconds
[2023-12-19T03:27:44.748+0000] {processor.py:161} INFO - Started process (PID=336) to work on /home/airflow/.local/lib/python3.8/site-packages/airflow/example_dags/example_subdag_operator.py
[2023-12-19T03:27:44.749+0000] {processor.py:830} INFO - Processing file /home/airflow/.local/lib/python3.8/site-packages/airflow/example_dags/example_subdag_operator.py for tasks to queue
[2023-12-19T03:27:44.751+0000] {logging_mixin.py:188} INFO - [2023-12-19T03:27:44.751+0000] {dagbag.py:538} INFO - Filling up the DagBag from /home/airflow/.local/lib/python3.8/site-packages/airflow/example_dags/example_subdag_operator.py
[2023-12-19T03:27:44.768+0000] {processor.py:840} INFO - DAG(s) 'example_subdag_operator.section-1', 'example_subdag_operator.section-2', 'example_subdag_operator' retrieved from /home/airflow/.local/lib/python3.8/site-packages/airflow/example_dags/example_subdag_operator.py
[2023-12-19T03:27:44.776+0000] {logging_mixin.py:188} INFO - [2023-12-19T03:27:44.776+0000] {dag.py:3033} INFO - Sync 3 DAGs
[2023-12-19T03:27:44.788+0000] {logging_mixin.py:188} INFO - [2023-12-19T03:27:44.788+0000] {dag.py:3820} INFO - Setting next_dagrun for example_subdag_operator to 2022-01-01T00:00:00+00:00, run_after=2022-01-01T00:00:00+00:00
[2023-12-19T03:27:44.790+0000] {logging_mixin.py:188} INFO - [2023-12-19T03:27:44.790+0000] {dag.py:3820} INFO - Setting next_dagrun for example_subdag_operator.section-1 to None, run_after=None
[2023-12-19T03:27:44.791+0000] {logging_mixin.py:188} INFO - [2023-12-19T03:27:44.791+0000] {dag.py:3820} INFO - Setting next_dagrun for example_subdag_operator.section-2 to None, run_after=None
[2023-12-19T03:27:44.795+0000] {logging_mixin.py:188} INFO - [2023-12-19T03:27:44.795+0000] {dag.py:3033} INFO - Sync 2 DAGs
[2023-12-19T03:27:44.798+0000] {logging_mixin.py:188} INFO - [2023-12-19T03:27:44.798+0000] {dag.py:3820} INFO - Setting next_dagrun for example_subdag_operator.section-1 to None, run_after=None
[2023-12-19T03:27:44.798+0000] {logging_mixin.py:188} INFO - [2023-12-19T03:27:44.798+0000] {dag.py:3820} INFO - Setting next_dagrun for example_subdag_operator.section-2 to None, run_after=None
[2023-12-19T03:27:44.804+0000] {processor.py:183} INFO - Processing /home/airflow/.local/lib/python3.8/site-packages/airflow/example_dags/example_subdag_operator.py took 0.058 seconds
[2023-12-19T03:28:14.943+0000] {processor.py:161} INFO - Started process (PID=391) to work on /home/airflow/.local/lib/python3.8/site-packages/airflow/example_dags/example_subdag_operator.py
[2023-12-19T03:28:14.944+0000] {processor.py:830} INFO - Processing file /home/airflow/.local/lib/python3.8/site-packages/airflow/example_dags/example_subdag_operator.py for tasks to queue
[2023-12-19T03:28:14.946+0000] {logging_mixin.py:188} INFO - [2023-12-19T03:28:14.946+0000] {dagbag.py:538} INFO - Filling up the DagBag from /home/airflow/.local/lib/python3.8/site-packages/airflow/example_dags/example_subdag_operator.py
[2023-12-19T03:28:14.962+0000] {processor.py:840} INFO - DAG(s) 'example_subdag_operator.section-1', 'example_subdag_operator.section-2', 'example_subdag_operator' retrieved from /home/airflow/.local/lib/python3.8/site-packages/airflow/example_dags/example_subdag_operator.py
[2023-12-19T03:28:14.970+0000] {logging_mixin.py:188} INFO - [2023-12-19T03:28:14.970+0000] {dag.py:3033} INFO - Sync 3 DAGs
[2023-12-19T03:28:14.981+0000] {logging_mixin.py:188} INFO - [2023-12-19T03:28:14.981+0000] {dag.py:3820} INFO - Setting next_dagrun for example_subdag_operator to 2022-01-01T00:00:00+00:00, run_after=2022-01-01T00:00:00+00:00
[2023-12-19T03:28:14.984+0000] {logging_mixin.py:188} INFO - [2023-12-19T03:28:14.984+0000] {dag.py:3820} INFO - Setting next_dagrun for example_subdag_operator.section-1 to None, run_after=None
[2023-12-19T03:28:14.985+0000] {logging_mixin.py:188} INFO - [2023-12-19T03:28:14.985+0000] {dag.py:3820} INFO - Setting next_dagrun for example_subdag_operator.section-2 to None, run_after=None
[2023-12-19T03:28:14.988+0000] {logging_mixin.py:188} INFO - [2023-12-19T03:28:14.988+0000] {dag.py:3033} INFO - Sync 2 DAGs
[2023-12-19T03:28:14.991+0000] {logging_mixin.py:188} INFO - [2023-12-19T03:28:14.991+0000] {dag.py:3820} INFO - Setting next_dagrun for example_subdag_operator.section-1 to None, run_after=None
[2023-12-19T03:28:14.991+0000] {logging_mixin.py:188} INFO - [2023-12-19T03:28:14.991+0000] {dag.py:3820} INFO - Setting next_dagrun for example_subdag_operator.section-2 to None, run_after=None
[2023-12-19T03:28:14.997+0000] {processor.py:183} INFO - Processing /home/airflow/.local/lib/python3.8/site-packages/airflow/example_dags/example_subdag_operator.py took 0.056 seconds
[2023-12-19T03:28:45.181+0000] {processor.py:161} INFO - Started process (PID=446) to work on /home/airflow/.local/lib/python3.8/site-packages/airflow/example_dags/example_subdag_operator.py
[2023-12-19T03:28:45.183+0000] {processor.py:830} INFO - Processing file /home/airflow/.local/lib/python3.8/site-packages/airflow/example_dags/example_subdag_operator.py for tasks to queue
[2023-12-19T03:28:45.185+0000] {logging_mixin.py:188} INFO - [2023-12-19T03:28:45.185+0000] {dagbag.py:538} INFO - Filling up the DagBag from /home/airflow/.local/lib/python3.8/site-packages/airflow/example_dags/example_subdag_operator.py
[2023-12-19T03:28:45.205+0000] {processor.py:840} INFO - DAG(s) 'example_subdag_operator.section-1', 'example_subdag_operator.section-2', 'example_subdag_operator' retrieved from /home/airflow/.local/lib/python3.8/site-packages/airflow/example_dags/example_subdag_operator.py
[2023-12-19T03:28:45.214+0000] {logging_mixin.py:188} INFO - [2023-12-19T03:28:45.214+0000] {dag.py:3033} INFO - Sync 3 DAGs
[2023-12-19T03:28:45.226+0000] {logging_mixin.py:188} INFO - [2023-12-19T03:28:45.226+0000] {dag.py:3820} INFO - Setting next_dagrun for example_subdag_operator to 2022-01-01T00:00:00+00:00, run_after=2022-01-01T00:00:00+00:00
[2023-12-19T03:28:45.229+0000] {logging_mixin.py:188} INFO - [2023-12-19T03:28:45.229+0000] {dag.py:3820} INFO - Setting next_dagrun for example_subdag_operator.section-1 to None, run_after=None
[2023-12-19T03:28:45.230+0000] {logging_mixin.py:188} INFO - [2023-12-19T03:28:45.230+0000] {dag.py:3820} INFO - Setting next_dagrun for example_subdag_operator.section-2 to None, run_after=None
[2023-12-19T03:28:45.235+0000] {logging_mixin.py:188} INFO - [2023-12-19T03:28:45.234+0000] {dag.py:3033} INFO - Sync 2 DAGs
[2023-12-19T03:28:45.240+0000] {logging_mixin.py:188} INFO - [2023-12-19T03:28:45.239+0000] {dag.py:3820} INFO - Setting next_dagrun for example_subdag_operator.section-1 to None, run_after=None
[2023-12-19T03:28:45.240+0000] {logging_mixin.py:188} INFO - [2023-12-19T03:28:45.240+0000] {dag.py:3820} INFO - Setting next_dagrun for example_subdag_operator.section-2 to None, run_after=None
[2023-12-19T03:28:45.245+0000] {processor.py:183} INFO - Processing /home/airflow/.local/lib/python3.8/site-packages/airflow/example_dags/example_subdag_operator.py took 0.068 seconds
[2023-12-19T03:29:15.612+0000] {processor.py:161} INFO - Started process (PID=501) to work on /home/airflow/.local/lib/python3.8/site-packages/airflow/example_dags/example_subdag_operator.py
[2023-12-19T03:29:15.613+0000] {processor.py:830} INFO - Processing file /home/airflow/.local/lib/python3.8/site-packages/airflow/example_dags/example_subdag_operator.py for tasks to queue
[2023-12-19T03:29:15.615+0000] {logging_mixin.py:188} INFO - [2023-12-19T03:29:15.615+0000] {dagbag.py:538} INFO - Filling up the DagBag from /home/airflow/.local/lib/python3.8/site-packages/airflow/example_dags/example_subdag_operator.py
[2023-12-19T03:29:15.632+0000] {processor.py:840} INFO - DAG(s) 'example_subdag_operator.section-1', 'example_subdag_operator.section-2', 'example_subdag_operator' retrieved from /home/airflow/.local/lib/python3.8/site-packages/airflow/example_dags/example_subdag_operator.py
[2023-12-19T03:29:15.641+0000] {logging_mixin.py:188} INFO - [2023-12-19T03:29:15.641+0000] {dag.py:3033} INFO - Sync 3 DAGs
[2023-12-19T03:29:15.652+0000] {logging_mixin.py:188} INFO - [2023-12-19T03:29:15.652+0000] {dag.py:3820} INFO - Setting next_dagrun for example_subdag_operator to 2022-01-01T00:00:00+00:00, run_after=2022-01-01T00:00:00+00:00
[2023-12-19T03:29:15.655+0000] {logging_mixin.py:188} INFO - [2023-12-19T03:29:15.655+0000] {dag.py:3820} INFO - Setting next_dagrun for example_subdag_operator.section-1 to None, run_after=None
[2023-12-19T03:29:15.656+0000] {logging_mixin.py:188} INFO - [2023-12-19T03:29:15.656+0000] {dag.py:3820} INFO - Setting next_dagrun for example_subdag_operator.section-2 to None, run_after=None
[2023-12-19T03:29:15.660+0000] {logging_mixin.py:188} INFO - [2023-12-19T03:29:15.660+0000] {dag.py:3033} INFO - Sync 2 DAGs
[2023-12-19T03:29:15.663+0000] {logging_mixin.py:188} INFO - [2023-12-19T03:29:15.663+0000] {dag.py:3820} INFO - Setting next_dagrun for example_subdag_operator.section-1 to None, run_after=None
[2023-12-19T03:29:15.663+0000] {logging_mixin.py:188} INFO - [2023-12-19T03:29:15.663+0000] {dag.py:3820} INFO - Setting next_dagrun for example_subdag_operator.section-2 to None, run_after=None
[2023-12-19T03:29:15.668+0000] {processor.py:183} INFO - Processing /home/airflow/.local/lib/python3.8/site-packages/airflow/example_dags/example_subdag_operator.py took 0.059 seconds
[2023-12-19T03:29:45.777+0000] {processor.py:161} INFO - Started process (PID=556) to work on /home/airflow/.local/lib/python3.8/site-packages/airflow/example_dags/example_subdag_operator.py
[2023-12-19T03:29:45.778+0000] {processor.py:830} INFO - Processing file /home/airflow/.local/lib/python3.8/site-packages/airflow/example_dags/example_subdag_operator.py for tasks to queue
[2023-12-19T03:29:45.780+0000] {logging_mixin.py:188} INFO - [2023-12-19T03:29:45.779+0000] {dagbag.py:538} INFO - Filling up the DagBag from /home/airflow/.local/lib/python3.8/site-packages/airflow/example_dags/example_subdag_operator.py
[2023-12-19T03:29:45.797+0000] {processor.py:840} INFO - DAG(s) 'example_subdag_operator.section-1', 'example_subdag_operator.section-2', 'example_subdag_operator' retrieved from /home/airflow/.local/lib/python3.8/site-packages/airflow/example_dags/example_subdag_operator.py
[2023-12-19T03:29:45.805+0000] {logging_mixin.py:188} INFO - [2023-12-19T03:29:45.805+0000] {dag.py:3033} INFO - Sync 3 DAGs
[2023-12-19T03:29:45.817+0000] {logging_mixin.py:188} INFO - [2023-12-19T03:29:45.816+0000] {dag.py:3820} INFO - Setting next_dagrun for example_subdag_operator to 2022-01-01T00:00:00+00:00, run_after=2022-01-01T00:00:00+00:00
[2023-12-19T03:29:45.818+0000] {logging_mixin.py:188} INFO - [2023-12-19T03:29:45.818+0000] {dag.py:3820} INFO - Setting next_dagrun for example_subdag_operator.section-1 to None, run_after=None
[2023-12-19T03:29:45.819+0000] {logging_mixin.py:188} INFO - [2023-12-19T03:29:45.819+0000] {dag.py:3820} INFO - Setting next_dagrun for example_subdag_operator.section-2 to None, run_after=None
[2023-12-19T03:29:45.823+0000] {logging_mixin.py:188} INFO - [2023-12-19T03:29:45.823+0000] {dag.py:3033} INFO - Sync 2 DAGs
[2023-12-19T03:29:45.825+0000] {logging_mixin.py:188} INFO - [2023-12-19T03:29:45.825+0000] {dag.py:3820} INFO - Setting next_dagrun for example_subdag_operator.section-1 to None, run_after=None
[2023-12-19T03:29:45.826+0000] {logging_mixin.py:188} INFO - [2023-12-19T03:29:45.826+0000] {dag.py:3820} INFO - Setting next_dagrun for example_subdag_operator.section-2 to None, run_after=None
[2023-12-19T03:29:45.831+0000] {processor.py:183} INFO - Processing /home/airflow/.local/lib/python3.8/site-packages/airflow/example_dags/example_subdag_operator.py took 0.057 seconds
[2023-12-19T03:30:16.043+0000] {processor.py:161} INFO - Started process (PID=611) to work on /home/airflow/.local/lib/python3.8/site-packages/airflow/example_dags/example_subdag_operator.py
[2023-12-19T03:30:16.044+0000] {processor.py:830} INFO - Processing file /home/airflow/.local/lib/python3.8/site-packages/airflow/example_dags/example_subdag_operator.py for tasks to queue
[2023-12-19T03:30:16.046+0000] {logging_mixin.py:188} INFO - [2023-12-19T03:30:16.046+0000] {dagbag.py:538} INFO - Filling up the DagBag from /home/airflow/.local/lib/python3.8/site-packages/airflow/example_dags/example_subdag_operator.py
[2023-12-19T03:30:16.062+0000] {processor.py:840} INFO - DAG(s) 'example_subdag_operator.section-1', 'example_subdag_operator.section-2', 'example_subdag_operator' retrieved from /home/airflow/.local/lib/python3.8/site-packages/airflow/example_dags/example_subdag_operator.py
[2023-12-19T03:30:16.070+0000] {logging_mixin.py:188} INFO - [2023-12-19T03:30:16.070+0000] {dag.py:3033} INFO - Sync 3 DAGs
[2023-12-19T03:30:16.081+0000] {logging_mixin.py:188} INFO - [2023-12-19T03:30:16.080+0000] {dag.py:3820} INFO - Setting next_dagrun for example_subdag_operator to 2022-01-01T00:00:00+00:00, run_after=2022-01-01T00:00:00+00:00
[2023-12-19T03:30:16.082+0000] {logging_mixin.py:188} INFO - [2023-12-19T03:30:16.082+0000] {dag.py:3820} INFO - Setting next_dagrun for example_subdag_operator.section-1 to None, run_after=None
[2023-12-19T03:30:16.083+0000] {logging_mixin.py:188} INFO - [2023-12-19T03:30:16.083+0000] {dag.py:3820} INFO - Setting next_dagrun for example_subdag_operator.section-2 to None, run_after=None
[2023-12-19T03:30:16.087+0000] {logging_mixin.py:188} INFO - [2023-12-19T03:30:16.087+0000] {dag.py:3033} INFO - Sync 2 DAGs
[2023-12-19T03:30:16.089+0000] {logging_mixin.py:188} INFO - [2023-12-19T03:30:16.089+0000] {dag.py:3820} INFO - Setting next_dagrun for example_subdag_operator.section-1 to None, run_after=None
[2023-12-19T03:30:16.090+0000] {logging_mixin.py:188} INFO - [2023-12-19T03:30:16.090+0000] {dag.py:3820} INFO - Setting next_dagrun for example_subdag_operator.section-2 to None, run_after=None
[2023-12-19T03:30:16.095+0000] {processor.py:183} INFO - Processing /home/airflow/.local/lib/python3.8/site-packages/airflow/example_dags/example_subdag_operator.py took 0.055 seconds
[2023-12-19T03:30:46.138+0000] {processor.py:161} INFO - Started process (PID=666) to work on /home/airflow/.local/lib/python3.8/site-packages/airflow/example_dags/example_subdag_operator.py
[2023-12-19T03:30:46.139+0000] {processor.py:830} INFO - Processing file /home/airflow/.local/lib/python3.8/site-packages/airflow/example_dags/example_subdag_operator.py for tasks to queue
[2023-12-19T03:30:46.141+0000] {logging_mixin.py:188} INFO - [2023-12-19T03:30:46.141+0000] {dagbag.py:538} INFO - Filling up the DagBag from /home/airflow/.local/lib/python3.8/site-packages/airflow/example_dags/example_subdag_operator.py
[2023-12-19T03:30:46.157+0000] {processor.py:840} INFO - DAG(s) 'example_subdag_operator.section-1', 'example_subdag_operator.section-2', 'example_subdag_operator' retrieved from /home/airflow/.local/lib/python3.8/site-packages/airflow/example_dags/example_subdag_operator.py
[2023-12-19T03:30:46.165+0000] {logging_mixin.py:188} INFO - [2023-12-19T03:30:46.165+0000] {dag.py:3033} INFO - Sync 3 DAGs
[2023-12-19T03:30:46.177+0000] {logging_mixin.py:188} INFO - [2023-12-19T03:30:46.177+0000] {dag.py:3820} INFO - Setting next_dagrun for example_subdag_operator to 2022-01-01T00:00:00+00:00, run_after=2022-01-01T00:00:00+00:00
[2023-12-19T03:30:46.179+0000] {logging_mixin.py:188} INFO - [2023-12-19T03:30:46.179+0000] {dag.py:3820} INFO - Setting next_dagrun for example_subdag_operator.section-1 to None, run_after=None
[2023-12-19T03:30:46.179+0000] {logging_mixin.py:188} INFO - [2023-12-19T03:30:46.179+0000] {dag.py:3820} INFO - Setting next_dagrun for example_subdag_operator.section-2 to None, run_after=None
[2023-12-19T03:30:46.183+0000] {logging_mixin.py:188} INFO - [2023-12-19T03:30:46.183+0000] {dag.py:3033} INFO - Sync 2 DAGs
[2023-12-19T03:30:46.185+0000] {logging_mixin.py:188} INFO - [2023-12-19T03:30:46.185+0000] {dag.py:3820} INFO - Setting next_dagrun for example_subdag_operator.section-1 to None, run_after=None
[2023-12-19T03:30:46.186+0000] {logging_mixin.py:188} INFO - [2023-12-19T03:30:46.186+0000] {dag.py:3820} INFO - Setting next_dagrun for example_subdag_operator.section-2 to None, run_after=None
[2023-12-19T03:30:46.191+0000] {processor.py:183} INFO - Processing /home/airflow/.local/lib/python3.8/site-packages/airflow/example_dags/example_subdag_operator.py took 0.056 seconds
[2023-12-19T03:31:16.382+0000] {processor.py:161} INFO - Started process (PID=721) to work on /home/airflow/.local/lib/python3.8/site-packages/airflow/example_dags/example_subdag_operator.py
[2023-12-19T03:31:16.383+0000] {processor.py:830} INFO - Processing file /home/airflow/.local/lib/python3.8/site-packages/airflow/example_dags/example_subdag_operator.py for tasks to queue
[2023-12-19T03:31:16.385+0000] {logging_mixin.py:188} INFO - [2023-12-19T03:31:16.385+0000] {dagbag.py:538} INFO - Filling up the DagBag from /home/airflow/.local/lib/python3.8/site-packages/airflow/example_dags/example_subdag_operator.py
[2023-12-19T03:31:16.401+0000] {processor.py:840} INFO - DAG(s) 'example_subdag_operator.section-1', 'example_subdag_operator.section-2', 'example_subdag_operator' retrieved from /home/airflow/.local/lib/python3.8/site-packages/airflow/example_dags/example_subdag_operator.py
[2023-12-19T03:31:16.410+0000] {logging_mixin.py:188} INFO - [2023-12-19T03:31:16.410+0000] {dag.py:3033} INFO - Sync 3 DAGs
[2023-12-19T03:31:16.421+0000] {logging_mixin.py:188} INFO - [2023-12-19T03:31:16.421+0000] {dag.py:3820} INFO - Setting next_dagrun for example_subdag_operator to 2022-01-01T00:00:00+00:00, run_after=2022-01-01T00:00:00+00:00
[2023-12-19T03:31:16.423+0000] {logging_mixin.py:188} INFO - [2023-12-19T03:31:16.423+0000] {dag.py:3820} INFO - Setting next_dagrun for example_subdag_operator.section-1 to None, run_after=None
[2023-12-19T03:31:16.424+0000] {logging_mixin.py:188} INFO - [2023-12-19T03:31:16.424+0000] {dag.py:3820} INFO - Setting next_dagrun for example_subdag_operator.section-2 to None, run_after=None
[2023-12-19T03:31:16.428+0000] {logging_mixin.py:188} INFO - [2023-12-19T03:31:16.428+0000] {dag.py:3033} INFO - Sync 2 DAGs
[2023-12-19T03:31:16.430+0000] {logging_mixin.py:188} INFO - [2023-12-19T03:31:16.430+0000] {dag.py:3820} INFO - Setting next_dagrun for example_subdag_operator.section-1 to None, run_after=None
[2023-12-19T03:31:16.431+0000] {logging_mixin.py:188} INFO - [2023-12-19T03:31:16.431+0000] {dag.py:3820} INFO - Setting next_dagrun for example_subdag_operator.section-2 to None, run_after=None
[2023-12-19T03:31:16.436+0000] {processor.py:183} INFO - Processing /home/airflow/.local/lib/python3.8/site-packages/airflow/example_dags/example_subdag_operator.py took 0.057 seconds
[2023-12-19T03:31:46.504+0000] {processor.py:161} INFO - Started process (PID=776) to work on /home/airflow/.local/lib/python3.8/site-packages/airflow/example_dags/example_subdag_operator.py
[2023-12-19T03:31:46.505+0000] {processor.py:830} INFO - Processing file /home/airflow/.local/lib/python3.8/site-packages/airflow/example_dags/example_subdag_operator.py for tasks to queue
[2023-12-19T03:31:46.507+0000] {logging_mixin.py:188} INFO - [2023-12-19T03:31:46.507+0000] {dagbag.py:538} INFO - Filling up the DagBag from /home/airflow/.local/lib/python3.8/site-packages/airflow/example_dags/example_subdag_operator.py
[2023-12-19T03:31:46.524+0000] {processor.py:840} INFO - DAG(s) 'example_subdag_operator.section-1', 'example_subdag_operator.section-2', 'example_subdag_operator' retrieved from /home/airflow/.local/lib/python3.8/site-packages/airflow/example_dags/example_subdag_operator.py
[2023-12-19T03:31:46.532+0000] {logging_mixin.py:188} INFO - [2023-12-19T03:31:46.532+0000] {dag.py:3033} INFO - Sync 3 DAGs
[2023-12-19T03:31:46.544+0000] {logging_mixin.py:188} INFO - [2023-12-19T03:31:46.544+0000] {dag.py:3820} INFO - Setting next_dagrun for example_subdag_operator to 2022-01-01T00:00:00+00:00, run_after=2022-01-01T00:00:00+00:00
[2023-12-19T03:31:46.546+0000] {logging_mixin.py:188} INFO - [2023-12-19T03:31:46.546+0000] {dag.py:3820} INFO - Setting next_dagrun for example_subdag_operator.section-1 to None, run_after=None
[2023-12-19T03:31:46.546+0000] {logging_mixin.py:188} INFO - [2023-12-19T03:31:46.546+0000] {dag.py:3820} INFO - Setting next_dagrun for example_subdag_operator.section-2 to None, run_after=None
[2023-12-19T03:31:46.550+0000] {logging_mixin.py:188} INFO - [2023-12-19T03:31:46.550+0000] {dag.py:3033} INFO - Sync 2 DAGs
[2023-12-19T03:31:46.553+0000] {logging_mixin.py:188} INFO - [2023-12-19T03:31:46.553+0000] {dag.py:3820} INFO - Setting next_dagrun for example_subdag_operator.section-1 to None, run_after=None
[2023-12-19T03:31:46.553+0000] {logging_mixin.py:188} INFO - [2023-12-19T03:31:46.553+0000] {dag.py:3820} INFO - Setting next_dagrun for example_subdag_operator.section-2 to None, run_after=None
[2023-12-19T03:31:46.559+0000] {processor.py:183} INFO - Processing /home/airflow/.local/lib/python3.8/site-packages/airflow/example_dags/example_subdag_operator.py took 0.057 seconds
[2023-12-19T03:32:16.792+0000] {processor.py:161} INFO - Started process (PID=831) to work on /home/airflow/.local/lib/python3.8/site-packages/airflow/example_dags/example_subdag_operator.py
[2023-12-19T03:32:16.793+0000] {processor.py:830} INFO - Processing file /home/airflow/.local/lib/python3.8/site-packages/airflow/example_dags/example_subdag_operator.py for tasks to queue
[2023-12-19T03:32:16.795+0000] {logging_mixin.py:188} INFO - [2023-12-19T03:32:16.794+0000] {dagbag.py:538} INFO - Filling up the DagBag from /home/airflow/.local/lib/python3.8/site-packages/airflow/example_dags/example_subdag_operator.py
[2023-12-19T03:32:16.810+0000] {processor.py:840} INFO - DAG(s) 'example_subdag_operator.section-1', 'example_subdag_operator.section-2', 'example_subdag_operator' retrieved from /home/airflow/.local/lib/python3.8/site-packages/airflow/example_dags/example_subdag_operator.py
[2023-12-19T03:32:16.818+0000] {logging_mixin.py:188} INFO - [2023-12-19T03:32:16.817+0000] {dag.py:3033} INFO - Sync 3 DAGs
[2023-12-19T03:32:16.828+0000] {logging_mixin.py:188} INFO - [2023-12-19T03:32:16.828+0000] {dag.py:3820} INFO - Setting next_dagrun for example_subdag_operator to 2022-01-01T00:00:00+00:00, run_after=2022-01-01T00:00:00+00:00
[2023-12-19T03:32:16.830+0000] {logging_mixin.py:188} INFO - [2023-12-19T03:32:16.830+0000] {dag.py:3820} INFO - Setting next_dagrun for example_subdag_operator.section-1 to None, run_after=None
[2023-12-19T03:32:16.832+0000] {logging_mixin.py:188} INFO - [2023-12-19T03:32:16.831+0000] {dag.py:3820} INFO - Setting next_dagrun for example_subdag_operator.section-2 to None, run_after=None
[2023-12-19T03:32:16.835+0000] {logging_mixin.py:188} INFO - [2023-12-19T03:32:16.835+0000] {dag.py:3033} INFO - Sync 2 DAGs
[2023-12-19T03:32:16.838+0000] {logging_mixin.py:188} INFO - [2023-12-19T03:32:16.838+0000] {dag.py:3820} INFO - Setting next_dagrun for example_subdag_operator.section-1 to None, run_after=None
[2023-12-19T03:32:16.838+0000] {logging_mixin.py:188} INFO - [2023-12-19T03:32:16.838+0000] {dag.py:3820} INFO - Setting next_dagrun for example_subdag_operator.section-2 to None, run_after=None
[2023-12-19T03:32:16.844+0000] {processor.py:183} INFO - Processing /home/airflow/.local/lib/python3.8/site-packages/airflow/example_dags/example_subdag_operator.py took 0.054 seconds
[2023-12-19T03:32:47.156+0000] {processor.py:161} INFO - Started process (PID=886) to work on /home/airflow/.local/lib/python3.8/site-packages/airflow/example_dags/example_subdag_operator.py
[2023-12-19T03:32:47.157+0000] {processor.py:830} INFO - Processing file /home/airflow/.local/lib/python3.8/site-packages/airflow/example_dags/example_subdag_operator.py for tasks to queue
[2023-12-19T03:32:47.158+0000] {logging_mixin.py:188} INFO - [2023-12-19T03:32:47.158+0000] {dagbag.py:538} INFO - Filling up the DagBag from /home/airflow/.local/lib/python3.8/site-packages/airflow/example_dags/example_subdag_operator.py
[2023-12-19T03:32:47.175+0000] {processor.py:840} INFO - DAG(s) 'example_subdag_operator.section-1', 'example_subdag_operator.section-2', 'example_subdag_operator' retrieved from /home/airflow/.local/lib/python3.8/site-packages/airflow/example_dags/example_subdag_operator.py
[2023-12-19T03:32:47.183+0000] {logging_mixin.py:188} INFO - [2023-12-19T03:32:47.183+0000] {dag.py:3033} INFO - Sync 3 DAGs
[2023-12-19T03:32:47.196+0000] {logging_mixin.py:188} INFO - [2023-12-19T03:32:47.196+0000] {dag.py:3820} INFO - Setting next_dagrun for example_subdag_operator to 2022-01-01T00:00:00+00:00, run_after=2022-01-01T00:00:00+00:00
[2023-12-19T03:32:47.198+0000] {logging_mixin.py:188} INFO - [2023-12-19T03:32:47.198+0000] {dag.py:3820} INFO - Setting next_dagrun for example_subdag_operator.section-1 to None, run_after=None
[2023-12-19T03:32:47.198+0000] {logging_mixin.py:188} INFO - [2023-12-19T03:32:47.198+0000] {dag.py:3820} INFO - Setting next_dagrun for example_subdag_operator.section-2 to None, run_after=None
[2023-12-19T03:32:47.202+0000] {logging_mixin.py:188} INFO - [2023-12-19T03:32:47.202+0000] {dag.py:3033} INFO - Sync 2 DAGs
[2023-12-19T03:32:47.204+0000] {logging_mixin.py:188} INFO - [2023-12-19T03:32:47.204+0000] {dag.py:3820} INFO - Setting next_dagrun for example_subdag_operator.section-1 to None, run_after=None
[2023-12-19T03:32:47.205+0000] {logging_mixin.py:188} INFO - [2023-12-19T03:32:47.205+0000] {dag.py:3820} INFO - Setting next_dagrun for example_subdag_operator.section-2 to None, run_after=None
[2023-12-19T03:32:47.211+0000] {processor.py:183} INFO - Processing /home/airflow/.local/lib/python3.8/site-packages/airflow/example_dags/example_subdag_operator.py took 0.058 seconds
[2023-12-19T03:33:17.433+0000] {processor.py:161} INFO - Started process (PID=941) to work on /home/airflow/.local/lib/python3.8/site-packages/airflow/example_dags/example_subdag_operator.py
[2023-12-19T03:33:17.434+0000] {processor.py:830} INFO - Processing file /home/airflow/.local/lib/python3.8/site-packages/airflow/example_dags/example_subdag_operator.py for tasks to queue
[2023-12-19T03:33:17.435+0000] {logging_mixin.py:188} INFO - [2023-12-19T03:33:17.435+0000] {dagbag.py:538} INFO - Filling up the DagBag from /home/airflow/.local/lib/python3.8/site-packages/airflow/example_dags/example_subdag_operator.py
[2023-12-19T03:33:17.452+0000] {processor.py:840} INFO - DAG(s) 'example_subdag_operator.section-1', 'example_subdag_operator.section-2', 'example_subdag_operator' retrieved from /home/airflow/.local/lib/python3.8/site-packages/airflow/example_dags/example_subdag_operator.py
[2023-12-19T03:33:17.461+0000] {logging_mixin.py:188} INFO - [2023-12-19T03:33:17.461+0000] {dag.py:3033} INFO - Sync 3 DAGs
[2023-12-19T03:33:17.473+0000] {logging_mixin.py:188} INFO - [2023-12-19T03:33:17.473+0000] {dag.py:3820} INFO - Setting next_dagrun for example_subdag_operator to 2022-01-01T00:00:00+00:00, run_after=2022-01-01T00:00:00+00:00
[2023-12-19T03:33:17.476+0000] {logging_mixin.py:188} INFO - [2023-12-19T03:33:17.476+0000] {dag.py:3820} INFO - Setting next_dagrun for example_subdag_operator.section-1 to None, run_after=None
[2023-12-19T03:33:17.477+0000] {logging_mixin.py:188} INFO - [2023-12-19T03:33:17.477+0000] {dag.py:3820} INFO - Setting next_dagrun for example_subdag_operator.section-2 to None, run_after=None
[2023-12-19T03:33:17.480+0000] {logging_mixin.py:188} INFO - [2023-12-19T03:33:17.480+0000] {dag.py:3033} INFO - Sync 2 DAGs
[2023-12-19T03:33:17.483+0000] {logging_mixin.py:188} INFO - [2023-12-19T03:33:17.483+0000] {dag.py:3820} INFO - Setting next_dagrun for example_subdag_operator.section-1 to None, run_after=None
[2023-12-19T03:33:17.483+0000] {logging_mixin.py:188} INFO - [2023-12-19T03:33:17.483+0000] {dag.py:3820} INFO - Setting next_dagrun for example_subdag_operator.section-2 to None, run_after=None
[2023-12-19T03:33:17.489+0000] {processor.py:183} INFO - Processing /home/airflow/.local/lib/python3.8/site-packages/airflow/example_dags/example_subdag_operator.py took 0.058 seconds
[2023-12-19T03:33:47.711+0000] {processor.py:161} INFO - Started process (PID=996) to work on /home/airflow/.local/lib/python3.8/site-packages/airflow/example_dags/example_subdag_operator.py
[2023-12-19T03:33:47.712+0000] {processor.py:830} INFO - Processing file /home/airflow/.local/lib/python3.8/site-packages/airflow/example_dags/example_subdag_operator.py for tasks to queue
[2023-12-19T03:33:47.714+0000] {logging_mixin.py:188} INFO - [2023-12-19T03:33:47.714+0000] {dagbag.py:538} INFO - Filling up the DagBag from /home/airflow/.local/lib/python3.8/site-packages/airflow/example_dags/example_subdag_operator.py
[2023-12-19T03:33:47.730+0000] {processor.py:840} INFO - DAG(s) 'example_subdag_operator.section-1', 'example_subdag_operator.section-2', 'example_subdag_operator' retrieved from /home/airflow/.local/lib/python3.8/site-packages/airflow/example_dags/example_subdag_operator.py
[2023-12-19T03:33:47.738+0000] {logging_mixin.py:188} INFO - [2023-12-19T03:33:47.738+0000] {dag.py:3033} INFO - Sync 3 DAGs
[2023-12-19T03:33:47.748+0000] {logging_mixin.py:188} INFO - [2023-12-19T03:33:47.748+0000] {dag.py:3820} INFO - Setting next_dagrun for example_subdag_operator to 2022-01-01T00:00:00+00:00, run_after=2022-01-01T00:00:00+00:00
[2023-12-19T03:33:47.750+0000] {logging_mixin.py:188} INFO - [2023-12-19T03:33:47.750+0000] {dag.py:3820} INFO - Setting next_dagrun for example_subdag_operator.section-1 to None, run_after=None
[2023-12-19T03:33:47.751+0000] {logging_mixin.py:188} INFO - [2023-12-19T03:33:47.751+0000] {dag.py:3820} INFO - Setting next_dagrun for example_subdag_operator.section-2 to None, run_after=None
[2023-12-19T03:33:47.754+0000] {logging_mixin.py:188} INFO - [2023-12-19T03:33:47.754+0000] {dag.py:3033} INFO - Sync 2 DAGs
[2023-12-19T03:33:47.757+0000] {logging_mixin.py:188} INFO - [2023-12-19T03:33:47.757+0000] {dag.py:3820} INFO - Setting next_dagrun for example_subdag_operator.section-1 to None, run_after=None
[2023-12-19T03:33:47.757+0000] {logging_mixin.py:188} INFO - [2023-12-19T03:33:47.757+0000] {dag.py:3820} INFO - Setting next_dagrun for example_subdag_operator.section-2 to None, run_after=None
[2023-12-19T03:33:47.763+0000] {processor.py:183} INFO - Processing /home/airflow/.local/lib/python3.8/site-packages/airflow/example_dags/example_subdag_operator.py took 0.054 seconds
[2023-12-19T03:34:18.066+0000] {processor.py:161} INFO - Started process (PID=1051) to work on /home/airflow/.local/lib/python3.8/site-packages/airflow/example_dags/example_subdag_operator.py
[2023-12-19T03:34:18.067+0000] {processor.py:830} INFO - Processing file /home/airflow/.local/lib/python3.8/site-packages/airflow/example_dags/example_subdag_operator.py for tasks to queue
[2023-12-19T03:34:18.069+0000] {logging_mixin.py:188} INFO - [2023-12-19T03:34:18.069+0000] {dagbag.py:538} INFO - Filling up the DagBag from /home/airflow/.local/lib/python3.8/site-packages/airflow/example_dags/example_subdag_operator.py
[2023-12-19T03:34:18.085+0000] {processor.py:840} INFO - DAG(s) 'example_subdag_operator.section-1', 'example_subdag_operator.section-2', 'example_subdag_operator' retrieved from /home/airflow/.local/lib/python3.8/site-packages/airflow/example_dags/example_subdag_operator.py
[2023-12-19T03:34:18.093+0000] {logging_mixin.py:188} INFO - [2023-12-19T03:34:18.093+0000] {dag.py:3033} INFO - Sync 3 DAGs
[2023-12-19T03:34:18.104+0000] {logging_mixin.py:188} INFO - [2023-12-19T03:34:18.104+0000] {dag.py:3820} INFO - Setting next_dagrun for example_subdag_operator to 2022-01-01T00:00:00+00:00, run_after=2022-01-01T00:00:00+00:00
[2023-12-19T03:34:18.106+0000] {logging_mixin.py:188} INFO - [2023-12-19T03:34:18.106+0000] {dag.py:3820} INFO - Setting next_dagrun for example_subdag_operator.section-1 to None, run_after=None
[2023-12-19T03:34:18.109+0000] {logging_mixin.py:188} INFO - [2023-12-19T03:34:18.109+0000] {dag.py:3820} INFO - Setting next_dagrun for example_subdag_operator.section-2 to None, run_after=None
[2023-12-19T03:34:18.112+0000] {logging_mixin.py:188} INFO - [2023-12-19T03:34:18.112+0000] {dag.py:3033} INFO - Sync 2 DAGs
[2023-12-19T03:34:18.115+0000] {logging_mixin.py:188} INFO - [2023-12-19T03:34:18.115+0000] {dag.py:3820} INFO - Setting next_dagrun for example_subdag_operator.section-1 to None, run_after=None
[2023-12-19T03:34:18.115+0000] {logging_mixin.py:188} INFO - [2023-12-19T03:34:18.115+0000] {dag.py:3820} INFO - Setting next_dagrun for example_subdag_operator.section-2 to None, run_after=None
[2023-12-19T03:34:18.120+0000] {processor.py:183} INFO - Processing /home/airflow/.local/lib/python3.8/site-packages/airflow/example_dags/example_subdag_operator.py took 0.056 seconds
[2023-12-19T03:34:48.427+0000] {processor.py:161} INFO - Started process (PID=1106) to work on /home/airflow/.local/lib/python3.8/site-packages/airflow/example_dags/example_subdag_operator.py
[2023-12-19T03:34:48.428+0000] {processor.py:830} INFO - Processing file /home/airflow/.local/lib/python3.8/site-packages/airflow/example_dags/example_subdag_operator.py for tasks to queue
[2023-12-19T03:34:48.429+0000] {logging_mixin.py:188} INFO - [2023-12-19T03:34:48.429+0000] {dagbag.py:538} INFO - Filling up the DagBag from /home/airflow/.local/lib/python3.8/site-packages/airflow/example_dags/example_subdag_operator.py
[2023-12-19T03:34:48.445+0000] {processor.py:840} INFO - DAG(s) 'example_subdag_operator.section-1', 'example_subdag_operator.section-2', 'example_subdag_operator' retrieved from /home/airflow/.local/lib/python3.8/site-packages/airflow/example_dags/example_subdag_operator.py
[2023-12-19T03:34:48.454+0000] {logging_mixin.py:188} INFO - [2023-12-19T03:34:48.454+0000] {dag.py:3033} INFO - Sync 3 DAGs
[2023-12-19T03:34:48.465+0000] {logging_mixin.py:188} INFO - [2023-12-19T03:34:48.465+0000] {dag.py:3820} INFO - Setting next_dagrun for example_subdag_operator to 2022-01-01T00:00:00+00:00, run_after=2022-01-01T00:00:00+00:00
[2023-12-19T03:34:48.467+0000] {logging_mixin.py:188} INFO - [2023-12-19T03:34:48.467+0000] {dag.py:3820} INFO - Setting next_dagrun for example_subdag_operator.section-1 to None, run_after=None
[2023-12-19T03:34:48.468+0000] {logging_mixin.py:188} INFO - [2023-12-19T03:34:48.468+0000] {dag.py:3820} INFO - Setting next_dagrun for example_subdag_operator.section-2 to None, run_after=None
[2023-12-19T03:34:48.471+0000] {logging_mixin.py:188} INFO - [2023-12-19T03:34:48.471+0000] {dag.py:3033} INFO - Sync 2 DAGs
[2023-12-19T03:34:48.474+0000] {logging_mixin.py:188} INFO - [2023-12-19T03:34:48.474+0000] {dag.py:3820} INFO - Setting next_dagrun for example_subdag_operator.section-1 to None, run_after=None
[2023-12-19T03:34:48.475+0000] {logging_mixin.py:188} INFO - [2023-12-19T03:34:48.475+0000] {dag.py:3820} INFO - Setting next_dagrun for example_subdag_operator.section-2 to None, run_after=None
[2023-12-19T03:34:48.480+0000] {processor.py:183} INFO - Processing /home/airflow/.local/lib/python3.8/site-packages/airflow/example_dags/example_subdag_operator.py took 0.056 seconds
[2023-12-19T03:35:18.577+0000] {processor.py:161} INFO - Started process (PID=1161) to work on /home/airflow/.local/lib/python3.8/site-packages/airflow/example_dags/example_subdag_operator.py
[2023-12-19T03:35:18.578+0000] {processor.py:830} INFO - Processing file /home/airflow/.local/lib/python3.8/site-packages/airflow/example_dags/example_subdag_operator.py for tasks to queue
[2023-12-19T03:35:18.579+0000] {logging_mixin.py:188} INFO - [2023-12-19T03:35:18.579+0000] {dagbag.py:538} INFO - Filling up the DagBag from /home/airflow/.local/lib/python3.8/site-packages/airflow/example_dags/example_subdag_operator.py
[2023-12-19T03:35:18.595+0000] {processor.py:840} INFO - DAG(s) 'example_subdag_operator.section-1', 'example_subdag_operator.section-2', 'example_subdag_operator' retrieved from /home/airflow/.local/lib/python3.8/site-packages/airflow/example_dags/example_subdag_operator.py
[2023-12-19T03:35:18.603+0000] {logging_mixin.py:188} INFO - [2023-12-19T03:35:18.603+0000] {dag.py:3033} INFO - Sync 3 DAGs
[2023-12-19T03:35:18.613+0000] {logging_mixin.py:188} INFO - [2023-12-19T03:35:18.613+0000] {dag.py:3820} INFO - Setting next_dagrun for example_subdag_operator to 2022-01-01T00:00:00+00:00, run_after=2022-01-01T00:00:00+00:00
[2023-12-19T03:35:18.615+0000] {logging_mixin.py:188} INFO - [2023-12-19T03:35:18.615+0000] {dag.py:3820} INFO - Setting next_dagrun for example_subdag_operator.section-1 to None, run_after=None
[2023-12-19T03:35:18.616+0000] {logging_mixin.py:188} INFO - [2023-12-19T03:35:18.616+0000] {dag.py:3820} INFO - Setting next_dagrun for example_subdag_operator.section-2 to None, run_after=None
[2023-12-19T03:35:18.619+0000] {logging_mixin.py:188} INFO - [2023-12-19T03:35:18.619+0000] {dag.py:3033} INFO - Sync 2 DAGs
[2023-12-19T03:35:18.621+0000] {logging_mixin.py:188} INFO - [2023-12-19T03:35:18.621+0000] {dag.py:3820} INFO - Setting next_dagrun for example_subdag_operator.section-1 to None, run_after=None
[2023-12-19T03:35:18.622+0000] {logging_mixin.py:188} INFO - [2023-12-19T03:35:18.622+0000] {dag.py:3820} INFO - Setting next_dagrun for example_subdag_operator.section-2 to None, run_after=None
[2023-12-19T03:35:18.627+0000] {processor.py:183} INFO - Processing /home/airflow/.local/lib/python3.8/site-packages/airflow/example_dags/example_subdag_operator.py took 0.052 seconds
[2023-12-19T03:35:48.888+0000] {processor.py:161} INFO - Started process (PID=1216) to work on /home/airflow/.local/lib/python3.8/site-packages/airflow/example_dags/example_subdag_operator.py
[2023-12-19T03:35:48.889+0000] {processor.py:830} INFO - Processing file /home/airflow/.local/lib/python3.8/site-packages/airflow/example_dags/example_subdag_operator.py for tasks to queue
[2023-12-19T03:35:48.890+0000] {logging_mixin.py:188} INFO - [2023-12-19T03:35:48.890+0000] {dagbag.py:538} INFO - Filling up the DagBag from /home/airflow/.local/lib/python3.8/site-packages/airflow/example_dags/example_subdag_operator.py
[2023-12-19T03:35:48.907+0000] {processor.py:840} INFO - DAG(s) 'example_subdag_operator.section-1', 'example_subdag_operator.section-2', 'example_subdag_operator' retrieved from /home/airflow/.local/lib/python3.8/site-packages/airflow/example_dags/example_subdag_operator.py
[2023-12-19T03:35:48.915+0000] {logging_mixin.py:188} INFO - [2023-12-19T03:35:48.915+0000] {dag.py:3033} INFO - Sync 3 DAGs
[2023-12-19T03:35:48.927+0000] {logging_mixin.py:188} INFO - [2023-12-19T03:35:48.927+0000] {dag.py:3820} INFO - Setting next_dagrun for example_subdag_operator to 2022-01-01T00:00:00+00:00, run_after=2022-01-01T00:00:00+00:00
[2023-12-19T03:35:48.929+0000] {logging_mixin.py:188} INFO - [2023-12-19T03:35:48.929+0000] {dag.py:3820} INFO - Setting next_dagrun for example_subdag_operator.section-1 to None, run_after=None
[2023-12-19T03:35:48.930+0000] {logging_mixin.py:188} INFO - [2023-12-19T03:35:48.930+0000] {dag.py:3820} INFO - Setting next_dagrun for example_subdag_operator.section-2 to None, run_after=None
[2023-12-19T03:35:48.934+0000] {logging_mixin.py:188} INFO - [2023-12-19T03:35:48.934+0000] {dag.py:3033} INFO - Sync 2 DAGs
[2023-12-19T03:35:48.936+0000] {logging_mixin.py:188} INFO - [2023-12-19T03:35:48.936+0000] {dag.py:3820} INFO - Setting next_dagrun for example_subdag_operator.section-1 to None, run_after=None
[2023-12-19T03:35:48.937+0000] {logging_mixin.py:188} INFO - [2023-12-19T03:35:48.937+0000] {dag.py:3820} INFO - Setting next_dagrun for example_subdag_operator.section-2 to None, run_after=None
[2023-12-19T03:35:48.942+0000] {processor.py:183} INFO - Processing /home/airflow/.local/lib/python3.8/site-packages/airflow/example_dags/example_subdag_operator.py took 0.056 seconds
[2023-12-19T03:36:19.184+0000] {processor.py:161} INFO - Started process (PID=1271) to work on /home/airflow/.local/lib/python3.8/site-packages/airflow/example_dags/example_subdag_operator.py
[2023-12-19T03:36:19.185+0000] {processor.py:830} INFO - Processing file /home/airflow/.local/lib/python3.8/site-packages/airflow/example_dags/example_subdag_operator.py for tasks to queue
[2023-12-19T03:36:19.187+0000] {logging_mixin.py:188} INFO - [2023-12-19T03:36:19.187+0000] {dagbag.py:538} INFO - Filling up the DagBag from /home/airflow/.local/lib/python3.8/site-packages/airflow/example_dags/example_subdag_operator.py
[2023-12-19T03:36:19.203+0000] {processor.py:840} INFO - DAG(s) 'example_subdag_operator.section-1', 'example_subdag_operator.section-2', 'example_subdag_operator' retrieved from /home/airflow/.local/lib/python3.8/site-packages/airflow/example_dags/example_subdag_operator.py
[2023-12-19T03:36:19.211+0000] {logging_mixin.py:188} INFO - [2023-12-19T03:36:19.211+0000] {dag.py:3033} INFO - Sync 3 DAGs
[2023-12-19T03:36:19.222+0000] {logging_mixin.py:188} INFO - [2023-12-19T03:36:19.222+0000] {dag.py:3820} INFO - Setting next_dagrun for example_subdag_operator to 2022-01-01T00:00:00+00:00, run_after=2022-01-01T00:00:00+00:00
[2023-12-19T03:36:19.224+0000] {logging_mixin.py:188} INFO - [2023-12-19T03:36:19.224+0000] {dag.py:3820} INFO - Setting next_dagrun for example_subdag_operator.section-1 to None, run_after=None
[2023-12-19T03:36:19.225+0000] {logging_mixin.py:188} INFO - [2023-12-19T03:36:19.225+0000] {dag.py:3820} INFO - Setting next_dagrun for example_subdag_operator.section-2 to None, run_after=None
[2023-12-19T03:36:19.228+0000] {logging_mixin.py:188} INFO - [2023-12-19T03:36:19.228+0000] {dag.py:3033} INFO - Sync 2 DAGs
[2023-12-19T03:36:19.231+0000] {logging_mixin.py:188} INFO - [2023-12-19T03:36:19.231+0000] {dag.py:3820} INFO - Setting next_dagrun for example_subdag_operator.section-1 to None, run_after=None
[2023-12-19T03:36:19.231+0000] {logging_mixin.py:188} INFO - [2023-12-19T03:36:19.231+0000] {dag.py:3820} INFO - Setting next_dagrun for example_subdag_operator.section-2 to None, run_after=None
[2023-12-19T03:36:19.236+0000] {processor.py:183} INFO - Processing /home/airflow/.local/lib/python3.8/site-packages/airflow/example_dags/example_subdag_operator.py took 0.054 seconds
[2023-12-19T03:36:49.741+0000] {processor.py:161} INFO - Started process (PID=1326) to work on /home/airflow/.local/lib/python3.8/site-packages/airflow/example_dags/example_subdag_operator.py
[2023-12-19T03:36:49.742+0000] {processor.py:830} INFO - Processing file /home/airflow/.local/lib/python3.8/site-packages/airflow/example_dags/example_subdag_operator.py for tasks to queue
[2023-12-19T03:36:49.743+0000] {logging_mixin.py:188} INFO - [2023-12-19T03:36:49.743+0000] {dagbag.py:538} INFO - Filling up the DagBag from /home/airflow/.local/lib/python3.8/site-packages/airflow/example_dags/example_subdag_operator.py
[2023-12-19T03:36:49.760+0000] {processor.py:840} INFO - DAG(s) 'example_subdag_operator.section-1', 'example_subdag_operator.section-2', 'example_subdag_operator' retrieved from /home/airflow/.local/lib/python3.8/site-packages/airflow/example_dags/example_subdag_operator.py
[2023-12-19T03:36:49.769+0000] {logging_mixin.py:188} INFO - [2023-12-19T03:36:49.769+0000] {dag.py:3033} INFO - Sync 3 DAGs
[2023-12-19T03:36:49.780+0000] {logging_mixin.py:188} INFO - [2023-12-19T03:36:49.780+0000] {dag.py:3820} INFO - Setting next_dagrun for example_subdag_operator to 2022-01-01T00:00:00+00:00, run_after=2022-01-01T00:00:00+00:00
[2023-12-19T03:36:49.782+0000] {logging_mixin.py:188} INFO - [2023-12-19T03:36:49.782+0000] {dag.py:3820} INFO - Setting next_dagrun for example_subdag_operator.section-1 to None, run_after=None
[2023-12-19T03:36:49.783+0000] {logging_mixin.py:188} INFO - [2023-12-19T03:36:49.783+0000] {dag.py:3820} INFO - Setting next_dagrun for example_subdag_operator.section-2 to None, run_after=None
[2023-12-19T03:36:49.786+0000] {logging_mixin.py:188} INFO - [2023-12-19T03:36:49.786+0000] {dag.py:3033} INFO - Sync 2 DAGs
[2023-12-19T03:36:49.789+0000] {logging_mixin.py:188} INFO - [2023-12-19T03:36:49.789+0000] {dag.py:3820} INFO - Setting next_dagrun for example_subdag_operator.section-1 to None, run_after=None
[2023-12-19T03:36:49.789+0000] {logging_mixin.py:188} INFO - [2023-12-19T03:36:49.789+0000] {dag.py:3820} INFO - Setting next_dagrun for example_subdag_operator.section-2 to None, run_after=None
[2023-12-19T03:36:49.794+0000] {processor.py:183} INFO - Processing /home/airflow/.local/lib/python3.8/site-packages/airflow/example_dags/example_subdag_operator.py took 0.056 seconds
[2023-12-19T03:37:20.071+0000] {processor.py:161} INFO - Started process (PID=1381) to work on /home/airflow/.local/lib/python3.8/site-packages/airflow/example_dags/example_subdag_operator.py
[2023-12-19T03:37:20.072+0000] {processor.py:830} INFO - Processing file /home/airflow/.local/lib/python3.8/site-packages/airflow/example_dags/example_subdag_operator.py for tasks to queue
[2023-12-19T03:37:20.074+0000] {logging_mixin.py:188} INFO - [2023-12-19T03:37:20.074+0000] {dagbag.py:538} INFO - Filling up the DagBag from /home/airflow/.local/lib/python3.8/site-packages/airflow/example_dags/example_subdag_operator.py
[2023-12-19T03:37:20.090+0000] {processor.py:840} INFO - DAG(s) 'example_subdag_operator.section-1', 'example_subdag_operator.section-2', 'example_subdag_operator' retrieved from /home/airflow/.local/lib/python3.8/site-packages/airflow/example_dags/example_subdag_operator.py
[2023-12-19T03:37:20.099+0000] {logging_mixin.py:188} INFO - [2023-12-19T03:37:20.099+0000] {dag.py:3033} INFO - Sync 3 DAGs
[2023-12-19T03:37:20.111+0000] {logging_mixin.py:188} INFO - [2023-12-19T03:37:20.111+0000] {dag.py:3820} INFO - Setting next_dagrun for example_subdag_operator to 2022-01-01T00:00:00+00:00, run_after=2022-01-01T00:00:00+00:00
[2023-12-19T03:37:20.113+0000] {logging_mixin.py:188} INFO - [2023-12-19T03:37:20.113+0000] {dag.py:3820} INFO - Setting next_dagrun for example_subdag_operator.section-1 to None, run_after=None
[2023-12-19T03:37:20.113+0000] {logging_mixin.py:188} INFO - [2023-12-19T03:37:20.113+0000] {dag.py:3820} INFO - Setting next_dagrun for example_subdag_operator.section-2 to None, run_after=None
[2023-12-19T03:37:20.117+0000] {logging_mixin.py:188} INFO - [2023-12-19T03:37:20.117+0000] {dag.py:3033} INFO - Sync 2 DAGs
[2023-12-19T03:37:20.120+0000] {logging_mixin.py:188} INFO - [2023-12-19T03:37:20.120+0000] {dag.py:3820} INFO - Setting next_dagrun for example_subdag_operator.section-1 to None, run_after=None
[2023-12-19T03:37:20.120+0000] {logging_mixin.py:188} INFO - [2023-12-19T03:37:20.120+0000] {dag.py:3820} INFO - Setting next_dagrun for example_subdag_operator.section-2 to None, run_after=None
[2023-12-19T03:37:20.125+0000] {processor.py:183} INFO - Processing /home/airflow/.local/lib/python3.8/site-packages/airflow/example_dags/example_subdag_operator.py took 0.056 seconds
[2023-12-19T03:37:50.360+0000] {processor.py:161} INFO - Started process (PID=1436) to work on /home/airflow/.local/lib/python3.8/site-packages/airflow/example_dags/example_subdag_operator.py
[2023-12-19T03:37:50.361+0000] {processor.py:830} INFO - Processing file /home/airflow/.local/lib/python3.8/site-packages/airflow/example_dags/example_subdag_operator.py for tasks to queue
[2023-12-19T03:37:50.363+0000] {logging_mixin.py:188} INFO - [2023-12-19T03:37:50.363+0000] {dagbag.py:538} INFO - Filling up the DagBag from /home/airflow/.local/lib/python3.8/site-packages/airflow/example_dags/example_subdag_operator.py
[2023-12-19T03:37:50.380+0000] {processor.py:840} INFO - DAG(s) 'example_subdag_operator.section-1', 'example_subdag_operator.section-2', 'example_subdag_operator' retrieved from /home/airflow/.local/lib/python3.8/site-packages/airflow/example_dags/example_subdag_operator.py
[2023-12-19T03:37:50.388+0000] {logging_mixin.py:188} INFO - [2023-12-19T03:37:50.388+0000] {dag.py:3033} INFO - Sync 3 DAGs
[2023-12-19T03:37:50.399+0000] {logging_mixin.py:188} INFO - [2023-12-19T03:37:50.399+0000] {dag.py:3820} INFO - Setting next_dagrun for example_subdag_operator to 2022-01-01T00:00:00+00:00, run_after=2022-01-01T00:00:00+00:00
[2023-12-19T03:37:50.402+0000] {logging_mixin.py:188} INFO - [2023-12-19T03:37:50.402+0000] {dag.py:3820} INFO - Setting next_dagrun for example_subdag_operator.section-1 to None, run_after=None
[2023-12-19T03:37:50.403+0000] {logging_mixin.py:188} INFO - [2023-12-19T03:37:50.402+0000] {dag.py:3820} INFO - Setting next_dagrun for example_subdag_operator.section-2 to None, run_after=None
[2023-12-19T03:37:50.406+0000] {logging_mixin.py:188} INFO - [2023-12-19T03:37:50.406+0000] {dag.py:3033} INFO - Sync 2 DAGs
[2023-12-19T03:37:50.409+0000] {logging_mixin.py:188} INFO - [2023-12-19T03:37:50.408+0000] {dag.py:3820} INFO - Setting next_dagrun for example_subdag_operator.section-1 to None, run_after=None
[2023-12-19T03:37:50.409+0000] {logging_mixin.py:188} INFO - [2023-12-19T03:37:50.409+0000] {dag.py:3820} INFO - Setting next_dagrun for example_subdag_operator.section-2 to None, run_after=None
[2023-12-19T03:37:50.414+0000] {processor.py:183} INFO - Processing /home/airflow/.local/lib/python3.8/site-packages/airflow/example_dags/example_subdag_operator.py took 0.057 seconds
