[2023-12-19T03:23:35.598+0000] {processor.py:161} INFO - Started process (PID=61) to work on /home/airflow/.local/lib/python3.8/site-packages/airflow/example_dags/example_latest_only.py
[2023-12-19T03:23:35.599+0000] {processor.py:830} INFO - Processing file /home/airflow/.local/lib/python3.8/site-packages/airflow/example_dags/example_latest_only.py for tasks to queue
[2023-12-19T03:23:35.601+0000] {logging_mixin.py:188} INFO - [2023-12-19T03:23:35.601+0000] {dagbag.py:538} INFO - Filling up the DagBag from /home/airflow/.local/lib/python3.8/site-packages/airflow/example_dags/example_latest_only.py
[2023-12-19T03:23:35.606+0000] {processor.py:840} INFO - DAG(s) 'latest_only' retrieved from /home/airflow/.local/lib/python3.8/site-packages/airflow/example_dags/example_latest_only.py
[2023-12-19T03:23:35.617+0000] {logging_mixin.py:188} INFO - [2023-12-19T03:23:35.617+0000] {dag.py:3033} INFO - Sync 1 DAGs
[2023-12-19T03:23:35.633+0000] {logging_mixin.py:188} INFO - [2023-12-19T03:23:35.633+0000] {dag.py:3820} INFO - Setting next_dagrun for latest_only to 2023-12-18T20:00:00+00:00, run_after=2023-12-19T00:00:00+00:00
[2023-12-19T03:23:35.655+0000] {processor.py:183} INFO - Processing /home/airflow/.local/lib/python3.8/site-packages/airflow/example_dags/example_latest_only.py took 0.060 seconds
[2023-12-19T03:24:06.184+0000] {processor.py:161} INFO - Started process (PID=116) to work on /home/airflow/.local/lib/python3.8/site-packages/airflow/example_dags/example_latest_only.py
[2023-12-19T03:24:06.185+0000] {processor.py:830} INFO - Processing file /home/airflow/.local/lib/python3.8/site-packages/airflow/example_dags/example_latest_only.py for tasks to queue
[2023-12-19T03:24:06.187+0000] {logging_mixin.py:188} INFO - [2023-12-19T03:24:06.186+0000] {dagbag.py:538} INFO - Filling up the DagBag from /home/airflow/.local/lib/python3.8/site-packages/airflow/example_dags/example_latest_only.py
[2023-12-19T03:24:06.191+0000] {processor.py:840} INFO - DAG(s) 'latest_only' retrieved from /home/airflow/.local/lib/python3.8/site-packages/airflow/example_dags/example_latest_only.py
[2023-12-19T03:24:06.245+0000] {logging_mixin.py:188} INFO - [2023-12-19T03:24:06.245+0000] {dag.py:3033} INFO - Sync 1 DAGs
[2023-12-19T03:24:06.254+0000] {logging_mixin.py:188} INFO - [2023-12-19T03:24:06.254+0000] {dag.py:3820} INFO - Setting next_dagrun for latest_only to 2023-12-18T20:00:00+00:00, run_after=2023-12-19T00:00:00+00:00
[2023-12-19T03:24:06.264+0000] {processor.py:183} INFO - Processing /home/airflow/.local/lib/python3.8/site-packages/airflow/example_dags/example_latest_only.py took 0.083 seconds
[2023-12-19T03:24:39.540+0000] {processor.py:161} INFO - Started process (PID=60) to work on /home/airflow/.local/lib/python3.8/site-packages/airflow/example_dags/example_latest_only.py
[2023-12-19T03:24:39.541+0000] {processor.py:830} INFO - Processing file /home/airflow/.local/lib/python3.8/site-packages/airflow/example_dags/example_latest_only.py for tasks to queue
[2023-12-19T03:24:39.543+0000] {logging_mixin.py:188} INFO - [2023-12-19T03:24:39.543+0000] {dagbag.py:538} INFO - Filling up the DagBag from /home/airflow/.local/lib/python3.8/site-packages/airflow/example_dags/example_latest_only.py
[2023-12-19T03:24:39.546+0000] {processor.py:840} INFO - DAG(s) 'latest_only' retrieved from /home/airflow/.local/lib/python3.8/site-packages/airflow/example_dags/example_latest_only.py
[2023-12-19T03:24:39.565+0000] {logging_mixin.py:188} INFO - [2023-12-19T03:24:39.565+0000] {dag.py:3033} INFO - Sync 1 DAGs
[2023-12-19T03:24:39.576+0000] {logging_mixin.py:188} INFO - [2023-12-19T03:24:39.576+0000] {dag.py:3820} INFO - Setting next_dagrun for latest_only to 2023-12-18T20:00:00+00:00, run_after=2023-12-19T00:00:00+00:00
[2023-12-19T03:24:39.585+0000] {processor.py:183} INFO - Processing /home/airflow/.local/lib/python3.8/site-packages/airflow/example_dags/example_latest_only.py took 0.047 seconds
[2023-12-19T03:25:11.946+0000] {processor.py:161} INFO - Started process (PID=60) to work on /home/airflow/.local/lib/python3.8/site-packages/airflow/example_dags/example_latest_only.py
[2023-12-19T03:25:11.948+0000] {processor.py:830} INFO - Processing file /home/airflow/.local/lib/python3.8/site-packages/airflow/example_dags/example_latest_only.py for tasks to queue
[2023-12-19T03:25:11.955+0000] {logging_mixin.py:188} INFO - [2023-12-19T03:25:11.954+0000] {dagbag.py:538} INFO - Filling up the DagBag from /home/airflow/.local/lib/python3.8/site-packages/airflow/example_dags/example_latest_only.py
[2023-12-19T03:25:11.963+0000] {processor.py:840} INFO - DAG(s) 'latest_only' retrieved from /home/airflow/.local/lib/python3.8/site-packages/airflow/example_dags/example_latest_only.py
[2023-12-19T03:25:11.978+0000] {logging_mixin.py:188} INFO - [2023-12-19T03:25:11.978+0000] {dag.py:3033} INFO - Sync 1 DAGs
[2023-12-19T03:25:11.999+0000] {logging_mixin.py:188} INFO - [2023-12-19T03:25:11.999+0000] {dag.py:3820} INFO - Setting next_dagrun for latest_only to 2023-12-18T20:00:00+00:00, run_after=2023-12-19T00:00:00+00:00
[2023-12-19T03:25:12.010+0000] {processor.py:183} INFO - Processing /home/airflow/.local/lib/python3.8/site-packages/airflow/example_dags/example_latest_only.py took 0.067 seconds
[2023-12-19T03:25:42.833+0000] {processor.py:161} INFO - Started process (PID=114) to work on /home/airflow/.local/lib/python3.8/site-packages/airflow/example_dags/example_latest_only.py
[2023-12-19T03:25:42.834+0000] {processor.py:830} INFO - Processing file /home/airflow/.local/lib/python3.8/site-packages/airflow/example_dags/example_latest_only.py for tasks to queue
[2023-12-19T03:25:42.836+0000] {logging_mixin.py:188} INFO - [2023-12-19T03:25:42.835+0000] {dagbag.py:538} INFO - Filling up the DagBag from /home/airflow/.local/lib/python3.8/site-packages/airflow/example_dags/example_latest_only.py
[2023-12-19T03:25:42.839+0000] {processor.py:840} INFO - DAG(s) 'latest_only' retrieved from /home/airflow/.local/lib/python3.8/site-packages/airflow/example_dags/example_latest_only.py
[2023-12-19T03:25:42.890+0000] {logging_mixin.py:188} INFO - [2023-12-19T03:25:42.890+0000] {dag.py:3033} INFO - Sync 1 DAGs
[2023-12-19T03:25:42.900+0000] {logging_mixin.py:188} INFO - [2023-12-19T03:25:42.900+0000] {dag.py:3820} INFO - Setting next_dagrun for latest_only to 2023-12-18T20:00:00+00:00, run_after=2023-12-19T00:00:00+00:00
[2023-12-19T03:25:42.908+0000] {processor.py:183} INFO - Processing /home/airflow/.local/lib/python3.8/site-packages/airflow/example_dags/example_latest_only.py took 0.077 seconds
[2023-12-19T03:26:13.650+0000] {processor.py:161} INFO - Started process (PID=177) to work on /home/airflow/.local/lib/python3.8/site-packages/airflow/example_dags/example_latest_only.py
[2023-12-19T03:26:13.651+0000] {processor.py:830} INFO - Processing file /home/airflow/.local/lib/python3.8/site-packages/airflow/example_dags/example_latest_only.py for tasks to queue
[2023-12-19T03:26:13.653+0000] {logging_mixin.py:188} INFO - [2023-12-19T03:26:13.652+0000] {dagbag.py:538} INFO - Filling up the DagBag from /home/airflow/.local/lib/python3.8/site-packages/airflow/example_dags/example_latest_only.py
[2023-12-19T03:26:13.656+0000] {processor.py:840} INFO - DAG(s) 'latest_only' retrieved from /home/airflow/.local/lib/python3.8/site-packages/airflow/example_dags/example_latest_only.py
[2023-12-19T03:26:13.671+0000] {logging_mixin.py:188} INFO - [2023-12-19T03:26:13.671+0000] {dag.py:3033} INFO - Sync 1 DAGs
[2023-12-19T03:26:13.683+0000] {logging_mixin.py:188} INFO - [2023-12-19T03:26:13.683+0000] {dag.py:3820} INFO - Setting next_dagrun for latest_only to 2023-12-18T20:00:00+00:00, run_after=2023-12-19T00:00:00+00:00
[2023-12-19T03:26:13.693+0000] {processor.py:183} INFO - Processing /home/airflow/.local/lib/python3.8/site-packages/airflow/example_dags/example_latest_only.py took 0.046 seconds
[2023-12-19T03:26:43.868+0000] {processor.py:161} INFO - Started process (PID=232) to work on /home/airflow/.local/lib/python3.8/site-packages/airflow/example_dags/example_latest_only.py
[2023-12-19T03:26:43.869+0000] {processor.py:830} INFO - Processing file /home/airflow/.local/lib/python3.8/site-packages/airflow/example_dags/example_latest_only.py for tasks to queue
[2023-12-19T03:26:43.871+0000] {logging_mixin.py:188} INFO - [2023-12-19T03:26:43.870+0000] {dagbag.py:538} INFO - Filling up the DagBag from /home/airflow/.local/lib/python3.8/site-packages/airflow/example_dags/example_latest_only.py
[2023-12-19T03:26:43.875+0000] {processor.py:840} INFO - DAG(s) 'latest_only' retrieved from /home/airflow/.local/lib/python3.8/site-packages/airflow/example_dags/example_latest_only.py
[2023-12-19T03:26:43.890+0000] {logging_mixin.py:188} INFO - [2023-12-19T03:26:43.889+0000] {dag.py:3033} INFO - Sync 1 DAGs
[2023-12-19T03:26:43.901+0000] {logging_mixin.py:188} INFO - [2023-12-19T03:26:43.901+0000] {dag.py:3820} INFO - Setting next_dagrun for latest_only to 2023-12-18T20:00:00+00:00, run_after=2023-12-19T00:00:00+00:00
[2023-12-19T03:26:43.917+0000] {processor.py:183} INFO - Processing /home/airflow/.local/lib/python3.8/site-packages/airflow/example_dags/example_latest_only.py took 0.052 seconds
[2023-12-19T03:27:14.612+0000] {processor.py:161} INFO - Started process (PID=287) to work on /home/airflow/.local/lib/python3.8/site-packages/airflow/example_dags/example_latest_only.py
[2023-12-19T03:27:14.613+0000] {processor.py:830} INFO - Processing file /home/airflow/.local/lib/python3.8/site-packages/airflow/example_dags/example_latest_only.py for tasks to queue
[2023-12-19T03:27:14.615+0000] {logging_mixin.py:188} INFO - [2023-12-19T03:27:14.614+0000] {dagbag.py:538} INFO - Filling up the DagBag from /home/airflow/.local/lib/python3.8/site-packages/airflow/example_dags/example_latest_only.py
[2023-12-19T03:27:14.619+0000] {processor.py:840} INFO - DAG(s) 'latest_only' retrieved from /home/airflow/.local/lib/python3.8/site-packages/airflow/example_dags/example_latest_only.py
[2023-12-19T03:27:14.637+0000] {logging_mixin.py:188} INFO - [2023-12-19T03:27:14.637+0000] {dag.py:3033} INFO - Sync 1 DAGs
[2023-12-19T03:27:14.660+0000] {logging_mixin.py:188} INFO - [2023-12-19T03:27:14.660+0000] {dag.py:3820} INFO - Setting next_dagrun for latest_only to 2023-12-18T20:00:00+00:00, run_after=2023-12-19T00:00:00+00:00
[2023-12-19T03:27:14.679+0000] {processor.py:183} INFO - Processing /home/airflow/.local/lib/python3.8/site-packages/airflow/example_dags/example_latest_only.py took 0.071 seconds
[2023-12-19T03:27:44.990+0000] {processor.py:161} INFO - Started process (PID=342) to work on /home/airflow/.local/lib/python3.8/site-packages/airflow/example_dags/example_latest_only.py
[2023-12-19T03:27:44.991+0000] {processor.py:830} INFO - Processing file /home/airflow/.local/lib/python3.8/site-packages/airflow/example_dags/example_latest_only.py for tasks to queue
[2023-12-19T03:27:44.995+0000] {logging_mixin.py:188} INFO - [2023-12-19T03:27:44.994+0000] {dagbag.py:538} INFO - Filling up the DagBag from /home/airflow/.local/lib/python3.8/site-packages/airflow/example_dags/example_latest_only.py
[2023-12-19T03:27:44.999+0000] {processor.py:840} INFO - DAG(s) 'latest_only' retrieved from /home/airflow/.local/lib/python3.8/site-packages/airflow/example_dags/example_latest_only.py
[2023-12-19T03:27:45.016+0000] {logging_mixin.py:188} INFO - [2023-12-19T03:27:45.016+0000] {dag.py:3033} INFO - Sync 1 DAGs
[2023-12-19T03:27:45.033+0000] {logging_mixin.py:188} INFO - [2023-12-19T03:27:45.033+0000] {dag.py:3820} INFO - Setting next_dagrun for latest_only to 2023-12-18T20:00:00+00:00, run_after=2023-12-19T00:00:00+00:00
[2023-12-19T03:27:45.042+0000] {processor.py:183} INFO - Processing /home/airflow/.local/lib/python3.8/site-packages/airflow/example_dags/example_latest_only.py took 0.056 seconds
[2023-12-19T03:28:15.160+0000] {processor.py:161} INFO - Started process (PID=397) to work on /home/airflow/.local/lib/python3.8/site-packages/airflow/example_dags/example_latest_only.py
[2023-12-19T03:28:15.161+0000] {processor.py:830} INFO - Processing file /home/airflow/.local/lib/python3.8/site-packages/airflow/example_dags/example_latest_only.py for tasks to queue
[2023-12-19T03:28:15.163+0000] {logging_mixin.py:188} INFO - [2023-12-19T03:28:15.163+0000] {dagbag.py:538} INFO - Filling up the DagBag from /home/airflow/.local/lib/python3.8/site-packages/airflow/example_dags/example_latest_only.py
[2023-12-19T03:28:15.167+0000] {processor.py:840} INFO - DAG(s) 'latest_only' retrieved from /home/airflow/.local/lib/python3.8/site-packages/airflow/example_dags/example_latest_only.py
[2023-12-19T03:28:15.182+0000] {logging_mixin.py:188} INFO - [2023-12-19T03:28:15.182+0000] {dag.py:3033} INFO - Sync 1 DAGs
[2023-12-19T03:28:15.194+0000] {logging_mixin.py:188} INFO - [2023-12-19T03:28:15.194+0000] {dag.py:3820} INFO - Setting next_dagrun for latest_only to 2023-12-18T20:00:00+00:00, run_after=2023-12-19T00:00:00+00:00
[2023-12-19T03:28:15.203+0000] {processor.py:183} INFO - Processing /home/airflow/.local/lib/python3.8/site-packages/airflow/example_dags/example_latest_only.py took 0.046 seconds
[2023-12-19T03:28:45.472+0000] {processor.py:161} INFO - Started process (PID=452) to work on /home/airflow/.local/lib/python3.8/site-packages/airflow/example_dags/example_latest_only.py
[2023-12-19T03:28:45.473+0000] {processor.py:830} INFO - Processing file /home/airflow/.local/lib/python3.8/site-packages/airflow/example_dags/example_latest_only.py for tasks to queue
[2023-12-19T03:28:45.475+0000] {logging_mixin.py:188} INFO - [2023-12-19T03:28:45.474+0000] {dagbag.py:538} INFO - Filling up the DagBag from /home/airflow/.local/lib/python3.8/site-packages/airflow/example_dags/example_latest_only.py
[2023-12-19T03:28:45.479+0000] {processor.py:840} INFO - DAG(s) 'latest_only' retrieved from /home/airflow/.local/lib/python3.8/site-packages/airflow/example_dags/example_latest_only.py
[2023-12-19T03:28:45.493+0000] {logging_mixin.py:188} INFO - [2023-12-19T03:28:45.493+0000] {dag.py:3033} INFO - Sync 1 DAGs
[2023-12-19T03:28:45.505+0000] {logging_mixin.py:188} INFO - [2023-12-19T03:28:45.505+0000] {dag.py:3820} INFO - Setting next_dagrun for latest_only to 2023-12-18T20:00:00+00:00, run_after=2023-12-19T00:00:00+00:00
[2023-12-19T03:28:45.515+0000] {processor.py:183} INFO - Processing /home/airflow/.local/lib/python3.8/site-packages/airflow/example_dags/example_latest_only.py took 0.045 seconds
[2023-12-19T03:29:15.854+0000] {processor.py:161} INFO - Started process (PID=507) to work on /home/airflow/.local/lib/python3.8/site-packages/airflow/example_dags/example_latest_only.py
[2023-12-19T03:29:15.855+0000] {processor.py:830} INFO - Processing file /home/airflow/.local/lib/python3.8/site-packages/airflow/example_dags/example_latest_only.py for tasks to queue
[2023-12-19T03:29:15.857+0000] {logging_mixin.py:188} INFO - [2023-12-19T03:29:15.857+0000] {dagbag.py:538} INFO - Filling up the DagBag from /home/airflow/.local/lib/python3.8/site-packages/airflow/example_dags/example_latest_only.py
[2023-12-19T03:29:15.861+0000] {processor.py:840} INFO - DAG(s) 'latest_only' retrieved from /home/airflow/.local/lib/python3.8/site-packages/airflow/example_dags/example_latest_only.py
[2023-12-19T03:29:15.880+0000] {logging_mixin.py:188} INFO - [2023-12-19T03:29:15.880+0000] {dag.py:3033} INFO - Sync 1 DAGs
[2023-12-19T03:29:15.892+0000] {logging_mixin.py:188} INFO - [2023-12-19T03:29:15.892+0000] {dag.py:3820} INFO - Setting next_dagrun for latest_only to 2023-12-18T20:00:00+00:00, run_after=2023-12-19T00:00:00+00:00
[2023-12-19T03:29:15.911+0000] {processor.py:183} INFO - Processing /home/airflow/.local/lib/python3.8/site-packages/airflow/example_dags/example_latest_only.py took 0.059 seconds
[2023-12-19T03:29:45.991+0000] {processor.py:161} INFO - Started process (PID=562) to work on /home/airflow/.local/lib/python3.8/site-packages/airflow/example_dags/example_latest_only.py
[2023-12-19T03:29:45.993+0000] {processor.py:830} INFO - Processing file /home/airflow/.local/lib/python3.8/site-packages/airflow/example_dags/example_latest_only.py for tasks to queue
[2023-12-19T03:29:45.994+0000] {logging_mixin.py:188} INFO - [2023-12-19T03:29:45.994+0000] {dagbag.py:538} INFO - Filling up the DagBag from /home/airflow/.local/lib/python3.8/site-packages/airflow/example_dags/example_latest_only.py
[2023-12-19T03:29:45.998+0000] {processor.py:840} INFO - DAG(s) 'latest_only' retrieved from /home/airflow/.local/lib/python3.8/site-packages/airflow/example_dags/example_latest_only.py
[2023-12-19T03:29:46.014+0000] {logging_mixin.py:188} INFO - [2023-12-19T03:29:46.014+0000] {dag.py:3033} INFO - Sync 1 DAGs
[2023-12-19T03:29:46.025+0000] {logging_mixin.py:188} INFO - [2023-12-19T03:29:46.025+0000] {dag.py:3820} INFO - Setting next_dagrun for latest_only to 2023-12-18T20:00:00+00:00, run_after=2023-12-19T00:00:00+00:00
[2023-12-19T03:29:46.033+0000] {processor.py:183} INFO - Processing /home/airflow/.local/lib/python3.8/site-packages/airflow/example_dags/example_latest_only.py took 0.044 seconds
[2023-12-19T03:30:16.258+0000] {processor.py:161} INFO - Started process (PID=617) to work on /home/airflow/.local/lib/python3.8/site-packages/airflow/example_dags/example_latest_only.py
[2023-12-19T03:30:16.259+0000] {processor.py:830} INFO - Processing file /home/airflow/.local/lib/python3.8/site-packages/airflow/example_dags/example_latest_only.py for tasks to queue
[2023-12-19T03:30:16.261+0000] {logging_mixin.py:188} INFO - [2023-12-19T03:30:16.261+0000] {dagbag.py:538} INFO - Filling up the DagBag from /home/airflow/.local/lib/python3.8/site-packages/airflow/example_dags/example_latest_only.py
[2023-12-19T03:30:16.265+0000] {processor.py:840} INFO - DAG(s) 'latest_only' retrieved from /home/airflow/.local/lib/python3.8/site-packages/airflow/example_dags/example_latest_only.py
[2023-12-19T03:30:16.281+0000] {logging_mixin.py:188} INFO - [2023-12-19T03:30:16.281+0000] {dag.py:3033} INFO - Sync 1 DAGs
[2023-12-19T03:30:16.293+0000] {logging_mixin.py:188} INFO - [2023-12-19T03:30:16.293+0000] {dag.py:3820} INFO - Setting next_dagrun for latest_only to 2023-12-18T20:00:00+00:00, run_after=2023-12-19T00:00:00+00:00
[2023-12-19T03:30:16.303+0000] {processor.py:183} INFO - Processing /home/airflow/.local/lib/python3.8/site-packages/airflow/example_dags/example_latest_only.py took 0.047 seconds
[2023-12-19T03:30:46.400+0000] {processor.py:161} INFO - Started process (PID=672) to work on /home/airflow/.local/lib/python3.8/site-packages/airflow/example_dags/example_latest_only.py
[2023-12-19T03:30:46.401+0000] {processor.py:830} INFO - Processing file /home/airflow/.local/lib/python3.8/site-packages/airflow/example_dags/example_latest_only.py for tasks to queue
[2023-12-19T03:30:46.403+0000] {logging_mixin.py:188} INFO - [2023-12-19T03:30:46.403+0000] {dagbag.py:538} INFO - Filling up the DagBag from /home/airflow/.local/lib/python3.8/site-packages/airflow/example_dags/example_latest_only.py
[2023-12-19T03:30:46.407+0000] {processor.py:840} INFO - DAG(s) 'latest_only' retrieved from /home/airflow/.local/lib/python3.8/site-packages/airflow/example_dags/example_latest_only.py
[2023-12-19T03:30:46.423+0000] {logging_mixin.py:188} INFO - [2023-12-19T03:30:46.423+0000] {dag.py:3033} INFO - Sync 1 DAGs
[2023-12-19T03:30:46.436+0000] {logging_mixin.py:188} INFO - [2023-12-19T03:30:46.436+0000] {dag.py:3820} INFO - Setting next_dagrun for latest_only to 2023-12-18T20:00:00+00:00, run_after=2023-12-19T00:00:00+00:00
[2023-12-19T03:30:46.444+0000] {processor.py:183} INFO - Processing /home/airflow/.local/lib/python3.8/site-packages/airflow/example_dags/example_latest_only.py took 0.046 seconds
[2023-12-19T03:31:16.594+0000] {processor.py:161} INFO - Started process (PID=727) to work on /home/airflow/.local/lib/python3.8/site-packages/airflow/example_dags/example_latest_only.py
[2023-12-19T03:31:16.595+0000] {processor.py:830} INFO - Processing file /home/airflow/.local/lib/python3.8/site-packages/airflow/example_dags/example_latest_only.py for tasks to queue
[2023-12-19T03:31:16.597+0000] {logging_mixin.py:188} INFO - [2023-12-19T03:31:16.596+0000] {dagbag.py:538} INFO - Filling up the DagBag from /home/airflow/.local/lib/python3.8/site-packages/airflow/example_dags/example_latest_only.py
[2023-12-19T03:31:16.601+0000] {processor.py:840} INFO - DAG(s) 'latest_only' retrieved from /home/airflow/.local/lib/python3.8/site-packages/airflow/example_dags/example_latest_only.py
[2023-12-19T03:31:16.616+0000] {logging_mixin.py:188} INFO - [2023-12-19T03:31:16.616+0000] {dag.py:3033} INFO - Sync 1 DAGs
[2023-12-19T03:31:16.628+0000] {logging_mixin.py:188} INFO - [2023-12-19T03:31:16.628+0000] {dag.py:3820} INFO - Setting next_dagrun for latest_only to 2023-12-18T20:00:00+00:00, run_after=2023-12-19T00:00:00+00:00
[2023-12-19T03:31:16.637+0000] {processor.py:183} INFO - Processing /home/airflow/.local/lib/python3.8/site-packages/airflow/example_dags/example_latest_only.py took 0.046 seconds
[2023-12-19T03:31:46.715+0000] {processor.py:161} INFO - Started process (PID=782) to work on /home/airflow/.local/lib/python3.8/site-packages/airflow/example_dags/example_latest_only.py
[2023-12-19T03:31:46.716+0000] {processor.py:830} INFO - Processing file /home/airflow/.local/lib/python3.8/site-packages/airflow/example_dags/example_latest_only.py for tasks to queue
[2023-12-19T03:31:46.718+0000] {logging_mixin.py:188} INFO - [2023-12-19T03:31:46.718+0000] {dagbag.py:538} INFO - Filling up the DagBag from /home/airflow/.local/lib/python3.8/site-packages/airflow/example_dags/example_latest_only.py
[2023-12-19T03:31:46.722+0000] {processor.py:840} INFO - DAG(s) 'latest_only' retrieved from /home/airflow/.local/lib/python3.8/site-packages/airflow/example_dags/example_latest_only.py
[2023-12-19T03:31:46.737+0000] {logging_mixin.py:188} INFO - [2023-12-19T03:31:46.737+0000] {dag.py:3033} INFO - Sync 1 DAGs
[2023-12-19T03:31:46.749+0000] {logging_mixin.py:188} INFO - [2023-12-19T03:31:46.748+0000] {dag.py:3820} INFO - Setting next_dagrun for latest_only to 2023-12-18T20:00:00+00:00, run_after=2023-12-19T00:00:00+00:00
[2023-12-19T03:31:46.757+0000] {processor.py:183} INFO - Processing /home/airflow/.local/lib/python3.8/site-packages/airflow/example_dags/example_latest_only.py took 0.045 seconds
[2023-12-19T03:32:17.008+0000] {processor.py:161} INFO - Started process (PID=837) to work on /home/airflow/.local/lib/python3.8/site-packages/airflow/example_dags/example_latest_only.py
[2023-12-19T03:32:17.009+0000] {processor.py:830} INFO - Processing file /home/airflow/.local/lib/python3.8/site-packages/airflow/example_dags/example_latest_only.py for tasks to queue
[2023-12-19T03:32:17.010+0000] {logging_mixin.py:188} INFO - [2023-12-19T03:32:17.010+0000] {dagbag.py:538} INFO - Filling up the DagBag from /home/airflow/.local/lib/python3.8/site-packages/airflow/example_dags/example_latest_only.py
[2023-12-19T03:32:17.014+0000] {processor.py:840} INFO - DAG(s) 'latest_only' retrieved from /home/airflow/.local/lib/python3.8/site-packages/airflow/example_dags/example_latest_only.py
[2023-12-19T03:32:17.028+0000] {logging_mixin.py:188} INFO - [2023-12-19T03:32:17.028+0000] {dag.py:3033} INFO - Sync 1 DAGs
[2023-12-19T03:32:17.040+0000] {logging_mixin.py:188} INFO - [2023-12-19T03:32:17.040+0000] {dag.py:3820} INFO - Setting next_dagrun for latest_only to 2023-12-18T20:00:00+00:00, run_after=2023-12-19T00:00:00+00:00
[2023-12-19T03:32:17.049+0000] {processor.py:183} INFO - Processing /home/airflow/.local/lib/python3.8/site-packages/airflow/example_dags/example_latest_only.py took 0.044 seconds
[2023-12-19T03:32:47.367+0000] {processor.py:161} INFO - Started process (PID=892) to work on /home/airflow/.local/lib/python3.8/site-packages/airflow/example_dags/example_latest_only.py
[2023-12-19T03:32:47.368+0000] {processor.py:830} INFO - Processing file /home/airflow/.local/lib/python3.8/site-packages/airflow/example_dags/example_latest_only.py for tasks to queue
[2023-12-19T03:32:47.370+0000] {logging_mixin.py:188} INFO - [2023-12-19T03:32:47.370+0000] {dagbag.py:538} INFO - Filling up the DagBag from /home/airflow/.local/lib/python3.8/site-packages/airflow/example_dags/example_latest_only.py
[2023-12-19T03:32:47.375+0000] {processor.py:840} INFO - DAG(s) 'latest_only' retrieved from /home/airflow/.local/lib/python3.8/site-packages/airflow/example_dags/example_latest_only.py
[2023-12-19T03:32:47.390+0000] {logging_mixin.py:188} INFO - [2023-12-19T03:32:47.389+0000] {dag.py:3033} INFO - Sync 1 DAGs
[2023-12-19T03:32:47.401+0000] {logging_mixin.py:188} INFO - [2023-12-19T03:32:47.401+0000] {dag.py:3820} INFO - Setting next_dagrun for latest_only to 2023-12-18T20:00:00+00:00, run_after=2023-12-19T00:00:00+00:00
[2023-12-19T03:32:47.410+0000] {processor.py:183} INFO - Processing /home/airflow/.local/lib/python3.8/site-packages/airflow/example_dags/example_latest_only.py took 0.045 seconds
[2023-12-19T03:33:17.647+0000] {processor.py:161} INFO - Started process (PID=947) to work on /home/airflow/.local/lib/python3.8/site-packages/airflow/example_dags/example_latest_only.py
[2023-12-19T03:33:17.648+0000] {processor.py:830} INFO - Processing file /home/airflow/.local/lib/python3.8/site-packages/airflow/example_dags/example_latest_only.py for tasks to queue
[2023-12-19T03:33:17.650+0000] {logging_mixin.py:188} INFO - [2023-12-19T03:33:17.649+0000] {dagbag.py:538} INFO - Filling up the DagBag from /home/airflow/.local/lib/python3.8/site-packages/airflow/example_dags/example_latest_only.py
[2023-12-19T03:33:17.654+0000] {processor.py:840} INFO - DAG(s) 'latest_only' retrieved from /home/airflow/.local/lib/python3.8/site-packages/airflow/example_dags/example_latest_only.py
[2023-12-19T03:33:17.668+0000] {logging_mixin.py:188} INFO - [2023-12-19T03:33:17.668+0000] {dag.py:3033} INFO - Sync 1 DAGs
[2023-12-19T03:33:17.679+0000] {logging_mixin.py:188} INFO - [2023-12-19T03:33:17.679+0000] {dag.py:3820} INFO - Setting next_dagrun for latest_only to 2023-12-18T20:00:00+00:00, run_after=2023-12-19T00:00:00+00:00
[2023-12-19T03:33:17.687+0000] {processor.py:183} INFO - Processing /home/airflow/.local/lib/python3.8/site-packages/airflow/example_dags/example_latest_only.py took 0.043 seconds
[2023-12-19T03:33:47.912+0000] {processor.py:161} INFO - Started process (PID=1002) to work on /home/airflow/.local/lib/python3.8/site-packages/airflow/example_dags/example_latest_only.py
[2023-12-19T03:33:47.913+0000] {processor.py:830} INFO - Processing file /home/airflow/.local/lib/python3.8/site-packages/airflow/example_dags/example_latest_only.py for tasks to queue
[2023-12-19T03:33:47.915+0000] {logging_mixin.py:188} INFO - [2023-12-19T03:33:47.915+0000] {dagbag.py:538} INFO - Filling up the DagBag from /home/airflow/.local/lib/python3.8/site-packages/airflow/example_dags/example_latest_only.py
[2023-12-19T03:33:47.919+0000] {processor.py:840} INFO - DAG(s) 'latest_only' retrieved from /home/airflow/.local/lib/python3.8/site-packages/airflow/example_dags/example_latest_only.py
[2023-12-19T03:33:47.933+0000] {logging_mixin.py:188} INFO - [2023-12-19T03:33:47.933+0000] {dag.py:3033} INFO - Sync 1 DAGs
[2023-12-19T03:33:47.944+0000] {logging_mixin.py:188} INFO - [2023-12-19T03:33:47.944+0000] {dag.py:3820} INFO - Setting next_dagrun for latest_only to 2023-12-18T20:00:00+00:00, run_after=2023-12-19T00:00:00+00:00
[2023-12-19T03:33:47.953+0000] {processor.py:183} INFO - Processing /home/airflow/.local/lib/python3.8/site-packages/airflow/example_dags/example_latest_only.py took 0.043 seconds
[2023-12-19T03:34:18.273+0000] {processor.py:161} INFO - Started process (PID=1057) to work on /home/airflow/.local/lib/python3.8/site-packages/airflow/example_dags/example_latest_only.py
[2023-12-19T03:34:18.274+0000] {processor.py:830} INFO - Processing file /home/airflow/.local/lib/python3.8/site-packages/airflow/example_dags/example_latest_only.py for tasks to queue
[2023-12-19T03:34:18.276+0000] {logging_mixin.py:188} INFO - [2023-12-19T03:34:18.275+0000] {dagbag.py:538} INFO - Filling up the DagBag from /home/airflow/.local/lib/python3.8/site-packages/airflow/example_dags/example_latest_only.py
[2023-12-19T03:34:18.279+0000] {processor.py:840} INFO - DAG(s) 'latest_only' retrieved from /home/airflow/.local/lib/python3.8/site-packages/airflow/example_dags/example_latest_only.py
[2023-12-19T03:34:18.292+0000] {logging_mixin.py:188} INFO - [2023-12-19T03:34:18.292+0000] {dag.py:3033} INFO - Sync 1 DAGs
[2023-12-19T03:34:18.303+0000] {logging_mixin.py:188} INFO - [2023-12-19T03:34:18.303+0000] {dag.py:3820} INFO - Setting next_dagrun for latest_only to 2023-12-18T20:00:00+00:00, run_after=2023-12-19T00:00:00+00:00
[2023-12-19T03:34:18.312+0000] {processor.py:183} INFO - Processing /home/airflow/.local/lib/python3.8/site-packages/airflow/example_dags/example_latest_only.py took 0.041 seconds
[2023-12-19T03:34:48.637+0000] {processor.py:161} INFO - Started process (PID=1112) to work on /home/airflow/.local/lib/python3.8/site-packages/airflow/example_dags/example_latest_only.py
[2023-12-19T03:34:48.638+0000] {processor.py:830} INFO - Processing file /home/airflow/.local/lib/python3.8/site-packages/airflow/example_dags/example_latest_only.py for tasks to queue
[2023-12-19T03:34:48.640+0000] {logging_mixin.py:188} INFO - [2023-12-19T03:34:48.640+0000] {dagbag.py:538} INFO - Filling up the DagBag from /home/airflow/.local/lib/python3.8/site-packages/airflow/example_dags/example_latest_only.py
[2023-12-19T03:34:48.644+0000] {processor.py:840} INFO - DAG(s) 'latest_only' retrieved from /home/airflow/.local/lib/python3.8/site-packages/airflow/example_dags/example_latest_only.py
[2023-12-19T03:34:48.657+0000] {logging_mixin.py:188} INFO - [2023-12-19T03:34:48.657+0000] {dag.py:3033} INFO - Sync 1 DAGs
[2023-12-19T03:34:48.668+0000] {logging_mixin.py:188} INFO - [2023-12-19T03:34:48.668+0000] {dag.py:3820} INFO - Setting next_dagrun for latest_only to 2023-12-18T20:00:00+00:00, run_after=2023-12-19T00:00:00+00:00
[2023-12-19T03:34:48.677+0000] {processor.py:183} INFO - Processing /home/airflow/.local/lib/python3.8/site-packages/airflow/example_dags/example_latest_only.py took 0.042 seconds
[2023-12-19T03:35:18.776+0000] {processor.py:161} INFO - Started process (PID=1167) to work on /home/airflow/.local/lib/python3.8/site-packages/airflow/example_dags/example_latest_only.py
[2023-12-19T03:35:18.777+0000] {processor.py:830} INFO - Processing file /home/airflow/.local/lib/python3.8/site-packages/airflow/example_dags/example_latest_only.py for tasks to queue
[2023-12-19T03:35:18.779+0000] {logging_mixin.py:188} INFO - [2023-12-19T03:35:18.778+0000] {dagbag.py:538} INFO - Filling up the DagBag from /home/airflow/.local/lib/python3.8/site-packages/airflow/example_dags/example_latest_only.py
[2023-12-19T03:35:18.782+0000] {processor.py:840} INFO - DAG(s) 'latest_only' retrieved from /home/airflow/.local/lib/python3.8/site-packages/airflow/example_dags/example_latest_only.py
[2023-12-19T03:35:18.796+0000] {logging_mixin.py:188} INFO - [2023-12-19T03:35:18.796+0000] {dag.py:3033} INFO - Sync 1 DAGs
[2023-12-19T03:35:18.806+0000] {logging_mixin.py:188} INFO - [2023-12-19T03:35:18.806+0000] {dag.py:3820} INFO - Setting next_dagrun for latest_only to 2023-12-18T20:00:00+00:00, run_after=2023-12-19T00:00:00+00:00
[2023-12-19T03:35:18.814+0000] {processor.py:183} INFO - Processing /home/airflow/.local/lib/python3.8/site-packages/airflow/example_dags/example_latest_only.py took 0.041 seconds
[2023-12-19T03:35:49.095+0000] {processor.py:161} INFO - Started process (PID=1222) to work on /home/airflow/.local/lib/python3.8/site-packages/airflow/example_dags/example_latest_only.py
[2023-12-19T03:35:49.096+0000] {processor.py:830} INFO - Processing file /home/airflow/.local/lib/python3.8/site-packages/airflow/example_dags/example_latest_only.py for tasks to queue
[2023-12-19T03:35:49.098+0000] {logging_mixin.py:188} INFO - [2023-12-19T03:35:49.098+0000] {dagbag.py:538} INFO - Filling up the DagBag from /home/airflow/.local/lib/python3.8/site-packages/airflow/example_dags/example_latest_only.py
[2023-12-19T03:35:49.102+0000] {processor.py:840} INFO - DAG(s) 'latest_only' retrieved from /home/airflow/.local/lib/python3.8/site-packages/airflow/example_dags/example_latest_only.py
[2023-12-19T03:35:49.116+0000] {logging_mixin.py:188} INFO - [2023-12-19T03:35:49.116+0000] {dag.py:3033} INFO - Sync 1 DAGs
[2023-12-19T03:35:49.127+0000] {logging_mixin.py:188} INFO - [2023-12-19T03:35:49.127+0000] {dag.py:3820} INFO - Setting next_dagrun for latest_only to 2023-12-18T20:00:00+00:00, run_after=2023-12-19T00:00:00+00:00
[2023-12-19T03:35:49.136+0000] {processor.py:183} INFO - Processing /home/airflow/.local/lib/python3.8/site-packages/airflow/example_dags/example_latest_only.py took 0.043 seconds
[2023-12-19T03:36:19.389+0000] {processor.py:161} INFO - Started process (PID=1277) to work on /home/airflow/.local/lib/python3.8/site-packages/airflow/example_dags/example_latest_only.py
[2023-12-19T03:36:19.390+0000] {processor.py:830} INFO - Processing file /home/airflow/.local/lib/python3.8/site-packages/airflow/example_dags/example_latest_only.py for tasks to queue
[2023-12-19T03:36:19.392+0000] {logging_mixin.py:188} INFO - [2023-12-19T03:36:19.392+0000] {dagbag.py:538} INFO - Filling up the DagBag from /home/airflow/.local/lib/python3.8/site-packages/airflow/example_dags/example_latest_only.py
[2023-12-19T03:36:19.396+0000] {processor.py:840} INFO - DAG(s) 'latest_only' retrieved from /home/airflow/.local/lib/python3.8/site-packages/airflow/example_dags/example_latest_only.py
[2023-12-19T03:36:19.410+0000] {logging_mixin.py:188} INFO - [2023-12-19T03:36:19.409+0000] {dag.py:3033} INFO - Sync 1 DAGs
[2023-12-19T03:36:19.421+0000] {logging_mixin.py:188} INFO - [2023-12-19T03:36:19.420+0000] {dag.py:3820} INFO - Setting next_dagrun for latest_only to 2023-12-18T20:00:00+00:00, run_after=2023-12-19T00:00:00+00:00
[2023-12-19T03:36:19.429+0000] {processor.py:183} INFO - Processing /home/airflow/.local/lib/python3.8/site-packages/airflow/example_dags/example_latest_only.py took 0.042 seconds
[2023-12-19T03:36:49.952+0000] {processor.py:161} INFO - Started process (PID=1332) to work on /home/airflow/.local/lib/python3.8/site-packages/airflow/example_dags/example_latest_only.py
[2023-12-19T03:36:49.954+0000] {processor.py:830} INFO - Processing file /home/airflow/.local/lib/python3.8/site-packages/airflow/example_dags/example_latest_only.py for tasks to queue
[2023-12-19T03:36:49.955+0000] {logging_mixin.py:188} INFO - [2023-12-19T03:36:49.955+0000] {dagbag.py:538} INFO - Filling up the DagBag from /home/airflow/.local/lib/python3.8/site-packages/airflow/example_dags/example_latest_only.py
[2023-12-19T03:36:49.959+0000] {processor.py:840} INFO - DAG(s) 'latest_only' retrieved from /home/airflow/.local/lib/python3.8/site-packages/airflow/example_dags/example_latest_only.py
[2023-12-19T03:36:49.974+0000] {logging_mixin.py:188} INFO - [2023-12-19T03:36:49.974+0000] {dag.py:3033} INFO - Sync 1 DAGs
[2023-12-19T03:36:49.985+0000] {logging_mixin.py:188} INFO - [2023-12-19T03:36:49.984+0000] {dag.py:3820} INFO - Setting next_dagrun for latest_only to 2023-12-18T20:00:00+00:00, run_after=2023-12-19T00:00:00+00:00
[2023-12-19T03:36:49.993+0000] {processor.py:183} INFO - Processing /home/airflow/.local/lib/python3.8/site-packages/airflow/example_dags/example_latest_only.py took 0.043 seconds
[2023-12-19T03:37:20.283+0000] {processor.py:161} INFO - Started process (PID=1387) to work on /home/airflow/.local/lib/python3.8/site-packages/airflow/example_dags/example_latest_only.py
[2023-12-19T03:37:20.284+0000] {processor.py:830} INFO - Processing file /home/airflow/.local/lib/python3.8/site-packages/airflow/example_dags/example_latest_only.py for tasks to queue
[2023-12-19T03:37:20.286+0000] {logging_mixin.py:188} INFO - [2023-12-19T03:37:20.285+0000] {dagbag.py:538} INFO - Filling up the DagBag from /home/airflow/.local/lib/python3.8/site-packages/airflow/example_dags/example_latest_only.py
[2023-12-19T03:37:20.290+0000] {processor.py:840} INFO - DAG(s) 'latest_only' retrieved from /home/airflow/.local/lib/python3.8/site-packages/airflow/example_dags/example_latest_only.py
[2023-12-19T03:37:20.304+0000] {logging_mixin.py:188} INFO - [2023-12-19T03:37:20.304+0000] {dag.py:3033} INFO - Sync 1 DAGs
[2023-12-19T03:37:20.315+0000] {logging_mixin.py:188} INFO - [2023-12-19T03:37:20.315+0000] {dag.py:3820} INFO - Setting next_dagrun for latest_only to 2023-12-18T20:00:00+00:00, run_after=2023-12-19T00:00:00+00:00
[2023-12-19T03:37:20.323+0000] {processor.py:183} INFO - Processing /home/airflow/.local/lib/python3.8/site-packages/airflow/example_dags/example_latest_only.py took 0.043 seconds
[2023-12-19T03:37:50.568+0000] {processor.py:161} INFO - Started process (PID=1442) to work on /home/airflow/.local/lib/python3.8/site-packages/airflow/example_dags/example_latest_only.py
[2023-12-19T03:37:50.569+0000] {processor.py:830} INFO - Processing file /home/airflow/.local/lib/python3.8/site-packages/airflow/example_dags/example_latest_only.py for tasks to queue
[2023-12-19T03:37:50.571+0000] {logging_mixin.py:188} INFO - [2023-12-19T03:37:50.571+0000] {dagbag.py:538} INFO - Filling up the DagBag from /home/airflow/.local/lib/python3.8/site-packages/airflow/example_dags/example_latest_only.py
[2023-12-19T03:37:50.575+0000] {processor.py:840} INFO - DAG(s) 'latest_only' retrieved from /home/airflow/.local/lib/python3.8/site-packages/airflow/example_dags/example_latest_only.py
[2023-12-19T03:37:50.590+0000] {logging_mixin.py:188} INFO - [2023-12-19T03:37:50.590+0000] {dag.py:3033} INFO - Sync 1 DAGs
[2023-12-19T03:37:50.601+0000] {logging_mixin.py:188} INFO - [2023-12-19T03:37:50.601+0000] {dag.py:3820} INFO - Setting next_dagrun for latest_only to 2023-12-18T20:00:00+00:00, run_after=2023-12-19T00:00:00+00:00
[2023-12-19T03:37:50.610+0000] {processor.py:183} INFO - Processing /home/airflow/.local/lib/python3.8/site-packages/airflow/example_dags/example_latest_only.py took 0.045 seconds
