[2023-12-19T03:23:34.459+0000] {processor.py:161} INFO - Started process (PID=35) to work on /home/airflow/.local/lib/python3.8/site-packages/airflow/example_dags/example_sla_dag.py
[2023-12-19T03:23:34.460+0000] {processor.py:830} INFO - Processing file /home/airflow/.local/lib/python3.8/site-packages/airflow/example_dags/example_sla_dag.py for tasks to queue
[2023-12-19T03:23:34.462+0000] {logging_mixin.py:188} INFO - [2023-12-19T03:23:34.462+0000] {dagbag.py:538} INFO - Filling up the DagBag from /home/airflow/.local/lib/python3.8/site-packages/airflow/example_dags/example_sla_dag.py
[2023-12-19T03:23:34.470+0000] {processor.py:840} INFO - DAG(s) 'example_sla_dag' retrieved from /home/airflow/.local/lib/python3.8/site-packages/airflow/example_dags/example_sla_dag.py
[2023-12-19T03:23:34.481+0000] {logging_mixin.py:188} INFO - [2023-12-19T03:23:34.481+0000] {dag.py:3033} INFO - Sync 1 DAGs
[2023-12-19T03:23:34.497+0000] {logging_mixin.py:188} INFO - [2023-12-19T03:23:34.497+0000] {dag.py:3820} INFO - Setting next_dagrun for example_sla_dag to 2023-12-19T03:20:00+00:00, run_after=2023-12-19T03:22:00+00:00
[2023-12-19T03:23:34.507+0000] {processor.py:183} INFO - Processing /home/airflow/.local/lib/python3.8/site-packages/airflow/example_dags/example_sla_dag.py took 0.050 seconds
[2023-12-19T03:24:04.680+0000] {processor.py:161} INFO - Started process (PID=90) to work on /home/airflow/.local/lib/python3.8/site-packages/airflow/example_dags/example_sla_dag.py
[2023-12-19T03:24:04.681+0000] {processor.py:830} INFO - Processing file /home/airflow/.local/lib/python3.8/site-packages/airflow/example_dags/example_sla_dag.py for tasks to queue
[2023-12-19T03:24:04.683+0000] {logging_mixin.py:188} INFO - [2023-12-19T03:24:04.683+0000] {dagbag.py:538} INFO - Filling up the DagBag from /home/airflow/.local/lib/python3.8/site-packages/airflow/example_dags/example_sla_dag.py
[2023-12-19T03:24:04.689+0000] {processor.py:840} INFO - DAG(s) 'example_sla_dag' retrieved from /home/airflow/.local/lib/python3.8/site-packages/airflow/example_dags/example_sla_dag.py
[2023-12-19T03:24:04.739+0000] {logging_mixin.py:188} INFO - [2023-12-19T03:24:04.739+0000] {dag.py:3033} INFO - Sync 1 DAGs
[2023-12-19T03:24:04.751+0000] {logging_mixin.py:188} INFO - [2023-12-19T03:24:04.751+0000] {dag.py:3820} INFO - Setting next_dagrun for example_sla_dag to 2023-12-19T03:22:00+00:00, run_after=2023-12-19T03:24:00+00:00
[2023-12-19T03:24:04.759+0000] {processor.py:183} INFO - Processing /home/airflow/.local/lib/python3.8/site-packages/airflow/example_dags/example_sla_dag.py took 0.082 seconds
[2023-12-19T03:24:38.449+0000] {processor.py:161} INFO - Started process (PID=34) to work on /home/airflow/.local/lib/python3.8/site-packages/airflow/example_dags/example_sla_dag.py
[2023-12-19T03:24:38.450+0000] {processor.py:830} INFO - Processing file /home/airflow/.local/lib/python3.8/site-packages/airflow/example_dags/example_sla_dag.py for tasks to queue
[2023-12-19T03:24:38.452+0000] {logging_mixin.py:188} INFO - [2023-12-19T03:24:38.452+0000] {dagbag.py:538} INFO - Filling up the DagBag from /home/airflow/.local/lib/python3.8/site-packages/airflow/example_dags/example_sla_dag.py
[2023-12-19T03:24:38.458+0000] {processor.py:840} INFO - DAG(s) 'example_sla_dag' retrieved from /home/airflow/.local/lib/python3.8/site-packages/airflow/example_dags/example_sla_dag.py
[2023-12-19T03:24:38.476+0000] {logging_mixin.py:188} INFO - [2023-12-19T03:24:38.475+0000] {dag.py:3033} INFO - Sync 1 DAGs
[2023-12-19T03:24:38.489+0000] {logging_mixin.py:188} INFO - [2023-12-19T03:24:38.489+0000] {dag.py:3820} INFO - Setting next_dagrun for example_sla_dag to 2023-12-19T03:22:00+00:00, run_after=2023-12-19T03:24:00+00:00
[2023-12-19T03:24:38.497+0000] {processor.py:183} INFO - Processing /home/airflow/.local/lib/python3.8/site-packages/airflow/example_dags/example_sla_dag.py took 0.051 seconds
[2023-12-19T03:25:10.702+0000] {processor.py:161} INFO - Started process (PID=34) to work on /home/airflow/.local/lib/python3.8/site-packages/airflow/example_dags/example_sla_dag.py
[2023-12-19T03:25:10.703+0000] {processor.py:830} INFO - Processing file /home/airflow/.local/lib/python3.8/site-packages/airflow/example_dags/example_sla_dag.py for tasks to queue
[2023-12-19T03:25:10.706+0000] {logging_mixin.py:188} INFO - [2023-12-19T03:25:10.706+0000] {dagbag.py:538} INFO - Filling up the DagBag from /home/airflow/.local/lib/python3.8/site-packages/airflow/example_dags/example_sla_dag.py
[2023-12-19T03:25:10.714+0000] {processor.py:840} INFO - DAG(s) 'example_sla_dag' retrieved from /home/airflow/.local/lib/python3.8/site-packages/airflow/example_dags/example_sla_dag.py
[2023-12-19T03:25:10.725+0000] {logging_mixin.py:188} INFO - [2023-12-19T03:25:10.725+0000] {dag.py:3033} INFO - Sync 1 DAGs
[2023-12-19T03:25:10.746+0000] {logging_mixin.py:188} INFO - [2023-12-19T03:25:10.746+0000] {dag.py:3820} INFO - Setting next_dagrun for example_sla_dag to 2023-12-19T03:22:00+00:00, run_after=2023-12-19T03:24:00+00:00
[2023-12-19T03:25:10.763+0000] {processor.py:183} INFO - Processing /home/airflow/.local/lib/python3.8/site-packages/airflow/example_dags/example_sla_dag.py took 0.063 seconds
[2023-12-19T03:25:41.308+0000] {processor.py:161} INFO - Started process (PID=88) to work on /home/airflow/.local/lib/python3.8/site-packages/airflow/example_dags/example_sla_dag.py
[2023-12-19T03:25:41.309+0000] {processor.py:830} INFO - Processing file /home/airflow/.local/lib/python3.8/site-packages/airflow/example_dags/example_sla_dag.py for tasks to queue
[2023-12-19T03:25:41.312+0000] {logging_mixin.py:188} INFO - [2023-12-19T03:25:41.311+0000] {dagbag.py:538} INFO - Filling up the DagBag from /home/airflow/.local/lib/python3.8/site-packages/airflow/example_dags/example_sla_dag.py
[2023-12-19T03:25:41.318+0000] {processor.py:840} INFO - DAG(s) 'example_sla_dag' retrieved from /home/airflow/.local/lib/python3.8/site-packages/airflow/example_dags/example_sla_dag.py
[2023-12-19T03:25:41.368+0000] {logging_mixin.py:188} INFO - [2023-12-19T03:25:41.368+0000] {dag.py:3033} INFO - Sync 1 DAGs
[2023-12-19T03:25:41.379+0000] {logging_mixin.py:188} INFO - [2023-12-19T03:25:41.379+0000] {dag.py:3820} INFO - Setting next_dagrun for example_sla_dag to 2023-12-19T03:22:00+00:00, run_after=2023-12-19T03:24:00+00:00
[2023-12-19T03:25:41.389+0000] {processor.py:183} INFO - Processing /home/airflow/.local/lib/python3.8/site-packages/airflow/example_dags/example_sla_dag.py took 0.084 seconds
[2023-12-19T03:26:11.435+0000] {processor.py:161} INFO - Started process (PID=151) to work on /home/airflow/.local/lib/python3.8/site-packages/airflow/example_dags/example_sla_dag.py
[2023-12-19T03:26:11.436+0000] {processor.py:830} INFO - Processing file /home/airflow/.local/lib/python3.8/site-packages/airflow/example_dags/example_sla_dag.py for tasks to queue
[2023-12-19T03:26:11.438+0000] {logging_mixin.py:188} INFO - [2023-12-19T03:26:11.438+0000] {dagbag.py:538} INFO - Filling up the DagBag from /home/airflow/.local/lib/python3.8/site-packages/airflow/example_dags/example_sla_dag.py
[2023-12-19T03:26:11.445+0000] {processor.py:840} INFO - DAG(s) 'example_sla_dag' retrieved from /home/airflow/.local/lib/python3.8/site-packages/airflow/example_dags/example_sla_dag.py
[2023-12-19T03:26:11.460+0000] {logging_mixin.py:188} INFO - [2023-12-19T03:26:11.460+0000] {dag.py:3033} INFO - Sync 1 DAGs
[2023-12-19T03:26:11.475+0000] {logging_mixin.py:188} INFO - [2023-12-19T03:26:11.475+0000] {dag.py:3820} INFO - Setting next_dagrun for example_sla_dag to 2023-12-19T03:24:00+00:00, run_after=2023-12-19T03:26:00+00:00
[2023-12-19T03:26:11.485+0000] {processor.py:183} INFO - Processing /home/airflow/.local/lib/python3.8/site-packages/airflow/example_dags/example_sla_dag.py took 0.052 seconds
[2023-12-19T03:26:41.703+0000] {processor.py:161} INFO - Started process (PID=206) to work on /home/airflow/.local/lib/python3.8/site-packages/airflow/example_dags/example_sla_dag.py
[2023-12-19T03:26:41.704+0000] {processor.py:830} INFO - Processing file /home/airflow/.local/lib/python3.8/site-packages/airflow/example_dags/example_sla_dag.py for tasks to queue
[2023-12-19T03:26:41.706+0000] {logging_mixin.py:188} INFO - [2023-12-19T03:26:41.705+0000] {dagbag.py:538} INFO - Filling up the DagBag from /home/airflow/.local/lib/python3.8/site-packages/airflow/example_dags/example_sla_dag.py
[2023-12-19T03:26:41.713+0000] {processor.py:840} INFO - DAG(s) 'example_sla_dag' retrieved from /home/airflow/.local/lib/python3.8/site-packages/airflow/example_dags/example_sla_dag.py
[2023-12-19T03:26:41.729+0000] {logging_mixin.py:188} INFO - [2023-12-19T03:26:41.729+0000] {dag.py:3033} INFO - Sync 1 DAGs
[2023-12-19T03:26:41.741+0000] {logging_mixin.py:188} INFO - [2023-12-19T03:26:41.741+0000] {dag.py:3820} INFO - Setting next_dagrun for example_sla_dag to 2023-12-19T03:24:00+00:00, run_after=2023-12-19T03:26:00+00:00
[2023-12-19T03:26:41.750+0000] {processor.py:183} INFO - Processing /home/airflow/.local/lib/python3.8/site-packages/airflow/example_dags/example_sla_dag.py took 0.050 seconds
[2023-12-19T03:27:12.182+0000] {processor.py:161} INFO - Started process (PID=261) to work on /home/airflow/.local/lib/python3.8/site-packages/airflow/example_dags/example_sla_dag.py
[2023-12-19T03:27:12.184+0000] {processor.py:830} INFO - Processing file /home/airflow/.local/lib/python3.8/site-packages/airflow/example_dags/example_sla_dag.py for tasks to queue
[2023-12-19T03:27:12.186+0000] {logging_mixin.py:188} INFO - [2023-12-19T03:27:12.186+0000] {dagbag.py:538} INFO - Filling up the DagBag from /home/airflow/.local/lib/python3.8/site-packages/airflow/example_dags/example_sla_dag.py
[2023-12-19T03:27:12.193+0000] {processor.py:840} INFO - DAG(s) 'example_sla_dag' retrieved from /home/airflow/.local/lib/python3.8/site-packages/airflow/example_dags/example_sla_dag.py
[2023-12-19T03:27:12.208+0000] {logging_mixin.py:188} INFO - [2023-12-19T03:27:12.208+0000] {dag.py:3033} INFO - Sync 1 DAGs
[2023-12-19T03:27:12.223+0000] {logging_mixin.py:188} INFO - [2023-12-19T03:27:12.222+0000] {dag.py:3820} INFO - Setting next_dagrun for example_sla_dag to 2023-12-19T03:24:00+00:00, run_after=2023-12-19T03:26:00+00:00
[2023-12-19T03:27:12.248+0000] {processor.py:183} INFO - Processing /home/airflow/.local/lib/python3.8/site-packages/airflow/example_dags/example_sla_dag.py took 0.070 seconds
[2023-12-19T03:27:42.857+0000] {processor.py:161} INFO - Started process (PID=316) to work on /home/airflow/.local/lib/python3.8/site-packages/airflow/example_dags/example_sla_dag.py
[2023-12-19T03:27:42.859+0000] {processor.py:830} INFO - Processing file /home/airflow/.local/lib/python3.8/site-packages/airflow/example_dags/example_sla_dag.py for tasks to queue
[2023-12-19T03:27:42.870+0000] {logging_mixin.py:188} INFO - [2023-12-19T03:27:42.870+0000] {dagbag.py:538} INFO - Filling up the DagBag from /home/airflow/.local/lib/python3.8/site-packages/airflow/example_dags/example_sla_dag.py
[2023-12-19T03:27:42.881+0000] {processor.py:840} INFO - DAG(s) 'example_sla_dag' retrieved from /home/airflow/.local/lib/python3.8/site-packages/airflow/example_dags/example_sla_dag.py
[2023-12-19T03:27:42.898+0000] {logging_mixin.py:188} INFO - [2023-12-19T03:27:42.898+0000] {dag.py:3033} INFO - Sync 1 DAGs
[2023-12-19T03:27:42.913+0000] {logging_mixin.py:188} INFO - [2023-12-19T03:27:42.913+0000] {dag.py:3820} INFO - Setting next_dagrun for example_sla_dag to 2023-12-19T03:24:00+00:00, run_after=2023-12-19T03:26:00+00:00
[2023-12-19T03:27:42.925+0000] {processor.py:183} INFO - Processing /home/airflow/.local/lib/python3.8/site-packages/airflow/example_dags/example_sla_dag.py took 0.071 seconds
[2023-12-19T03:28:13.079+0000] {processor.py:161} INFO - Started process (PID=371) to work on /home/airflow/.local/lib/python3.8/site-packages/airflow/example_dags/example_sla_dag.py
[2023-12-19T03:28:13.080+0000] {processor.py:830} INFO - Processing file /home/airflow/.local/lib/python3.8/site-packages/airflow/example_dags/example_sla_dag.py for tasks to queue
[2023-12-19T03:28:13.082+0000] {logging_mixin.py:188} INFO - [2023-12-19T03:28:13.081+0000] {dagbag.py:538} INFO - Filling up the DagBag from /home/airflow/.local/lib/python3.8/site-packages/airflow/example_dags/example_sla_dag.py
[2023-12-19T03:28:13.089+0000] {processor.py:840} INFO - DAG(s) 'example_sla_dag' retrieved from /home/airflow/.local/lib/python3.8/site-packages/airflow/example_dags/example_sla_dag.py
[2023-12-19T03:28:13.103+0000] {logging_mixin.py:188} INFO - [2023-12-19T03:28:13.103+0000] {dag.py:3033} INFO - Sync 1 DAGs
[2023-12-19T03:28:13.117+0000] {logging_mixin.py:188} INFO - [2023-12-19T03:28:13.116+0000] {dag.py:3820} INFO - Setting next_dagrun for example_sla_dag to 2023-12-19T03:26:00+00:00, run_after=2023-12-19T03:28:00+00:00
[2023-12-19T03:28:13.126+0000] {processor.py:183} INFO - Processing /home/airflow/.local/lib/python3.8/site-packages/airflow/example_dags/example_sla_dag.py took 0.050 seconds
[2023-12-19T03:28:43.321+0000] {processor.py:161} INFO - Started process (PID=426) to work on /home/airflow/.local/lib/python3.8/site-packages/airflow/example_dags/example_sla_dag.py
[2023-12-19T03:28:43.323+0000] {processor.py:830} INFO - Processing file /home/airflow/.local/lib/python3.8/site-packages/airflow/example_dags/example_sla_dag.py for tasks to queue
[2023-12-19T03:28:43.325+0000] {logging_mixin.py:188} INFO - [2023-12-19T03:28:43.325+0000] {dagbag.py:538} INFO - Filling up the DagBag from /home/airflow/.local/lib/python3.8/site-packages/airflow/example_dags/example_sla_dag.py
[2023-12-19T03:28:43.339+0000] {processor.py:840} INFO - DAG(s) 'example_sla_dag' retrieved from /home/airflow/.local/lib/python3.8/site-packages/airflow/example_dags/example_sla_dag.py
[2023-12-19T03:28:43.355+0000] {logging_mixin.py:188} INFO - [2023-12-19T03:28:43.355+0000] {dag.py:3033} INFO - Sync 1 DAGs
[2023-12-19T03:28:43.369+0000] {logging_mixin.py:188} INFO - [2023-12-19T03:28:43.369+0000] {dag.py:3820} INFO - Setting next_dagrun for example_sla_dag to 2023-12-19T03:26:00+00:00, run_after=2023-12-19T03:28:00+00:00
[2023-12-19T03:28:43.378+0000] {processor.py:183} INFO - Processing /home/airflow/.local/lib/python3.8/site-packages/airflow/example_dags/example_sla_dag.py took 0.060 seconds
[2023-12-19T03:29:13.775+0000] {processor.py:161} INFO - Started process (PID=481) to work on /home/airflow/.local/lib/python3.8/site-packages/airflow/example_dags/example_sla_dag.py
[2023-12-19T03:29:13.776+0000] {processor.py:830} INFO - Processing file /home/airflow/.local/lib/python3.8/site-packages/airflow/example_dags/example_sla_dag.py for tasks to queue
[2023-12-19T03:29:13.778+0000] {logging_mixin.py:188} INFO - [2023-12-19T03:29:13.777+0000] {dagbag.py:538} INFO - Filling up the DagBag from /home/airflow/.local/lib/python3.8/site-packages/airflow/example_dags/example_sla_dag.py
[2023-12-19T03:29:13.784+0000] {processor.py:840} INFO - DAG(s) 'example_sla_dag' retrieved from /home/airflow/.local/lib/python3.8/site-packages/airflow/example_dags/example_sla_dag.py
[2023-12-19T03:29:13.800+0000] {logging_mixin.py:188} INFO - [2023-12-19T03:29:13.800+0000] {dag.py:3033} INFO - Sync 1 DAGs
[2023-12-19T03:29:13.813+0000] {logging_mixin.py:188} INFO - [2023-12-19T03:29:13.813+0000] {dag.py:3820} INFO - Setting next_dagrun for example_sla_dag to 2023-12-19T03:26:00+00:00, run_after=2023-12-19T03:28:00+00:00
[2023-12-19T03:29:13.821+0000] {processor.py:183} INFO - Processing /home/airflow/.local/lib/python3.8/site-packages/airflow/example_dags/example_sla_dag.py took 0.049 seconds
[2023-12-19T03:29:44.063+0000] {processor.py:161} INFO - Started process (PID=536) to work on /home/airflow/.local/lib/python3.8/site-packages/airflow/example_dags/example_sla_dag.py
[2023-12-19T03:29:44.064+0000] {processor.py:830} INFO - Processing file /home/airflow/.local/lib/python3.8/site-packages/airflow/example_dags/example_sla_dag.py for tasks to queue
[2023-12-19T03:29:44.066+0000] {logging_mixin.py:188} INFO - [2023-12-19T03:29:44.066+0000] {dagbag.py:538} INFO - Filling up the DagBag from /home/airflow/.local/lib/python3.8/site-packages/airflow/example_dags/example_sla_dag.py
[2023-12-19T03:29:44.072+0000] {processor.py:840} INFO - DAG(s) 'example_sla_dag' retrieved from /home/airflow/.local/lib/python3.8/site-packages/airflow/example_dags/example_sla_dag.py
[2023-12-19T03:29:44.088+0000] {logging_mixin.py:188} INFO - [2023-12-19T03:29:44.088+0000] {dag.py:3033} INFO - Sync 1 DAGs
[2023-12-19T03:29:44.101+0000] {logging_mixin.py:188} INFO - [2023-12-19T03:29:44.101+0000] {dag.py:3820} INFO - Setting next_dagrun for example_sla_dag to 2023-12-19T03:26:00+00:00, run_after=2023-12-19T03:28:00+00:00
[2023-12-19T03:29:44.110+0000] {processor.py:183} INFO - Processing /home/airflow/.local/lib/python3.8/site-packages/airflow/example_dags/example_sla_dag.py took 0.050 seconds
[2023-12-19T03:30:14.190+0000] {processor.py:161} INFO - Started process (PID=591) to work on /home/airflow/.local/lib/python3.8/site-packages/airflow/example_dags/example_sla_dag.py
[2023-12-19T03:30:14.191+0000] {processor.py:830} INFO - Processing file /home/airflow/.local/lib/python3.8/site-packages/airflow/example_dags/example_sla_dag.py for tasks to queue
[2023-12-19T03:30:14.193+0000] {logging_mixin.py:188} INFO - [2023-12-19T03:30:14.193+0000] {dagbag.py:538} INFO - Filling up the DagBag from /home/airflow/.local/lib/python3.8/site-packages/airflow/example_dags/example_sla_dag.py
[2023-12-19T03:30:14.200+0000] {processor.py:840} INFO - DAG(s) 'example_sla_dag' retrieved from /home/airflow/.local/lib/python3.8/site-packages/airflow/example_dags/example_sla_dag.py
[2023-12-19T03:30:14.215+0000] {logging_mixin.py:188} INFO - [2023-12-19T03:30:14.215+0000] {dag.py:3033} INFO - Sync 1 DAGs
[2023-12-19T03:30:14.229+0000] {logging_mixin.py:188} INFO - [2023-12-19T03:30:14.229+0000] {dag.py:3820} INFO - Setting next_dagrun for example_sla_dag to 2023-12-19T03:28:00+00:00, run_after=2023-12-19T03:30:00+00:00
[2023-12-19T03:30:14.238+0000] {processor.py:183} INFO - Processing /home/airflow/.local/lib/python3.8/site-packages/airflow/example_dags/example_sla_dag.py took 0.050 seconds
[2023-12-19T03:30:44.358+0000] {processor.py:161} INFO - Started process (PID=646) to work on /home/airflow/.local/lib/python3.8/site-packages/airflow/example_dags/example_sla_dag.py
[2023-12-19T03:30:44.359+0000] {processor.py:830} INFO - Processing file /home/airflow/.local/lib/python3.8/site-packages/airflow/example_dags/example_sla_dag.py for tasks to queue
[2023-12-19T03:30:44.361+0000] {logging_mixin.py:188} INFO - [2023-12-19T03:30:44.360+0000] {dagbag.py:538} INFO - Filling up the DagBag from /home/airflow/.local/lib/python3.8/site-packages/airflow/example_dags/example_sla_dag.py
[2023-12-19T03:30:44.367+0000] {processor.py:840} INFO - DAG(s) 'example_sla_dag' retrieved from /home/airflow/.local/lib/python3.8/site-packages/airflow/example_dags/example_sla_dag.py
[2023-12-19T03:30:44.387+0000] {logging_mixin.py:188} INFO - [2023-12-19T03:30:44.387+0000] {dag.py:3033} INFO - Sync 1 DAGs
[2023-12-19T03:30:44.401+0000] {logging_mixin.py:188} INFO - [2023-12-19T03:30:44.401+0000] {dag.py:3820} INFO - Setting next_dagrun for example_sla_dag to 2023-12-19T03:28:00+00:00, run_after=2023-12-19T03:30:00+00:00
[2023-12-19T03:30:44.410+0000] {processor.py:183} INFO - Processing /home/airflow/.local/lib/python3.8/site-packages/airflow/example_dags/example_sla_dag.py took 0.056 seconds
[2023-12-19T03:31:14.537+0000] {processor.py:161} INFO - Started process (PID=701) to work on /home/airflow/.local/lib/python3.8/site-packages/airflow/example_dags/example_sla_dag.py
[2023-12-19T03:31:14.538+0000] {processor.py:830} INFO - Processing file /home/airflow/.local/lib/python3.8/site-packages/airflow/example_dags/example_sla_dag.py for tasks to queue
[2023-12-19T03:31:14.540+0000] {logging_mixin.py:188} INFO - [2023-12-19T03:31:14.540+0000] {dagbag.py:538} INFO - Filling up the DagBag from /home/airflow/.local/lib/python3.8/site-packages/airflow/example_dags/example_sla_dag.py
[2023-12-19T03:31:14.547+0000] {processor.py:840} INFO - DAG(s) 'example_sla_dag' retrieved from /home/airflow/.local/lib/python3.8/site-packages/airflow/example_dags/example_sla_dag.py
[2023-12-19T03:31:14.561+0000] {logging_mixin.py:188} INFO - [2023-12-19T03:31:14.561+0000] {dag.py:3033} INFO - Sync 1 DAGs
[2023-12-19T03:31:14.575+0000] {logging_mixin.py:188} INFO - [2023-12-19T03:31:14.574+0000] {dag.py:3820} INFO - Setting next_dagrun for example_sla_dag to 2023-12-19T03:28:00+00:00, run_after=2023-12-19T03:30:00+00:00
[2023-12-19T03:31:14.583+0000] {processor.py:183} INFO - Processing /home/airflow/.local/lib/python3.8/site-packages/airflow/example_dags/example_sla_dag.py took 0.049 seconds
[2023-12-19T03:31:44.701+0000] {processor.py:161} INFO - Started process (PID=756) to work on /home/airflow/.local/lib/python3.8/site-packages/airflow/example_dags/example_sla_dag.py
[2023-12-19T03:31:44.702+0000] {processor.py:830} INFO - Processing file /home/airflow/.local/lib/python3.8/site-packages/airflow/example_dags/example_sla_dag.py for tasks to queue
[2023-12-19T03:31:44.704+0000] {logging_mixin.py:188} INFO - [2023-12-19T03:31:44.704+0000] {dagbag.py:538} INFO - Filling up the DagBag from /home/airflow/.local/lib/python3.8/site-packages/airflow/example_dags/example_sla_dag.py
[2023-12-19T03:31:44.709+0000] {processor.py:840} INFO - DAG(s) 'example_sla_dag' retrieved from /home/airflow/.local/lib/python3.8/site-packages/airflow/example_dags/example_sla_dag.py
[2023-12-19T03:31:44.724+0000] {logging_mixin.py:188} INFO - [2023-12-19T03:31:44.724+0000] {dag.py:3033} INFO - Sync 1 DAGs
[2023-12-19T03:31:44.737+0000] {logging_mixin.py:188} INFO - [2023-12-19T03:31:44.737+0000] {dag.py:3820} INFO - Setting next_dagrun for example_sla_dag to 2023-12-19T03:28:00+00:00, run_after=2023-12-19T03:30:00+00:00
[2023-12-19T03:31:44.746+0000] {processor.py:183} INFO - Processing /home/airflow/.local/lib/python3.8/site-packages/airflow/example_dags/example_sla_dag.py took 0.048 seconds
[2023-12-19T03:32:15.007+0000] {processor.py:161} INFO - Started process (PID=811) to work on /home/airflow/.local/lib/python3.8/site-packages/airflow/example_dags/example_sla_dag.py
[2023-12-19T03:32:15.008+0000] {processor.py:830} INFO - Processing file /home/airflow/.local/lib/python3.8/site-packages/airflow/example_dags/example_sla_dag.py for tasks to queue
[2023-12-19T03:32:15.010+0000] {logging_mixin.py:188} INFO - [2023-12-19T03:32:15.009+0000] {dagbag.py:538} INFO - Filling up the DagBag from /home/airflow/.local/lib/python3.8/site-packages/airflow/example_dags/example_sla_dag.py
[2023-12-19T03:32:15.015+0000] {processor.py:840} INFO - DAG(s) 'example_sla_dag' retrieved from /home/airflow/.local/lib/python3.8/site-packages/airflow/example_dags/example_sla_dag.py
[2023-12-19T03:32:15.030+0000] {logging_mixin.py:188} INFO - [2023-12-19T03:32:15.030+0000] {dag.py:3033} INFO - Sync 1 DAGs
[2023-12-19T03:32:15.043+0000] {logging_mixin.py:188} INFO - [2023-12-19T03:32:15.043+0000] {dag.py:3820} INFO - Setting next_dagrun for example_sla_dag to 2023-12-19T03:30:00+00:00, run_after=2023-12-19T03:32:00+00:00
[2023-12-19T03:32:15.052+0000] {processor.py:183} INFO - Processing /home/airflow/.local/lib/python3.8/site-packages/airflow/example_dags/example_sla_dag.py took 0.048 seconds
[2023-12-19T03:32:45.401+0000] {processor.py:161} INFO - Started process (PID=866) to work on /home/airflow/.local/lib/python3.8/site-packages/airflow/example_dags/example_sla_dag.py
[2023-12-19T03:32:45.402+0000] {processor.py:830} INFO - Processing file /home/airflow/.local/lib/python3.8/site-packages/airflow/example_dags/example_sla_dag.py for tasks to queue
[2023-12-19T03:32:45.404+0000] {logging_mixin.py:188} INFO - [2023-12-19T03:32:45.404+0000] {dagbag.py:538} INFO - Filling up the DagBag from /home/airflow/.local/lib/python3.8/site-packages/airflow/example_dags/example_sla_dag.py
[2023-12-19T03:32:45.410+0000] {processor.py:840} INFO - DAG(s) 'example_sla_dag' retrieved from /home/airflow/.local/lib/python3.8/site-packages/airflow/example_dags/example_sla_dag.py
[2023-12-19T03:32:45.425+0000] {logging_mixin.py:188} INFO - [2023-12-19T03:32:45.425+0000] {dag.py:3033} INFO - Sync 1 DAGs
[2023-12-19T03:32:45.439+0000] {logging_mixin.py:188} INFO - [2023-12-19T03:32:45.438+0000] {dag.py:3820} INFO - Setting next_dagrun for example_sla_dag to 2023-12-19T03:30:00+00:00, run_after=2023-12-19T03:32:00+00:00
[2023-12-19T03:32:45.447+0000] {processor.py:183} INFO - Processing /home/airflow/.local/lib/python3.8/site-packages/airflow/example_dags/example_sla_dag.py took 0.049 seconds
[2023-12-19T03:33:15.665+0000] {processor.py:161} INFO - Started process (PID=921) to work on /home/airflow/.local/lib/python3.8/site-packages/airflow/example_dags/example_sla_dag.py
[2023-12-19T03:33:15.666+0000] {processor.py:830} INFO - Processing file /home/airflow/.local/lib/python3.8/site-packages/airflow/example_dags/example_sla_dag.py for tasks to queue
[2023-12-19T03:33:15.668+0000] {logging_mixin.py:188} INFO - [2023-12-19T03:33:15.668+0000] {dagbag.py:538} INFO - Filling up the DagBag from /home/airflow/.local/lib/python3.8/site-packages/airflow/example_dags/example_sla_dag.py
[2023-12-19T03:33:15.673+0000] {processor.py:840} INFO - DAG(s) 'example_sla_dag' retrieved from /home/airflow/.local/lib/python3.8/site-packages/airflow/example_dags/example_sla_dag.py
[2023-12-19T03:33:15.689+0000] {logging_mixin.py:188} INFO - [2023-12-19T03:33:15.689+0000] {dag.py:3033} INFO - Sync 1 DAGs
[2023-12-19T03:33:15.703+0000] {logging_mixin.py:188} INFO - [2023-12-19T03:33:15.702+0000] {dag.py:3820} INFO - Setting next_dagrun for example_sla_dag to 2023-12-19T03:30:00+00:00, run_after=2023-12-19T03:32:00+00:00
[2023-12-19T03:33:15.711+0000] {processor.py:183} INFO - Processing /home/airflow/.local/lib/python3.8/site-packages/airflow/example_dags/example_sla_dag.py took 0.049 seconds
[2023-12-19T03:33:46.017+0000] {processor.py:161} INFO - Started process (PID=976) to work on /home/airflow/.local/lib/python3.8/site-packages/airflow/example_dags/example_sla_dag.py
[2023-12-19T03:33:46.018+0000] {processor.py:830} INFO - Processing file /home/airflow/.local/lib/python3.8/site-packages/airflow/example_dags/example_sla_dag.py for tasks to queue
[2023-12-19T03:33:46.020+0000] {logging_mixin.py:188} INFO - [2023-12-19T03:33:46.020+0000] {dagbag.py:538} INFO - Filling up the DagBag from /home/airflow/.local/lib/python3.8/site-packages/airflow/example_dags/example_sla_dag.py
[2023-12-19T03:33:46.026+0000] {processor.py:840} INFO - DAG(s) 'example_sla_dag' retrieved from /home/airflow/.local/lib/python3.8/site-packages/airflow/example_dags/example_sla_dag.py
[2023-12-19T03:33:46.040+0000] {logging_mixin.py:188} INFO - [2023-12-19T03:33:46.040+0000] {dag.py:3033} INFO - Sync 1 DAGs
[2023-12-19T03:33:46.053+0000] {logging_mixin.py:188} INFO - [2023-12-19T03:33:46.053+0000] {dag.py:3820} INFO - Setting next_dagrun for example_sla_dag to 2023-12-19T03:30:00+00:00, run_after=2023-12-19T03:32:00+00:00
[2023-12-19T03:33:46.061+0000] {processor.py:183} INFO - Processing /home/airflow/.local/lib/python3.8/site-packages/airflow/example_dags/example_sla_dag.py took 0.047 seconds
[2023-12-19T03:34:16.324+0000] {processor.py:161} INFO - Started process (PID=1031) to work on /home/airflow/.local/lib/python3.8/site-packages/airflow/example_dags/example_sla_dag.py
[2023-12-19T03:34:16.325+0000] {processor.py:830} INFO - Processing file /home/airflow/.local/lib/python3.8/site-packages/airflow/example_dags/example_sla_dag.py for tasks to queue
[2023-12-19T03:34:16.327+0000] {logging_mixin.py:188} INFO - [2023-12-19T03:34:16.327+0000] {dagbag.py:538} INFO - Filling up the DagBag from /home/airflow/.local/lib/python3.8/site-packages/airflow/example_dags/example_sla_dag.py
[2023-12-19T03:34:16.336+0000] {processor.py:840} INFO - DAG(s) 'example_sla_dag' retrieved from /home/airflow/.local/lib/python3.8/site-packages/airflow/example_dags/example_sla_dag.py
[2023-12-19T03:34:16.354+0000] {logging_mixin.py:188} INFO - [2023-12-19T03:34:16.354+0000] {dag.py:3033} INFO - Sync 1 DAGs
[2023-12-19T03:34:16.369+0000] {logging_mixin.py:188} INFO - [2023-12-19T03:34:16.369+0000] {dag.py:3820} INFO - Setting next_dagrun for example_sla_dag to 2023-12-19T03:32:00+00:00, run_after=2023-12-19T03:34:00+00:00
[2023-12-19T03:34:16.379+0000] {processor.py:183} INFO - Processing /home/airflow/.local/lib/python3.8/site-packages/airflow/example_dags/example_sla_dag.py took 0.058 seconds
[2023-12-19T03:34:46.712+0000] {processor.py:161} INFO - Started process (PID=1086) to work on /home/airflow/.local/lib/python3.8/site-packages/airflow/example_dags/example_sla_dag.py
[2023-12-19T03:34:46.714+0000] {processor.py:830} INFO - Processing file /home/airflow/.local/lib/python3.8/site-packages/airflow/example_dags/example_sla_dag.py for tasks to queue
[2023-12-19T03:34:46.715+0000] {logging_mixin.py:188} INFO - [2023-12-19T03:34:46.715+0000] {dagbag.py:538} INFO - Filling up the DagBag from /home/airflow/.local/lib/python3.8/site-packages/airflow/example_dags/example_sla_dag.py
[2023-12-19T03:34:46.722+0000] {processor.py:840} INFO - DAG(s) 'example_sla_dag' retrieved from /home/airflow/.local/lib/python3.8/site-packages/airflow/example_dags/example_sla_dag.py
[2023-12-19T03:34:46.737+0000] {logging_mixin.py:188} INFO - [2023-12-19T03:34:46.737+0000] {dag.py:3033} INFO - Sync 1 DAGs
[2023-12-19T03:34:46.750+0000] {logging_mixin.py:188} INFO - [2023-12-19T03:34:46.750+0000] {dag.py:3820} INFO - Setting next_dagrun for example_sla_dag to 2023-12-19T03:32:00+00:00, run_after=2023-12-19T03:34:00+00:00
[2023-12-19T03:34:46.761+0000] {processor.py:183} INFO - Processing /home/airflow/.local/lib/python3.8/site-packages/airflow/example_dags/example_sla_dag.py took 0.051 seconds
[2023-12-19T03:35:16.885+0000] {processor.py:161} INFO - Started process (PID=1141) to work on /home/airflow/.local/lib/python3.8/site-packages/airflow/example_dags/example_sla_dag.py
[2023-12-19T03:35:16.886+0000] {processor.py:830} INFO - Processing file /home/airflow/.local/lib/python3.8/site-packages/airflow/example_dags/example_sla_dag.py for tasks to queue
[2023-12-19T03:35:16.888+0000] {logging_mixin.py:188} INFO - [2023-12-19T03:35:16.888+0000] {dagbag.py:538} INFO - Filling up the DagBag from /home/airflow/.local/lib/python3.8/site-packages/airflow/example_dags/example_sla_dag.py
[2023-12-19T03:35:16.894+0000] {processor.py:840} INFO - DAG(s) 'example_sla_dag' retrieved from /home/airflow/.local/lib/python3.8/site-packages/airflow/example_dags/example_sla_dag.py
[2023-12-19T03:35:16.907+0000] {logging_mixin.py:188} INFO - [2023-12-19T03:35:16.907+0000] {dag.py:3033} INFO - Sync 1 DAGs
[2023-12-19T03:35:16.919+0000] {logging_mixin.py:188} INFO - [2023-12-19T03:35:16.919+0000] {dag.py:3820} INFO - Setting next_dagrun for example_sla_dag to 2023-12-19T03:32:00+00:00, run_after=2023-12-19T03:34:00+00:00
[2023-12-19T03:35:16.928+0000] {processor.py:183} INFO - Processing /home/airflow/.local/lib/python3.8/site-packages/airflow/example_dags/example_sla_dag.py took 0.046 seconds
[2023-12-19T03:35:47.186+0000] {processor.py:161} INFO - Started process (PID=1196) to work on /home/airflow/.local/lib/python3.8/site-packages/airflow/example_dags/example_sla_dag.py
[2023-12-19T03:35:47.188+0000] {processor.py:830} INFO - Processing file /home/airflow/.local/lib/python3.8/site-packages/airflow/example_dags/example_sla_dag.py for tasks to queue
[2023-12-19T03:35:47.189+0000] {logging_mixin.py:188} INFO - [2023-12-19T03:35:47.189+0000] {dagbag.py:538} INFO - Filling up the DagBag from /home/airflow/.local/lib/python3.8/site-packages/airflow/example_dags/example_sla_dag.py
[2023-12-19T03:35:47.196+0000] {processor.py:840} INFO - DAG(s) 'example_sla_dag' retrieved from /home/airflow/.local/lib/python3.8/site-packages/airflow/example_dags/example_sla_dag.py
[2023-12-19T03:35:47.211+0000] {logging_mixin.py:188} INFO - [2023-12-19T03:35:47.211+0000] {dag.py:3033} INFO - Sync 1 DAGs
[2023-12-19T03:35:47.224+0000] {logging_mixin.py:188} INFO - [2023-12-19T03:35:47.223+0000] {dag.py:3820} INFO - Setting next_dagrun for example_sla_dag to 2023-12-19T03:32:00+00:00, run_after=2023-12-19T03:34:00+00:00
[2023-12-19T03:35:47.232+0000] {processor.py:183} INFO - Processing /home/airflow/.local/lib/python3.8/site-packages/airflow/example_dags/example_sla_dag.py took 0.048 seconds
[2023-12-19T03:36:17.453+0000] {processor.py:161} INFO - Started process (PID=1251) to work on /home/airflow/.local/lib/python3.8/site-packages/airflow/example_dags/example_sla_dag.py
[2023-12-19T03:36:17.454+0000] {processor.py:830} INFO - Processing file /home/airflow/.local/lib/python3.8/site-packages/airflow/example_dags/example_sla_dag.py for tasks to queue
[2023-12-19T03:36:17.457+0000] {logging_mixin.py:188} INFO - [2023-12-19T03:36:17.456+0000] {dagbag.py:538} INFO - Filling up the DagBag from /home/airflow/.local/lib/python3.8/site-packages/airflow/example_dags/example_sla_dag.py
[2023-12-19T03:36:17.462+0000] {processor.py:840} INFO - DAG(s) 'example_sla_dag' retrieved from /home/airflow/.local/lib/python3.8/site-packages/airflow/example_dags/example_sla_dag.py
[2023-12-19T03:36:17.477+0000] {logging_mixin.py:188} INFO - [2023-12-19T03:36:17.477+0000] {dag.py:3033} INFO - Sync 1 DAGs
[2023-12-19T03:36:17.489+0000] {logging_mixin.py:188} INFO - [2023-12-19T03:36:17.489+0000] {dag.py:3820} INFO - Setting next_dagrun for example_sla_dag to 2023-12-19T03:34:00+00:00, run_after=2023-12-19T03:36:00+00:00
[2023-12-19T03:36:17.497+0000] {processor.py:183} INFO - Processing /home/airflow/.local/lib/python3.8/site-packages/airflow/example_dags/example_sla_dag.py took 0.047 seconds
[2023-12-19T03:36:47.945+0000] {processor.py:161} INFO - Started process (PID=1306) to work on /home/airflow/.local/lib/python3.8/site-packages/airflow/example_dags/example_sla_dag.py
[2023-12-19T03:36:47.946+0000] {processor.py:830} INFO - Processing file /home/airflow/.local/lib/python3.8/site-packages/airflow/example_dags/example_sla_dag.py for tasks to queue
[2023-12-19T03:36:47.948+0000] {logging_mixin.py:188} INFO - [2023-12-19T03:36:47.948+0000] {dagbag.py:538} INFO - Filling up the DagBag from /home/airflow/.local/lib/python3.8/site-packages/airflow/example_dags/example_sla_dag.py
[2023-12-19T03:36:47.955+0000] {processor.py:840} INFO - DAG(s) 'example_sla_dag' retrieved from /home/airflow/.local/lib/python3.8/site-packages/airflow/example_dags/example_sla_dag.py
[2023-12-19T03:36:47.970+0000] {logging_mixin.py:188} INFO - [2023-12-19T03:36:47.970+0000] {dag.py:3033} INFO - Sync 1 DAGs
[2023-12-19T03:36:47.985+0000] {logging_mixin.py:188} INFO - [2023-12-19T03:36:47.985+0000] {dag.py:3820} INFO - Setting next_dagrun for example_sla_dag to 2023-12-19T03:34:00+00:00, run_after=2023-12-19T03:36:00+00:00
[2023-12-19T03:36:47.995+0000] {processor.py:183} INFO - Processing /home/airflow/.local/lib/python3.8/site-packages/airflow/example_dags/example_sla_dag.py took 0.052 seconds
[2023-12-19T03:37:18.343+0000] {processor.py:161} INFO - Started process (PID=1361) to work on /home/airflow/.local/lib/python3.8/site-packages/airflow/example_dags/example_sla_dag.py
[2023-12-19T03:37:18.344+0000] {processor.py:830} INFO - Processing file /home/airflow/.local/lib/python3.8/site-packages/airflow/example_dags/example_sla_dag.py for tasks to queue
[2023-12-19T03:37:18.346+0000] {logging_mixin.py:188} INFO - [2023-12-19T03:37:18.345+0000] {dagbag.py:538} INFO - Filling up the DagBag from /home/airflow/.local/lib/python3.8/site-packages/airflow/example_dags/example_sla_dag.py
[2023-12-19T03:37:18.352+0000] {processor.py:840} INFO - DAG(s) 'example_sla_dag' retrieved from /home/airflow/.local/lib/python3.8/site-packages/airflow/example_dags/example_sla_dag.py
[2023-12-19T03:37:18.366+0000] {logging_mixin.py:188} INFO - [2023-12-19T03:37:18.366+0000] {dag.py:3033} INFO - Sync 1 DAGs
[2023-12-19T03:37:18.379+0000] {logging_mixin.py:188} INFO - [2023-12-19T03:37:18.379+0000] {dag.py:3820} INFO - Setting next_dagrun for example_sla_dag to 2023-12-19T03:34:00+00:00, run_after=2023-12-19T03:36:00+00:00
[2023-12-19T03:37:18.388+0000] {processor.py:183} INFO - Processing /home/airflow/.local/lib/python3.8/site-packages/airflow/example_dags/example_sla_dag.py took 0.048 seconds
[2023-12-19T03:37:48.642+0000] {processor.py:161} INFO - Started process (PID=1416) to work on /home/airflow/.local/lib/python3.8/site-packages/airflow/example_dags/example_sla_dag.py
[2023-12-19T03:37:48.644+0000] {processor.py:830} INFO - Processing file /home/airflow/.local/lib/python3.8/site-packages/airflow/example_dags/example_sla_dag.py for tasks to queue
[2023-12-19T03:37:48.645+0000] {logging_mixin.py:188} INFO - [2023-12-19T03:37:48.645+0000] {dagbag.py:538} INFO - Filling up the DagBag from /home/airflow/.local/lib/python3.8/site-packages/airflow/example_dags/example_sla_dag.py
[2023-12-19T03:37:48.652+0000] {processor.py:840} INFO - DAG(s) 'example_sla_dag' retrieved from /home/airflow/.local/lib/python3.8/site-packages/airflow/example_dags/example_sla_dag.py
[2023-12-19T03:37:48.667+0000] {logging_mixin.py:188} INFO - [2023-12-19T03:37:48.667+0000] {dag.py:3033} INFO - Sync 1 DAGs
[2023-12-19T03:37:48.679+0000] {logging_mixin.py:188} INFO - [2023-12-19T03:37:48.679+0000] {dag.py:3820} INFO - Setting next_dagrun for example_sla_dag to 2023-12-19T03:34:00+00:00, run_after=2023-12-19T03:36:00+00:00
[2023-12-19T03:37:48.688+0000] {processor.py:183} INFO - Processing /home/airflow/.local/lib/python3.8/site-packages/airflow/example_dags/example_sla_dag.py took 0.048 seconds
