[2023-12-19T03:23:35.899+0000] {processor.py:161} INFO - Started process (PID=68) to work on /home/airflow/.local/lib/python3.8/site-packages/airflow/example_dags/example_branch_operator_decorator.py
[2023-12-19T03:23:35.900+0000] {processor.py:830} INFO - Processing file /home/airflow/.local/lib/python3.8/site-packages/airflow/example_dags/example_branch_operator_decorator.py for tasks to queue
[2023-12-19T03:23:35.902+0000] {logging_mixin.py:188} INFO - [2023-12-19T03:23:35.902+0000] {dagbag.py:538} INFO - Filling up the DagBag from /home/airflow/.local/lib/python3.8/site-packages/airflow/example_dags/example_branch_operator_decorator.py
[2023-12-19T03:23:35.915+0000] {processor.py:840} INFO - DAG(s) 'example_branch_python_operator_decorator' retrieved from /home/airflow/.local/lib/python3.8/site-packages/airflow/example_dags/example_branch_operator_decorator.py
[2023-12-19T03:23:35.928+0000] {logging_mixin.py:188} INFO - [2023-12-19T03:23:35.928+0000] {dag.py:3033} INFO - Sync 1 DAGs
[2023-12-19T03:23:35.943+0000] {logging_mixin.py:188} INFO - [2023-12-19T03:23:35.943+0000] {dag.py:3820} INFO - Setting next_dagrun for example_branch_python_operator_decorator to 2023-12-18T00:00:00+00:00, run_after=2023-12-19T00:00:00+00:00
[2023-12-19T03:23:35.958+0000] {processor.py:183} INFO - Processing /home/airflow/.local/lib/python3.8/site-packages/airflow/example_dags/example_branch_operator_decorator.py took 0.062 seconds
[2023-12-19T03:24:06.535+0000] {processor.py:161} INFO - Started process (PID=123) to work on /home/airflow/.local/lib/python3.8/site-packages/airflow/example_dags/example_branch_operator_decorator.py
[2023-12-19T03:24:06.536+0000] {processor.py:830} INFO - Processing file /home/airflow/.local/lib/python3.8/site-packages/airflow/example_dags/example_branch_operator_decorator.py for tasks to queue
[2023-12-19T03:24:06.540+0000] {logging_mixin.py:188} INFO - [2023-12-19T03:24:06.540+0000] {dagbag.py:538} INFO - Filling up the DagBag from /home/airflow/.local/lib/python3.8/site-packages/airflow/example_dags/example_branch_operator_decorator.py
[2023-12-19T03:24:06.550+0000] {processor.py:840} INFO - DAG(s) 'example_branch_python_operator_decorator' retrieved from /home/airflow/.local/lib/python3.8/site-packages/airflow/example_dags/example_branch_operator_decorator.py
[2023-12-19T03:24:06.606+0000] {logging_mixin.py:188} INFO - [2023-12-19T03:24:06.605+0000] {dag.py:3033} INFO - Sync 1 DAGs
[2023-12-19T03:24:06.617+0000] {logging_mixin.py:188} INFO - [2023-12-19T03:24:06.617+0000] {dag.py:3820} INFO - Setting next_dagrun for example_branch_python_operator_decorator to 2023-12-18T00:00:00+00:00, run_after=2023-12-19T00:00:00+00:00
[2023-12-19T03:24:39.774+0000] {processor.py:161} INFO - Started process (PID=67) to work on /home/airflow/.local/lib/python3.8/site-packages/airflow/example_dags/example_branch_operator_decorator.py
[2023-12-19T03:24:39.775+0000] {processor.py:830} INFO - Processing file /home/airflow/.local/lib/python3.8/site-packages/airflow/example_dags/example_branch_operator_decorator.py for tasks to queue
[2023-12-19T03:24:39.776+0000] {logging_mixin.py:188} INFO - [2023-12-19T03:24:39.776+0000] {dagbag.py:538} INFO - Filling up the DagBag from /home/airflow/.local/lib/python3.8/site-packages/airflow/example_dags/example_branch_operator_decorator.py
[2023-12-19T03:24:39.786+0000] {processor.py:840} INFO - DAG(s) 'example_branch_python_operator_decorator' retrieved from /home/airflow/.local/lib/python3.8/site-packages/airflow/example_dags/example_branch_operator_decorator.py
[2023-12-19T03:24:39.806+0000] {logging_mixin.py:188} INFO - [2023-12-19T03:24:39.806+0000] {dag.py:3033} INFO - Sync 1 DAGs
[2023-12-19T03:24:39.819+0000] {logging_mixin.py:188} INFO - [2023-12-19T03:24:39.818+0000] {dag.py:3820} INFO - Setting next_dagrun for example_branch_python_operator_decorator to 2023-12-18T00:00:00+00:00, run_after=2023-12-19T00:00:00+00:00
[2023-12-19T03:24:39.827+0000] {processor.py:183} INFO - Processing /home/airflow/.local/lib/python3.8/site-packages/airflow/example_dags/example_branch_operator_decorator.py took 0.056 seconds
[2023-12-19T03:25:12.244+0000] {processor.py:161} INFO - Started process (PID=67) to work on /home/airflow/.local/lib/python3.8/site-packages/airflow/example_dags/example_branch_operator_decorator.py
[2023-12-19T03:25:12.247+0000] {processor.py:830} INFO - Processing file /home/airflow/.local/lib/python3.8/site-packages/airflow/example_dags/example_branch_operator_decorator.py for tasks to queue
[2023-12-19T03:25:12.253+0000] {logging_mixin.py:188} INFO - [2023-12-19T03:25:12.252+0000] {dagbag.py:538} INFO - Filling up the DagBag from /home/airflow/.local/lib/python3.8/site-packages/airflow/example_dags/example_branch_operator_decorator.py
[2023-12-19T03:25:12.276+0000] {processor.py:840} INFO - DAG(s) 'example_branch_python_operator_decorator' retrieved from /home/airflow/.local/lib/python3.8/site-packages/airflow/example_dags/example_branch_operator_decorator.py
[2023-12-19T03:25:12.289+0000] {logging_mixin.py:188} INFO - [2023-12-19T03:25:12.289+0000] {dag.py:3033} INFO - Sync 1 DAGs
[2023-12-19T03:25:12.304+0000] {logging_mixin.py:188} INFO - [2023-12-19T03:25:12.304+0000] {dag.py:3820} INFO - Setting next_dagrun for example_branch_python_operator_decorator to 2023-12-18T00:00:00+00:00, run_after=2023-12-19T00:00:00+00:00
[2023-12-19T03:25:12.315+0000] {processor.py:183} INFO - Processing /home/airflow/.local/lib/python3.8/site-packages/airflow/example_dags/example_branch_operator_decorator.py took 0.078 seconds
[2023-12-19T03:25:43.269+0000] {processor.py:161} INFO - Started process (PID=121) to work on /home/airflow/.local/lib/python3.8/site-packages/airflow/example_dags/example_branch_operator_decorator.py
[2023-12-19T03:25:43.271+0000] {processor.py:830} INFO - Processing file /home/airflow/.local/lib/python3.8/site-packages/airflow/example_dags/example_branch_operator_decorator.py for tasks to queue
[2023-12-19T03:25:43.274+0000] {logging_mixin.py:188} INFO - [2023-12-19T03:25:43.273+0000] {dagbag.py:538} INFO - Filling up the DagBag from /home/airflow/.local/lib/python3.8/site-packages/airflow/example_dags/example_branch_operator_decorator.py
[2023-12-19T03:25:43.285+0000] {processor.py:840} INFO - DAG(s) 'example_branch_python_operator_decorator' retrieved from /home/airflow/.local/lib/python3.8/site-packages/airflow/example_dags/example_branch_operator_decorator.py
[2023-12-19T03:25:43.339+0000] {logging_mixin.py:188} INFO - [2023-12-19T03:25:43.339+0000] {dag.py:3033} INFO - Sync 1 DAGs
[2023-12-19T03:25:43.351+0000] {logging_mixin.py:188} INFO - [2023-12-19T03:25:43.351+0000] {dag.py:3820} INFO - Setting next_dagrun for example_branch_python_operator_decorator to 2023-12-18T00:00:00+00:00, run_after=2023-12-19T00:00:00+00:00
[2023-12-19T03:25:43.361+0000] {processor.py:183} INFO - Processing /home/airflow/.local/lib/python3.8/site-packages/airflow/example_dags/example_branch_operator_decorator.py took 0.098 seconds
[2023-12-19T03:26:13.886+0000] {processor.py:161} INFO - Started process (PID=184) to work on /home/airflow/.local/lib/python3.8/site-packages/airflow/example_dags/example_branch_operator_decorator.py
[2023-12-19T03:26:13.887+0000] {processor.py:830} INFO - Processing file /home/airflow/.local/lib/python3.8/site-packages/airflow/example_dags/example_branch_operator_decorator.py for tasks to queue
[2023-12-19T03:26:13.889+0000] {logging_mixin.py:188} INFO - [2023-12-19T03:26:13.889+0000] {dagbag.py:538} INFO - Filling up the DagBag from /home/airflow/.local/lib/python3.8/site-packages/airflow/example_dags/example_branch_operator_decorator.py
[2023-12-19T03:26:13.899+0000] {processor.py:840} INFO - DAG(s) 'example_branch_python_operator_decorator' retrieved from /home/airflow/.local/lib/python3.8/site-packages/airflow/example_dags/example_branch_operator_decorator.py
[2023-12-19T03:26:13.916+0000] {logging_mixin.py:188} INFO - [2023-12-19T03:26:13.916+0000] {dag.py:3033} INFO - Sync 1 DAGs
[2023-12-19T03:26:13.930+0000] {logging_mixin.py:188} INFO - [2023-12-19T03:26:13.929+0000] {dag.py:3820} INFO - Setting next_dagrun for example_branch_python_operator_decorator to 2023-12-18T00:00:00+00:00, run_after=2023-12-19T00:00:00+00:00
[2023-12-19T03:26:13.940+0000] {processor.py:183} INFO - Processing /home/airflow/.local/lib/python3.8/site-packages/airflow/example_dags/example_branch_operator_decorator.py took 0.056 seconds
[2023-12-19T03:26:44.126+0000] {processor.py:161} INFO - Started process (PID=239) to work on /home/airflow/.local/lib/python3.8/site-packages/airflow/example_dags/example_branch_operator_decorator.py
[2023-12-19T03:26:44.127+0000] {processor.py:830} INFO - Processing file /home/airflow/.local/lib/python3.8/site-packages/airflow/example_dags/example_branch_operator_decorator.py for tasks to queue
[2023-12-19T03:26:44.129+0000] {logging_mixin.py:188} INFO - [2023-12-19T03:26:44.129+0000] {dagbag.py:538} INFO - Filling up the DagBag from /home/airflow/.local/lib/python3.8/site-packages/airflow/example_dags/example_branch_operator_decorator.py
[2023-12-19T03:26:44.139+0000] {processor.py:840} INFO - DAG(s) 'example_branch_python_operator_decorator' retrieved from /home/airflow/.local/lib/python3.8/site-packages/airflow/example_dags/example_branch_operator_decorator.py
[2023-12-19T03:26:44.158+0000] {logging_mixin.py:188} INFO - [2023-12-19T03:26:44.158+0000] {dag.py:3033} INFO - Sync 1 DAGs
[2023-12-19T03:26:44.171+0000] {logging_mixin.py:188} INFO - [2023-12-19T03:26:44.171+0000] {dag.py:3820} INFO - Setting next_dagrun for example_branch_python_operator_decorator to 2023-12-18T00:00:00+00:00, run_after=2023-12-19T00:00:00+00:00
[2023-12-19T03:26:44.204+0000] {processor.py:183} INFO - Processing /home/airflow/.local/lib/python3.8/site-packages/airflow/example_dags/example_branch_operator_decorator.py took 0.080 seconds
[2023-12-19T03:27:14.915+0000] {processor.py:161} INFO - Started process (PID=294) to work on /home/airflow/.local/lib/python3.8/site-packages/airflow/example_dags/example_branch_operator_decorator.py
[2023-12-19T03:27:14.917+0000] {processor.py:830} INFO - Processing file /home/airflow/.local/lib/python3.8/site-packages/airflow/example_dags/example_branch_operator_decorator.py for tasks to queue
[2023-12-19T03:27:14.918+0000] {logging_mixin.py:188} INFO - [2023-12-19T03:27:14.918+0000] {dagbag.py:538} INFO - Filling up the DagBag from /home/airflow/.local/lib/python3.8/site-packages/airflow/example_dags/example_branch_operator_decorator.py
[2023-12-19T03:27:14.928+0000] {processor.py:840} INFO - DAG(s) 'example_branch_python_operator_decorator' retrieved from /home/airflow/.local/lib/python3.8/site-packages/airflow/example_dags/example_branch_operator_decorator.py
[2023-12-19T03:27:14.945+0000] {logging_mixin.py:188} INFO - [2023-12-19T03:27:14.945+0000] {dag.py:3033} INFO - Sync 1 DAGs
[2023-12-19T03:27:14.957+0000] {logging_mixin.py:188} INFO - [2023-12-19T03:27:14.957+0000] {dag.py:3820} INFO - Setting next_dagrun for example_branch_python_operator_decorator to 2023-12-18T00:00:00+00:00, run_after=2023-12-19T00:00:00+00:00
[2023-12-19T03:27:14.970+0000] {processor.py:183} INFO - Processing /home/airflow/.local/lib/python3.8/site-packages/airflow/example_dags/example_branch_operator_decorator.py took 0.057 seconds
[2023-12-19T03:27:45.242+0000] {processor.py:161} INFO - Started process (PID=349) to work on /home/airflow/.local/lib/python3.8/site-packages/airflow/example_dags/example_branch_operator_decorator.py
[2023-12-19T03:27:45.243+0000] {processor.py:830} INFO - Processing file /home/airflow/.local/lib/python3.8/site-packages/airflow/example_dags/example_branch_operator_decorator.py for tasks to queue
[2023-12-19T03:27:45.245+0000] {logging_mixin.py:188} INFO - [2023-12-19T03:27:45.245+0000] {dagbag.py:538} INFO - Filling up the DagBag from /home/airflow/.local/lib/python3.8/site-packages/airflow/example_dags/example_branch_operator_decorator.py
[2023-12-19T03:27:45.255+0000] {processor.py:840} INFO - DAG(s) 'example_branch_python_operator_decorator' retrieved from /home/airflow/.local/lib/python3.8/site-packages/airflow/example_dags/example_branch_operator_decorator.py
[2023-12-19T03:27:45.273+0000] {logging_mixin.py:188} INFO - [2023-12-19T03:27:45.273+0000] {dag.py:3033} INFO - Sync 1 DAGs
[2023-12-19T03:27:45.286+0000] {logging_mixin.py:188} INFO - [2023-12-19T03:27:45.286+0000] {dag.py:3820} INFO - Setting next_dagrun for example_branch_python_operator_decorator to 2023-12-18T00:00:00+00:00, run_after=2023-12-19T00:00:00+00:00
[2023-12-19T03:27:45.295+0000] {processor.py:183} INFO - Processing /home/airflow/.local/lib/python3.8/site-packages/airflow/example_dags/example_branch_operator_decorator.py took 0.056 seconds
[2023-12-19T03:28:15.405+0000] {processor.py:161} INFO - Started process (PID=404) to work on /home/airflow/.local/lib/python3.8/site-packages/airflow/example_dags/example_branch_operator_decorator.py
[2023-12-19T03:28:15.406+0000] {processor.py:830} INFO - Processing file /home/airflow/.local/lib/python3.8/site-packages/airflow/example_dags/example_branch_operator_decorator.py for tasks to queue
[2023-12-19T03:28:15.408+0000] {logging_mixin.py:188} INFO - [2023-12-19T03:28:15.408+0000] {dagbag.py:538} INFO - Filling up the DagBag from /home/airflow/.local/lib/python3.8/site-packages/airflow/example_dags/example_branch_operator_decorator.py
[2023-12-19T03:28:15.419+0000] {processor.py:840} INFO - DAG(s) 'example_branch_python_operator_decorator' retrieved from /home/airflow/.local/lib/python3.8/site-packages/airflow/example_dags/example_branch_operator_decorator.py
[2023-12-19T03:28:15.437+0000] {logging_mixin.py:188} INFO - [2023-12-19T03:28:15.437+0000] {dag.py:3033} INFO - Sync 1 DAGs
[2023-12-19T03:28:15.450+0000] {logging_mixin.py:188} INFO - [2023-12-19T03:28:15.450+0000] {dag.py:3820} INFO - Setting next_dagrun for example_branch_python_operator_decorator to 2023-12-18T00:00:00+00:00, run_after=2023-12-19T00:00:00+00:00
[2023-12-19T03:28:15.460+0000] {processor.py:183} INFO - Processing /home/airflow/.local/lib/python3.8/site-packages/airflow/example_dags/example_branch_operator_decorator.py took 0.058 seconds
[2023-12-19T03:28:45.749+0000] {processor.py:161} INFO - Started process (PID=459) to work on /home/airflow/.local/lib/python3.8/site-packages/airflow/example_dags/example_branch_operator_decorator.py
[2023-12-19T03:28:45.751+0000] {processor.py:830} INFO - Processing file /home/airflow/.local/lib/python3.8/site-packages/airflow/example_dags/example_branch_operator_decorator.py for tasks to queue
[2023-12-19T03:28:45.753+0000] {logging_mixin.py:188} INFO - [2023-12-19T03:28:45.753+0000] {dagbag.py:538} INFO - Filling up the DagBag from /home/airflow/.local/lib/python3.8/site-packages/airflow/example_dags/example_branch_operator_decorator.py
[2023-12-19T03:28:45.765+0000] {processor.py:840} INFO - DAG(s) 'example_branch_python_operator_decorator' retrieved from /home/airflow/.local/lib/python3.8/site-packages/airflow/example_dags/example_branch_operator_decorator.py
[2023-12-19T03:28:45.783+0000] {logging_mixin.py:188} INFO - [2023-12-19T03:28:45.783+0000] {dag.py:3033} INFO - Sync 1 DAGs
[2023-12-19T03:28:45.795+0000] {logging_mixin.py:188} INFO - [2023-12-19T03:28:45.795+0000] {dag.py:3820} INFO - Setting next_dagrun for example_branch_python_operator_decorator to 2023-12-18T00:00:00+00:00, run_after=2023-12-19T00:00:00+00:00
[2023-12-19T03:28:45.803+0000] {processor.py:183} INFO - Processing /home/airflow/.local/lib/python3.8/site-packages/airflow/example_dags/example_branch_operator_decorator.py took 0.057 seconds
[2023-12-19T03:29:16.186+0000] {processor.py:161} INFO - Started process (PID=514) to work on /home/airflow/.local/lib/python3.8/site-packages/airflow/example_dags/example_branch_operator_decorator.py
[2023-12-19T03:29:16.187+0000] {processor.py:830} INFO - Processing file /home/airflow/.local/lib/python3.8/site-packages/airflow/example_dags/example_branch_operator_decorator.py for tasks to queue
[2023-12-19T03:29:16.189+0000] {logging_mixin.py:188} INFO - [2023-12-19T03:29:16.189+0000] {dagbag.py:538} INFO - Filling up the DagBag from /home/airflow/.local/lib/python3.8/site-packages/airflow/example_dags/example_branch_operator_decorator.py
[2023-12-19T03:29:16.199+0000] {processor.py:840} INFO - DAG(s) 'example_branch_python_operator_decorator' retrieved from /home/airflow/.local/lib/python3.8/site-packages/airflow/example_dags/example_branch_operator_decorator.py
[2023-12-19T03:29:16.222+0000] {logging_mixin.py:188} INFO - [2023-12-19T03:29:16.222+0000] {dag.py:3033} INFO - Sync 1 DAGs
[2023-12-19T03:29:16.235+0000] {logging_mixin.py:188} INFO - [2023-12-19T03:29:16.235+0000] {dag.py:3820} INFO - Setting next_dagrun for example_branch_python_operator_decorator to 2023-12-18T00:00:00+00:00, run_after=2023-12-19T00:00:00+00:00
[2023-12-19T03:29:16.244+0000] {processor.py:183} INFO - Processing /home/airflow/.local/lib/python3.8/site-packages/airflow/example_dags/example_branch_operator_decorator.py took 0.061 seconds
[2023-12-19T03:29:46.308+0000] {processor.py:161} INFO - Started process (PID=569) to work on /home/airflow/.local/lib/python3.8/site-packages/airflow/example_dags/example_branch_operator_decorator.py
[2023-12-19T03:29:46.309+0000] {processor.py:830} INFO - Processing file /home/airflow/.local/lib/python3.8/site-packages/airflow/example_dags/example_branch_operator_decorator.py for tasks to queue
[2023-12-19T03:29:46.311+0000] {logging_mixin.py:188} INFO - [2023-12-19T03:29:46.311+0000] {dagbag.py:538} INFO - Filling up the DagBag from /home/airflow/.local/lib/python3.8/site-packages/airflow/example_dags/example_branch_operator_decorator.py
[2023-12-19T03:29:46.320+0000] {processor.py:840} INFO - DAG(s) 'example_branch_python_operator_decorator' retrieved from /home/airflow/.local/lib/python3.8/site-packages/airflow/example_dags/example_branch_operator_decorator.py
[2023-12-19T03:29:46.337+0000] {logging_mixin.py:188} INFO - [2023-12-19T03:29:46.337+0000] {dag.py:3033} INFO - Sync 1 DAGs
[2023-12-19T03:29:46.348+0000] {logging_mixin.py:188} INFO - [2023-12-19T03:29:46.348+0000] {dag.py:3820} INFO - Setting next_dagrun for example_branch_python_operator_decorator to 2023-12-18T00:00:00+00:00, run_after=2023-12-19T00:00:00+00:00
[2023-12-19T03:29:46.357+0000] {processor.py:183} INFO - Processing /home/airflow/.local/lib/python3.8/site-packages/airflow/example_dags/example_branch_operator_decorator.py took 0.052 seconds
[2023-12-19T03:30:16.503+0000] {processor.py:161} INFO - Started process (PID=624) to work on /home/airflow/.local/lib/python3.8/site-packages/airflow/example_dags/example_branch_operator_decorator.py
[2023-12-19T03:30:16.504+0000] {processor.py:830} INFO - Processing file /home/airflow/.local/lib/python3.8/site-packages/airflow/example_dags/example_branch_operator_decorator.py for tasks to queue
[2023-12-19T03:30:16.506+0000] {logging_mixin.py:188} INFO - [2023-12-19T03:30:16.505+0000] {dagbag.py:538} INFO - Filling up the DagBag from /home/airflow/.local/lib/python3.8/site-packages/airflow/example_dags/example_branch_operator_decorator.py
[2023-12-19T03:30:16.516+0000] {processor.py:840} INFO - DAG(s) 'example_branch_python_operator_decorator' retrieved from /home/airflow/.local/lib/python3.8/site-packages/airflow/example_dags/example_branch_operator_decorator.py
[2023-12-19T03:30:16.533+0000] {logging_mixin.py:188} INFO - [2023-12-19T03:30:16.533+0000] {dag.py:3033} INFO - Sync 1 DAGs
[2023-12-19T03:30:16.545+0000] {logging_mixin.py:188} INFO - [2023-12-19T03:30:16.545+0000] {dag.py:3820} INFO - Setting next_dagrun for example_branch_python_operator_decorator to 2023-12-18T00:00:00+00:00, run_after=2023-12-19T00:00:00+00:00
[2023-12-19T03:30:16.554+0000] {processor.py:183} INFO - Processing /home/airflow/.local/lib/python3.8/site-packages/airflow/example_dags/example_branch_operator_decorator.py took 0.054 seconds
[2023-12-19T03:30:46.667+0000] {processor.py:161} INFO - Started process (PID=679) to work on /home/airflow/.local/lib/python3.8/site-packages/airflow/example_dags/example_branch_operator_decorator.py
[2023-12-19T03:30:46.668+0000] {processor.py:830} INFO - Processing file /home/airflow/.local/lib/python3.8/site-packages/airflow/example_dags/example_branch_operator_decorator.py for tasks to queue
[2023-12-19T03:30:46.669+0000] {logging_mixin.py:188} INFO - [2023-12-19T03:30:46.669+0000] {dagbag.py:538} INFO - Filling up the DagBag from /home/airflow/.local/lib/python3.8/site-packages/airflow/example_dags/example_branch_operator_decorator.py
[2023-12-19T03:30:46.679+0000] {processor.py:840} INFO - DAG(s) 'example_branch_python_operator_decorator' retrieved from /home/airflow/.local/lib/python3.8/site-packages/airflow/example_dags/example_branch_operator_decorator.py
[2023-12-19T03:30:46.696+0000] {logging_mixin.py:188} INFO - [2023-12-19T03:30:46.696+0000] {dag.py:3033} INFO - Sync 1 DAGs
[2023-12-19T03:30:46.708+0000] {logging_mixin.py:188} INFO - [2023-12-19T03:30:46.708+0000] {dag.py:3820} INFO - Setting next_dagrun for example_branch_python_operator_decorator to 2023-12-18T00:00:00+00:00, run_after=2023-12-19T00:00:00+00:00
[2023-12-19T03:30:46.717+0000] {processor.py:183} INFO - Processing /home/airflow/.local/lib/python3.8/site-packages/airflow/example_dags/example_branch_operator_decorator.py took 0.053 seconds
[2023-12-19T03:31:16.816+0000] {processor.py:161} INFO - Started process (PID=734) to work on /home/airflow/.local/lib/python3.8/site-packages/airflow/example_dags/example_branch_operator_decorator.py
[2023-12-19T03:31:16.817+0000] {processor.py:830} INFO - Processing file /home/airflow/.local/lib/python3.8/site-packages/airflow/example_dags/example_branch_operator_decorator.py for tasks to queue
[2023-12-19T03:31:16.819+0000] {logging_mixin.py:188} INFO - [2023-12-19T03:31:16.818+0000] {dagbag.py:538} INFO - Filling up the DagBag from /home/airflow/.local/lib/python3.8/site-packages/airflow/example_dags/example_branch_operator_decorator.py
[2023-12-19T03:31:16.828+0000] {processor.py:840} INFO - DAG(s) 'example_branch_python_operator_decorator' retrieved from /home/airflow/.local/lib/python3.8/site-packages/airflow/example_dags/example_branch_operator_decorator.py
[2023-12-19T03:31:16.846+0000] {logging_mixin.py:188} INFO - [2023-12-19T03:31:16.846+0000] {dag.py:3033} INFO - Sync 1 DAGs
[2023-12-19T03:31:16.862+0000] {logging_mixin.py:188} INFO - [2023-12-19T03:31:16.861+0000] {dag.py:3820} INFO - Setting next_dagrun for example_branch_python_operator_decorator to 2023-12-18T00:00:00+00:00, run_after=2023-12-19T00:00:00+00:00
[2023-12-19T03:31:16.872+0000] {processor.py:183} INFO - Processing /home/airflow/.local/lib/python3.8/site-packages/airflow/example_dags/example_branch_operator_decorator.py took 0.058 seconds
[2023-12-19T03:31:46.931+0000] {processor.py:161} INFO - Started process (PID=789) to work on /home/airflow/.local/lib/python3.8/site-packages/airflow/example_dags/example_branch_operator_decorator.py
[2023-12-19T03:31:46.933+0000] {processor.py:830} INFO - Processing file /home/airflow/.local/lib/python3.8/site-packages/airflow/example_dags/example_branch_operator_decorator.py for tasks to queue
[2023-12-19T03:31:46.934+0000] {logging_mixin.py:188} INFO - [2023-12-19T03:31:46.934+0000] {dagbag.py:538} INFO - Filling up the DagBag from /home/airflow/.local/lib/python3.8/site-packages/airflow/example_dags/example_branch_operator_decorator.py
[2023-12-19T03:31:46.945+0000] {processor.py:840} INFO - DAG(s) 'example_branch_python_operator_decorator' retrieved from /home/airflow/.local/lib/python3.8/site-packages/airflow/example_dags/example_branch_operator_decorator.py
[2023-12-19T03:31:46.962+0000] {logging_mixin.py:188} INFO - [2023-12-19T03:31:46.962+0000] {dag.py:3033} INFO - Sync 1 DAGs
[2023-12-19T03:31:46.974+0000] {logging_mixin.py:188} INFO - [2023-12-19T03:31:46.974+0000] {dag.py:3820} INFO - Setting next_dagrun for example_branch_python_operator_decorator to 2023-12-18T00:00:00+00:00, run_after=2023-12-19T00:00:00+00:00
[2023-12-19T03:31:46.983+0000] {processor.py:183} INFO - Processing /home/airflow/.local/lib/python3.8/site-packages/airflow/example_dags/example_branch_operator_decorator.py took 0.054 seconds
[2023-12-19T03:32:17.246+0000] {processor.py:161} INFO - Started process (PID=844) to work on /home/airflow/.local/lib/python3.8/site-packages/airflow/example_dags/example_branch_operator_decorator.py
[2023-12-19T03:32:17.248+0000] {processor.py:830} INFO - Processing file /home/airflow/.local/lib/python3.8/site-packages/airflow/example_dags/example_branch_operator_decorator.py for tasks to queue
[2023-12-19T03:32:17.250+0000] {logging_mixin.py:188} INFO - [2023-12-19T03:32:17.249+0000] {dagbag.py:538} INFO - Filling up the DagBag from /home/airflow/.local/lib/python3.8/site-packages/airflow/example_dags/example_branch_operator_decorator.py
[2023-12-19T03:32:17.260+0000] {processor.py:840} INFO - DAG(s) 'example_branch_python_operator_decorator' retrieved from /home/airflow/.local/lib/python3.8/site-packages/airflow/example_dags/example_branch_operator_decorator.py
[2023-12-19T03:32:17.278+0000] {logging_mixin.py:188} INFO - [2023-12-19T03:32:17.278+0000] {dag.py:3033} INFO - Sync 1 DAGs
[2023-12-19T03:32:17.290+0000] {logging_mixin.py:188} INFO - [2023-12-19T03:32:17.290+0000] {dag.py:3820} INFO - Setting next_dagrun for example_branch_python_operator_decorator to 2023-12-18T00:00:00+00:00, run_after=2023-12-19T00:00:00+00:00
[2023-12-19T03:32:17.298+0000] {processor.py:183} INFO - Processing /home/airflow/.local/lib/python3.8/site-packages/airflow/example_dags/example_branch_operator_decorator.py took 0.055 seconds
[2023-12-19T03:32:47.585+0000] {processor.py:161} INFO - Started process (PID=899) to work on /home/airflow/.local/lib/python3.8/site-packages/airflow/example_dags/example_branch_operator_decorator.py
[2023-12-19T03:32:47.586+0000] {processor.py:830} INFO - Processing file /home/airflow/.local/lib/python3.8/site-packages/airflow/example_dags/example_branch_operator_decorator.py for tasks to queue
[2023-12-19T03:32:47.588+0000] {logging_mixin.py:188} INFO - [2023-12-19T03:32:47.588+0000] {dagbag.py:538} INFO - Filling up the DagBag from /home/airflow/.local/lib/python3.8/site-packages/airflow/example_dags/example_branch_operator_decorator.py
[2023-12-19T03:32:47.598+0000] {processor.py:840} INFO - DAG(s) 'example_branch_python_operator_decorator' retrieved from /home/airflow/.local/lib/python3.8/site-packages/airflow/example_dags/example_branch_operator_decorator.py
[2023-12-19T03:32:47.615+0000] {logging_mixin.py:188} INFO - [2023-12-19T03:32:47.615+0000] {dag.py:3033} INFO - Sync 1 DAGs
[2023-12-19T03:32:47.627+0000] {logging_mixin.py:188} INFO - [2023-12-19T03:32:47.627+0000] {dag.py:3820} INFO - Setting next_dagrun for example_branch_python_operator_decorator to 2023-12-18T00:00:00+00:00, run_after=2023-12-19T00:00:00+00:00
[2023-12-19T03:32:47.636+0000] {processor.py:183} INFO - Processing /home/airflow/.local/lib/python3.8/site-packages/airflow/example_dags/example_branch_operator_decorator.py took 0.054 seconds
[2023-12-19T03:33:17.866+0000] {processor.py:161} INFO - Started process (PID=954) to work on /home/airflow/.local/lib/python3.8/site-packages/airflow/example_dags/example_branch_operator_decorator.py
[2023-12-19T03:33:17.867+0000] {processor.py:830} INFO - Processing file /home/airflow/.local/lib/python3.8/site-packages/airflow/example_dags/example_branch_operator_decorator.py for tasks to queue
[2023-12-19T03:33:17.868+0000] {logging_mixin.py:188} INFO - [2023-12-19T03:33:17.868+0000] {dagbag.py:538} INFO - Filling up the DagBag from /home/airflow/.local/lib/python3.8/site-packages/airflow/example_dags/example_branch_operator_decorator.py
[2023-12-19T03:33:17.877+0000] {processor.py:840} INFO - DAG(s) 'example_branch_python_operator_decorator' retrieved from /home/airflow/.local/lib/python3.8/site-packages/airflow/example_dags/example_branch_operator_decorator.py
[2023-12-19T03:33:17.895+0000] {logging_mixin.py:188} INFO - [2023-12-19T03:33:17.895+0000] {dag.py:3033} INFO - Sync 1 DAGs
[2023-12-19T03:33:17.907+0000] {logging_mixin.py:188} INFO - [2023-12-19T03:33:17.907+0000] {dag.py:3820} INFO - Setting next_dagrun for example_branch_python_operator_decorator to 2023-12-18T00:00:00+00:00, run_after=2023-12-19T00:00:00+00:00
[2023-12-19T03:33:17.916+0000] {processor.py:183} INFO - Processing /home/airflow/.local/lib/python3.8/site-packages/airflow/example_dags/example_branch_operator_decorator.py took 0.052 seconds
[2023-12-19T03:33:48.162+0000] {processor.py:161} INFO - Started process (PID=1009) to work on /home/airflow/.local/lib/python3.8/site-packages/airflow/example_dags/example_branch_operator_decorator.py
[2023-12-19T03:33:48.163+0000] {processor.py:830} INFO - Processing file /home/airflow/.local/lib/python3.8/site-packages/airflow/example_dags/example_branch_operator_decorator.py for tasks to queue
[2023-12-19T03:33:48.165+0000] {logging_mixin.py:188} INFO - [2023-12-19T03:33:48.165+0000] {dagbag.py:538} INFO - Filling up the DagBag from /home/airflow/.local/lib/python3.8/site-packages/airflow/example_dags/example_branch_operator_decorator.py
[2023-12-19T03:33:48.174+0000] {processor.py:840} INFO - DAG(s) 'example_branch_python_operator_decorator' retrieved from /home/airflow/.local/lib/python3.8/site-packages/airflow/example_dags/example_branch_operator_decorator.py
[2023-12-19T03:33:48.190+0000] {logging_mixin.py:188} INFO - [2023-12-19T03:33:48.190+0000] {dag.py:3033} INFO - Sync 1 DAGs
[2023-12-19T03:33:48.201+0000] {logging_mixin.py:188} INFO - [2023-12-19T03:33:48.201+0000] {dag.py:3820} INFO - Setting next_dagrun for example_branch_python_operator_decorator to 2023-12-18T00:00:00+00:00, run_after=2023-12-19T00:00:00+00:00
[2023-12-19T03:33:48.208+0000] {processor.py:183} INFO - Processing /home/airflow/.local/lib/python3.8/site-packages/airflow/example_dags/example_branch_operator_decorator.py took 0.049 seconds
[2023-12-19T03:34:18.526+0000] {processor.py:161} INFO - Started process (PID=1064) to work on /home/airflow/.local/lib/python3.8/site-packages/airflow/example_dags/example_branch_operator_decorator.py
[2023-12-19T03:34:18.527+0000] {processor.py:830} INFO - Processing file /home/airflow/.local/lib/python3.8/site-packages/airflow/example_dags/example_branch_operator_decorator.py for tasks to queue
[2023-12-19T03:34:18.529+0000] {logging_mixin.py:188} INFO - [2023-12-19T03:34:18.529+0000] {dagbag.py:538} INFO - Filling up the DagBag from /home/airflow/.local/lib/python3.8/site-packages/airflow/example_dags/example_branch_operator_decorator.py
[2023-12-19T03:34:18.539+0000] {processor.py:840} INFO - DAG(s) 'example_branch_python_operator_decorator' retrieved from /home/airflow/.local/lib/python3.8/site-packages/airflow/example_dags/example_branch_operator_decorator.py
[2023-12-19T03:34:18.555+0000] {logging_mixin.py:188} INFO - [2023-12-19T03:34:18.555+0000] {dag.py:3033} INFO - Sync 1 DAGs
[2023-12-19T03:34:18.566+0000] {logging_mixin.py:188} INFO - [2023-12-19T03:34:18.566+0000] {dag.py:3820} INFO - Setting next_dagrun for example_branch_python_operator_decorator to 2023-12-18T00:00:00+00:00, run_after=2023-12-19T00:00:00+00:00
[2023-12-19T03:34:18.574+0000] {processor.py:183} INFO - Processing /home/airflow/.local/lib/python3.8/site-packages/airflow/example_dags/example_branch_operator_decorator.py took 0.051 seconds
[2023-12-19T03:34:48.893+0000] {processor.py:161} INFO - Started process (PID=1119) to work on /home/airflow/.local/lib/python3.8/site-packages/airflow/example_dags/example_branch_operator_decorator.py
[2023-12-19T03:34:48.894+0000] {processor.py:830} INFO - Processing file /home/airflow/.local/lib/python3.8/site-packages/airflow/example_dags/example_branch_operator_decorator.py for tasks to queue
[2023-12-19T03:34:48.896+0000] {logging_mixin.py:188} INFO - [2023-12-19T03:34:48.895+0000] {dagbag.py:538} INFO - Filling up the DagBag from /home/airflow/.local/lib/python3.8/site-packages/airflow/example_dags/example_branch_operator_decorator.py
[2023-12-19T03:34:48.905+0000] {processor.py:840} INFO - DAG(s) 'example_branch_python_operator_decorator' retrieved from /home/airflow/.local/lib/python3.8/site-packages/airflow/example_dags/example_branch_operator_decorator.py
[2023-12-19T03:34:48.922+0000] {logging_mixin.py:188} INFO - [2023-12-19T03:34:48.922+0000] {dag.py:3033} INFO - Sync 1 DAGs
[2023-12-19T03:34:48.934+0000] {logging_mixin.py:188} INFO - [2023-12-19T03:34:48.934+0000] {dag.py:3820} INFO - Setting next_dagrun for example_branch_python_operator_decorator to 2023-12-18T00:00:00+00:00, run_after=2023-12-19T00:00:00+00:00
[2023-12-19T03:34:48.942+0000] {processor.py:183} INFO - Processing /home/airflow/.local/lib/python3.8/site-packages/airflow/example_dags/example_branch_operator_decorator.py took 0.052 seconds
[2023-12-19T03:35:18.982+0000] {processor.py:161} INFO - Started process (PID=1174) to work on /home/airflow/.local/lib/python3.8/site-packages/airflow/example_dags/example_branch_operator_decorator.py
[2023-12-19T03:35:18.984+0000] {processor.py:830} INFO - Processing file /home/airflow/.local/lib/python3.8/site-packages/airflow/example_dags/example_branch_operator_decorator.py for tasks to queue
[2023-12-19T03:35:18.986+0000] {logging_mixin.py:188} INFO - [2023-12-19T03:35:18.986+0000] {dagbag.py:538} INFO - Filling up the DagBag from /home/airflow/.local/lib/python3.8/site-packages/airflow/example_dags/example_branch_operator_decorator.py
[2023-12-19T03:35:19.002+0000] {processor.py:840} INFO - DAG(s) 'example_branch_python_operator_decorator' retrieved from /home/airflow/.local/lib/python3.8/site-packages/airflow/example_dags/example_branch_operator_decorator.py
[2023-12-19T03:35:19.025+0000] {logging_mixin.py:188} INFO - [2023-12-19T03:35:19.025+0000] {dag.py:3033} INFO - Sync 1 DAGs
[2023-12-19T03:35:19.039+0000] {logging_mixin.py:188} INFO - [2023-12-19T03:35:19.039+0000] {dag.py:3820} INFO - Setting next_dagrun for example_branch_python_operator_decorator to 2023-12-18T00:00:00+00:00, run_after=2023-12-19T00:00:00+00:00
[2023-12-19T03:35:19.047+0000] {processor.py:183} INFO - Processing /home/airflow/.local/lib/python3.8/site-packages/airflow/example_dags/example_branch_operator_decorator.py took 0.068 seconds
[2023-12-19T03:35:49.302+0000] {processor.py:161} INFO - Started process (PID=1229) to work on /home/airflow/.local/lib/python3.8/site-packages/airflow/example_dags/example_branch_operator_decorator.py
[2023-12-19T03:35:49.303+0000] {processor.py:830} INFO - Processing file /home/airflow/.local/lib/python3.8/site-packages/airflow/example_dags/example_branch_operator_decorator.py for tasks to queue
[2023-12-19T03:35:49.305+0000] {logging_mixin.py:188} INFO - [2023-12-19T03:35:49.304+0000] {dagbag.py:538} INFO - Filling up the DagBag from /home/airflow/.local/lib/python3.8/site-packages/airflow/example_dags/example_branch_operator_decorator.py
[2023-12-19T03:35:49.314+0000] {processor.py:840} INFO - DAG(s) 'example_branch_python_operator_decorator' retrieved from /home/airflow/.local/lib/python3.8/site-packages/airflow/example_dags/example_branch_operator_decorator.py
[2023-12-19T03:35:49.331+0000] {logging_mixin.py:188} INFO - [2023-12-19T03:35:49.331+0000] {dag.py:3033} INFO - Sync 1 DAGs
[2023-12-19T03:35:49.343+0000] {logging_mixin.py:188} INFO - [2023-12-19T03:35:49.343+0000] {dag.py:3820} INFO - Setting next_dagrun for example_branch_python_operator_decorator to 2023-12-18T00:00:00+00:00, run_after=2023-12-19T00:00:00+00:00
[2023-12-19T03:35:49.351+0000] {processor.py:183} INFO - Processing /home/airflow/.local/lib/python3.8/site-packages/airflow/example_dags/example_branch_operator_decorator.py took 0.052 seconds
[2023-12-19T03:36:19.609+0000] {processor.py:161} INFO - Started process (PID=1284) to work on /home/airflow/.local/lib/python3.8/site-packages/airflow/example_dags/example_branch_operator_decorator.py
[2023-12-19T03:36:19.610+0000] {processor.py:830} INFO - Processing file /home/airflow/.local/lib/python3.8/site-packages/airflow/example_dags/example_branch_operator_decorator.py for tasks to queue
[2023-12-19T03:36:19.612+0000] {logging_mixin.py:188} INFO - [2023-12-19T03:36:19.611+0000] {dagbag.py:538} INFO - Filling up the DagBag from /home/airflow/.local/lib/python3.8/site-packages/airflow/example_dags/example_branch_operator_decorator.py
[2023-12-19T03:36:19.621+0000] {processor.py:840} INFO - DAG(s) 'example_branch_python_operator_decorator' retrieved from /home/airflow/.local/lib/python3.8/site-packages/airflow/example_dags/example_branch_operator_decorator.py
[2023-12-19T03:36:19.638+0000] {logging_mixin.py:188} INFO - [2023-12-19T03:36:19.638+0000] {dag.py:3033} INFO - Sync 1 DAGs
[2023-12-19T03:36:19.650+0000] {logging_mixin.py:188} INFO - [2023-12-19T03:36:19.650+0000] {dag.py:3820} INFO - Setting next_dagrun for example_branch_python_operator_decorator to 2023-12-18T00:00:00+00:00, run_after=2023-12-19T00:00:00+00:00
[2023-12-19T03:36:19.658+0000] {processor.py:183} INFO - Processing /home/airflow/.local/lib/python3.8/site-packages/airflow/example_dags/example_branch_operator_decorator.py took 0.052 seconds
[2023-12-19T03:36:50.164+0000] {processor.py:161} INFO - Started process (PID=1339) to work on /home/airflow/.local/lib/python3.8/site-packages/airflow/example_dags/example_branch_operator_decorator.py
[2023-12-19T03:36:50.165+0000] {processor.py:830} INFO - Processing file /home/airflow/.local/lib/python3.8/site-packages/airflow/example_dags/example_branch_operator_decorator.py for tasks to queue
[2023-12-19T03:36:50.167+0000] {logging_mixin.py:188} INFO - [2023-12-19T03:36:50.167+0000] {dagbag.py:538} INFO - Filling up the DagBag from /home/airflow/.local/lib/python3.8/site-packages/airflow/example_dags/example_branch_operator_decorator.py
[2023-12-19T03:36:50.177+0000] {processor.py:840} INFO - DAG(s) 'example_branch_python_operator_decorator' retrieved from /home/airflow/.local/lib/python3.8/site-packages/airflow/example_dags/example_branch_operator_decorator.py
[2023-12-19T03:36:50.194+0000] {logging_mixin.py:188} INFO - [2023-12-19T03:36:50.194+0000] {dag.py:3033} INFO - Sync 1 DAGs
[2023-12-19T03:36:50.206+0000] {logging_mixin.py:188} INFO - [2023-12-19T03:36:50.206+0000] {dag.py:3820} INFO - Setting next_dagrun for example_branch_python_operator_decorator to 2023-12-18T00:00:00+00:00, run_after=2023-12-19T00:00:00+00:00
[2023-12-19T03:36:50.215+0000] {processor.py:183} INFO - Processing /home/airflow/.local/lib/python3.8/site-packages/airflow/example_dags/example_branch_operator_decorator.py took 0.053 seconds
[2023-12-19T03:37:20.499+0000] {processor.py:161} INFO - Started process (PID=1394) to work on /home/airflow/.local/lib/python3.8/site-packages/airflow/example_dags/example_branch_operator_decorator.py
[2023-12-19T03:37:20.500+0000] {processor.py:830} INFO - Processing file /home/airflow/.local/lib/python3.8/site-packages/airflow/example_dags/example_branch_operator_decorator.py for tasks to queue
[2023-12-19T03:37:20.502+0000] {logging_mixin.py:188} INFO - [2023-12-19T03:37:20.501+0000] {dagbag.py:538} INFO - Filling up the DagBag from /home/airflow/.local/lib/python3.8/site-packages/airflow/example_dags/example_branch_operator_decorator.py
[2023-12-19T03:37:20.512+0000] {processor.py:840} INFO - DAG(s) 'example_branch_python_operator_decorator' retrieved from /home/airflow/.local/lib/python3.8/site-packages/airflow/example_dags/example_branch_operator_decorator.py
[2023-12-19T03:37:20.529+0000] {logging_mixin.py:188} INFO - [2023-12-19T03:37:20.529+0000] {dag.py:3033} INFO - Sync 1 DAGs
[2023-12-19T03:37:20.543+0000] {logging_mixin.py:188} INFO - [2023-12-19T03:37:20.543+0000] {dag.py:3820} INFO - Setting next_dagrun for example_branch_python_operator_decorator to 2023-12-18T00:00:00+00:00, run_after=2023-12-19T00:00:00+00:00
[2023-12-19T03:37:20.552+0000] {processor.py:183} INFO - Processing /home/airflow/.local/lib/python3.8/site-packages/airflow/example_dags/example_branch_operator_decorator.py took 0.056 seconds
[2023-12-19T03:37:50.784+0000] {processor.py:161} INFO - Started process (PID=1449) to work on /home/airflow/.local/lib/python3.8/site-packages/airflow/example_dags/example_branch_operator_decorator.py
[2023-12-19T03:37:50.785+0000] {processor.py:830} INFO - Processing file /home/airflow/.local/lib/python3.8/site-packages/airflow/example_dags/example_branch_operator_decorator.py for tasks to queue
[2023-12-19T03:37:50.787+0000] {logging_mixin.py:188} INFO - [2023-12-19T03:37:50.787+0000] {dagbag.py:538} INFO - Filling up the DagBag from /home/airflow/.local/lib/python3.8/site-packages/airflow/example_dags/example_branch_operator_decorator.py
[2023-12-19T03:37:50.797+0000] {processor.py:840} INFO - DAG(s) 'example_branch_python_operator_decorator' retrieved from /home/airflow/.local/lib/python3.8/site-packages/airflow/example_dags/example_branch_operator_decorator.py
[2023-12-19T03:37:50.815+0000] {logging_mixin.py:188} INFO - [2023-12-19T03:37:50.814+0000] {dag.py:3033} INFO - Sync 1 DAGs
[2023-12-19T03:37:50.827+0000] {logging_mixin.py:188} INFO - [2023-12-19T03:37:50.827+0000] {dag.py:3820} INFO - Setting next_dagrun for example_branch_python_operator_decorator to 2023-12-18T00:00:00+00:00, run_after=2023-12-19T00:00:00+00:00
[2023-12-19T03:37:50.835+0000] {processor.py:183} INFO - Processing /home/airflow/.local/lib/python3.8/site-packages/airflow/example_dags/example_branch_operator_decorator.py took 0.054 seconds
