[2023-12-19T03:23:35.461+0000] {processor.py:161} INFO - Started process (PID=58) to work on /home/airflow/.local/lib/python3.8/site-packages/airflow/example_dags/example_branch_operator.py
[2023-12-19T03:23:35.462+0000] {processor.py:830} INFO - Processing file /home/airflow/.local/lib/python3.8/site-packages/airflow/example_dags/example_branch_operator.py for tasks to queue
[2023-12-19T03:23:35.465+0000] {logging_mixin.py:188} INFO - [2023-12-19T03:23:35.465+0000] {dagbag.py:538} INFO - Filling up the DagBag from /home/airflow/.local/lib/python3.8/site-packages/airflow/example_dags/example_branch_operator.py
[2023-12-19T03:23:35.478+0000] {processor.py:840} INFO - DAG(s) 'example_branch_operator' retrieved from /home/airflow/.local/lib/python3.8/site-packages/airflow/example_dags/example_branch_operator.py
[2023-12-19T03:23:35.489+0000] {logging_mixin.py:188} INFO - [2023-12-19T03:23:35.489+0000] {dag.py:3033} INFO - Sync 1 DAGs
[2023-12-19T03:23:35.507+0000] {logging_mixin.py:188} INFO - [2023-12-19T03:23:35.506+0000] {dag.py:3820} INFO - Setting next_dagrun for example_branch_operator to 2023-12-18T00:00:00+00:00, run_after=2023-12-19T00:00:00+00:00
[2023-12-19T03:23:35.517+0000] {processor.py:183} INFO - Processing /home/airflow/.local/lib/python3.8/site-packages/airflow/example_dags/example_branch_operator.py took 0.060 seconds
[2023-12-19T03:24:06.008+0000] {processor.py:161} INFO - Started process (PID=113) to work on /home/airflow/.local/lib/python3.8/site-packages/airflow/example_dags/example_branch_operator.py
[2023-12-19T03:24:06.009+0000] {processor.py:830} INFO - Processing file /home/airflow/.local/lib/python3.8/site-packages/airflow/example_dags/example_branch_operator.py for tasks to queue
[2023-12-19T03:24:06.011+0000] {logging_mixin.py:188} INFO - [2023-12-19T03:24:06.010+0000] {dagbag.py:538} INFO - Filling up the DagBag from /home/airflow/.local/lib/python3.8/site-packages/airflow/example_dags/example_branch_operator.py
[2023-12-19T03:24:06.022+0000] {processor.py:840} INFO - DAG(s) 'example_branch_operator' retrieved from /home/airflow/.local/lib/python3.8/site-packages/airflow/example_dags/example_branch_operator.py
[2023-12-19T03:24:06.079+0000] {logging_mixin.py:188} INFO - [2023-12-19T03:24:06.079+0000] {dag.py:3033} INFO - Sync 1 DAGs
[2023-12-19T03:24:06.090+0000] {logging_mixin.py:188} INFO - [2023-12-19T03:24:06.090+0000] {dag.py:3820} INFO - Setting next_dagrun for example_branch_operator to 2023-12-18T00:00:00+00:00, run_after=2023-12-19T00:00:00+00:00
[2023-12-19T03:24:06.099+0000] {processor.py:183} INFO - Processing /home/airflow/.local/lib/python3.8/site-packages/airflow/example_dags/example_branch_operator.py took 0.094 seconds
[2023-12-19T03:24:39.432+0000] {processor.py:161} INFO - Started process (PID=57) to work on /home/airflow/.local/lib/python3.8/site-packages/airflow/example_dags/example_branch_operator.py
[2023-12-19T03:24:39.433+0000] {processor.py:830} INFO - Processing file /home/airflow/.local/lib/python3.8/site-packages/airflow/example_dags/example_branch_operator.py for tasks to queue
[2023-12-19T03:24:39.435+0000] {logging_mixin.py:188} INFO - [2023-12-19T03:24:39.435+0000] {dagbag.py:538} INFO - Filling up the DagBag from /home/airflow/.local/lib/python3.8/site-packages/airflow/example_dags/example_branch_operator.py
[2023-12-19T03:24:39.444+0000] {processor.py:840} INFO - DAG(s) 'example_branch_operator' retrieved from /home/airflow/.local/lib/python3.8/site-packages/airflow/example_dags/example_branch_operator.py
[2023-12-19T03:24:39.501+0000] {logging_mixin.py:188} INFO - [2023-12-19T03:24:39.501+0000] {dag.py:3033} INFO - Sync 1 DAGs
[2023-12-19T03:24:39.512+0000] {logging_mixin.py:188} INFO - [2023-12-19T03:24:39.512+0000] {dag.py:3820} INFO - Setting next_dagrun for example_branch_operator to 2023-12-18T00:00:00+00:00, run_after=2023-12-19T00:00:00+00:00
[2023-12-19T03:24:39.520+0000] {processor.py:183} INFO - Processing /home/airflow/.local/lib/python3.8/site-packages/airflow/example_dags/example_branch_operator.py took 0.091 seconds
[2023-12-19T03:25:11.770+0000] {processor.py:161} INFO - Started process (PID=57) to work on /home/airflow/.local/lib/python3.8/site-packages/airflow/example_dags/example_branch_operator.py
[2023-12-19T03:25:11.772+0000] {processor.py:830} INFO - Processing file /home/airflow/.local/lib/python3.8/site-packages/airflow/example_dags/example_branch_operator.py for tasks to queue
[2023-12-19T03:25:11.774+0000] {logging_mixin.py:188} INFO - [2023-12-19T03:25:11.774+0000] {dagbag.py:538} INFO - Filling up the DagBag from /home/airflow/.local/lib/python3.8/site-packages/airflow/example_dags/example_branch_operator.py
[2023-12-19T03:25:11.788+0000] {processor.py:840} INFO - DAG(s) 'example_branch_operator' retrieved from /home/airflow/.local/lib/python3.8/site-packages/airflow/example_dags/example_branch_operator.py
[2023-12-19T03:25:11.817+0000] {logging_mixin.py:188} INFO - [2023-12-19T03:25:11.817+0000] {dag.py:3033} INFO - Sync 1 DAGs
[2023-12-19T03:25:11.837+0000] {logging_mixin.py:188} INFO - [2023-12-19T03:25:11.837+0000] {dag.py:3820} INFO - Setting next_dagrun for example_branch_operator to 2023-12-18T00:00:00+00:00, run_after=2023-12-19T00:00:00+00:00
[2023-12-19T03:25:11.847+0000] {processor.py:183} INFO - Processing /home/airflow/.local/lib/python3.8/site-packages/airflow/example_dags/example_branch_operator.py took 0.082 seconds
[2023-12-19T03:25:42.640+0000] {processor.py:161} INFO - Started process (PID=111) to work on /home/airflow/.local/lib/python3.8/site-packages/airflow/example_dags/example_branch_operator.py
[2023-12-19T03:25:42.641+0000] {processor.py:830} INFO - Processing file /home/airflow/.local/lib/python3.8/site-packages/airflow/example_dags/example_branch_operator.py for tasks to queue
[2023-12-19T03:25:42.643+0000] {logging_mixin.py:188} INFO - [2023-12-19T03:25:42.643+0000] {dagbag.py:538} INFO - Filling up the DagBag from /home/airflow/.local/lib/python3.8/site-packages/airflow/example_dags/example_branch_operator.py
[2023-12-19T03:25:42.653+0000] {processor.py:840} INFO - DAG(s) 'example_branch_operator' retrieved from /home/airflow/.local/lib/python3.8/site-packages/airflow/example_dags/example_branch_operator.py
[2023-12-19T03:25:42.706+0000] {logging_mixin.py:188} INFO - [2023-12-19T03:25:42.706+0000] {dag.py:3033} INFO - Sync 1 DAGs
[2023-12-19T03:25:42.718+0000] {logging_mixin.py:188} INFO - [2023-12-19T03:25:42.718+0000] {dag.py:3820} INFO - Setting next_dagrun for example_branch_operator to 2023-12-18T00:00:00+00:00, run_after=2023-12-19T00:00:00+00:00
[2023-12-19T03:25:42.728+0000] {processor.py:183} INFO - Processing /home/airflow/.local/lib/python3.8/site-packages/airflow/example_dags/example_branch_operator.py took 0.091 seconds
[2023-12-19T03:26:13.533+0000] {processor.py:161} INFO - Started process (PID=174) to work on /home/airflow/.local/lib/python3.8/site-packages/airflow/example_dags/example_branch_operator.py
[2023-12-19T03:26:13.534+0000] {processor.py:830} INFO - Processing file /home/airflow/.local/lib/python3.8/site-packages/airflow/example_dags/example_branch_operator.py for tasks to queue
[2023-12-19T03:26:13.536+0000] {logging_mixin.py:188} INFO - [2023-12-19T03:26:13.536+0000] {dagbag.py:538} INFO - Filling up the DagBag from /home/airflow/.local/lib/python3.8/site-packages/airflow/example_dags/example_branch_operator.py
[2023-12-19T03:26:13.546+0000] {processor.py:840} INFO - DAG(s) 'example_branch_operator' retrieved from /home/airflow/.local/lib/python3.8/site-packages/airflow/example_dags/example_branch_operator.py
[2023-12-19T03:26:13.563+0000] {logging_mixin.py:188} INFO - [2023-12-19T03:26:13.563+0000] {dag.py:3033} INFO - Sync 1 DAGs
[2023-12-19T03:26:13.575+0000] {logging_mixin.py:188} INFO - [2023-12-19T03:26:13.575+0000] {dag.py:3820} INFO - Setting next_dagrun for example_branch_operator to 2023-12-18T00:00:00+00:00, run_after=2023-12-19T00:00:00+00:00
[2023-12-19T03:26:13.584+0000] {processor.py:183} INFO - Processing /home/airflow/.local/lib/python3.8/site-packages/airflow/example_dags/example_branch_operator.py took 0.053 seconds
[2023-12-19T03:26:43.744+0000] {processor.py:161} INFO - Started process (PID=229) to work on /home/airflow/.local/lib/python3.8/site-packages/airflow/example_dags/example_branch_operator.py
[2023-12-19T03:26:43.745+0000] {processor.py:830} INFO - Processing file /home/airflow/.local/lib/python3.8/site-packages/airflow/example_dags/example_branch_operator.py for tasks to queue
[2023-12-19T03:26:43.747+0000] {logging_mixin.py:188} INFO - [2023-12-19T03:26:43.746+0000] {dagbag.py:538} INFO - Filling up the DagBag from /home/airflow/.local/lib/python3.8/site-packages/airflow/example_dags/example_branch_operator.py
[2023-12-19T03:26:43.759+0000] {processor.py:840} INFO - DAG(s) 'example_branch_operator' retrieved from /home/airflow/.local/lib/python3.8/site-packages/airflow/example_dags/example_branch_operator.py
[2023-12-19T03:26:43.779+0000] {logging_mixin.py:188} INFO - [2023-12-19T03:26:43.779+0000] {dag.py:3033} INFO - Sync 1 DAGs
[2023-12-19T03:26:43.794+0000] {logging_mixin.py:188} INFO - [2023-12-19T03:26:43.794+0000] {dag.py:3820} INFO - Setting next_dagrun for example_branch_operator to 2023-12-18T00:00:00+00:00, run_after=2023-12-19T00:00:00+00:00
[2023-12-19T03:26:43.810+0000] {processor.py:183} INFO - Processing /home/airflow/.local/lib/python3.8/site-packages/airflow/example_dags/example_branch_operator.py took 0.069 seconds
[2023-12-19T03:27:14.429+0000] {processor.py:161} INFO - Started process (PID=284) to work on /home/airflow/.local/lib/python3.8/site-packages/airflow/example_dags/example_branch_operator.py
[2023-12-19T03:27:14.431+0000] {processor.py:830} INFO - Processing file /home/airflow/.local/lib/python3.8/site-packages/airflow/example_dags/example_branch_operator.py for tasks to queue
[2023-12-19T03:27:14.433+0000] {logging_mixin.py:188} INFO - [2023-12-19T03:27:14.433+0000] {dagbag.py:538} INFO - Filling up the DagBag from /home/airflow/.local/lib/python3.8/site-packages/airflow/example_dags/example_branch_operator.py
[2023-12-19T03:27:14.453+0000] {processor.py:840} INFO - DAG(s) 'example_branch_operator' retrieved from /home/airflow/.local/lib/python3.8/site-packages/airflow/example_dags/example_branch_operator.py
[2023-12-19T03:27:14.477+0000] {logging_mixin.py:188} INFO - [2023-12-19T03:27:14.477+0000] {dag.py:3033} INFO - Sync 1 DAGs
[2023-12-19T03:27:14.492+0000] {logging_mixin.py:188} INFO - [2023-12-19T03:27:14.492+0000] {dag.py:3820} INFO - Setting next_dagrun for example_branch_operator to 2023-12-18T00:00:00+00:00, run_after=2023-12-19T00:00:00+00:00
[2023-12-19T03:27:14.509+0000] {processor.py:183} INFO - Processing /home/airflow/.local/lib/python3.8/site-packages/airflow/example_dags/example_branch_operator.py took 0.084 seconds
[2023-12-19T03:27:44.873+0000] {processor.py:161} INFO - Started process (PID=339) to work on /home/airflow/.local/lib/python3.8/site-packages/airflow/example_dags/example_branch_operator.py
[2023-12-19T03:27:44.874+0000] {processor.py:830} INFO - Processing file /home/airflow/.local/lib/python3.8/site-packages/airflow/example_dags/example_branch_operator.py for tasks to queue
[2023-12-19T03:27:44.876+0000] {logging_mixin.py:188} INFO - [2023-12-19T03:27:44.875+0000] {dagbag.py:538} INFO - Filling up the DagBag from /home/airflow/.local/lib/python3.8/site-packages/airflow/example_dags/example_branch_operator.py
[2023-12-19T03:27:44.887+0000] {processor.py:840} INFO - DAG(s) 'example_branch_operator' retrieved from /home/airflow/.local/lib/python3.8/site-packages/airflow/example_dags/example_branch_operator.py
[2023-12-19T03:27:44.907+0000] {logging_mixin.py:188} INFO - [2023-12-19T03:27:44.907+0000] {dag.py:3033} INFO - Sync 1 DAGs
[2023-12-19T03:27:44.920+0000] {logging_mixin.py:188} INFO - [2023-12-19T03:27:44.920+0000] {dag.py:3820} INFO - Setting next_dagrun for example_branch_operator to 2023-12-18T00:00:00+00:00, run_after=2023-12-19T00:00:00+00:00
[2023-12-19T03:27:44.934+0000] {processor.py:183} INFO - Processing /home/airflow/.local/lib/python3.8/site-packages/airflow/example_dags/example_branch_operator.py took 0.064 seconds
[2023-12-19T03:28:15.071+0000] {processor.py:161} INFO - Started process (PID=394) to work on /home/airflow/.local/lib/python3.8/site-packages/airflow/example_dags/example_branch_operator.py
[2023-12-19T03:28:15.073+0000] {processor.py:830} INFO - Processing file /home/airflow/.local/lib/python3.8/site-packages/airflow/example_dags/example_branch_operator.py for tasks to queue
[2023-12-19T03:28:15.074+0000] {logging_mixin.py:188} INFO - [2023-12-19T03:28:15.074+0000] {dagbag.py:538} INFO - Filling up the DagBag from /home/airflow/.local/lib/python3.8/site-packages/airflow/example_dags/example_branch_operator.py
[2023-12-19T03:28:15.084+0000] {processor.py:840} INFO - DAG(s) 'example_branch_operator' retrieved from /home/airflow/.local/lib/python3.8/site-packages/airflow/example_dags/example_branch_operator.py
[2023-12-19T03:28:15.101+0000] {logging_mixin.py:188} INFO - [2023-12-19T03:28:15.101+0000] {dag.py:3033} INFO - Sync 1 DAGs
[2023-12-19T03:28:15.113+0000] {logging_mixin.py:188} INFO - [2023-12-19T03:28:15.113+0000] {dag.py:3820} INFO - Setting next_dagrun for example_branch_operator to 2023-12-18T00:00:00+00:00, run_after=2023-12-19T00:00:00+00:00
[2023-12-19T03:28:15.122+0000] {processor.py:183} INFO - Processing /home/airflow/.local/lib/python3.8/site-packages/airflow/example_dags/example_branch_operator.py took 0.054 seconds
[2023-12-19T03:28:45.329+0000] {processor.py:161} INFO - Started process (PID=449) to work on /home/airflow/.local/lib/python3.8/site-packages/airflow/example_dags/example_branch_operator.py
[2023-12-19T03:28:45.330+0000] {processor.py:830} INFO - Processing file /home/airflow/.local/lib/python3.8/site-packages/airflow/example_dags/example_branch_operator.py for tasks to queue
[2023-12-19T03:28:45.332+0000] {logging_mixin.py:188} INFO - [2023-12-19T03:28:45.332+0000] {dagbag.py:538} INFO - Filling up the DagBag from /home/airflow/.local/lib/python3.8/site-packages/airflow/example_dags/example_branch_operator.py
[2023-12-19T03:28:45.344+0000] {processor.py:840} INFO - DAG(s) 'example_branch_operator' retrieved from /home/airflow/.local/lib/python3.8/site-packages/airflow/example_dags/example_branch_operator.py
[2023-12-19T03:28:45.368+0000] {logging_mixin.py:188} INFO - [2023-12-19T03:28:45.367+0000] {dag.py:3033} INFO - Sync 1 DAGs
[2023-12-19T03:28:45.381+0000] {logging_mixin.py:188} INFO - [2023-12-19T03:28:45.381+0000] {dag.py:3820} INFO - Setting next_dagrun for example_branch_operator to 2023-12-18T00:00:00+00:00, run_after=2023-12-19T00:00:00+00:00
[2023-12-19T03:28:45.393+0000] {processor.py:183} INFO - Processing /home/airflow/.local/lib/python3.8/site-packages/airflow/example_dags/example_branch_operator.py took 0.066 seconds
[2023-12-19T03:29:15.733+0000] {processor.py:161} INFO - Started process (PID=504) to work on /home/airflow/.local/lib/python3.8/site-packages/airflow/example_dags/example_branch_operator.py
[2023-12-19T03:29:15.735+0000] {processor.py:830} INFO - Processing file /home/airflow/.local/lib/python3.8/site-packages/airflow/example_dags/example_branch_operator.py for tasks to queue
[2023-12-19T03:29:15.737+0000] {logging_mixin.py:188} INFO - [2023-12-19T03:29:15.736+0000] {dagbag.py:538} INFO - Filling up the DagBag from /home/airflow/.local/lib/python3.8/site-packages/airflow/example_dags/example_branch_operator.py
[2023-12-19T03:29:15.748+0000] {processor.py:840} INFO - DAG(s) 'example_branch_operator' retrieved from /home/airflow/.local/lib/python3.8/site-packages/airflow/example_dags/example_branch_operator.py
[2023-12-19T03:29:15.767+0000] {logging_mixin.py:188} INFO - [2023-12-19T03:29:15.767+0000] {dag.py:3033} INFO - Sync 1 DAGs
[2023-12-19T03:29:15.785+0000] {logging_mixin.py:188} INFO - [2023-12-19T03:29:15.784+0000] {dag.py:3820} INFO - Setting next_dagrun for example_branch_operator to 2023-12-18T00:00:00+00:00, run_after=2023-12-19T00:00:00+00:00
[2023-12-19T03:29:15.798+0000] {processor.py:183} INFO - Processing /home/airflow/.local/lib/python3.8/site-packages/airflow/example_dags/example_branch_operator.py took 0.068 seconds
[2023-12-19T03:29:45.888+0000] {processor.py:161} INFO - Started process (PID=559) to work on /home/airflow/.local/lib/python3.8/site-packages/airflow/example_dags/example_branch_operator.py
[2023-12-19T03:29:45.890+0000] {processor.py:830} INFO - Processing file /home/airflow/.local/lib/python3.8/site-packages/airflow/example_dags/example_branch_operator.py for tasks to queue
[2023-12-19T03:29:45.892+0000] {logging_mixin.py:188} INFO - [2023-12-19T03:29:45.891+0000] {dagbag.py:538} INFO - Filling up the DagBag from /home/airflow/.local/lib/python3.8/site-packages/airflow/example_dags/example_branch_operator.py
[2023-12-19T03:29:45.903+0000] {processor.py:840} INFO - DAG(s) 'example_branch_operator' retrieved from /home/airflow/.local/lib/python3.8/site-packages/airflow/example_dags/example_branch_operator.py
[2023-12-19T03:29:45.919+0000] {logging_mixin.py:188} INFO - [2023-12-19T03:29:45.919+0000] {dag.py:3033} INFO - Sync 1 DAGs
[2023-12-19T03:29:45.931+0000] {logging_mixin.py:188} INFO - [2023-12-19T03:29:45.931+0000] {dag.py:3820} INFO - Setting next_dagrun for example_branch_operator to 2023-12-18T00:00:00+00:00, run_after=2023-12-19T00:00:00+00:00
[2023-12-19T03:29:45.940+0000] {processor.py:183} INFO - Processing /home/airflow/.local/lib/python3.8/site-packages/airflow/example_dags/example_branch_operator.py took 0.054 seconds
[2023-12-19T03:30:16.169+0000] {processor.py:161} INFO - Started process (PID=614) to work on /home/airflow/.local/lib/python3.8/site-packages/airflow/example_dags/example_branch_operator.py
[2023-12-19T03:30:16.170+0000] {processor.py:830} INFO - Processing file /home/airflow/.local/lib/python3.8/site-packages/airflow/example_dags/example_branch_operator.py for tasks to queue
[2023-12-19T03:30:16.172+0000] {logging_mixin.py:188} INFO - [2023-12-19T03:30:16.172+0000] {dagbag.py:538} INFO - Filling up the DagBag from /home/airflow/.local/lib/python3.8/site-packages/airflow/example_dags/example_branch_operator.py
[2023-12-19T03:30:16.183+0000] {processor.py:840} INFO - DAG(s) 'example_branch_operator' retrieved from /home/airflow/.local/lib/python3.8/site-packages/airflow/example_dags/example_branch_operator.py
[2023-12-19T03:30:16.199+0000] {logging_mixin.py:188} INFO - [2023-12-19T03:30:16.199+0000] {dag.py:3033} INFO - Sync 1 DAGs
[2023-12-19T03:30:16.211+0000] {logging_mixin.py:188} INFO - [2023-12-19T03:30:16.211+0000] {dag.py:3820} INFO - Setting next_dagrun for example_branch_operator to 2023-12-18T00:00:00+00:00, run_after=2023-12-19T00:00:00+00:00
[2023-12-19T03:30:16.220+0000] {processor.py:183} INFO - Processing /home/airflow/.local/lib/python3.8/site-packages/airflow/example_dags/example_branch_operator.py took 0.054 seconds
[2023-12-19T03:30:46.273+0000] {processor.py:161} INFO - Started process (PID=669) to work on /home/airflow/.local/lib/python3.8/site-packages/airflow/example_dags/example_branch_operator.py
[2023-12-19T03:30:46.274+0000] {processor.py:830} INFO - Processing file /home/airflow/.local/lib/python3.8/site-packages/airflow/example_dags/example_branch_operator.py for tasks to queue
[2023-12-19T03:30:46.276+0000] {logging_mixin.py:188} INFO - [2023-12-19T03:30:46.276+0000] {dagbag.py:538} INFO - Filling up the DagBag from /home/airflow/.local/lib/python3.8/site-packages/airflow/example_dags/example_branch_operator.py
[2023-12-19T03:30:46.286+0000] {processor.py:840} INFO - DAG(s) 'example_branch_operator' retrieved from /home/airflow/.local/lib/python3.8/site-packages/airflow/example_dags/example_branch_operator.py
[2023-12-19T03:30:46.303+0000] {logging_mixin.py:188} INFO - [2023-12-19T03:30:46.303+0000] {dag.py:3033} INFO - Sync 1 DAGs
[2023-12-19T03:30:46.315+0000] {logging_mixin.py:188} INFO - [2023-12-19T03:30:46.315+0000] {dag.py:3820} INFO - Setting next_dagrun for example_branch_operator to 2023-12-18T00:00:00+00:00, run_after=2023-12-19T00:00:00+00:00
[2023-12-19T03:30:46.324+0000] {processor.py:183} INFO - Processing /home/airflow/.local/lib/python3.8/site-packages/airflow/example_dags/example_branch_operator.py took 0.053 seconds
[2023-12-19T03:31:16.485+0000] {processor.py:161} INFO - Started process (PID=724) to work on /home/airflow/.local/lib/python3.8/site-packages/airflow/example_dags/example_branch_operator.py
[2023-12-19T03:31:16.486+0000] {processor.py:830} INFO - Processing file /home/airflow/.local/lib/python3.8/site-packages/airflow/example_dags/example_branch_operator.py for tasks to queue
[2023-12-19T03:31:16.488+0000] {logging_mixin.py:188} INFO - [2023-12-19T03:31:16.488+0000] {dagbag.py:538} INFO - Filling up the DagBag from /home/airflow/.local/lib/python3.8/site-packages/airflow/example_dags/example_branch_operator.py
[2023-12-19T03:31:16.498+0000] {processor.py:840} INFO - DAG(s) 'example_branch_operator' retrieved from /home/airflow/.local/lib/python3.8/site-packages/airflow/example_dags/example_branch_operator.py
[2023-12-19T03:31:16.516+0000] {logging_mixin.py:188} INFO - [2023-12-19T03:31:16.516+0000] {dag.py:3033} INFO - Sync 1 DAGs
[2023-12-19T03:31:16.529+0000] {logging_mixin.py:188} INFO - [2023-12-19T03:31:16.528+0000] {dag.py:3820} INFO - Setting next_dagrun for example_branch_operator to 2023-12-18T00:00:00+00:00, run_after=2023-12-19T00:00:00+00:00
[2023-12-19T03:31:16.537+0000] {processor.py:183} INFO - Processing /home/airflow/.local/lib/python3.8/site-packages/airflow/example_dags/example_branch_operator.py took 0.055 seconds
[2023-12-19T03:31:46.604+0000] {processor.py:161} INFO - Started process (PID=779) to work on /home/airflow/.local/lib/python3.8/site-packages/airflow/example_dags/example_branch_operator.py
[2023-12-19T03:31:46.605+0000] {processor.py:830} INFO - Processing file /home/airflow/.local/lib/python3.8/site-packages/airflow/example_dags/example_branch_operator.py for tasks to queue
[2023-12-19T03:31:46.607+0000] {logging_mixin.py:188} INFO - [2023-12-19T03:31:46.607+0000] {dagbag.py:538} INFO - Filling up the DagBag from /home/airflow/.local/lib/python3.8/site-packages/airflow/example_dags/example_branch_operator.py
[2023-12-19T03:31:46.616+0000] {processor.py:840} INFO - DAG(s) 'example_branch_operator' retrieved from /home/airflow/.local/lib/python3.8/site-packages/airflow/example_dags/example_branch_operator.py
[2023-12-19T03:31:46.634+0000] {logging_mixin.py:188} INFO - [2023-12-19T03:31:46.634+0000] {dag.py:3033} INFO - Sync 1 DAGs
[2023-12-19T03:31:46.646+0000] {logging_mixin.py:188} INFO - [2023-12-19T03:31:46.646+0000] {dag.py:3820} INFO - Setting next_dagrun for example_branch_operator to 2023-12-18T00:00:00+00:00, run_after=2023-12-19T00:00:00+00:00
[2023-12-19T03:31:46.654+0000] {processor.py:183} INFO - Processing /home/airflow/.local/lib/python3.8/site-packages/airflow/example_dags/example_branch_operator.py took 0.053 seconds
[2023-12-19T03:32:16.916+0000] {processor.py:161} INFO - Started process (PID=834) to work on /home/airflow/.local/lib/python3.8/site-packages/airflow/example_dags/example_branch_operator.py
[2023-12-19T03:32:16.917+0000] {processor.py:830} INFO - Processing file /home/airflow/.local/lib/python3.8/site-packages/airflow/example_dags/example_branch_operator.py for tasks to queue
[2023-12-19T03:32:16.919+0000] {logging_mixin.py:188} INFO - [2023-12-19T03:32:16.919+0000] {dagbag.py:538} INFO - Filling up the DagBag from /home/airflow/.local/lib/python3.8/site-packages/airflow/example_dags/example_branch_operator.py
[2023-12-19T03:32:16.929+0000] {processor.py:840} INFO - DAG(s) 'example_branch_operator' retrieved from /home/airflow/.local/lib/python3.8/site-packages/airflow/example_dags/example_branch_operator.py
[2023-12-19T03:32:16.947+0000] {logging_mixin.py:188} INFO - [2023-12-19T03:32:16.947+0000] {dag.py:3033} INFO - Sync 1 DAGs
[2023-12-19T03:32:16.959+0000] {logging_mixin.py:188} INFO - [2023-12-19T03:32:16.959+0000] {dag.py:3820} INFO - Setting next_dagrun for example_branch_operator to 2023-12-18T00:00:00+00:00, run_after=2023-12-19T00:00:00+00:00
[2023-12-19T03:32:16.967+0000] {processor.py:183} INFO - Processing /home/airflow/.local/lib/python3.8/site-packages/airflow/example_dags/example_branch_operator.py took 0.054 seconds
[2023-12-19T03:32:47.260+0000] {processor.py:161} INFO - Started process (PID=889) to work on /home/airflow/.local/lib/python3.8/site-packages/airflow/example_dags/example_branch_operator.py
[2023-12-19T03:32:47.262+0000] {processor.py:830} INFO - Processing file /home/airflow/.local/lib/python3.8/site-packages/airflow/example_dags/example_branch_operator.py for tasks to queue
[2023-12-19T03:32:47.263+0000] {logging_mixin.py:188} INFO - [2023-12-19T03:32:47.263+0000] {dagbag.py:538} INFO - Filling up the DagBag from /home/airflow/.local/lib/python3.8/site-packages/airflow/example_dags/example_branch_operator.py
[2023-12-19T03:32:47.273+0000] {processor.py:840} INFO - DAG(s) 'example_branch_operator' retrieved from /home/airflow/.local/lib/python3.8/site-packages/airflow/example_dags/example_branch_operator.py
[2023-12-19T03:32:47.290+0000] {logging_mixin.py:188} INFO - [2023-12-19T03:32:47.290+0000] {dag.py:3033} INFO - Sync 1 DAGs
[2023-12-19T03:32:47.302+0000] {logging_mixin.py:188} INFO - [2023-12-19T03:32:47.302+0000] {dag.py:3820} INFO - Setting next_dagrun for example_branch_operator to 2023-12-18T00:00:00+00:00, run_after=2023-12-19T00:00:00+00:00
[2023-12-19T03:32:47.311+0000] {processor.py:183} INFO - Processing /home/airflow/.local/lib/python3.8/site-packages/airflow/example_dags/example_branch_operator.py took 0.053 seconds
[2023-12-19T03:33:17.538+0000] {processor.py:161} INFO - Started process (PID=944) to work on /home/airflow/.local/lib/python3.8/site-packages/airflow/example_dags/example_branch_operator.py
[2023-12-19T03:33:17.539+0000] {processor.py:830} INFO - Processing file /home/airflow/.local/lib/python3.8/site-packages/airflow/example_dags/example_branch_operator.py for tasks to queue
[2023-12-19T03:33:17.540+0000] {logging_mixin.py:188} INFO - [2023-12-19T03:33:17.540+0000] {dagbag.py:538} INFO - Filling up the DagBag from /home/airflow/.local/lib/python3.8/site-packages/airflow/example_dags/example_branch_operator.py
[2023-12-19T03:33:17.550+0000] {processor.py:840} INFO - DAG(s) 'example_branch_operator' retrieved from /home/airflow/.local/lib/python3.8/site-packages/airflow/example_dags/example_branch_operator.py
[2023-12-19T03:33:17.568+0000] {logging_mixin.py:188} INFO - [2023-12-19T03:33:17.568+0000] {dag.py:3033} INFO - Sync 1 DAGs
[2023-12-19T03:33:17.581+0000] {logging_mixin.py:188} INFO - [2023-12-19T03:33:17.580+0000] {dag.py:3820} INFO - Setting next_dagrun for example_branch_operator to 2023-12-18T00:00:00+00:00, run_after=2023-12-19T00:00:00+00:00
[2023-12-19T03:33:17.589+0000] {processor.py:183} INFO - Processing /home/airflow/.local/lib/python3.8/site-packages/airflow/example_dags/example_branch_operator.py took 0.054 seconds
[2023-12-19T03:33:47.807+0000] {processor.py:161} INFO - Started process (PID=999) to work on /home/airflow/.local/lib/python3.8/site-packages/airflow/example_dags/example_branch_operator.py
[2023-12-19T03:33:47.808+0000] {processor.py:830} INFO - Processing file /home/airflow/.local/lib/python3.8/site-packages/airflow/example_dags/example_branch_operator.py for tasks to queue
[2023-12-19T03:33:47.810+0000] {logging_mixin.py:188} INFO - [2023-12-19T03:33:47.809+0000] {dagbag.py:538} INFO - Filling up the DagBag from /home/airflow/.local/lib/python3.8/site-packages/airflow/example_dags/example_branch_operator.py
[2023-12-19T03:33:47.818+0000] {processor.py:840} INFO - DAG(s) 'example_branch_operator' retrieved from /home/airflow/.local/lib/python3.8/site-packages/airflow/example_dags/example_branch_operator.py
[2023-12-19T03:33:47.835+0000] {logging_mixin.py:188} INFO - [2023-12-19T03:33:47.835+0000] {dag.py:3033} INFO - Sync 1 DAGs
[2023-12-19T03:33:47.847+0000] {logging_mixin.py:188} INFO - [2023-12-19T03:33:47.847+0000] {dag.py:3820} INFO - Setting next_dagrun for example_branch_operator to 2023-12-18T00:00:00+00:00, run_after=2023-12-19T00:00:00+00:00
[2023-12-19T03:33:47.854+0000] {processor.py:183} INFO - Processing /home/airflow/.local/lib/python3.8/site-packages/airflow/example_dags/example_branch_operator.py took 0.049 seconds
[2023-12-19T03:34:18.163+0000] {processor.py:161} INFO - Started process (PID=1054) to work on /home/airflow/.local/lib/python3.8/site-packages/airflow/example_dags/example_branch_operator.py
[2023-12-19T03:34:18.164+0000] {processor.py:830} INFO - Processing file /home/airflow/.local/lib/python3.8/site-packages/airflow/example_dags/example_branch_operator.py for tasks to queue
[2023-12-19T03:34:18.166+0000] {logging_mixin.py:188} INFO - [2023-12-19T03:34:18.166+0000] {dagbag.py:538} INFO - Filling up the DagBag from /home/airflow/.local/lib/python3.8/site-packages/airflow/example_dags/example_branch_operator.py
[2023-12-19T03:34:18.176+0000] {processor.py:840} INFO - DAG(s) 'example_branch_operator' retrieved from /home/airflow/.local/lib/python3.8/site-packages/airflow/example_dags/example_branch_operator.py
[2023-12-19T03:34:18.192+0000] {logging_mixin.py:188} INFO - [2023-12-19T03:34:18.192+0000] {dag.py:3033} INFO - Sync 1 DAGs
[2023-12-19T03:34:18.205+0000] {logging_mixin.py:188} INFO - [2023-12-19T03:34:18.204+0000] {dag.py:3820} INFO - Setting next_dagrun for example_branch_operator to 2023-12-18T00:00:00+00:00, run_after=2023-12-19T00:00:00+00:00
[2023-12-19T03:34:18.214+0000] {processor.py:183} INFO - Processing /home/airflow/.local/lib/python3.8/site-packages/airflow/example_dags/example_branch_operator.py took 0.053 seconds
[2023-12-19T03:34:48.526+0000] {processor.py:161} INFO - Started process (PID=1109) to work on /home/airflow/.local/lib/python3.8/site-packages/airflow/example_dags/example_branch_operator.py
[2023-12-19T03:34:48.527+0000] {processor.py:830} INFO - Processing file /home/airflow/.local/lib/python3.8/site-packages/airflow/example_dags/example_branch_operator.py for tasks to queue
[2023-12-19T03:34:48.528+0000] {logging_mixin.py:188} INFO - [2023-12-19T03:34:48.528+0000] {dagbag.py:538} INFO - Filling up the DagBag from /home/airflow/.local/lib/python3.8/site-packages/airflow/example_dags/example_branch_operator.py
[2023-12-19T03:34:48.538+0000] {processor.py:840} INFO - DAG(s) 'example_branch_operator' retrieved from /home/airflow/.local/lib/python3.8/site-packages/airflow/example_dags/example_branch_operator.py
[2023-12-19T03:34:48.555+0000] {logging_mixin.py:188} INFO - [2023-12-19T03:34:48.555+0000] {dag.py:3033} INFO - Sync 1 DAGs
[2023-12-19T03:34:48.569+0000] {logging_mixin.py:188} INFO - [2023-12-19T03:34:48.569+0000] {dag.py:3820} INFO - Setting next_dagrun for example_branch_operator to 2023-12-18T00:00:00+00:00, run_after=2023-12-19T00:00:00+00:00
[2023-12-19T03:34:48.578+0000] {processor.py:183} INFO - Processing /home/airflow/.local/lib/python3.8/site-packages/airflow/example_dags/example_branch_operator.py took 0.055 seconds
[2023-12-19T03:35:18.673+0000] {processor.py:161} INFO - Started process (PID=1164) to work on /home/airflow/.local/lib/python3.8/site-packages/airflow/example_dags/example_branch_operator.py
[2023-12-19T03:35:18.674+0000] {processor.py:830} INFO - Processing file /home/airflow/.local/lib/python3.8/site-packages/airflow/example_dags/example_branch_operator.py for tasks to queue
[2023-12-19T03:35:18.676+0000] {logging_mixin.py:188} INFO - [2023-12-19T03:35:18.676+0000] {dagbag.py:538} INFO - Filling up the DagBag from /home/airflow/.local/lib/python3.8/site-packages/airflow/example_dags/example_branch_operator.py
[2023-12-19T03:35:18.686+0000] {processor.py:840} INFO - DAG(s) 'example_branch_operator' retrieved from /home/airflow/.local/lib/python3.8/site-packages/airflow/example_dags/example_branch_operator.py
[2023-12-19T03:35:18.703+0000] {logging_mixin.py:188} INFO - [2023-12-19T03:35:18.702+0000] {dag.py:3033} INFO - Sync 1 DAGs
[2023-12-19T03:35:18.714+0000] {logging_mixin.py:188} INFO - [2023-12-19T03:35:18.714+0000] {dag.py:3820} INFO - Setting next_dagrun for example_branch_operator to 2023-12-18T00:00:00+00:00, run_after=2023-12-19T00:00:00+00:00
[2023-12-19T03:35:18.722+0000] {processor.py:183} INFO - Processing /home/airflow/.local/lib/python3.8/site-packages/airflow/example_dags/example_branch_operator.py took 0.051 seconds
[2023-12-19T03:35:48.987+0000] {processor.py:161} INFO - Started process (PID=1219) to work on /home/airflow/.local/lib/python3.8/site-packages/airflow/example_dags/example_branch_operator.py
[2023-12-19T03:35:48.988+0000] {processor.py:830} INFO - Processing file /home/airflow/.local/lib/python3.8/site-packages/airflow/example_dags/example_branch_operator.py for tasks to queue
[2023-12-19T03:35:48.990+0000] {logging_mixin.py:188} INFO - [2023-12-19T03:35:48.989+0000] {dagbag.py:538} INFO - Filling up the DagBag from /home/airflow/.local/lib/python3.8/site-packages/airflow/example_dags/example_branch_operator.py
[2023-12-19T03:35:48.999+0000] {processor.py:840} INFO - DAG(s) 'example_branch_operator' retrieved from /home/airflow/.local/lib/python3.8/site-packages/airflow/example_dags/example_branch_operator.py
[2023-12-19T03:35:49.017+0000] {logging_mixin.py:188} INFO - [2023-12-19T03:35:49.017+0000] {dag.py:3033} INFO - Sync 1 DAGs
[2023-12-19T03:35:49.029+0000] {logging_mixin.py:188} INFO - [2023-12-19T03:35:49.028+0000] {dag.py:3820} INFO - Setting next_dagrun for example_branch_operator to 2023-12-18T00:00:00+00:00, run_after=2023-12-19T00:00:00+00:00
[2023-12-19T03:35:49.037+0000] {processor.py:183} INFO - Processing /home/airflow/.local/lib/python3.8/site-packages/airflow/example_dags/example_branch_operator.py took 0.053 seconds
[2023-12-19T03:36:19.296+0000] {processor.py:161} INFO - Started process (PID=1274) to work on /home/airflow/.local/lib/python3.8/site-packages/airflow/example_dags/example_branch_operator.py
[2023-12-19T03:36:19.297+0000] {processor.py:830} INFO - Processing file /home/airflow/.local/lib/python3.8/site-packages/airflow/example_dags/example_branch_operator.py for tasks to queue
[2023-12-19T03:36:19.298+0000] {logging_mixin.py:188} INFO - [2023-12-19T03:36:19.298+0000] {dagbag.py:538} INFO - Filling up the DagBag from /home/airflow/.local/lib/python3.8/site-packages/airflow/example_dags/example_branch_operator.py
[2023-12-19T03:36:19.308+0000] {processor.py:840} INFO - DAG(s) 'example_branch_operator' retrieved from /home/airflow/.local/lib/python3.8/site-packages/airflow/example_dags/example_branch_operator.py
[2023-12-19T03:36:19.324+0000] {logging_mixin.py:188} INFO - [2023-12-19T03:36:19.324+0000] {dag.py:3033} INFO - Sync 1 DAGs
[2023-12-19T03:36:19.336+0000] {logging_mixin.py:188} INFO - [2023-12-19T03:36:19.336+0000] {dag.py:3820} INFO - Setting next_dagrun for example_branch_operator to 2023-12-18T00:00:00+00:00, run_after=2023-12-19T00:00:00+00:00
[2023-12-19T03:36:19.344+0000] {processor.py:183} INFO - Processing /home/airflow/.local/lib/python3.8/site-packages/airflow/example_dags/example_branch_operator.py took 0.051 seconds
[2023-12-19T03:36:49.841+0000] {processor.py:161} INFO - Started process (PID=1329) to work on /home/airflow/.local/lib/python3.8/site-packages/airflow/example_dags/example_branch_operator.py
[2023-12-19T03:36:49.842+0000] {processor.py:830} INFO - Processing file /home/airflow/.local/lib/python3.8/site-packages/airflow/example_dags/example_branch_operator.py for tasks to queue
[2023-12-19T03:36:49.844+0000] {logging_mixin.py:188} INFO - [2023-12-19T03:36:49.844+0000] {dagbag.py:538} INFO - Filling up the DagBag from /home/airflow/.local/lib/python3.8/site-packages/airflow/example_dags/example_branch_operator.py
[2023-12-19T03:36:49.855+0000] {processor.py:840} INFO - DAG(s) 'example_branch_operator' retrieved from /home/airflow/.local/lib/python3.8/site-packages/airflow/example_dags/example_branch_operator.py
[2023-12-19T03:36:49.873+0000] {logging_mixin.py:188} INFO - [2023-12-19T03:36:49.872+0000] {dag.py:3033} INFO - Sync 1 DAGs
[2023-12-19T03:36:49.884+0000] {logging_mixin.py:188} INFO - [2023-12-19T03:36:49.884+0000] {dag.py:3820} INFO - Setting next_dagrun for example_branch_operator to 2023-12-18T00:00:00+00:00, run_after=2023-12-19T00:00:00+00:00
[2023-12-19T03:36:49.893+0000] {processor.py:183} INFO - Processing /home/airflow/.local/lib/python3.8/site-packages/airflow/example_dags/example_branch_operator.py took 0.054 seconds
[2023-12-19T03:37:20.172+0000] {processor.py:161} INFO - Started process (PID=1384) to work on /home/airflow/.local/lib/python3.8/site-packages/airflow/example_dags/example_branch_operator.py
[2023-12-19T03:37:20.173+0000] {processor.py:830} INFO - Processing file /home/airflow/.local/lib/python3.8/site-packages/airflow/example_dags/example_branch_operator.py for tasks to queue
[2023-12-19T03:37:20.176+0000] {logging_mixin.py:188} INFO - [2023-12-19T03:37:20.175+0000] {dagbag.py:538} INFO - Filling up the DagBag from /home/airflow/.local/lib/python3.8/site-packages/airflow/example_dags/example_branch_operator.py
[2023-12-19T03:37:20.186+0000] {processor.py:840} INFO - DAG(s) 'example_branch_operator' retrieved from /home/airflow/.local/lib/python3.8/site-packages/airflow/example_dags/example_branch_operator.py
[2023-12-19T03:37:20.204+0000] {logging_mixin.py:188} INFO - [2023-12-19T03:37:20.204+0000] {dag.py:3033} INFO - Sync 1 DAGs
[2023-12-19T03:37:20.216+0000] {logging_mixin.py:188} INFO - [2023-12-19T03:37:20.215+0000] {dag.py:3820} INFO - Setting next_dagrun for example_branch_operator to 2023-12-18T00:00:00+00:00, run_after=2023-12-19T00:00:00+00:00
[2023-12-19T03:37:20.225+0000] {processor.py:183} INFO - Processing /home/airflow/.local/lib/python3.8/site-packages/airflow/example_dags/example_branch_operator.py took 0.055 seconds
[2023-12-19T03:37:50.460+0000] {processor.py:161} INFO - Started process (PID=1439) to work on /home/airflow/.local/lib/python3.8/site-packages/airflow/example_dags/example_branch_operator.py
[2023-12-19T03:37:50.461+0000] {processor.py:830} INFO - Processing file /home/airflow/.local/lib/python3.8/site-packages/airflow/example_dags/example_branch_operator.py for tasks to queue
[2023-12-19T03:37:50.462+0000] {logging_mixin.py:188} INFO - [2023-12-19T03:37:50.462+0000] {dagbag.py:538} INFO - Filling up the DagBag from /home/airflow/.local/lib/python3.8/site-packages/airflow/example_dags/example_branch_operator.py
[2023-12-19T03:37:50.471+0000] {processor.py:840} INFO - DAG(s) 'example_branch_operator' retrieved from /home/airflow/.local/lib/python3.8/site-packages/airflow/example_dags/example_branch_operator.py
[2023-12-19T03:37:50.489+0000] {logging_mixin.py:188} INFO - [2023-12-19T03:37:50.489+0000] {dag.py:3033} INFO - Sync 1 DAGs
[2023-12-19T03:37:50.502+0000] {logging_mixin.py:188} INFO - [2023-12-19T03:37:50.501+0000] {dag.py:3820} INFO - Setting next_dagrun for example_branch_operator to 2023-12-18T00:00:00+00:00, run_after=2023-12-19T00:00:00+00:00
[2023-12-19T03:37:50.510+0000] {processor.py:183} INFO - Processing /home/airflow/.local/lib/python3.8/site-packages/airflow/example_dags/example_branch_operator.py took 0.053 seconds
