[2023-12-19T03:23:35.943+0000] {processor.py:161} INFO - Started process (PID=69) to work on /home/airflow/.local/lib/python3.8/site-packages/airflow/example_dags/example_xcomargs.py
[2023-12-19T03:23:35.944+0000] {processor.py:830} INFO - Processing file /home/airflow/.local/lib/python3.8/site-packages/airflow/example_dags/example_xcomargs.py for tasks to queue
[2023-12-19T03:23:35.946+0000] {logging_mixin.py:188} INFO - [2023-12-19T03:23:35.946+0000] {dagbag.py:538} INFO - Filling up the DagBag from /home/airflow/.local/lib/python3.8/site-packages/airflow/example_dags/example_xcomargs.py
[2023-12-19T03:23:35.953+0000] {processor.py:840} INFO - DAG(s) 'example_xcom_args_with_operators', 'example_xcom_args' retrieved from /home/airflow/.local/lib/python3.8/site-packages/airflow/example_dags/example_xcomargs.py
[2023-12-19T03:23:35.967+0000] {logging_mixin.py:188} INFO - [2023-12-19T03:23:35.967+0000] {dag.py:3033} INFO - Sync 2 DAGs
[2023-12-19T03:23:35.977+0000] {logging_mixin.py:188} INFO - [2023-12-19T03:23:35.977+0000] {dag.py:3820} INFO - Setting next_dagrun for example_xcom_args to None, run_after=None
[2023-12-19T03:23:35.980+0000] {logging_mixin.py:188} INFO - [2023-12-19T03:23:35.980+0000] {dag.py:3820} INFO - Setting next_dagrun for example_xcom_args_with_operators to None, run_after=None
[2023-12-19T03:23:35.991+0000] {processor.py:183} INFO - Processing /home/airflow/.local/lib/python3.8/site-packages/airflow/example_dags/example_xcomargs.py took 0.052 seconds
[2023-12-19T03:24:06.600+0000] {processor.py:161} INFO - Started process (PID=124) to work on /home/airflow/.local/lib/python3.8/site-packages/airflow/example_dags/example_xcomargs.py
[2023-12-19T03:24:06.601+0000] {processor.py:830} INFO - Processing file /home/airflow/.local/lib/python3.8/site-packages/airflow/example_dags/example_xcomargs.py for tasks to queue
[2023-12-19T03:24:06.603+0000] {logging_mixin.py:188} INFO - [2023-12-19T03:24:06.602+0000] {dagbag.py:538} INFO - Filling up the DagBag from /home/airflow/.local/lib/python3.8/site-packages/airflow/example_dags/example_xcomargs.py
[2023-12-19T03:24:06.609+0000] {processor.py:840} INFO - DAG(s) 'example_xcom_args_with_operators', 'example_xcom_args' retrieved from /home/airflow/.local/lib/python3.8/site-packages/airflow/example_dags/example_xcomargs.py
[2023-12-19T03:24:39.813+0000] {processor.py:161} INFO - Started process (PID=68) to work on /home/airflow/.local/lib/python3.8/site-packages/airflow/example_dags/example_xcomargs.py
[2023-12-19T03:24:39.814+0000] {processor.py:830} INFO - Processing file /home/airflow/.local/lib/python3.8/site-packages/airflow/example_dags/example_xcomargs.py for tasks to queue
[2023-12-19T03:24:39.816+0000] {logging_mixin.py:188} INFO - [2023-12-19T03:24:39.816+0000] {dagbag.py:538} INFO - Filling up the DagBag from /home/airflow/.local/lib/python3.8/site-packages/airflow/example_dags/example_xcomargs.py
[2023-12-19T03:24:39.822+0000] {processor.py:840} INFO - DAG(s) 'example_xcom_args_with_operators', 'example_xcom_args' retrieved from /home/airflow/.local/lib/python3.8/site-packages/airflow/example_dags/example_xcomargs.py
[2023-12-19T03:24:39.880+0000] {logging_mixin.py:188} INFO - [2023-12-19T03:24:39.880+0000] {dag.py:3033} INFO - Sync 2 DAGs
[2023-12-19T03:24:39.886+0000] {logging_mixin.py:188} INFO - [2023-12-19T03:24:39.886+0000] {dag.py:3820} INFO - Setting next_dagrun for example_xcom_args to None, run_after=None
[2023-12-19T03:24:39.888+0000] {logging_mixin.py:188} INFO - [2023-12-19T03:24:39.888+0000] {dag.py:3820} INFO - Setting next_dagrun for example_xcom_args_with_operators to None, run_after=None
[2023-12-19T03:24:39.896+0000] {processor.py:183} INFO - Processing /home/airflow/.local/lib/python3.8/site-packages/airflow/example_dags/example_xcomargs.py took 0.086 seconds
[2023-12-19T03:25:12.308+0000] {processor.py:161} INFO - Started process (PID=68) to work on /home/airflow/.local/lib/python3.8/site-packages/airflow/example_dags/example_xcomargs.py
[2023-12-19T03:25:12.310+0000] {processor.py:830} INFO - Processing file /home/airflow/.local/lib/python3.8/site-packages/airflow/example_dags/example_xcomargs.py for tasks to queue
[2023-12-19T03:25:12.313+0000] {logging_mixin.py:188} INFO - [2023-12-19T03:25:12.313+0000] {dagbag.py:538} INFO - Filling up the DagBag from /home/airflow/.local/lib/python3.8/site-packages/airflow/example_dags/example_xcomargs.py
[2023-12-19T03:25:12.322+0000] {processor.py:840} INFO - DAG(s) 'example_xcom_args', 'example_xcom_args_with_operators' retrieved from /home/airflow/.local/lib/python3.8/site-packages/airflow/example_dags/example_xcomargs.py
[2023-12-19T03:25:12.334+0000] {logging_mixin.py:188} INFO - [2023-12-19T03:25:12.334+0000] {dag.py:3033} INFO - Sync 2 DAGs
[2023-12-19T03:25:12.358+0000] {logging_mixin.py:188} INFO - [2023-12-19T03:25:12.358+0000] {dag.py:3820} INFO - Setting next_dagrun for example_xcom_args to None, run_after=None
[2023-12-19T03:25:12.361+0000] {logging_mixin.py:188} INFO - [2023-12-19T03:25:12.361+0000] {dag.py:3820} INFO - Setting next_dagrun for example_xcom_args_with_operators to None, run_after=None
[2023-12-19T03:25:12.374+0000] {processor.py:183} INFO - Processing /home/airflow/.local/lib/python3.8/site-packages/airflow/example_dags/example_xcomargs.py took 0.068 seconds
[2023-12-19T03:25:43.274+0000] {processor.py:161} INFO - Started process (PID=122) to work on /home/airflow/.local/lib/python3.8/site-packages/airflow/example_dags/example_xcomargs.py
[2023-12-19T03:25:43.275+0000] {processor.py:830} INFO - Processing file /home/airflow/.local/lib/python3.8/site-packages/airflow/example_dags/example_xcomargs.py for tasks to queue
[2023-12-19T03:25:43.277+0000] {logging_mixin.py:188} INFO - [2023-12-19T03:25:43.277+0000] {dagbag.py:538} INFO - Filling up the DagBag from /home/airflow/.local/lib/python3.8/site-packages/airflow/example_dags/example_xcomargs.py
[2023-12-19T03:25:43.283+0000] {processor.py:840} INFO - DAG(s) 'example_xcom_args_with_operators', 'example_xcom_args' retrieved from /home/airflow/.local/lib/python3.8/site-packages/airflow/example_dags/example_xcomargs.py
[2023-12-19T03:25:43.342+0000] {logging_mixin.py:188} INFO - [2023-12-19T03:25:43.342+0000] {dag.py:3033} INFO - Sync 2 DAGs
[2023-12-19T03:25:43.349+0000] {logging_mixin.py:188} INFO - [2023-12-19T03:25:43.349+0000] {dag.py:3820} INFO - Setting next_dagrun for example_xcom_args to None, run_after=None
[2023-12-19T03:25:43.352+0000] {logging_mixin.py:188} INFO - [2023-12-19T03:25:43.352+0000] {dag.py:3820} INFO - Setting next_dagrun for example_xcom_args_with_operators to None, run_after=None
[2023-12-19T03:25:43.361+0000] {processor.py:183} INFO - Processing /home/airflow/.local/lib/python3.8/site-packages/airflow/example_dags/example_xcomargs.py took 0.092 seconds
[2023-12-19T03:26:13.935+0000] {processor.py:161} INFO - Started process (PID=185) to work on /home/airflow/.local/lib/python3.8/site-packages/airflow/example_dags/example_xcomargs.py
[2023-12-19T03:26:13.937+0000] {processor.py:830} INFO - Processing file /home/airflow/.local/lib/python3.8/site-packages/airflow/example_dags/example_xcomargs.py for tasks to queue
[2023-12-19T03:26:13.939+0000] {logging_mixin.py:188} INFO - [2023-12-19T03:26:13.938+0000] {dagbag.py:538} INFO - Filling up the DagBag from /home/airflow/.local/lib/python3.8/site-packages/airflow/example_dags/example_xcomargs.py
[2023-12-19T03:26:13.944+0000] {processor.py:840} INFO - DAG(s) 'example_xcom_args_with_operators', 'example_xcom_args' retrieved from /home/airflow/.local/lib/python3.8/site-packages/airflow/example_dags/example_xcomargs.py
[2023-12-19T03:26:13.961+0000] {logging_mixin.py:188} INFO - [2023-12-19T03:26:13.961+0000] {dag.py:3033} INFO - Sync 2 DAGs
[2023-12-19T03:26:13.969+0000] {logging_mixin.py:188} INFO - [2023-12-19T03:26:13.969+0000] {dag.py:3820} INFO - Setting next_dagrun for example_xcom_args to None, run_after=None
[2023-12-19T03:26:13.971+0000] {logging_mixin.py:188} INFO - [2023-12-19T03:26:13.971+0000] {dag.py:3820} INFO - Setting next_dagrun for example_xcom_args_with_operators to None, run_after=None
[2023-12-19T03:26:13.980+0000] {processor.py:183} INFO - Processing /home/airflow/.local/lib/python3.8/site-packages/airflow/example_dags/example_xcomargs.py took 0.048 seconds
[2023-12-19T03:26:44.172+0000] {processor.py:161} INFO - Started process (PID=240) to work on /home/airflow/.local/lib/python3.8/site-packages/airflow/example_dags/example_xcomargs.py
[2023-12-19T03:26:44.178+0000] {processor.py:830} INFO - Processing file /home/airflow/.local/lib/python3.8/site-packages/airflow/example_dags/example_xcomargs.py for tasks to queue
[2023-12-19T03:26:44.183+0000] {logging_mixin.py:188} INFO - [2023-12-19T03:26:44.183+0000] {dagbag.py:538} INFO - Filling up the DagBag from /home/airflow/.local/lib/python3.8/site-packages/airflow/example_dags/example_xcomargs.py
[2023-12-19T03:26:44.201+0000] {processor.py:840} INFO - DAG(s) 'example_xcom_args', 'example_xcom_args_with_operators' retrieved from /home/airflow/.local/lib/python3.8/site-packages/airflow/example_dags/example_xcomargs.py
[2023-12-19T03:26:44.224+0000] {logging_mixin.py:188} INFO - [2023-12-19T03:26:44.223+0000] {dag.py:3033} INFO - Sync 2 DAGs
[2023-12-19T03:26:44.232+0000] {logging_mixin.py:188} INFO - [2023-12-19T03:26:44.232+0000] {dag.py:3820} INFO - Setting next_dagrun for example_xcom_args to None, run_after=None
[2023-12-19T03:26:44.234+0000] {logging_mixin.py:188} INFO - [2023-12-19T03:26:44.234+0000] {dag.py:3820} INFO - Setting next_dagrun for example_xcom_args_with_operators to None, run_after=None
[2023-12-19T03:26:44.244+0000] {processor.py:183} INFO - Processing /home/airflow/.local/lib/python3.8/site-packages/airflow/example_dags/example_xcomargs.py took 0.075 seconds
[2023-12-19T03:27:14.919+0000] {processor.py:161} INFO - Started process (PID=295) to work on /home/airflow/.local/lib/python3.8/site-packages/airflow/example_dags/example_xcomargs.py
[2023-12-19T03:27:14.920+0000] {processor.py:830} INFO - Processing file /home/airflow/.local/lib/python3.8/site-packages/airflow/example_dags/example_xcomargs.py for tasks to queue
[2023-12-19T03:27:14.922+0000] {logging_mixin.py:188} INFO - [2023-12-19T03:27:14.922+0000] {dagbag.py:538} INFO - Filling up the DagBag from /home/airflow/.local/lib/python3.8/site-packages/airflow/example_dags/example_xcomargs.py
[2023-12-19T03:27:14.927+0000] {processor.py:840} INFO - DAG(s) 'example_xcom_args', 'example_xcom_args_with_operators' retrieved from /home/airflow/.local/lib/python3.8/site-packages/airflow/example_dags/example_xcomargs.py
[2023-12-19T03:27:14.944+0000] {logging_mixin.py:188} INFO - [2023-12-19T03:27:14.944+0000] {dag.py:3033} INFO - Sync 2 DAGs
[2023-12-19T03:27:14.951+0000] {logging_mixin.py:188} INFO - [2023-12-19T03:27:14.951+0000] {dag.py:3820} INFO - Setting next_dagrun for example_xcom_args to None, run_after=None
[2023-12-19T03:27:14.953+0000] {logging_mixin.py:188} INFO - [2023-12-19T03:27:14.953+0000] {dag.py:3820} INFO - Setting next_dagrun for example_xcom_args_with_operators to None, run_after=None
[2023-12-19T03:27:14.964+0000] {processor.py:183} INFO - Processing /home/airflow/.local/lib/python3.8/site-packages/airflow/example_dags/example_xcomargs.py took 0.047 seconds
[2023-12-19T03:27:45.282+0000] {processor.py:161} INFO - Started process (PID=350) to work on /home/airflow/.local/lib/python3.8/site-packages/airflow/example_dags/example_xcomargs.py
[2023-12-19T03:27:45.283+0000] {processor.py:830} INFO - Processing file /home/airflow/.local/lib/python3.8/site-packages/airflow/example_dags/example_xcomargs.py for tasks to queue
[2023-12-19T03:27:45.285+0000] {logging_mixin.py:188} INFO - [2023-12-19T03:27:45.285+0000] {dagbag.py:538} INFO - Filling up the DagBag from /home/airflow/.local/lib/python3.8/site-packages/airflow/example_dags/example_xcomargs.py
[2023-12-19T03:27:45.291+0000] {processor.py:840} INFO - DAG(s) 'example_xcom_args_with_operators', 'example_xcom_args' retrieved from /home/airflow/.local/lib/python3.8/site-packages/airflow/example_dags/example_xcomargs.py
[2023-12-19T03:27:45.308+0000] {logging_mixin.py:188} INFO - [2023-12-19T03:27:45.308+0000] {dag.py:3033} INFO - Sync 2 DAGs
[2023-12-19T03:27:45.315+0000] {logging_mixin.py:188} INFO - [2023-12-19T03:27:45.315+0000] {dag.py:3820} INFO - Setting next_dagrun for example_xcom_args to None, run_after=None
[2023-12-19T03:27:45.318+0000] {logging_mixin.py:188} INFO - [2023-12-19T03:27:45.317+0000] {dag.py:3820} INFO - Setting next_dagrun for example_xcom_args_with_operators to None, run_after=None
[2023-12-19T03:27:45.325+0000] {processor.py:183} INFO - Processing /home/airflow/.local/lib/python3.8/site-packages/airflow/example_dags/example_xcomargs.py took 0.046 seconds
[2023-12-19T03:28:15.436+0000] {processor.py:161} INFO - Started process (PID=405) to work on /home/airflow/.local/lib/python3.8/site-packages/airflow/example_dags/example_xcomargs.py
[2023-12-19T03:28:15.437+0000] {processor.py:830} INFO - Processing file /home/airflow/.local/lib/python3.8/site-packages/airflow/example_dags/example_xcomargs.py for tasks to queue
[2023-12-19T03:28:15.439+0000] {logging_mixin.py:188} INFO - [2023-12-19T03:28:15.439+0000] {dagbag.py:538} INFO - Filling up the DagBag from /home/airflow/.local/lib/python3.8/site-packages/airflow/example_dags/example_xcomargs.py
[2023-12-19T03:28:15.446+0000] {processor.py:840} INFO - DAG(s) 'example_xcom_args', 'example_xcom_args_with_operators' retrieved from /home/airflow/.local/lib/python3.8/site-packages/airflow/example_dags/example_xcomargs.py
[2023-12-19T03:28:15.463+0000] {logging_mixin.py:188} INFO - [2023-12-19T03:28:15.463+0000] {dag.py:3033} INFO - Sync 2 DAGs
[2023-12-19T03:28:15.471+0000] {logging_mixin.py:188} INFO - [2023-12-19T03:28:15.471+0000] {dag.py:3820} INFO - Setting next_dagrun for example_xcom_args to None, run_after=None
[2023-12-19T03:28:15.473+0000] {logging_mixin.py:188} INFO - [2023-12-19T03:28:15.473+0000] {dag.py:3820} INFO - Setting next_dagrun for example_xcom_args_with_operators to None, run_after=None
[2023-12-19T03:28:15.484+0000] {processor.py:183} INFO - Processing /home/airflow/.local/lib/python3.8/site-packages/airflow/example_dags/example_xcomargs.py took 0.051 seconds
[2023-12-19T03:28:45.755+0000] {processor.py:161} INFO - Started process (PID=460) to work on /home/airflow/.local/lib/python3.8/site-packages/airflow/example_dags/example_xcomargs.py
[2023-12-19T03:28:45.757+0000] {processor.py:830} INFO - Processing file /home/airflow/.local/lib/python3.8/site-packages/airflow/example_dags/example_xcomargs.py for tasks to queue
[2023-12-19T03:28:45.759+0000] {logging_mixin.py:188} INFO - [2023-12-19T03:28:45.758+0000] {dagbag.py:538} INFO - Filling up the DagBag from /home/airflow/.local/lib/python3.8/site-packages/airflow/example_dags/example_xcomargs.py
[2023-12-19T03:28:45.764+0000] {processor.py:840} INFO - DAG(s) 'example_xcom_args', 'example_xcom_args_with_operators' retrieved from /home/airflow/.local/lib/python3.8/site-packages/airflow/example_dags/example_xcomargs.py
[2023-12-19T03:28:45.782+0000] {logging_mixin.py:188} INFO - [2023-12-19T03:28:45.782+0000] {dag.py:3033} INFO - Sync 2 DAGs
[2023-12-19T03:28:45.789+0000] {logging_mixin.py:188} INFO - [2023-12-19T03:28:45.789+0000] {dag.py:3820} INFO - Setting next_dagrun for example_xcom_args to None, run_after=None
[2023-12-19T03:28:45.792+0000] {logging_mixin.py:188} INFO - [2023-12-19T03:28:45.792+0000] {dag.py:3820} INFO - Setting next_dagrun for example_xcom_args_with_operators to None, run_after=None
[2023-12-19T03:28:45.800+0000] {processor.py:183} INFO - Processing /home/airflow/.local/lib/python3.8/site-packages/airflow/example_dags/example_xcomargs.py took 0.047 seconds
[2023-12-19T03:29:16.233+0000] {processor.py:161} INFO - Started process (PID=515) to work on /home/airflow/.local/lib/python3.8/site-packages/airflow/example_dags/example_xcomargs.py
[2023-12-19T03:29:16.235+0000] {processor.py:830} INFO - Processing file /home/airflow/.local/lib/python3.8/site-packages/airflow/example_dags/example_xcomargs.py for tasks to queue
[2023-12-19T03:29:16.236+0000] {logging_mixin.py:188} INFO - [2023-12-19T03:29:16.236+0000] {dagbag.py:538} INFO - Filling up the DagBag from /home/airflow/.local/lib/python3.8/site-packages/airflow/example_dags/example_xcomargs.py
[2023-12-19T03:29:16.243+0000] {processor.py:840} INFO - DAG(s) 'example_xcom_args', 'example_xcom_args_with_operators' retrieved from /home/airflow/.local/lib/python3.8/site-packages/airflow/example_dags/example_xcomargs.py
[2023-12-19T03:29:16.260+0000] {logging_mixin.py:188} INFO - [2023-12-19T03:29:16.260+0000] {dag.py:3033} INFO - Sync 2 DAGs
[2023-12-19T03:29:16.267+0000] {logging_mixin.py:188} INFO - [2023-12-19T03:29:16.267+0000] {dag.py:3820} INFO - Setting next_dagrun for example_xcom_args to None, run_after=None
[2023-12-19T03:29:16.270+0000] {logging_mixin.py:188} INFO - [2023-12-19T03:29:16.270+0000] {dag.py:3820} INFO - Setting next_dagrun for example_xcom_args_with_operators to None, run_after=None
[2023-12-19T03:29:16.281+0000] {processor.py:183} INFO - Processing /home/airflow/.local/lib/python3.8/site-packages/airflow/example_dags/example_xcomargs.py took 0.050 seconds
[2023-12-19T03:29:46.311+0000] {processor.py:161} INFO - Started process (PID=570) to work on /home/airflow/.local/lib/python3.8/site-packages/airflow/example_dags/example_xcomargs.py
[2023-12-19T03:29:46.312+0000] {processor.py:830} INFO - Processing file /home/airflow/.local/lib/python3.8/site-packages/airflow/example_dags/example_xcomargs.py for tasks to queue
[2023-12-19T03:29:46.314+0000] {logging_mixin.py:188} INFO - [2023-12-19T03:29:46.314+0000] {dagbag.py:538} INFO - Filling up the DagBag from /home/airflow/.local/lib/python3.8/site-packages/airflow/example_dags/example_xcomargs.py
[2023-12-19T03:29:46.319+0000] {processor.py:840} INFO - DAG(s) 'example_xcom_args_with_operators', 'example_xcom_args' retrieved from /home/airflow/.local/lib/python3.8/site-packages/airflow/example_dags/example_xcomargs.py
[2023-12-19T03:29:46.336+0000] {logging_mixin.py:188} INFO - [2023-12-19T03:29:46.335+0000] {dag.py:3033} INFO - Sync 2 DAGs
[2023-12-19T03:29:46.343+0000] {logging_mixin.py:188} INFO - [2023-12-19T03:29:46.343+0000] {dag.py:3820} INFO - Setting next_dagrun for example_xcom_args to None, run_after=None
[2023-12-19T03:29:46.345+0000] {logging_mixin.py:188} INFO - [2023-12-19T03:29:46.345+0000] {dag.py:3820} INFO - Setting next_dagrun for example_xcom_args_with_operators to None, run_after=None
[2023-12-19T03:29:46.352+0000] {processor.py:183} INFO - Processing /home/airflow/.local/lib/python3.8/site-packages/airflow/example_dags/example_xcomargs.py took 0.044 seconds
[2023-12-19T03:30:16.530+0000] {processor.py:161} INFO - Started process (PID=625) to work on /home/airflow/.local/lib/python3.8/site-packages/airflow/example_dags/example_xcomargs.py
[2023-12-19T03:30:16.531+0000] {processor.py:830} INFO - Processing file /home/airflow/.local/lib/python3.8/site-packages/airflow/example_dags/example_xcomargs.py for tasks to queue
[2023-12-19T03:30:16.533+0000] {logging_mixin.py:188} INFO - [2023-12-19T03:30:16.532+0000] {dagbag.py:538} INFO - Filling up the DagBag from /home/airflow/.local/lib/python3.8/site-packages/airflow/example_dags/example_xcomargs.py
[2023-12-19T03:30:16.538+0000] {processor.py:840} INFO - DAG(s) 'example_xcom_args_with_operators', 'example_xcom_args' retrieved from /home/airflow/.local/lib/python3.8/site-packages/airflow/example_dags/example_xcomargs.py
[2023-12-19T03:30:16.554+0000] {logging_mixin.py:188} INFO - [2023-12-19T03:30:16.554+0000] {dag.py:3033} INFO - Sync 2 DAGs
[2023-12-19T03:30:16.562+0000] {logging_mixin.py:188} INFO - [2023-12-19T03:30:16.561+0000] {dag.py:3820} INFO - Setting next_dagrun for example_xcom_args to None, run_after=None
[2023-12-19T03:30:16.564+0000] {logging_mixin.py:188} INFO - [2023-12-19T03:30:16.564+0000] {dag.py:3820} INFO - Setting next_dagrun for example_xcom_args_with_operators to None, run_after=None
[2023-12-19T03:30:16.572+0000] {processor.py:183} INFO - Processing /home/airflow/.local/lib/python3.8/site-packages/airflow/example_dags/example_xcomargs.py took 0.044 seconds
[2023-12-19T03:30:46.712+0000] {processor.py:161} INFO - Started process (PID=680) to work on /home/airflow/.local/lib/python3.8/site-packages/airflow/example_dags/example_xcomargs.py
[2023-12-19T03:30:46.713+0000] {processor.py:830} INFO - Processing file /home/airflow/.local/lib/python3.8/site-packages/airflow/example_dags/example_xcomargs.py for tasks to queue
[2023-12-19T03:30:46.715+0000] {logging_mixin.py:188} INFO - [2023-12-19T03:30:46.715+0000] {dagbag.py:538} INFO - Filling up the DagBag from /home/airflow/.local/lib/python3.8/site-packages/airflow/example_dags/example_xcomargs.py
[2023-12-19T03:30:46.721+0000] {processor.py:840} INFO - DAG(s) 'example_xcom_args_with_operators', 'example_xcom_args' retrieved from /home/airflow/.local/lib/python3.8/site-packages/airflow/example_dags/example_xcomargs.py
[2023-12-19T03:30:46.737+0000] {logging_mixin.py:188} INFO - [2023-12-19T03:30:46.736+0000] {dag.py:3033} INFO - Sync 2 DAGs
[2023-12-19T03:30:46.744+0000] {logging_mixin.py:188} INFO - [2023-12-19T03:30:46.744+0000] {dag.py:3820} INFO - Setting next_dagrun for example_xcom_args to None, run_after=None
[2023-12-19T03:30:46.746+0000] {logging_mixin.py:188} INFO - [2023-12-19T03:30:46.746+0000] {dag.py:3820} INFO - Setting next_dagrun for example_xcom_args_with_operators to None, run_after=None
[2023-12-19T03:30:46.753+0000] {processor.py:183} INFO - Processing /home/airflow/.local/lib/python3.8/site-packages/airflow/example_dags/example_xcomargs.py took 0.044 seconds
[2023-12-19T03:31:16.861+0000] {processor.py:161} INFO - Started process (PID=735) to work on /home/airflow/.local/lib/python3.8/site-packages/airflow/example_dags/example_xcomargs.py
[2023-12-19T03:31:16.863+0000] {processor.py:830} INFO - Processing file /home/airflow/.local/lib/python3.8/site-packages/airflow/example_dags/example_xcomargs.py for tasks to queue
[2023-12-19T03:31:16.865+0000] {logging_mixin.py:188} INFO - [2023-12-19T03:31:16.865+0000] {dagbag.py:538} INFO - Filling up the DagBag from /home/airflow/.local/lib/python3.8/site-packages/airflow/example_dags/example_xcomargs.py
[2023-12-19T03:31:16.871+0000] {processor.py:840} INFO - DAG(s) 'example_xcom_args_with_operators', 'example_xcom_args' retrieved from /home/airflow/.local/lib/python3.8/site-packages/airflow/example_dags/example_xcomargs.py
[2023-12-19T03:31:16.887+0000] {logging_mixin.py:188} INFO - [2023-12-19T03:31:16.887+0000] {dag.py:3033} INFO - Sync 2 DAGs
[2023-12-19T03:31:16.894+0000] {logging_mixin.py:188} INFO - [2023-12-19T03:31:16.894+0000] {dag.py:3820} INFO - Setting next_dagrun for example_xcom_args to None, run_after=None
[2023-12-19T03:31:16.896+0000] {logging_mixin.py:188} INFO - [2023-12-19T03:31:16.896+0000] {dag.py:3820} INFO - Setting next_dagrun for example_xcom_args_with_operators to None, run_after=None
[2023-12-19T03:31:16.904+0000] {processor.py:183} INFO - Processing /home/airflow/.local/lib/python3.8/site-packages/airflow/example_dags/example_xcomargs.py took 0.046 seconds
[2023-12-19T03:31:46.975+0000] {processor.py:161} INFO - Started process (PID=790) to work on /home/airflow/.local/lib/python3.8/site-packages/airflow/example_dags/example_xcomargs.py
[2023-12-19T03:31:46.976+0000] {processor.py:830} INFO - Processing file /home/airflow/.local/lib/python3.8/site-packages/airflow/example_dags/example_xcomargs.py for tasks to queue
[2023-12-19T03:31:46.978+0000] {logging_mixin.py:188} INFO - [2023-12-19T03:31:46.978+0000] {dagbag.py:538} INFO - Filling up the DagBag from /home/airflow/.local/lib/python3.8/site-packages/airflow/example_dags/example_xcomargs.py
[2023-12-19T03:31:46.984+0000] {processor.py:840} INFO - DAG(s) 'example_xcom_args_with_operators', 'example_xcom_args' retrieved from /home/airflow/.local/lib/python3.8/site-packages/airflow/example_dags/example_xcomargs.py
[2023-12-19T03:31:47.000+0000] {logging_mixin.py:188} INFO - [2023-12-19T03:31:46.999+0000] {dag.py:3033} INFO - Sync 2 DAGs
[2023-12-19T03:31:47.007+0000] {logging_mixin.py:188} INFO - [2023-12-19T03:31:47.007+0000] {dag.py:3820} INFO - Setting next_dagrun for example_xcom_args to None, run_after=None
[2023-12-19T03:31:47.009+0000] {logging_mixin.py:188} INFO - [2023-12-19T03:31:47.009+0000] {dag.py:3820} INFO - Setting next_dagrun for example_xcom_args_with_operators to None, run_after=None
[2023-12-19T03:31:47.016+0000] {processor.py:183} INFO - Processing /home/airflow/.local/lib/python3.8/site-packages/airflow/example_dags/example_xcomargs.py took 0.044 seconds
[2023-12-19T03:32:17.278+0000] {processor.py:161} INFO - Started process (PID=845) to work on /home/airflow/.local/lib/python3.8/site-packages/airflow/example_dags/example_xcomargs.py
[2023-12-19T03:32:17.279+0000] {processor.py:830} INFO - Processing file /home/airflow/.local/lib/python3.8/site-packages/airflow/example_dags/example_xcomargs.py for tasks to queue
[2023-12-19T03:32:17.281+0000] {logging_mixin.py:188} INFO - [2023-12-19T03:32:17.281+0000] {dagbag.py:538} INFO - Filling up the DagBag from /home/airflow/.local/lib/python3.8/site-packages/airflow/example_dags/example_xcomargs.py
[2023-12-19T03:32:17.286+0000] {processor.py:840} INFO - DAG(s) 'example_xcom_args_with_operators', 'example_xcom_args' retrieved from /home/airflow/.local/lib/python3.8/site-packages/airflow/example_dags/example_xcomargs.py
[2023-12-19T03:32:17.303+0000] {logging_mixin.py:188} INFO - [2023-12-19T03:32:17.302+0000] {dag.py:3033} INFO - Sync 2 DAGs
[2023-12-19T03:32:17.310+0000] {logging_mixin.py:188} INFO - [2023-12-19T03:32:17.310+0000] {dag.py:3820} INFO - Setting next_dagrun for example_xcom_args to None, run_after=None
[2023-12-19T03:32:17.312+0000] {logging_mixin.py:188} INFO - [2023-12-19T03:32:17.312+0000] {dag.py:3820} INFO - Setting next_dagrun for example_xcom_args_with_operators to None, run_after=None
[2023-12-19T03:32:17.320+0000] {processor.py:183} INFO - Processing /home/airflow/.local/lib/python3.8/site-packages/airflow/example_dags/example_xcomargs.py took 0.044 seconds
[2023-12-19T03:32:47.632+0000] {processor.py:161} INFO - Started process (PID=900) to work on /home/airflow/.local/lib/python3.8/site-packages/airflow/example_dags/example_xcomargs.py
[2023-12-19T03:32:47.633+0000] {processor.py:830} INFO - Processing file /home/airflow/.local/lib/python3.8/site-packages/airflow/example_dags/example_xcomargs.py for tasks to queue
[2023-12-19T03:32:47.634+0000] {logging_mixin.py:188} INFO - [2023-12-19T03:32:47.634+0000] {dagbag.py:538} INFO - Filling up the DagBag from /home/airflow/.local/lib/python3.8/site-packages/airflow/example_dags/example_xcomargs.py
[2023-12-19T03:32:47.640+0000] {processor.py:840} INFO - DAG(s) 'example_xcom_args_with_operators', 'example_xcom_args' retrieved from /home/airflow/.local/lib/python3.8/site-packages/airflow/example_dags/example_xcomargs.py
[2023-12-19T03:32:47.655+0000] {logging_mixin.py:188} INFO - [2023-12-19T03:32:47.655+0000] {dag.py:3033} INFO - Sync 2 DAGs
[2023-12-19T03:32:47.663+0000] {logging_mixin.py:188} INFO - [2023-12-19T03:32:47.662+0000] {dag.py:3820} INFO - Setting next_dagrun for example_xcom_args to None, run_after=None
[2023-12-19T03:32:47.664+0000] {logging_mixin.py:188} INFO - [2023-12-19T03:32:47.664+0000] {dag.py:3820} INFO - Setting next_dagrun for example_xcom_args_with_operators to None, run_after=None
[2023-12-19T03:32:47.671+0000] {processor.py:183} INFO - Processing /home/airflow/.local/lib/python3.8/site-packages/airflow/example_dags/example_xcomargs.py took 0.043 seconds
[2023-12-19T03:33:17.907+0000] {processor.py:161} INFO - Started process (PID=955) to work on /home/airflow/.local/lib/python3.8/site-packages/airflow/example_dags/example_xcomargs.py
[2023-12-19T03:33:17.908+0000] {processor.py:830} INFO - Processing file /home/airflow/.local/lib/python3.8/site-packages/airflow/example_dags/example_xcomargs.py for tasks to queue
[2023-12-19T03:33:17.910+0000] {logging_mixin.py:188} INFO - [2023-12-19T03:33:17.910+0000] {dagbag.py:538} INFO - Filling up the DagBag from /home/airflow/.local/lib/python3.8/site-packages/airflow/example_dags/example_xcomargs.py
[2023-12-19T03:33:17.915+0000] {processor.py:840} INFO - DAG(s) 'example_xcom_args', 'example_xcom_args_with_operators' retrieved from /home/airflow/.local/lib/python3.8/site-packages/airflow/example_dags/example_xcomargs.py
[2023-12-19T03:33:17.932+0000] {logging_mixin.py:188} INFO - [2023-12-19T03:33:17.932+0000] {dag.py:3033} INFO - Sync 2 DAGs
[2023-12-19T03:33:17.940+0000] {logging_mixin.py:188} INFO - [2023-12-19T03:33:17.940+0000] {dag.py:3820} INFO - Setting next_dagrun for example_xcom_args to None, run_after=None
[2023-12-19T03:33:17.942+0000] {logging_mixin.py:188} INFO - [2023-12-19T03:33:17.942+0000] {dag.py:3820} INFO - Setting next_dagrun for example_xcom_args_with_operators to None, run_after=None
[2023-12-19T03:33:17.949+0000] {processor.py:183} INFO - Processing /home/airflow/.local/lib/python3.8/site-packages/airflow/example_dags/example_xcomargs.py took 0.044 seconds
[2023-12-19T03:33:48.165+0000] {processor.py:161} INFO - Started process (PID=1010) to work on /home/airflow/.local/lib/python3.8/site-packages/airflow/example_dags/example_xcomargs.py
[2023-12-19T03:33:48.166+0000] {processor.py:830} INFO - Processing file /home/airflow/.local/lib/python3.8/site-packages/airflow/example_dags/example_xcomargs.py for tasks to queue
[2023-12-19T03:33:48.167+0000] {logging_mixin.py:188} INFO - [2023-12-19T03:33:48.167+0000] {dagbag.py:538} INFO - Filling up the DagBag from /home/airflow/.local/lib/python3.8/site-packages/airflow/example_dags/example_xcomargs.py
[2023-12-19T03:33:48.172+0000] {processor.py:840} INFO - DAG(s) 'example_xcom_args_with_operators', 'example_xcom_args' retrieved from /home/airflow/.local/lib/python3.8/site-packages/airflow/example_dags/example_xcomargs.py
[2023-12-19T03:33:48.188+0000] {logging_mixin.py:188} INFO - [2023-12-19T03:33:48.188+0000] {dag.py:3033} INFO - Sync 2 DAGs
[2023-12-19T03:33:48.195+0000] {logging_mixin.py:188} INFO - [2023-12-19T03:33:48.195+0000] {dag.py:3820} INFO - Setting next_dagrun for example_xcom_args to None, run_after=None
[2023-12-19T03:33:48.197+0000] {logging_mixin.py:188} INFO - [2023-12-19T03:33:48.197+0000] {dag.py:3820} INFO - Setting next_dagrun for example_xcom_args_with_operators to None, run_after=None
[2023-12-19T03:33:48.205+0000] {processor.py:183} INFO - Processing /home/airflow/.local/lib/python3.8/site-packages/airflow/example_dags/example_xcomargs.py took 0.042 seconds
[2023-12-19T03:34:18.530+0000] {processor.py:161} INFO - Started process (PID=1065) to work on /home/airflow/.local/lib/python3.8/site-packages/airflow/example_dags/example_xcomargs.py
[2023-12-19T03:34:18.531+0000] {processor.py:830} INFO - Processing file /home/airflow/.local/lib/python3.8/site-packages/airflow/example_dags/example_xcomargs.py for tasks to queue
[2023-12-19T03:34:18.532+0000] {logging_mixin.py:188} INFO - [2023-12-19T03:34:18.532+0000] {dagbag.py:538} INFO - Filling up the DagBag from /home/airflow/.local/lib/python3.8/site-packages/airflow/example_dags/example_xcomargs.py
[2023-12-19T03:34:18.537+0000] {processor.py:840} INFO - DAG(s) 'example_xcom_args_with_operators', 'example_xcom_args' retrieved from /home/airflow/.local/lib/python3.8/site-packages/airflow/example_dags/example_xcomargs.py
[2023-12-19T03:34:18.553+0000] {logging_mixin.py:188} INFO - [2023-12-19T03:34:18.553+0000] {dag.py:3033} INFO - Sync 2 DAGs
[2023-12-19T03:34:18.561+0000] {logging_mixin.py:188} INFO - [2023-12-19T03:34:18.560+0000] {dag.py:3820} INFO - Setting next_dagrun for example_xcom_args to None, run_after=None
[2023-12-19T03:34:18.562+0000] {logging_mixin.py:188} INFO - [2023-12-19T03:34:18.562+0000] {dag.py:3820} INFO - Setting next_dagrun for example_xcom_args_with_operators to None, run_after=None
[2023-12-19T03:34:18.570+0000] {processor.py:183} INFO - Processing /home/airflow/.local/lib/python3.8/site-packages/airflow/example_dags/example_xcomargs.py took 0.043 seconds
[2023-12-19T03:34:48.896+0000] {processor.py:161} INFO - Started process (PID=1120) to work on /home/airflow/.local/lib/python3.8/site-packages/airflow/example_dags/example_xcomargs.py
[2023-12-19T03:34:48.897+0000] {processor.py:830} INFO - Processing file /home/airflow/.local/lib/python3.8/site-packages/airflow/example_dags/example_xcomargs.py for tasks to queue
[2023-12-19T03:34:48.899+0000] {logging_mixin.py:188} INFO - [2023-12-19T03:34:48.898+0000] {dagbag.py:538} INFO - Filling up the DagBag from /home/airflow/.local/lib/python3.8/site-packages/airflow/example_dags/example_xcomargs.py
[2023-12-19T03:34:48.904+0000] {processor.py:840} INFO - DAG(s) 'example_xcom_args', 'example_xcom_args_with_operators' retrieved from /home/airflow/.local/lib/python3.8/site-packages/airflow/example_dags/example_xcomargs.py
[2023-12-19T03:34:48.920+0000] {logging_mixin.py:188} INFO - [2023-12-19T03:34:48.920+0000] {dag.py:3033} INFO - Sync 2 DAGs
[2023-12-19T03:34:48.928+0000] {logging_mixin.py:188} INFO - [2023-12-19T03:34:48.928+0000] {dag.py:3820} INFO - Setting next_dagrun for example_xcom_args to None, run_after=None
[2023-12-19T03:34:48.930+0000] {logging_mixin.py:188} INFO - [2023-12-19T03:34:48.930+0000] {dag.py:3820} INFO - Setting next_dagrun for example_xcom_args_with_operators to None, run_after=None
[2023-12-19T03:34:48.938+0000] {processor.py:183} INFO - Processing /home/airflow/.local/lib/python3.8/site-packages/airflow/example_dags/example_xcomargs.py took 0.045 seconds
[2023-12-19T03:35:19.041+0000] {processor.py:161} INFO - Started process (PID=1175) to work on /home/airflow/.local/lib/python3.8/site-packages/airflow/example_dags/example_xcomargs.py
[2023-12-19T03:35:19.043+0000] {processor.py:830} INFO - Processing file /home/airflow/.local/lib/python3.8/site-packages/airflow/example_dags/example_xcomargs.py for tasks to queue
[2023-12-19T03:35:19.044+0000] {logging_mixin.py:188} INFO - [2023-12-19T03:35:19.044+0000] {dagbag.py:538} INFO - Filling up the DagBag from /home/airflow/.local/lib/python3.8/site-packages/airflow/example_dags/example_xcomargs.py
[2023-12-19T03:35:19.050+0000] {processor.py:840} INFO - DAG(s) 'example_xcom_args', 'example_xcom_args_with_operators' retrieved from /home/airflow/.local/lib/python3.8/site-packages/airflow/example_dags/example_xcomargs.py
[2023-12-19T03:35:19.068+0000] {logging_mixin.py:188} INFO - [2023-12-19T03:35:19.068+0000] {dag.py:3033} INFO - Sync 2 DAGs
[2023-12-19T03:35:19.076+0000] {logging_mixin.py:188} INFO - [2023-12-19T03:35:19.076+0000] {dag.py:3820} INFO - Setting next_dagrun for example_xcom_args to None, run_after=None
[2023-12-19T03:35:19.078+0000] {logging_mixin.py:188} INFO - [2023-12-19T03:35:19.078+0000] {dag.py:3820} INFO - Setting next_dagrun for example_xcom_args_with_operators to None, run_after=None
[2023-12-19T03:35:19.086+0000] {processor.py:183} INFO - Processing /home/airflow/.local/lib/python3.8/site-packages/airflow/example_dags/example_xcomargs.py took 0.047 seconds
[2023-12-19T03:35:49.345+0000] {processor.py:161} INFO - Started process (PID=1230) to work on /home/airflow/.local/lib/python3.8/site-packages/airflow/example_dags/example_xcomargs.py
[2023-12-19T03:35:49.346+0000] {processor.py:830} INFO - Processing file /home/airflow/.local/lib/python3.8/site-packages/airflow/example_dags/example_xcomargs.py for tasks to queue
[2023-12-19T03:35:49.348+0000] {logging_mixin.py:188} INFO - [2023-12-19T03:35:49.347+0000] {dagbag.py:538} INFO - Filling up the DagBag from /home/airflow/.local/lib/python3.8/site-packages/airflow/example_dags/example_xcomargs.py
[2023-12-19T03:35:49.353+0000] {processor.py:840} INFO - DAG(s) 'example_xcom_args', 'example_xcom_args_with_operators' retrieved from /home/airflow/.local/lib/python3.8/site-packages/airflow/example_dags/example_xcomargs.py
[2023-12-19T03:35:49.370+0000] {logging_mixin.py:188} INFO - [2023-12-19T03:35:49.369+0000] {dag.py:3033} INFO - Sync 2 DAGs
[2023-12-19T03:35:49.377+0000] {logging_mixin.py:188} INFO - [2023-12-19T03:35:49.377+0000] {dag.py:3820} INFO - Setting next_dagrun for example_xcom_args to None, run_after=None
[2023-12-19T03:35:49.379+0000] {logging_mixin.py:188} INFO - [2023-12-19T03:35:49.379+0000] {dag.py:3820} INFO - Setting next_dagrun for example_xcom_args_with_operators to None, run_after=None
[2023-12-19T03:35:49.386+0000] {processor.py:183} INFO - Processing /home/airflow/.local/lib/python3.8/site-packages/airflow/example_dags/example_xcomargs.py took 0.045 seconds
[2023-12-19T03:36:19.641+0000] {processor.py:161} INFO - Started process (PID=1285) to work on /home/airflow/.local/lib/python3.8/site-packages/airflow/example_dags/example_xcomargs.py
[2023-12-19T03:36:19.642+0000] {processor.py:830} INFO - Processing file /home/airflow/.local/lib/python3.8/site-packages/airflow/example_dags/example_xcomargs.py for tasks to queue
[2023-12-19T03:36:19.644+0000] {logging_mixin.py:188} INFO - [2023-12-19T03:36:19.644+0000] {dagbag.py:538} INFO - Filling up the DagBag from /home/airflow/.local/lib/python3.8/site-packages/airflow/example_dags/example_xcomargs.py
[2023-12-19T03:36:19.649+0000] {processor.py:840} INFO - DAG(s) 'example_xcom_args_with_operators', 'example_xcom_args' retrieved from /home/airflow/.local/lib/python3.8/site-packages/airflow/example_dags/example_xcomargs.py
[2023-12-19T03:36:19.664+0000] {logging_mixin.py:188} INFO - [2023-12-19T03:36:19.664+0000] {dag.py:3033} INFO - Sync 2 DAGs
[2023-12-19T03:36:19.671+0000] {logging_mixin.py:188} INFO - [2023-12-19T03:36:19.671+0000] {dag.py:3820} INFO - Setting next_dagrun for example_xcom_args to None, run_after=None
[2023-12-19T03:36:19.673+0000] {logging_mixin.py:188} INFO - [2023-12-19T03:36:19.673+0000] {dag.py:3820} INFO - Setting next_dagrun for example_xcom_args_with_operators to None, run_after=None
[2023-12-19T03:36:19.680+0000] {processor.py:183} INFO - Processing /home/airflow/.local/lib/python3.8/site-packages/airflow/example_dags/example_xcomargs.py took 0.042 seconds
[2023-12-19T03:36:50.210+0000] {processor.py:161} INFO - Started process (PID=1340) to work on /home/airflow/.local/lib/python3.8/site-packages/airflow/example_dags/example_xcomargs.py
[2023-12-19T03:36:50.211+0000] {processor.py:830} INFO - Processing file /home/airflow/.local/lib/python3.8/site-packages/airflow/example_dags/example_xcomargs.py for tasks to queue
[2023-12-19T03:36:50.213+0000] {logging_mixin.py:188} INFO - [2023-12-19T03:36:50.212+0000] {dagbag.py:538} INFO - Filling up the DagBag from /home/airflow/.local/lib/python3.8/site-packages/airflow/example_dags/example_xcomargs.py
[2023-12-19T03:36:50.218+0000] {processor.py:840} INFO - DAG(s) 'example_xcom_args_with_operators', 'example_xcom_args' retrieved from /home/airflow/.local/lib/python3.8/site-packages/airflow/example_dags/example_xcomargs.py
[2023-12-19T03:36:50.234+0000] {logging_mixin.py:188} INFO - [2023-12-19T03:36:50.233+0000] {dag.py:3033} INFO - Sync 2 DAGs
[2023-12-19T03:36:50.240+0000] {logging_mixin.py:188} INFO - [2023-12-19T03:36:50.240+0000] {dag.py:3820} INFO - Setting next_dagrun for example_xcom_args to None, run_after=None
[2023-12-19T03:36:50.242+0000] {logging_mixin.py:188} INFO - [2023-12-19T03:36:50.242+0000] {dag.py:3820} INFO - Setting next_dagrun for example_xcom_args_with_operators to None, run_after=None
[2023-12-19T03:36:50.250+0000] {processor.py:183} INFO - Processing /home/airflow/.local/lib/python3.8/site-packages/airflow/example_dags/example_xcomargs.py took 0.043 seconds
[2023-12-19T03:37:20.546+0000] {processor.py:161} INFO - Started process (PID=1395) to work on /home/airflow/.local/lib/python3.8/site-packages/airflow/example_dags/example_xcomargs.py
[2023-12-19T03:37:20.547+0000] {processor.py:830} INFO - Processing file /home/airflow/.local/lib/python3.8/site-packages/airflow/example_dags/example_xcomargs.py for tasks to queue
[2023-12-19T03:37:20.549+0000] {logging_mixin.py:188} INFO - [2023-12-19T03:37:20.548+0000] {dagbag.py:538} INFO - Filling up the DagBag from /home/airflow/.local/lib/python3.8/site-packages/airflow/example_dags/example_xcomargs.py
[2023-12-19T03:37:20.554+0000] {processor.py:840} INFO - DAG(s) 'example_xcom_args', 'example_xcom_args_with_operators' retrieved from /home/airflow/.local/lib/python3.8/site-packages/airflow/example_dags/example_xcomargs.py
[2023-12-19T03:37:20.571+0000] {logging_mixin.py:188} INFO - [2023-12-19T03:37:20.571+0000] {dag.py:3033} INFO - Sync 2 DAGs
[2023-12-19T03:37:20.578+0000] {logging_mixin.py:188} INFO - [2023-12-19T03:37:20.578+0000] {dag.py:3820} INFO - Setting next_dagrun for example_xcom_args to None, run_after=None
[2023-12-19T03:37:20.580+0000] {logging_mixin.py:188} INFO - [2023-12-19T03:37:20.580+0000] {dag.py:3820} INFO - Setting next_dagrun for example_xcom_args_with_operators to None, run_after=None
[2023-12-19T03:37:20.588+0000] {processor.py:183} INFO - Processing /home/airflow/.local/lib/python3.8/site-packages/airflow/example_dags/example_xcomargs.py took 0.045 seconds
[2023-12-19T03:37:50.827+0000] {processor.py:161} INFO - Started process (PID=1450) to work on /home/airflow/.local/lib/python3.8/site-packages/airflow/example_dags/example_xcomargs.py
[2023-12-19T03:37:50.829+0000] {processor.py:830} INFO - Processing file /home/airflow/.local/lib/python3.8/site-packages/airflow/example_dags/example_xcomargs.py for tasks to queue
[2023-12-19T03:37:50.830+0000] {logging_mixin.py:188} INFO - [2023-12-19T03:37:50.830+0000] {dagbag.py:538} INFO - Filling up the DagBag from /home/airflow/.local/lib/python3.8/site-packages/airflow/example_dags/example_xcomargs.py
[2023-12-19T03:37:50.836+0000] {processor.py:840} INFO - DAG(s) 'example_xcom_args_with_operators', 'example_xcom_args' retrieved from /home/airflow/.local/lib/python3.8/site-packages/airflow/example_dags/example_xcomargs.py
[2023-12-19T03:37:50.852+0000] {logging_mixin.py:188} INFO - [2023-12-19T03:37:50.852+0000] {dag.py:3033} INFO - Sync 2 DAGs
[2023-12-19T03:37:50.860+0000] {logging_mixin.py:188} INFO - [2023-12-19T03:37:50.860+0000] {dag.py:3820} INFO - Setting next_dagrun for example_xcom_args to None, run_after=None
[2023-12-19T03:37:50.862+0000] {logging_mixin.py:188} INFO - [2023-12-19T03:37:50.862+0000] {dag.py:3820} INFO - Setting next_dagrun for example_xcom_args_with_operators to None, run_after=None
[2023-12-19T03:37:50.870+0000] {processor.py:183} INFO - Processing /home/airflow/.local/lib/python3.8/site-packages/airflow/example_dags/example_xcomargs.py took 0.045 seconds
