[2023-12-19T03:23:35.726+0000] {processor.py:161} INFO - Started process (PID=64) to work on /home/airflow/.local/lib/python3.8/site-packages/airflow/example_dags/example_nested_branch_dag.py
[2023-12-19T03:23:35.727+0000] {processor.py:830} INFO - Processing file /home/airflow/.local/lib/python3.8/site-packages/airflow/example_dags/example_nested_branch_dag.py for tasks to queue
[2023-12-19T03:23:35.729+0000] {logging_mixin.py:188} INFO - [2023-12-19T03:23:35.728+0000] {dagbag.py:538} INFO - Filling up the DagBag from /home/airflow/.local/lib/python3.8/site-packages/airflow/example_dags/example_nested_branch_dag.py
[2023-12-19T03:23:35.737+0000] {processor.py:840} INFO - DAG(s) 'example_nested_branch_dag' retrieved from /home/airflow/.local/lib/python3.8/site-packages/airflow/example_dags/example_nested_branch_dag.py
[2023-12-19T03:23:35.748+0000] {logging_mixin.py:188} INFO - [2023-12-19T03:23:35.748+0000] {dag.py:3033} INFO - Sync 1 DAGs
[2023-12-19T03:23:35.764+0000] {logging_mixin.py:188} INFO - [2023-12-19T03:23:35.764+0000] {dag.py:3820} INFO - Setting next_dagrun for example_nested_branch_dag to 2023-12-18T00:00:00+00:00, run_after=2023-12-19T00:00:00+00:00
[2023-12-19T03:23:35.774+0000] {processor.py:183} INFO - Processing /home/airflow/.local/lib/python3.8/site-packages/airflow/example_dags/example_nested_branch_dag.py took 0.052 seconds
[2023-12-19T03:24:06.325+0000] {processor.py:161} INFO - Started process (PID=119) to work on /home/airflow/.local/lib/python3.8/site-packages/airflow/example_dags/example_nested_branch_dag.py
[2023-12-19T03:24:06.326+0000] {processor.py:830} INFO - Processing file /home/airflow/.local/lib/python3.8/site-packages/airflow/example_dags/example_nested_branch_dag.py for tasks to queue
[2023-12-19T03:24:06.328+0000] {logging_mixin.py:188} INFO - [2023-12-19T03:24:06.328+0000] {dagbag.py:538} INFO - Filling up the DagBag from /home/airflow/.local/lib/python3.8/site-packages/airflow/example_dags/example_nested_branch_dag.py
[2023-12-19T03:24:06.335+0000] {processor.py:840} INFO - DAG(s) 'example_nested_branch_dag' retrieved from /home/airflow/.local/lib/python3.8/site-packages/airflow/example_dags/example_nested_branch_dag.py
[2023-12-19T03:24:06.387+0000] {logging_mixin.py:188} INFO - [2023-12-19T03:24:06.387+0000] {dag.py:3033} INFO - Sync 1 DAGs
[2023-12-19T03:24:06.398+0000] {logging_mixin.py:188} INFO - [2023-12-19T03:24:06.397+0000] {dag.py:3820} INFO - Setting next_dagrun for example_nested_branch_dag to 2023-12-18T00:00:00+00:00, run_after=2023-12-19T00:00:00+00:00
[2023-12-19T03:24:06.406+0000] {processor.py:183} INFO - Processing /home/airflow/.local/lib/python3.8/site-packages/airflow/example_dags/example_nested_branch_dag.py took 0.083 seconds
[2023-12-19T03:24:39.637+0000] {processor.py:161} INFO - Started process (PID=63) to work on /home/airflow/.local/lib/python3.8/site-packages/airflow/example_dags/example_nested_branch_dag.py
[2023-12-19T03:24:39.638+0000] {processor.py:830} INFO - Processing file /home/airflow/.local/lib/python3.8/site-packages/airflow/example_dags/example_nested_branch_dag.py for tasks to queue
[2023-12-19T03:24:39.640+0000] {logging_mixin.py:188} INFO - [2023-12-19T03:24:39.640+0000] {dagbag.py:538} INFO - Filling up the DagBag from /home/airflow/.local/lib/python3.8/site-packages/airflow/example_dags/example_nested_branch_dag.py
[2023-12-19T03:24:39.646+0000] {processor.py:840} INFO - DAG(s) 'example_nested_branch_dag' retrieved from /home/airflow/.local/lib/python3.8/site-packages/airflow/example_dags/example_nested_branch_dag.py
[2023-12-19T03:24:39.665+0000] {logging_mixin.py:188} INFO - [2023-12-19T03:24:39.665+0000] {dag.py:3033} INFO - Sync 1 DAGs
[2023-12-19T03:24:39.678+0000] {logging_mixin.py:188} INFO - [2023-12-19T03:24:39.678+0000] {dag.py:3820} INFO - Setting next_dagrun for example_nested_branch_dag to 2023-12-18T00:00:00+00:00, run_after=2023-12-19T00:00:00+00:00
[2023-12-19T03:24:39.687+0000] {processor.py:183} INFO - Processing /home/airflow/.local/lib/python3.8/site-packages/airflow/example_dags/example_nested_branch_dag.py took 0.052 seconds
[2023-12-19T03:25:12.059+0000] {processor.py:161} INFO - Started process (PID=63) to work on /home/airflow/.local/lib/python3.8/site-packages/airflow/example_dags/example_nested_branch_dag.py
[2023-12-19T03:25:12.060+0000] {processor.py:830} INFO - Processing file /home/airflow/.local/lib/python3.8/site-packages/airflow/example_dags/example_nested_branch_dag.py for tasks to queue
[2023-12-19T03:25:12.062+0000] {logging_mixin.py:188} INFO - [2023-12-19T03:25:12.062+0000] {dagbag.py:538} INFO - Filling up the DagBag from /home/airflow/.local/lib/python3.8/site-packages/airflow/example_dags/example_nested_branch_dag.py
[2023-12-19T03:25:12.073+0000] {processor.py:840} INFO - DAG(s) 'example_nested_branch_dag' retrieved from /home/airflow/.local/lib/python3.8/site-packages/airflow/example_dags/example_nested_branch_dag.py
[2023-12-19T03:25:12.090+0000] {logging_mixin.py:188} INFO - [2023-12-19T03:25:12.090+0000] {dag.py:3033} INFO - Sync 1 DAGs
[2023-12-19T03:25:12.117+0000] {logging_mixin.py:188} INFO - [2023-12-19T03:25:12.117+0000] {dag.py:3820} INFO - Setting next_dagrun for example_nested_branch_dag to 2023-12-18T00:00:00+00:00, run_after=2023-12-19T00:00:00+00:00
[2023-12-19T03:25:12.128+0000] {processor.py:183} INFO - Processing /home/airflow/.local/lib/python3.8/site-packages/airflow/example_dags/example_nested_branch_dag.py took 0.072 seconds
[2023-12-19T03:25:42.937+0000] {processor.py:161} INFO - Started process (PID=117) to work on /home/airflow/.local/lib/python3.8/site-packages/airflow/example_dags/example_nested_branch_dag.py
[2023-12-19T03:25:42.938+0000] {processor.py:830} INFO - Processing file /home/airflow/.local/lib/python3.8/site-packages/airflow/example_dags/example_nested_branch_dag.py for tasks to queue
[2023-12-19T03:25:42.940+0000] {logging_mixin.py:188} INFO - [2023-12-19T03:25:42.939+0000] {dagbag.py:538} INFO - Filling up the DagBag from /home/airflow/.local/lib/python3.8/site-packages/airflow/example_dags/example_nested_branch_dag.py
[2023-12-19T03:25:42.946+0000] {processor.py:840} INFO - DAG(s) 'example_nested_branch_dag' retrieved from /home/airflow/.local/lib/python3.8/site-packages/airflow/example_dags/example_nested_branch_dag.py
[2023-12-19T03:25:42.999+0000] {logging_mixin.py:188} INFO - [2023-12-19T03:25:42.999+0000] {dag.py:3033} INFO - Sync 1 DAGs
[2023-12-19T03:25:43.010+0000] {logging_mixin.py:188} INFO - [2023-12-19T03:25:43.010+0000] {dag.py:3820} INFO - Setting next_dagrun for example_nested_branch_dag to 2023-12-18T00:00:00+00:00, run_after=2023-12-19T00:00:00+00:00
[2023-12-19T03:25:43.019+0000] {processor.py:183} INFO - Processing /home/airflow/.local/lib/python3.8/site-packages/airflow/example_dags/example_nested_branch_dag.py took 0.085 seconds
[2023-12-19T03:26:13.736+0000] {processor.py:161} INFO - Started process (PID=180) to work on /home/airflow/.local/lib/python3.8/site-packages/airflow/example_dags/example_nested_branch_dag.py
[2023-12-19T03:26:13.737+0000] {processor.py:830} INFO - Processing file /home/airflow/.local/lib/python3.8/site-packages/airflow/example_dags/example_nested_branch_dag.py for tasks to queue
[2023-12-19T03:26:13.739+0000] {logging_mixin.py:188} INFO - [2023-12-19T03:26:13.739+0000] {dagbag.py:538} INFO - Filling up the DagBag from /home/airflow/.local/lib/python3.8/site-packages/airflow/example_dags/example_nested_branch_dag.py
[2023-12-19T03:26:13.745+0000] {processor.py:840} INFO - DAG(s) 'example_nested_branch_dag' retrieved from /home/airflow/.local/lib/python3.8/site-packages/airflow/example_dags/example_nested_branch_dag.py
[2023-12-19T03:26:13.760+0000] {logging_mixin.py:188} INFO - [2023-12-19T03:26:13.760+0000] {dag.py:3033} INFO - Sync 1 DAGs
[2023-12-19T03:26:13.773+0000] {logging_mixin.py:188} INFO - [2023-12-19T03:26:13.773+0000] {dag.py:3820} INFO - Setting next_dagrun for example_nested_branch_dag to 2023-12-18T00:00:00+00:00, run_after=2023-12-19T00:00:00+00:00
[2023-12-19T03:26:13.783+0000] {processor.py:183} INFO - Processing /home/airflow/.local/lib/python3.8/site-packages/airflow/example_dags/example_nested_branch_dag.py took 0.050 seconds
[2023-12-19T03:26:43.970+0000] {processor.py:161} INFO - Started process (PID=235) to work on /home/airflow/.local/lib/python3.8/site-packages/airflow/example_dags/example_nested_branch_dag.py
[2023-12-19T03:26:43.972+0000] {processor.py:830} INFO - Processing file /home/airflow/.local/lib/python3.8/site-packages/airflow/example_dags/example_nested_branch_dag.py for tasks to queue
[2023-12-19T03:26:43.974+0000] {logging_mixin.py:188} INFO - [2023-12-19T03:26:43.974+0000] {dagbag.py:538} INFO - Filling up the DagBag from /home/airflow/.local/lib/python3.8/site-packages/airflow/example_dags/example_nested_branch_dag.py
[2023-12-19T03:26:43.981+0000] {processor.py:840} INFO - DAG(s) 'example_nested_branch_dag' retrieved from /home/airflow/.local/lib/python3.8/site-packages/airflow/example_dags/example_nested_branch_dag.py
[2023-12-19T03:26:44.001+0000] {logging_mixin.py:188} INFO - [2023-12-19T03:26:44.001+0000] {dag.py:3033} INFO - Sync 1 DAGs
[2023-12-19T03:26:44.014+0000] {logging_mixin.py:188} INFO - [2023-12-19T03:26:44.014+0000] {dag.py:3820} INFO - Setting next_dagrun for example_nested_branch_dag to 2023-12-18T00:00:00+00:00, run_after=2023-12-19T00:00:00+00:00
[2023-12-19T03:26:44.028+0000] {processor.py:183} INFO - Processing /home/airflow/.local/lib/python3.8/site-packages/airflow/example_dags/example_nested_branch_dag.py took 0.061 seconds
[2023-12-19T03:27:14.724+0000] {processor.py:161} INFO - Started process (PID=290) to work on /home/airflow/.local/lib/python3.8/site-packages/airflow/example_dags/example_nested_branch_dag.py
[2023-12-19T03:27:14.725+0000] {processor.py:830} INFO - Processing file /home/airflow/.local/lib/python3.8/site-packages/airflow/example_dags/example_nested_branch_dag.py for tasks to queue
[2023-12-19T03:27:14.727+0000] {logging_mixin.py:188} INFO - [2023-12-19T03:27:14.727+0000] {dagbag.py:538} INFO - Filling up the DagBag from /home/airflow/.local/lib/python3.8/site-packages/airflow/example_dags/example_nested_branch_dag.py
[2023-12-19T03:27:14.734+0000] {processor.py:840} INFO - DAG(s) 'example_nested_branch_dag' retrieved from /home/airflow/.local/lib/python3.8/site-packages/airflow/example_dags/example_nested_branch_dag.py
[2023-12-19T03:27:14.750+0000] {logging_mixin.py:188} INFO - [2023-12-19T03:27:14.750+0000] {dag.py:3033} INFO - Sync 1 DAGs
[2023-12-19T03:27:14.763+0000] {logging_mixin.py:188} INFO - [2023-12-19T03:27:14.763+0000] {dag.py:3820} INFO - Setting next_dagrun for example_nested_branch_dag to 2023-12-18T00:00:00+00:00, run_after=2023-12-19T00:00:00+00:00
[2023-12-19T03:27:14.772+0000] {processor.py:183} INFO - Processing /home/airflow/.local/lib/python3.8/site-packages/airflow/example_dags/example_nested_branch_dag.py took 0.051 seconds
[2023-12-19T03:27:45.100+0000] {processor.py:161} INFO - Started process (PID=345) to work on /home/airflow/.local/lib/python3.8/site-packages/airflow/example_dags/example_nested_branch_dag.py
[2023-12-19T03:27:45.102+0000] {processor.py:830} INFO - Processing file /home/airflow/.local/lib/python3.8/site-packages/airflow/example_dags/example_nested_branch_dag.py for tasks to queue
[2023-12-19T03:27:45.107+0000] {logging_mixin.py:188} INFO - [2023-12-19T03:27:45.107+0000] {dagbag.py:538} INFO - Filling up the DagBag from /home/airflow/.local/lib/python3.8/site-packages/airflow/example_dags/example_nested_branch_dag.py
[2023-12-19T03:27:45.117+0000] {processor.py:840} INFO - DAG(s) 'example_nested_branch_dag' retrieved from /home/airflow/.local/lib/python3.8/site-packages/airflow/example_dags/example_nested_branch_dag.py
[2023-12-19T03:27:45.133+0000] {logging_mixin.py:188} INFO - [2023-12-19T03:27:45.133+0000] {dag.py:3033} INFO - Sync 1 DAGs
[2023-12-19T03:27:45.146+0000] {logging_mixin.py:188} INFO - [2023-12-19T03:27:45.145+0000] {dag.py:3820} INFO - Setting next_dagrun for example_nested_branch_dag to 2023-12-18T00:00:00+00:00, run_after=2023-12-19T00:00:00+00:00
[2023-12-19T03:27:45.154+0000] {processor.py:183} INFO - Processing /home/airflow/.local/lib/python3.8/site-packages/airflow/example_dags/example_nested_branch_dag.py took 0.058 seconds
[2023-12-19T03:28:15.268+0000] {processor.py:161} INFO - Started process (PID=400) to work on /home/airflow/.local/lib/python3.8/site-packages/airflow/example_dags/example_nested_branch_dag.py
[2023-12-19T03:28:15.269+0000] {processor.py:830} INFO - Processing file /home/airflow/.local/lib/python3.8/site-packages/airflow/example_dags/example_nested_branch_dag.py for tasks to queue
[2023-12-19T03:28:15.271+0000] {logging_mixin.py:188} INFO - [2023-12-19T03:28:15.271+0000] {dagbag.py:538} INFO - Filling up the DagBag from /home/airflow/.local/lib/python3.8/site-packages/airflow/example_dags/example_nested_branch_dag.py
[2023-12-19T03:28:15.277+0000] {processor.py:840} INFO - DAG(s) 'example_nested_branch_dag' retrieved from /home/airflow/.local/lib/python3.8/site-packages/airflow/example_dags/example_nested_branch_dag.py
[2023-12-19T03:28:15.292+0000] {logging_mixin.py:188} INFO - [2023-12-19T03:28:15.292+0000] {dag.py:3033} INFO - Sync 1 DAGs
[2023-12-19T03:28:15.304+0000] {logging_mixin.py:188} INFO - [2023-12-19T03:28:15.304+0000] {dag.py:3820} INFO - Setting next_dagrun for example_nested_branch_dag to 2023-12-18T00:00:00+00:00, run_after=2023-12-19T00:00:00+00:00
[2023-12-19T03:28:15.312+0000] {processor.py:183} INFO - Processing /home/airflow/.local/lib/python3.8/site-packages/airflow/example_dags/example_nested_branch_dag.py took 0.047 seconds
[2023-12-19T03:28:45.545+0000] {processor.py:161} INFO - Started process (PID=455) to work on /home/airflow/.local/lib/python3.8/site-packages/airflow/example_dags/example_nested_branch_dag.py
[2023-12-19T03:28:45.546+0000] {processor.py:830} INFO - Processing file /home/airflow/.local/lib/python3.8/site-packages/airflow/example_dags/example_nested_branch_dag.py for tasks to queue
[2023-12-19T03:28:45.548+0000] {logging_mixin.py:188} INFO - [2023-12-19T03:28:45.547+0000] {dagbag.py:538} INFO - Filling up the DagBag from /home/airflow/.local/lib/python3.8/site-packages/airflow/example_dags/example_nested_branch_dag.py
[2023-12-19T03:28:45.555+0000] {processor.py:840} INFO - DAG(s) 'example_nested_branch_dag' retrieved from /home/airflow/.local/lib/python3.8/site-packages/airflow/example_dags/example_nested_branch_dag.py
[2023-12-19T03:28:45.571+0000] {logging_mixin.py:188} INFO - [2023-12-19T03:28:45.571+0000] {dag.py:3033} INFO - Sync 1 DAGs
[2023-12-19T03:28:45.584+0000] {logging_mixin.py:188} INFO - [2023-12-19T03:28:45.584+0000] {dag.py:3820} INFO - Setting next_dagrun for example_nested_branch_dag to 2023-12-18T00:00:00+00:00, run_after=2023-12-19T00:00:00+00:00
[2023-12-19T03:28:45.594+0000] {processor.py:183} INFO - Processing /home/airflow/.local/lib/python3.8/site-packages/airflow/example_dags/example_nested_branch_dag.py took 0.051 seconds
[2023-12-19T03:29:15.992+0000] {processor.py:161} INFO - Started process (PID=510) to work on /home/airflow/.local/lib/python3.8/site-packages/airflow/example_dags/example_nested_branch_dag.py
[2023-12-19T03:29:15.994+0000] {processor.py:830} INFO - Processing file /home/airflow/.local/lib/python3.8/site-packages/airflow/example_dags/example_nested_branch_dag.py for tasks to queue
[2023-12-19T03:29:15.997+0000] {logging_mixin.py:188} INFO - [2023-12-19T03:29:15.996+0000] {dagbag.py:538} INFO - Filling up the DagBag from /home/airflow/.local/lib/python3.8/site-packages/airflow/example_dags/example_nested_branch_dag.py
[2023-12-19T03:29:16.008+0000] {processor.py:840} INFO - DAG(s) 'example_nested_branch_dag' retrieved from /home/airflow/.local/lib/python3.8/site-packages/airflow/example_dags/example_nested_branch_dag.py
[2023-12-19T03:29:16.033+0000] {logging_mixin.py:188} INFO - [2023-12-19T03:29:16.033+0000] {dag.py:3033} INFO - Sync 1 DAGs
[2023-12-19T03:29:16.049+0000] {logging_mixin.py:188} INFO - [2023-12-19T03:29:16.049+0000] {dag.py:3820} INFO - Setting next_dagrun for example_nested_branch_dag to 2023-12-18T00:00:00+00:00, run_after=2023-12-19T00:00:00+00:00
[2023-12-19T03:29:16.065+0000] {processor.py:183} INFO - Processing /home/airflow/.local/lib/python3.8/site-packages/airflow/example_dags/example_nested_branch_dag.py took 0.075 seconds
[2023-12-19T03:29:46.120+0000] {processor.py:161} INFO - Started process (PID=565) to work on /home/airflow/.local/lib/python3.8/site-packages/airflow/example_dags/example_nested_branch_dag.py
[2023-12-19T03:29:46.121+0000] {processor.py:830} INFO - Processing file /home/airflow/.local/lib/python3.8/site-packages/airflow/example_dags/example_nested_branch_dag.py for tasks to queue
[2023-12-19T03:29:46.123+0000] {logging_mixin.py:188} INFO - [2023-12-19T03:29:46.123+0000] {dagbag.py:538} INFO - Filling up the DagBag from /home/airflow/.local/lib/python3.8/site-packages/airflow/example_dags/example_nested_branch_dag.py
[2023-12-19T03:29:46.130+0000] {processor.py:840} INFO - DAG(s) 'example_nested_branch_dag' retrieved from /home/airflow/.local/lib/python3.8/site-packages/airflow/example_dags/example_nested_branch_dag.py
[2023-12-19T03:29:46.146+0000] {logging_mixin.py:188} INFO - [2023-12-19T03:29:46.146+0000] {dag.py:3033} INFO - Sync 1 DAGs
[2023-12-19T03:29:46.158+0000] {logging_mixin.py:188} INFO - [2023-12-19T03:29:46.158+0000] {dag.py:3820} INFO - Setting next_dagrun for example_nested_branch_dag to 2023-12-18T00:00:00+00:00, run_after=2023-12-19T00:00:00+00:00
[2023-12-19T03:29:46.167+0000] {processor.py:183} INFO - Processing /home/airflow/.local/lib/python3.8/site-packages/airflow/example_dags/example_nested_branch_dag.py took 0.050 seconds
[2023-12-19T03:30:16.371+0000] {processor.py:161} INFO - Started process (PID=620) to work on /home/airflow/.local/lib/python3.8/site-packages/airflow/example_dags/example_nested_branch_dag.py
[2023-12-19T03:30:16.372+0000] {processor.py:830} INFO - Processing file /home/airflow/.local/lib/python3.8/site-packages/airflow/example_dags/example_nested_branch_dag.py for tasks to queue
[2023-12-19T03:30:16.374+0000] {logging_mixin.py:188} INFO - [2023-12-19T03:30:16.374+0000] {dagbag.py:538} INFO - Filling up the DagBag from /home/airflow/.local/lib/python3.8/site-packages/airflow/example_dags/example_nested_branch_dag.py
[2023-12-19T03:30:16.380+0000] {processor.py:840} INFO - DAG(s) 'example_nested_branch_dag' retrieved from /home/airflow/.local/lib/python3.8/site-packages/airflow/example_dags/example_nested_branch_dag.py
[2023-12-19T03:30:16.396+0000] {logging_mixin.py:188} INFO - [2023-12-19T03:30:16.396+0000] {dag.py:3033} INFO - Sync 1 DAGs
[2023-12-19T03:30:16.407+0000] {logging_mixin.py:188} INFO - [2023-12-19T03:30:16.407+0000] {dag.py:3820} INFO - Setting next_dagrun for example_nested_branch_dag to 2023-12-18T00:00:00+00:00, run_after=2023-12-19T00:00:00+00:00
[2023-12-19T03:30:16.417+0000] {processor.py:183} INFO - Processing /home/airflow/.local/lib/python3.8/site-packages/airflow/example_dags/example_nested_branch_dag.py took 0.048 seconds
[2023-12-19T03:30:46.530+0000] {processor.py:161} INFO - Started process (PID=675) to work on /home/airflow/.local/lib/python3.8/site-packages/airflow/example_dags/example_nested_branch_dag.py
[2023-12-19T03:30:46.531+0000] {processor.py:830} INFO - Processing file /home/airflow/.local/lib/python3.8/site-packages/airflow/example_dags/example_nested_branch_dag.py for tasks to queue
[2023-12-19T03:30:46.532+0000] {logging_mixin.py:188} INFO - [2023-12-19T03:30:46.532+0000] {dagbag.py:538} INFO - Filling up the DagBag from /home/airflow/.local/lib/python3.8/site-packages/airflow/example_dags/example_nested_branch_dag.py
[2023-12-19T03:30:46.539+0000] {processor.py:840} INFO - DAG(s) 'example_nested_branch_dag' retrieved from /home/airflow/.local/lib/python3.8/site-packages/airflow/example_dags/example_nested_branch_dag.py
[2023-12-19T03:30:46.554+0000] {logging_mixin.py:188} INFO - [2023-12-19T03:30:46.554+0000] {dag.py:3033} INFO - Sync 1 DAGs
[2023-12-19T03:30:46.566+0000] {logging_mixin.py:188} INFO - [2023-12-19T03:30:46.566+0000] {dag.py:3820} INFO - Setting next_dagrun for example_nested_branch_dag to 2023-12-18T00:00:00+00:00, run_after=2023-12-19T00:00:00+00:00
[2023-12-19T03:30:46.574+0000] {processor.py:183} INFO - Processing /home/airflow/.local/lib/python3.8/site-packages/airflow/example_dags/example_nested_branch_dag.py took 0.047 seconds
[2023-12-19T03:31:16.685+0000] {processor.py:161} INFO - Started process (PID=730) to work on /home/airflow/.local/lib/python3.8/site-packages/airflow/example_dags/example_nested_branch_dag.py
[2023-12-19T03:31:16.686+0000] {processor.py:830} INFO - Processing file /home/airflow/.local/lib/python3.8/site-packages/airflow/example_dags/example_nested_branch_dag.py for tasks to queue
[2023-12-19T03:31:16.688+0000] {logging_mixin.py:188} INFO - [2023-12-19T03:31:16.687+0000] {dagbag.py:538} INFO - Filling up the DagBag from /home/airflow/.local/lib/python3.8/site-packages/airflow/example_dags/example_nested_branch_dag.py
[2023-12-19T03:31:16.694+0000] {processor.py:840} INFO - DAG(s) 'example_nested_branch_dag' retrieved from /home/airflow/.local/lib/python3.8/site-packages/airflow/example_dags/example_nested_branch_dag.py
[2023-12-19T03:31:16.709+0000] {logging_mixin.py:188} INFO - [2023-12-19T03:31:16.709+0000] {dag.py:3033} INFO - Sync 1 DAGs
[2023-12-19T03:31:16.722+0000] {logging_mixin.py:188} INFO - [2023-12-19T03:31:16.722+0000] {dag.py:3820} INFO - Setting next_dagrun for example_nested_branch_dag to 2023-12-18T00:00:00+00:00, run_after=2023-12-19T00:00:00+00:00
[2023-12-19T03:31:16.731+0000] {processor.py:183} INFO - Processing /home/airflow/.local/lib/python3.8/site-packages/airflow/example_dags/example_nested_branch_dag.py took 0.049 seconds
[2023-12-19T03:31:46.801+0000] {processor.py:161} INFO - Started process (PID=785) to work on /home/airflow/.local/lib/python3.8/site-packages/airflow/example_dags/example_nested_branch_dag.py
[2023-12-19T03:31:46.802+0000] {processor.py:830} INFO - Processing file /home/airflow/.local/lib/python3.8/site-packages/airflow/example_dags/example_nested_branch_dag.py for tasks to queue
[2023-12-19T03:31:46.804+0000] {logging_mixin.py:188} INFO - [2023-12-19T03:31:46.804+0000] {dagbag.py:538} INFO - Filling up the DagBag from /home/airflow/.local/lib/python3.8/site-packages/airflow/example_dags/example_nested_branch_dag.py
[2023-12-19T03:31:46.811+0000] {processor.py:840} INFO - DAG(s) 'example_nested_branch_dag' retrieved from /home/airflow/.local/lib/python3.8/site-packages/airflow/example_dags/example_nested_branch_dag.py
[2023-12-19T03:31:46.826+0000] {logging_mixin.py:188} INFO - [2023-12-19T03:31:46.825+0000] {dag.py:3033} INFO - Sync 1 DAGs
[2023-12-19T03:31:46.837+0000] {logging_mixin.py:188} INFO - [2023-12-19T03:31:46.837+0000] {dag.py:3820} INFO - Setting next_dagrun for example_nested_branch_dag to 2023-12-18T00:00:00+00:00, run_after=2023-12-19T00:00:00+00:00
[2023-12-19T03:31:46.847+0000] {processor.py:183} INFO - Processing /home/airflow/.local/lib/python3.8/site-packages/airflow/example_dags/example_nested_branch_dag.py took 0.048 seconds
[2023-12-19T03:32:17.111+0000] {processor.py:161} INFO - Started process (PID=840) to work on /home/airflow/.local/lib/python3.8/site-packages/airflow/example_dags/example_nested_branch_dag.py
[2023-12-19T03:32:17.112+0000] {processor.py:830} INFO - Processing file /home/airflow/.local/lib/python3.8/site-packages/airflow/example_dags/example_nested_branch_dag.py for tasks to queue
[2023-12-19T03:32:17.114+0000] {logging_mixin.py:188} INFO - [2023-12-19T03:32:17.113+0000] {dagbag.py:538} INFO - Filling up the DagBag from /home/airflow/.local/lib/python3.8/site-packages/airflow/example_dags/example_nested_branch_dag.py
[2023-12-19T03:32:17.120+0000] {processor.py:840} INFO - DAG(s) 'example_nested_branch_dag' retrieved from /home/airflow/.local/lib/python3.8/site-packages/airflow/example_dags/example_nested_branch_dag.py
[2023-12-19T03:32:17.135+0000] {logging_mixin.py:188} INFO - [2023-12-19T03:32:17.135+0000] {dag.py:3033} INFO - Sync 1 DAGs
[2023-12-19T03:32:17.148+0000] {logging_mixin.py:188} INFO - [2023-12-19T03:32:17.147+0000] {dag.py:3820} INFO - Setting next_dagrun for example_nested_branch_dag to 2023-12-18T00:00:00+00:00, run_after=2023-12-19T00:00:00+00:00
[2023-12-19T03:32:17.156+0000] {processor.py:183} INFO - Processing /home/airflow/.local/lib/python3.8/site-packages/airflow/example_dags/example_nested_branch_dag.py took 0.048 seconds
[2023-12-19T03:32:47.457+0000] {processor.py:161} INFO - Started process (PID=895) to work on /home/airflow/.local/lib/python3.8/site-packages/airflow/example_dags/example_nested_branch_dag.py
[2023-12-19T03:32:47.458+0000] {processor.py:830} INFO - Processing file /home/airflow/.local/lib/python3.8/site-packages/airflow/example_dags/example_nested_branch_dag.py for tasks to queue
[2023-12-19T03:32:47.460+0000] {logging_mixin.py:188} INFO - [2023-12-19T03:32:47.460+0000] {dagbag.py:538} INFO - Filling up the DagBag from /home/airflow/.local/lib/python3.8/site-packages/airflow/example_dags/example_nested_branch_dag.py
[2023-12-19T03:32:47.466+0000] {processor.py:840} INFO - DAG(s) 'example_nested_branch_dag' retrieved from /home/airflow/.local/lib/python3.8/site-packages/airflow/example_dags/example_nested_branch_dag.py
[2023-12-19T03:32:47.481+0000] {logging_mixin.py:188} INFO - [2023-12-19T03:32:47.481+0000] {dag.py:3033} INFO - Sync 1 DAGs
[2023-12-19T03:32:47.494+0000] {logging_mixin.py:188} INFO - [2023-12-19T03:32:47.493+0000] {dag.py:3820} INFO - Setting next_dagrun for example_nested_branch_dag to 2023-12-18T00:00:00+00:00, run_after=2023-12-19T00:00:00+00:00
[2023-12-19T03:32:47.502+0000] {processor.py:183} INFO - Processing /home/airflow/.local/lib/python3.8/site-packages/airflow/example_dags/example_nested_branch_dag.py took 0.048 seconds
[2023-12-19T03:33:17.735+0000] {processor.py:161} INFO - Started process (PID=950) to work on /home/airflow/.local/lib/python3.8/site-packages/airflow/example_dags/example_nested_branch_dag.py
[2023-12-19T03:33:17.736+0000] {processor.py:830} INFO - Processing file /home/airflow/.local/lib/python3.8/site-packages/airflow/example_dags/example_nested_branch_dag.py for tasks to queue
[2023-12-19T03:33:17.738+0000] {logging_mixin.py:188} INFO - [2023-12-19T03:33:17.737+0000] {dagbag.py:538} INFO - Filling up the DagBag from /home/airflow/.local/lib/python3.8/site-packages/airflow/example_dags/example_nested_branch_dag.py
[2023-12-19T03:33:17.743+0000] {processor.py:840} INFO - DAG(s) 'example_nested_branch_dag' retrieved from /home/airflow/.local/lib/python3.8/site-packages/airflow/example_dags/example_nested_branch_dag.py
[2023-12-19T03:33:17.759+0000] {logging_mixin.py:188} INFO - [2023-12-19T03:33:17.759+0000] {dag.py:3033} INFO - Sync 1 DAGs
[2023-12-19T03:33:17.772+0000] {logging_mixin.py:188} INFO - [2023-12-19T03:33:17.772+0000] {dag.py:3820} INFO - Setting next_dagrun for example_nested_branch_dag to 2023-12-18T00:00:00+00:00, run_after=2023-12-19T00:00:00+00:00
[2023-12-19T03:33:17.781+0000] {processor.py:183} INFO - Processing /home/airflow/.local/lib/python3.8/site-packages/airflow/example_dags/example_nested_branch_dag.py took 0.049 seconds
[2023-12-19T03:33:47.989+0000] {processor.py:161} INFO - Started process (PID=1005) to work on /home/airflow/.local/lib/python3.8/site-packages/airflow/example_dags/example_nested_branch_dag.py
[2023-12-19T03:33:47.990+0000] {processor.py:830} INFO - Processing file /home/airflow/.local/lib/python3.8/site-packages/airflow/example_dags/example_nested_branch_dag.py for tasks to queue
[2023-12-19T03:33:47.992+0000] {logging_mixin.py:188} INFO - [2023-12-19T03:33:47.991+0000] {dagbag.py:538} INFO - Filling up the DagBag from /home/airflow/.local/lib/python3.8/site-packages/airflow/example_dags/example_nested_branch_dag.py
[2023-12-19T03:33:47.998+0000] {processor.py:840} INFO - DAG(s) 'example_nested_branch_dag' retrieved from /home/airflow/.local/lib/python3.8/site-packages/airflow/example_dags/example_nested_branch_dag.py
[2023-12-19T03:33:48.013+0000] {logging_mixin.py:188} INFO - [2023-12-19T03:33:48.013+0000] {dag.py:3033} INFO - Sync 1 DAGs
[2023-12-19T03:33:48.024+0000] {logging_mixin.py:188} INFO - [2023-12-19T03:33:48.024+0000] {dag.py:3820} INFO - Setting next_dagrun for example_nested_branch_dag to 2023-12-18T00:00:00+00:00, run_after=2023-12-19T00:00:00+00:00
[2023-12-19T03:33:48.032+0000] {processor.py:183} INFO - Processing /home/airflow/.local/lib/python3.8/site-packages/airflow/example_dags/example_nested_branch_dag.py took 0.045 seconds
[2023-12-19T03:34:18.349+0000] {processor.py:161} INFO - Started process (PID=1060) to work on /home/airflow/.local/lib/python3.8/site-packages/airflow/example_dags/example_nested_branch_dag.py
[2023-12-19T03:34:18.350+0000] {processor.py:830} INFO - Processing file /home/airflow/.local/lib/python3.8/site-packages/airflow/example_dags/example_nested_branch_dag.py for tasks to queue
[2023-12-19T03:34:18.351+0000] {logging_mixin.py:188} INFO - [2023-12-19T03:34:18.351+0000] {dagbag.py:538} INFO - Filling up the DagBag from /home/airflow/.local/lib/python3.8/site-packages/airflow/example_dags/example_nested_branch_dag.py
[2023-12-19T03:34:18.357+0000] {processor.py:840} INFO - DAG(s) 'example_nested_branch_dag' retrieved from /home/airflow/.local/lib/python3.8/site-packages/airflow/example_dags/example_nested_branch_dag.py
[2023-12-19T03:34:18.372+0000] {logging_mixin.py:188} INFO - [2023-12-19T03:34:18.371+0000] {dag.py:3033} INFO - Sync 1 DAGs
[2023-12-19T03:34:18.382+0000] {logging_mixin.py:188} INFO - [2023-12-19T03:34:18.382+0000] {dag.py:3820} INFO - Setting next_dagrun for example_nested_branch_dag to 2023-12-18T00:00:00+00:00, run_after=2023-12-19T00:00:00+00:00
[2023-12-19T03:34:18.391+0000] {processor.py:183} INFO - Processing /home/airflow/.local/lib/python3.8/site-packages/airflow/example_dags/example_nested_branch_dag.py took 0.045 seconds
[2023-12-19T03:34:48.716+0000] {processor.py:161} INFO - Started process (PID=1115) to work on /home/airflow/.local/lib/python3.8/site-packages/airflow/example_dags/example_nested_branch_dag.py
[2023-12-19T03:34:48.717+0000] {processor.py:830} INFO - Processing file /home/airflow/.local/lib/python3.8/site-packages/airflow/example_dags/example_nested_branch_dag.py for tasks to queue
[2023-12-19T03:34:48.719+0000] {logging_mixin.py:188} INFO - [2023-12-19T03:34:48.718+0000] {dagbag.py:538} INFO - Filling up the DagBag from /home/airflow/.local/lib/python3.8/site-packages/airflow/example_dags/example_nested_branch_dag.py
[2023-12-19T03:34:48.724+0000] {processor.py:840} INFO - DAG(s) 'example_nested_branch_dag' retrieved from /home/airflow/.local/lib/python3.8/site-packages/airflow/example_dags/example_nested_branch_dag.py
[2023-12-19T03:34:48.739+0000] {logging_mixin.py:188} INFO - [2023-12-19T03:34:48.739+0000] {dag.py:3033} INFO - Sync 1 DAGs
[2023-12-19T03:34:48.750+0000] {logging_mixin.py:188} INFO - [2023-12-19T03:34:48.750+0000] {dag.py:3820} INFO - Setting next_dagrun for example_nested_branch_dag to 2023-12-18T00:00:00+00:00, run_after=2023-12-19T00:00:00+00:00
[2023-12-19T03:34:48.758+0000] {processor.py:183} INFO - Processing /home/airflow/.local/lib/python3.8/site-packages/airflow/example_dags/example_nested_branch_dag.py took 0.044 seconds
[2023-12-19T03:35:18.858+0000] {processor.py:161} INFO - Started process (PID=1170) to work on /home/airflow/.local/lib/python3.8/site-packages/airflow/example_dags/example_nested_branch_dag.py
[2023-12-19T03:35:18.859+0000] {processor.py:830} INFO - Processing file /home/airflow/.local/lib/python3.8/site-packages/airflow/example_dags/example_nested_branch_dag.py for tasks to queue
[2023-12-19T03:35:18.860+0000] {logging_mixin.py:188} INFO - [2023-12-19T03:35:18.860+0000] {dagbag.py:538} INFO - Filling up the DagBag from /home/airflow/.local/lib/python3.8/site-packages/airflow/example_dags/example_nested_branch_dag.py
[2023-12-19T03:35:18.866+0000] {processor.py:840} INFO - DAG(s) 'example_nested_branch_dag' retrieved from /home/airflow/.local/lib/python3.8/site-packages/airflow/example_dags/example_nested_branch_dag.py
[2023-12-19T03:35:18.881+0000] {logging_mixin.py:188} INFO - [2023-12-19T03:35:18.881+0000] {dag.py:3033} INFO - Sync 1 DAGs
[2023-12-19T03:35:18.892+0000] {logging_mixin.py:188} INFO - [2023-12-19T03:35:18.892+0000] {dag.py:3820} INFO - Setting next_dagrun for example_nested_branch_dag to 2023-12-18T00:00:00+00:00, run_after=2023-12-19T00:00:00+00:00
[2023-12-19T03:35:18.901+0000] {processor.py:183} INFO - Processing /home/airflow/.local/lib/python3.8/site-packages/airflow/example_dags/example_nested_branch_dag.py took 0.046 seconds
[2023-12-19T03:35:49.177+0000] {processor.py:161} INFO - Started process (PID=1225) to work on /home/airflow/.local/lib/python3.8/site-packages/airflow/example_dags/example_nested_branch_dag.py
[2023-12-19T03:35:49.178+0000] {processor.py:830} INFO - Processing file /home/airflow/.local/lib/python3.8/site-packages/airflow/example_dags/example_nested_branch_dag.py for tasks to queue
[2023-12-19T03:35:49.180+0000] {logging_mixin.py:188} INFO - [2023-12-19T03:35:49.180+0000] {dagbag.py:538} INFO - Filling up the DagBag from /home/airflow/.local/lib/python3.8/site-packages/airflow/example_dags/example_nested_branch_dag.py
[2023-12-19T03:35:49.187+0000] {processor.py:840} INFO - DAG(s) 'example_nested_branch_dag' retrieved from /home/airflow/.local/lib/python3.8/site-packages/airflow/example_dags/example_nested_branch_dag.py
[2023-12-19T03:35:49.201+0000] {logging_mixin.py:188} INFO - [2023-12-19T03:35:49.201+0000] {dag.py:3033} INFO - Sync 1 DAGs
[2023-12-19T03:35:49.213+0000] {logging_mixin.py:188} INFO - [2023-12-19T03:35:49.212+0000] {dag.py:3820} INFO - Setting next_dagrun for example_nested_branch_dag to 2023-12-18T00:00:00+00:00, run_after=2023-12-19T00:00:00+00:00
[2023-12-19T03:35:49.221+0000] {processor.py:183} INFO - Processing /home/airflow/.local/lib/python3.8/site-packages/airflow/example_dags/example_nested_branch_dag.py took 0.046 seconds
[2023-12-19T03:36:19.487+0000] {processor.py:161} INFO - Started process (PID=1280) to work on /home/airflow/.local/lib/python3.8/site-packages/airflow/example_dags/example_nested_branch_dag.py
[2023-12-19T03:36:19.488+0000] {processor.py:830} INFO - Processing file /home/airflow/.local/lib/python3.8/site-packages/airflow/example_dags/example_nested_branch_dag.py for tasks to queue
[2023-12-19T03:36:19.489+0000] {logging_mixin.py:188} INFO - [2023-12-19T03:36:19.489+0000] {dagbag.py:538} INFO - Filling up the DagBag from /home/airflow/.local/lib/python3.8/site-packages/airflow/example_dags/example_nested_branch_dag.py
[2023-12-19T03:36:19.496+0000] {processor.py:840} INFO - DAG(s) 'example_nested_branch_dag' retrieved from /home/airflow/.local/lib/python3.8/site-packages/airflow/example_dags/example_nested_branch_dag.py
[2023-12-19T03:36:19.511+0000] {logging_mixin.py:188} INFO - [2023-12-19T03:36:19.511+0000] {dag.py:3033} INFO - Sync 1 DAGs
[2023-12-19T03:36:19.522+0000] {logging_mixin.py:188} INFO - [2023-12-19T03:36:19.522+0000] {dag.py:3820} INFO - Setting next_dagrun for example_nested_branch_dag to 2023-12-18T00:00:00+00:00, run_after=2023-12-19T00:00:00+00:00
[2023-12-19T03:36:19.530+0000] {processor.py:183} INFO - Processing /home/airflow/.local/lib/python3.8/site-packages/airflow/example_dags/example_nested_branch_dag.py took 0.046 seconds
[2023-12-19T03:36:50.037+0000] {processor.py:161} INFO - Started process (PID=1335) to work on /home/airflow/.local/lib/python3.8/site-packages/airflow/example_dags/example_nested_branch_dag.py
[2023-12-19T03:36:50.038+0000] {processor.py:830} INFO - Processing file /home/airflow/.local/lib/python3.8/site-packages/airflow/example_dags/example_nested_branch_dag.py for tasks to queue
[2023-12-19T03:36:50.039+0000] {logging_mixin.py:188} INFO - [2023-12-19T03:36:50.039+0000] {dagbag.py:538} INFO - Filling up the DagBag from /home/airflow/.local/lib/python3.8/site-packages/airflow/example_dags/example_nested_branch_dag.py
[2023-12-19T03:36:50.045+0000] {processor.py:840} INFO - DAG(s) 'example_nested_branch_dag' retrieved from /home/airflow/.local/lib/python3.8/site-packages/airflow/example_dags/example_nested_branch_dag.py
[2023-12-19T03:36:50.060+0000] {logging_mixin.py:188} INFO - [2023-12-19T03:36:50.060+0000] {dag.py:3033} INFO - Sync 1 DAGs
[2023-12-19T03:36:50.072+0000] {logging_mixin.py:188} INFO - [2023-12-19T03:36:50.071+0000] {dag.py:3820} INFO - Setting next_dagrun for example_nested_branch_dag to 2023-12-18T00:00:00+00:00, run_after=2023-12-19T00:00:00+00:00
[2023-12-19T03:36:50.081+0000] {processor.py:183} INFO - Processing /home/airflow/.local/lib/python3.8/site-packages/airflow/example_dags/example_nested_branch_dag.py took 0.046 seconds
[2023-12-19T03:37:20.370+0000] {processor.py:161} INFO - Started process (PID=1390) to work on /home/airflow/.local/lib/python3.8/site-packages/airflow/example_dags/example_nested_branch_dag.py
[2023-12-19T03:37:20.371+0000] {processor.py:830} INFO - Processing file /home/airflow/.local/lib/python3.8/site-packages/airflow/example_dags/example_nested_branch_dag.py for tasks to queue
[2023-12-19T03:37:20.373+0000] {logging_mixin.py:188} INFO - [2023-12-19T03:37:20.373+0000] {dagbag.py:538} INFO - Filling up the DagBag from /home/airflow/.local/lib/python3.8/site-packages/airflow/example_dags/example_nested_branch_dag.py
[2023-12-19T03:37:20.379+0000] {processor.py:840} INFO - DAG(s) 'example_nested_branch_dag' retrieved from /home/airflow/.local/lib/python3.8/site-packages/airflow/example_dags/example_nested_branch_dag.py
[2023-12-19T03:37:20.394+0000] {logging_mixin.py:188} INFO - [2023-12-19T03:37:20.394+0000] {dag.py:3033} INFO - Sync 1 DAGs
[2023-12-19T03:37:20.407+0000] {logging_mixin.py:188} INFO - [2023-12-19T03:37:20.407+0000] {dag.py:3820} INFO - Setting next_dagrun for example_nested_branch_dag to 2023-12-18T00:00:00+00:00, run_after=2023-12-19T00:00:00+00:00
[2023-12-19T03:37:20.417+0000] {processor.py:183} INFO - Processing /home/airflow/.local/lib/python3.8/site-packages/airflow/example_dags/example_nested_branch_dag.py took 0.049 seconds
[2023-12-19T03:37:50.654+0000] {processor.py:161} INFO - Started process (PID=1445) to work on /home/airflow/.local/lib/python3.8/site-packages/airflow/example_dags/example_nested_branch_dag.py
[2023-12-19T03:37:50.655+0000] {processor.py:830} INFO - Processing file /home/airflow/.local/lib/python3.8/site-packages/airflow/example_dags/example_nested_branch_dag.py for tasks to queue
[2023-12-19T03:37:50.657+0000] {logging_mixin.py:188} INFO - [2023-12-19T03:37:50.657+0000] {dagbag.py:538} INFO - Filling up the DagBag from /home/airflow/.local/lib/python3.8/site-packages/airflow/example_dags/example_nested_branch_dag.py
[2023-12-19T03:37:50.663+0000] {processor.py:840} INFO - DAG(s) 'example_nested_branch_dag' retrieved from /home/airflow/.local/lib/python3.8/site-packages/airflow/example_dags/example_nested_branch_dag.py
[2023-12-19T03:37:50.678+0000] {logging_mixin.py:188} INFO - [2023-12-19T03:37:50.678+0000] {dag.py:3033} INFO - Sync 1 DAGs
[2023-12-19T03:37:50.690+0000] {logging_mixin.py:188} INFO - [2023-12-19T03:37:50.690+0000] {dag.py:3820} INFO - Setting next_dagrun for example_nested_branch_dag to 2023-12-18T00:00:00+00:00, run_after=2023-12-19T00:00:00+00:00
[2023-12-19T03:37:50.699+0000] {processor.py:183} INFO - Processing /home/airflow/.local/lib/python3.8/site-packages/airflow/example_dags/example_nested_branch_dag.py took 0.047 seconds
