[2023-12-19T03:23:36.288+0000] {processor.py:161} INFO - Started process (PID=74) to work on /home/airflow/.local/lib/python3.8/site-packages/airflow/example_dags/example_setup_teardown_taskflow.py
[2023-12-19T03:23:36.289+0000] {processor.py:830} INFO - Processing file /home/airflow/.local/lib/python3.8/site-packages/airflow/example_dags/example_setup_teardown_taskflow.py for tasks to queue
[2023-12-19T03:23:36.291+0000] {logging_mixin.py:188} INFO - [2023-12-19T03:23:36.291+0000] {dagbag.py:538} INFO - Filling up the DagBag from /home/airflow/.local/lib/python3.8/site-packages/airflow/example_dags/example_setup_teardown_taskflow.py
[2023-12-19T03:23:36.298+0000] {processor.py:840} INFO - DAG(s) 'example_setup_teardown_taskflow' retrieved from /home/airflow/.local/lib/python3.8/site-packages/airflow/example_dags/example_setup_teardown_taskflow.py
[2023-12-19T03:23:36.309+0000] {logging_mixin.py:188} INFO - [2023-12-19T03:23:36.309+0000] {dag.py:3033} INFO - Sync 1 DAGs
[2023-12-19T03:23:36.323+0000] {logging_mixin.py:188} INFO - [2023-12-19T03:23:36.323+0000] {dag.py:3820} INFO - Setting next_dagrun for example_setup_teardown_taskflow to 2023-12-18T00:00:00+00:00, run_after=2023-12-19T00:00:00+00:00
[2023-12-19T03:23:36.333+0000] {processor.py:183} INFO - Processing /home/airflow/.local/lib/python3.8/site-packages/airflow/example_dags/example_setup_teardown_taskflow.py took 0.048 seconds
[2023-12-19T03:24:40.109+0000] {processor.py:161} INFO - Started process (PID=73) to work on /home/airflow/.local/lib/python3.8/site-packages/airflow/example_dags/example_setup_teardown_taskflow.py
[2023-12-19T03:24:40.110+0000] {processor.py:830} INFO - Processing file /home/airflow/.local/lib/python3.8/site-packages/airflow/example_dags/example_setup_teardown_taskflow.py for tasks to queue
[2023-12-19T03:24:40.112+0000] {logging_mixin.py:188} INFO - [2023-12-19T03:24:40.112+0000] {dagbag.py:538} INFO - Filling up the DagBag from /home/airflow/.local/lib/python3.8/site-packages/airflow/example_dags/example_setup_teardown_taskflow.py
[2023-12-19T03:24:40.117+0000] {processor.py:840} INFO - DAG(s) 'example_setup_teardown_taskflow' retrieved from /home/airflow/.local/lib/python3.8/site-packages/airflow/example_dags/example_setup_teardown_taskflow.py
[2023-12-19T03:24:40.172+0000] {logging_mixin.py:188} INFO - [2023-12-19T03:24:40.172+0000] {dag.py:3033} INFO - Sync 1 DAGs
[2023-12-19T03:24:40.183+0000] {logging_mixin.py:188} INFO - [2023-12-19T03:24:40.182+0000] {dag.py:3820} INFO - Setting next_dagrun for example_setup_teardown_taskflow to 2023-12-18T00:00:00+00:00, run_after=2023-12-19T00:00:00+00:00
[2023-12-19T03:24:40.192+0000] {processor.py:183} INFO - Processing /home/airflow/.local/lib/python3.8/site-packages/airflow/example_dags/example_setup_teardown_taskflow.py took 0.087 seconds
[2023-12-19T03:25:12.603+0000] {processor.py:161} INFO - Started process (PID=73) to work on /home/airflow/.local/lib/python3.8/site-packages/airflow/example_dags/example_setup_teardown_taskflow.py
[2023-12-19T03:25:12.605+0000] {processor.py:830} INFO - Processing file /home/airflow/.local/lib/python3.8/site-packages/airflow/example_dags/example_setup_teardown_taskflow.py for tasks to queue
[2023-12-19T03:25:12.607+0000] {logging_mixin.py:188} INFO - [2023-12-19T03:25:12.607+0000] {dagbag.py:538} INFO - Filling up the DagBag from /home/airflow/.local/lib/python3.8/site-packages/airflow/example_dags/example_setup_teardown_taskflow.py
[2023-12-19T03:25:12.616+0000] {processor.py:840} INFO - DAG(s) 'example_setup_teardown_taskflow' retrieved from /home/airflow/.local/lib/python3.8/site-packages/airflow/example_dags/example_setup_teardown_taskflow.py
[2023-12-19T03:25:12.629+0000] {logging_mixin.py:188} INFO - [2023-12-19T03:25:12.629+0000] {dag.py:3033} INFO - Sync 1 DAGs
[2023-12-19T03:25:12.648+0000] {logging_mixin.py:188} INFO - [2023-12-19T03:25:12.648+0000] {dag.py:3820} INFO - Setting next_dagrun for example_setup_teardown_taskflow to 2023-12-18T00:00:00+00:00, run_after=2023-12-19T00:00:00+00:00
[2023-12-19T03:25:12.662+0000] {processor.py:183} INFO - Processing /home/airflow/.local/lib/python3.8/site-packages/airflow/example_dags/example_setup_teardown_taskflow.py took 0.067 seconds
[2023-12-19T03:25:43.794+0000] {processor.py:161} INFO - Started process (PID=127) to work on /home/airflow/.local/lib/python3.8/site-packages/airflow/example_dags/example_setup_teardown_taskflow.py
[2023-12-19T03:25:43.796+0000] {processor.py:830} INFO - Processing file /home/airflow/.local/lib/python3.8/site-packages/airflow/example_dags/example_setup_teardown_taskflow.py for tasks to queue
[2023-12-19T03:25:43.797+0000] {logging_mixin.py:188} INFO - [2023-12-19T03:25:43.797+0000] {dagbag.py:538} INFO - Filling up the DagBag from /home/airflow/.local/lib/python3.8/site-packages/airflow/example_dags/example_setup_teardown_taskflow.py
[2023-12-19T03:25:43.803+0000] {processor.py:840} INFO - DAG(s) 'example_setup_teardown_taskflow' retrieved from /home/airflow/.local/lib/python3.8/site-packages/airflow/example_dags/example_setup_teardown_taskflow.py
[2023-12-19T03:25:43.854+0000] {logging_mixin.py:188} INFO - [2023-12-19T03:25:43.854+0000] {dag.py:3033} INFO - Sync 1 DAGs
[2023-12-19T03:25:43.863+0000] {logging_mixin.py:188} INFO - [2023-12-19T03:25:43.863+0000] {dag.py:3820} INFO - Setting next_dagrun for example_setup_teardown_taskflow to 2023-12-18T00:00:00+00:00, run_after=2023-12-19T00:00:00+00:00
[2023-12-19T03:25:43.872+0000] {processor.py:183} INFO - Processing /home/airflow/.local/lib/python3.8/site-packages/airflow/example_dags/example_setup_teardown_taskflow.py took 0.080 seconds
[2023-12-19T03:26:14.143+0000] {processor.py:161} INFO - Started process (PID=190) to work on /home/airflow/.local/lib/python3.8/site-packages/airflow/example_dags/example_setup_teardown_taskflow.py
[2023-12-19T03:26:14.144+0000] {processor.py:830} INFO - Processing file /home/airflow/.local/lib/python3.8/site-packages/airflow/example_dags/example_setup_teardown_taskflow.py for tasks to queue
[2023-12-19T03:26:14.146+0000] {logging_mixin.py:188} INFO - [2023-12-19T03:26:14.146+0000] {dagbag.py:538} INFO - Filling up the DagBag from /home/airflow/.local/lib/python3.8/site-packages/airflow/example_dags/example_setup_teardown_taskflow.py
[2023-12-19T03:26:14.152+0000] {processor.py:840} INFO - DAG(s) 'example_setup_teardown_taskflow' retrieved from /home/airflow/.local/lib/python3.8/site-packages/airflow/example_dags/example_setup_teardown_taskflow.py
[2023-12-19T03:26:14.168+0000] {logging_mixin.py:188} INFO - [2023-12-19T03:26:14.168+0000] {dag.py:3033} INFO - Sync 1 DAGs
[2023-12-19T03:26:14.181+0000] {logging_mixin.py:188} INFO - [2023-12-19T03:26:14.180+0000] {dag.py:3820} INFO - Setting next_dagrun for example_setup_teardown_taskflow to 2023-12-18T00:00:00+00:00, run_after=2023-12-19T00:00:00+00:00
[2023-12-19T03:26:14.191+0000] {processor.py:183} INFO - Processing /home/airflow/.local/lib/python3.8/site-packages/airflow/example_dags/example_setup_teardown_taskflow.py took 0.050 seconds
[2023-12-19T03:26:44.518+0000] {processor.py:161} INFO - Started process (PID=245) to work on /home/airflow/.local/lib/python3.8/site-packages/airflow/example_dags/example_setup_teardown_taskflow.py
[2023-12-19T03:26:44.520+0000] {processor.py:830} INFO - Processing file /home/airflow/.local/lib/python3.8/site-packages/airflow/example_dags/example_setup_teardown_taskflow.py for tasks to queue
[2023-12-19T03:26:44.522+0000] {logging_mixin.py:188} INFO - [2023-12-19T03:26:44.522+0000] {dagbag.py:538} INFO - Filling up the DagBag from /home/airflow/.local/lib/python3.8/site-packages/airflow/example_dags/example_setup_teardown_taskflow.py
[2023-12-19T03:26:44.536+0000] {processor.py:840} INFO - DAG(s) 'example_setup_teardown_taskflow' retrieved from /home/airflow/.local/lib/python3.8/site-packages/airflow/example_dags/example_setup_teardown_taskflow.py
[2023-12-19T03:26:44.562+0000] {logging_mixin.py:188} INFO - [2023-12-19T03:26:44.562+0000] {dag.py:3033} INFO - Sync 1 DAGs
[2023-12-19T03:26:44.582+0000] {logging_mixin.py:188} INFO - [2023-12-19T03:26:44.582+0000] {dag.py:3820} INFO - Setting next_dagrun for example_setup_teardown_taskflow to 2023-12-18T00:00:00+00:00, run_after=2023-12-19T00:00:00+00:00
[2023-12-19T03:26:44.682+0000] {processor.py:183} INFO - Processing /home/airflow/.local/lib/python3.8/site-packages/airflow/example_dags/example_setup_teardown_taskflow.py took 0.169 seconds
[2023-12-19T03:27:15.313+0000] {processor.py:161} INFO - Started process (PID=300) to work on /home/airflow/.local/lib/python3.8/site-packages/airflow/example_dags/example_setup_teardown_taskflow.py
[2023-12-19T03:27:15.315+0000] {processor.py:830} INFO - Processing file /home/airflow/.local/lib/python3.8/site-packages/airflow/example_dags/example_setup_teardown_taskflow.py for tasks to queue
[2023-12-19T03:27:15.317+0000] {logging_mixin.py:188} INFO - [2023-12-19T03:27:15.317+0000] {dagbag.py:538} INFO - Filling up the DagBag from /home/airflow/.local/lib/python3.8/site-packages/airflow/example_dags/example_setup_teardown_taskflow.py
[2023-12-19T03:27:15.325+0000] {processor.py:840} INFO - DAG(s) 'example_setup_teardown_taskflow' retrieved from /home/airflow/.local/lib/python3.8/site-packages/airflow/example_dags/example_setup_teardown_taskflow.py
[2023-12-19T03:27:15.341+0000] {logging_mixin.py:188} INFO - [2023-12-19T03:27:15.341+0000] {dag.py:3033} INFO - Sync 1 DAGs
[2023-12-19T03:27:15.355+0000] {logging_mixin.py:188} INFO - [2023-12-19T03:27:15.355+0000] {dag.py:3820} INFO - Setting next_dagrun for example_setup_teardown_taskflow to 2023-12-18T00:00:00+00:00, run_after=2023-12-19T00:00:00+00:00
[2023-12-19T03:27:15.364+0000] {processor.py:183} INFO - Processing /home/airflow/.local/lib/python3.8/site-packages/airflow/example_dags/example_setup_teardown_taskflow.py took 0.055 seconds
[2023-12-19T03:27:45.482+0000] {processor.py:161} INFO - Started process (PID=355) to work on /home/airflow/.local/lib/python3.8/site-packages/airflow/example_dags/example_setup_teardown_taskflow.py
[2023-12-19T03:27:45.483+0000] {processor.py:830} INFO - Processing file /home/airflow/.local/lib/python3.8/site-packages/airflow/example_dags/example_setup_teardown_taskflow.py for tasks to queue
[2023-12-19T03:27:45.485+0000] {logging_mixin.py:188} INFO - [2023-12-19T03:27:45.484+0000] {dagbag.py:538} INFO - Filling up the DagBag from /home/airflow/.local/lib/python3.8/site-packages/airflow/example_dags/example_setup_teardown_taskflow.py
[2023-12-19T03:27:45.491+0000] {processor.py:840} INFO - DAG(s) 'example_setup_teardown_taskflow' retrieved from /home/airflow/.local/lib/python3.8/site-packages/airflow/example_dags/example_setup_teardown_taskflow.py
[2023-12-19T03:27:45.538+0000] {logging_mixin.py:188} INFO - [2023-12-19T03:27:45.537+0000] {dag.py:3033} INFO - Sync 1 DAGs
[2023-12-19T03:27:45.556+0000] {logging_mixin.py:188} INFO - [2023-12-19T03:27:45.556+0000] {dag.py:3820} INFO - Setting next_dagrun for example_setup_teardown_taskflow to 2023-12-18T00:00:00+00:00, run_after=2023-12-19T00:00:00+00:00
[2023-12-19T03:27:45.567+0000] {processor.py:183} INFO - Processing /home/airflow/.local/lib/python3.8/site-packages/airflow/example_dags/example_setup_teardown_taskflow.py took 0.088 seconds
[2023-12-19T03:28:15.704+0000] {processor.py:161} INFO - Started process (PID=410) to work on /home/airflow/.local/lib/python3.8/site-packages/airflow/example_dags/example_setup_teardown_taskflow.py
[2023-12-19T03:28:15.705+0000] {processor.py:830} INFO - Processing file /home/airflow/.local/lib/python3.8/site-packages/airflow/example_dags/example_setup_teardown_taskflow.py for tasks to queue
[2023-12-19T03:28:15.706+0000] {logging_mixin.py:188} INFO - [2023-12-19T03:28:15.706+0000] {dagbag.py:538} INFO - Filling up the DagBag from /home/airflow/.local/lib/python3.8/site-packages/airflow/example_dags/example_setup_teardown_taskflow.py
[2023-12-19T03:28:15.714+0000] {processor.py:840} INFO - DAG(s) 'example_setup_teardown_taskflow' retrieved from /home/airflow/.local/lib/python3.8/site-packages/airflow/example_dags/example_setup_teardown_taskflow.py
[2023-12-19T03:28:15.735+0000] {logging_mixin.py:188} INFO - [2023-12-19T03:28:15.735+0000] {dag.py:3033} INFO - Sync 1 DAGs
[2023-12-19T03:28:15.750+0000] {logging_mixin.py:188} INFO - [2023-12-19T03:28:15.750+0000] {dag.py:3820} INFO - Setting next_dagrun for example_setup_teardown_taskflow to 2023-12-18T00:00:00+00:00, run_after=2023-12-19T00:00:00+00:00
[2023-12-19T03:28:15.762+0000] {processor.py:183} INFO - Processing /home/airflow/.local/lib/python3.8/site-packages/airflow/example_dags/example_setup_teardown_taskflow.py took 0.061 seconds
[2023-12-19T03:28:46.100+0000] {processor.py:161} INFO - Started process (PID=465) to work on /home/airflow/.local/lib/python3.8/site-packages/airflow/example_dags/example_setup_teardown_taskflow.py
[2023-12-19T03:28:46.101+0000] {processor.py:830} INFO - Processing file /home/airflow/.local/lib/python3.8/site-packages/airflow/example_dags/example_setup_teardown_taskflow.py for tasks to queue
[2023-12-19T03:28:46.102+0000] {logging_mixin.py:188} INFO - [2023-12-19T03:28:46.102+0000] {dagbag.py:538} INFO - Filling up the DagBag from /home/airflow/.local/lib/python3.8/site-packages/airflow/example_dags/example_setup_teardown_taskflow.py
[2023-12-19T03:28:46.109+0000] {processor.py:840} INFO - DAG(s) 'example_setup_teardown_taskflow' retrieved from /home/airflow/.local/lib/python3.8/site-packages/airflow/example_dags/example_setup_teardown_taskflow.py
[2023-12-19T03:28:46.124+0000] {logging_mixin.py:188} INFO - [2023-12-19T03:28:46.124+0000] {dag.py:3033} INFO - Sync 1 DAGs
[2023-12-19T03:28:46.136+0000] {logging_mixin.py:188} INFO - [2023-12-19T03:28:46.136+0000] {dag.py:3820} INFO - Setting next_dagrun for example_setup_teardown_taskflow to 2023-12-18T00:00:00+00:00, run_after=2023-12-19T00:00:00+00:00
[2023-12-19T03:28:46.144+0000] {processor.py:183} INFO - Processing /home/airflow/.local/lib/python3.8/site-packages/airflow/example_dags/example_setup_teardown_taskflow.py took 0.047 seconds
[2023-12-19T03:29:16.461+0000] {processor.py:161} INFO - Started process (PID=520) to work on /home/airflow/.local/lib/python3.8/site-packages/airflow/example_dags/example_setup_teardown_taskflow.py
[2023-12-19T03:29:16.462+0000] {processor.py:830} INFO - Processing file /home/airflow/.local/lib/python3.8/site-packages/airflow/example_dags/example_setup_teardown_taskflow.py for tasks to queue
[2023-12-19T03:29:16.464+0000] {logging_mixin.py:188} INFO - [2023-12-19T03:29:16.464+0000] {dagbag.py:538} INFO - Filling up the DagBag from /home/airflow/.local/lib/python3.8/site-packages/airflow/example_dags/example_setup_teardown_taskflow.py
[2023-12-19T03:29:16.470+0000] {processor.py:840} INFO - DAG(s) 'example_setup_teardown_taskflow' retrieved from /home/airflow/.local/lib/python3.8/site-packages/airflow/example_dags/example_setup_teardown_taskflow.py
[2023-12-19T03:29:16.485+0000] {logging_mixin.py:188} INFO - [2023-12-19T03:29:16.485+0000] {dag.py:3033} INFO - Sync 1 DAGs
[2023-12-19T03:29:16.497+0000] {logging_mixin.py:188} INFO - [2023-12-19T03:29:16.496+0000] {dag.py:3820} INFO - Setting next_dagrun for example_setup_teardown_taskflow to 2023-12-18T00:00:00+00:00, run_after=2023-12-19T00:00:00+00:00
[2023-12-19T03:29:16.507+0000] {processor.py:183} INFO - Processing /home/airflow/.local/lib/python3.8/site-packages/airflow/example_dags/example_setup_teardown_taskflow.py took 0.049 seconds
[2023-12-19T03:29:47.527+0000] {processor.py:161} INFO - Started process (PID=575) to work on /home/airflow/.local/lib/python3.8/site-packages/airflow/example_dags/example_setup_teardown_taskflow.py
[2023-12-19T03:29:47.528+0000] {processor.py:830} INFO - Processing file /home/airflow/.local/lib/python3.8/site-packages/airflow/example_dags/example_setup_teardown_taskflow.py for tasks to queue
[2023-12-19T03:29:47.530+0000] {logging_mixin.py:188} INFO - [2023-12-19T03:29:47.530+0000] {dagbag.py:538} INFO - Filling up the DagBag from /home/airflow/.local/lib/python3.8/site-packages/airflow/example_dags/example_setup_teardown_taskflow.py
[2023-12-19T03:29:47.537+0000] {processor.py:840} INFO - DAG(s) 'example_setup_teardown_taskflow' retrieved from /home/airflow/.local/lib/python3.8/site-packages/airflow/example_dags/example_setup_teardown_taskflow.py
[2023-12-19T03:29:47.554+0000] {logging_mixin.py:188} INFO - [2023-12-19T03:29:47.554+0000] {dag.py:3033} INFO - Sync 1 DAGs
[2023-12-19T03:29:47.567+0000] {logging_mixin.py:188} INFO - [2023-12-19T03:29:47.567+0000] {dag.py:3820} INFO - Setting next_dagrun for example_setup_teardown_taskflow to 2023-12-18T00:00:00+00:00, run_after=2023-12-19T00:00:00+00:00
[2023-12-19T03:29:47.578+0000] {processor.py:183} INFO - Processing /home/airflow/.local/lib/python3.8/site-packages/airflow/example_dags/example_setup_teardown_taskflow.py took 0.054 seconds
[2023-12-19T03:30:17.769+0000] {processor.py:161} INFO - Started process (PID=630) to work on /home/airflow/.local/lib/python3.8/site-packages/airflow/example_dags/example_setup_teardown_taskflow.py
[2023-12-19T03:30:17.770+0000] {processor.py:830} INFO - Processing file /home/airflow/.local/lib/python3.8/site-packages/airflow/example_dags/example_setup_teardown_taskflow.py for tasks to queue
[2023-12-19T03:30:17.772+0000] {logging_mixin.py:188} INFO - [2023-12-19T03:30:17.772+0000] {dagbag.py:538} INFO - Filling up the DagBag from /home/airflow/.local/lib/python3.8/site-packages/airflow/example_dags/example_setup_teardown_taskflow.py
[2023-12-19T03:30:17.779+0000] {processor.py:840} INFO - DAG(s) 'example_setup_teardown_taskflow' retrieved from /home/airflow/.local/lib/python3.8/site-packages/airflow/example_dags/example_setup_teardown_taskflow.py
[2023-12-19T03:30:17.794+0000] {logging_mixin.py:188} INFO - [2023-12-19T03:30:17.794+0000] {dag.py:3033} INFO - Sync 1 DAGs
[2023-12-19T03:30:17.806+0000] {logging_mixin.py:188} INFO - [2023-12-19T03:30:17.805+0000] {dag.py:3820} INFO - Setting next_dagrun for example_setup_teardown_taskflow to 2023-12-18T00:00:00+00:00, run_after=2023-12-19T00:00:00+00:00
[2023-12-19T03:30:17.815+0000] {processor.py:183} INFO - Processing /home/airflow/.local/lib/python3.8/site-packages/airflow/example_dags/example_setup_teardown_taskflow.py took 0.048 seconds
[2023-12-19T03:30:47.953+0000] {processor.py:161} INFO - Started process (PID=685) to work on /home/airflow/.local/lib/python3.8/site-packages/airflow/example_dags/example_setup_teardown_taskflow.py
[2023-12-19T03:30:47.954+0000] {processor.py:830} INFO - Processing file /home/airflow/.local/lib/python3.8/site-packages/airflow/example_dags/example_setup_teardown_taskflow.py for tasks to queue
[2023-12-19T03:30:47.956+0000] {logging_mixin.py:188} INFO - [2023-12-19T03:30:47.956+0000] {dagbag.py:538} INFO - Filling up the DagBag from /home/airflow/.local/lib/python3.8/site-packages/airflow/example_dags/example_setup_teardown_taskflow.py
[2023-12-19T03:30:47.962+0000] {processor.py:840} INFO - DAG(s) 'example_setup_teardown_taskflow' retrieved from /home/airflow/.local/lib/python3.8/site-packages/airflow/example_dags/example_setup_teardown_taskflow.py
[2023-12-19T03:30:47.978+0000] {logging_mixin.py:188} INFO - [2023-12-19T03:30:47.977+0000] {dag.py:3033} INFO - Sync 1 DAGs
[2023-12-19T03:30:47.989+0000] {logging_mixin.py:188} INFO - [2023-12-19T03:30:47.989+0000] {dag.py:3820} INFO - Setting next_dagrun for example_setup_teardown_taskflow to 2023-12-18T00:00:00+00:00, run_after=2023-12-19T00:00:00+00:00
[2023-12-19T03:30:47.997+0000] {processor.py:183} INFO - Processing /home/airflow/.local/lib/python3.8/site-packages/airflow/example_dags/example_setup_teardown_taskflow.py took 0.047 seconds
[2023-12-19T03:31:18.207+0000] {processor.py:161} INFO - Started process (PID=740) to work on /home/airflow/.local/lib/python3.8/site-packages/airflow/example_dags/example_setup_teardown_taskflow.py
[2023-12-19T03:31:18.208+0000] {processor.py:830} INFO - Processing file /home/airflow/.local/lib/python3.8/site-packages/airflow/example_dags/example_setup_teardown_taskflow.py for tasks to queue
[2023-12-19T03:31:18.210+0000] {logging_mixin.py:188} INFO - [2023-12-19T03:31:18.210+0000] {dagbag.py:538} INFO - Filling up the DagBag from /home/airflow/.local/lib/python3.8/site-packages/airflow/example_dags/example_setup_teardown_taskflow.py
[2023-12-19T03:31:18.216+0000] {processor.py:840} INFO - DAG(s) 'example_setup_teardown_taskflow' retrieved from /home/airflow/.local/lib/python3.8/site-packages/airflow/example_dags/example_setup_teardown_taskflow.py
[2023-12-19T03:31:18.232+0000] {logging_mixin.py:188} INFO - [2023-12-19T03:31:18.231+0000] {dag.py:3033} INFO - Sync 1 DAGs
[2023-12-19T03:31:18.243+0000] {logging_mixin.py:188} INFO - [2023-12-19T03:31:18.243+0000] {dag.py:3820} INFO - Setting next_dagrun for example_setup_teardown_taskflow to 2023-12-18T00:00:00+00:00, run_after=2023-12-19T00:00:00+00:00
[2023-12-19T03:31:18.251+0000] {processor.py:183} INFO - Processing /home/airflow/.local/lib/python3.8/site-packages/airflow/example_dags/example_setup_teardown_taskflow.py took 0.047 seconds
[2023-12-19T03:31:49.234+0000] {processor.py:161} INFO - Started process (PID=795) to work on /home/airflow/.local/lib/python3.8/site-packages/airflow/example_dags/example_setup_teardown_taskflow.py
[2023-12-19T03:31:49.235+0000] {processor.py:830} INFO - Processing file /home/airflow/.local/lib/python3.8/site-packages/airflow/example_dags/example_setup_teardown_taskflow.py for tasks to queue
[2023-12-19T03:31:49.236+0000] {logging_mixin.py:188} INFO - [2023-12-19T03:31:49.236+0000] {dagbag.py:538} INFO - Filling up the DagBag from /home/airflow/.local/lib/python3.8/site-packages/airflow/example_dags/example_setup_teardown_taskflow.py
[2023-12-19T03:31:49.243+0000] {processor.py:840} INFO - DAG(s) 'example_setup_teardown_taskflow' retrieved from /home/airflow/.local/lib/python3.8/site-packages/airflow/example_dags/example_setup_teardown_taskflow.py
[2023-12-19T03:31:49.259+0000] {logging_mixin.py:188} INFO - [2023-12-19T03:31:49.259+0000] {dag.py:3033} INFO - Sync 1 DAGs
[2023-12-19T03:31:49.271+0000] {logging_mixin.py:188} INFO - [2023-12-19T03:31:49.271+0000] {dag.py:3820} INFO - Setting next_dagrun for example_setup_teardown_taskflow to 2023-12-18T00:00:00+00:00, run_after=2023-12-19T00:00:00+00:00
[2023-12-19T03:31:49.280+0000] {processor.py:183} INFO - Processing /home/airflow/.local/lib/python3.8/site-packages/airflow/example_dags/example_setup_teardown_taskflow.py took 0.049 seconds
[2023-12-19T03:32:19.551+0000] {processor.py:161} INFO - Started process (PID=850) to work on /home/airflow/.local/lib/python3.8/site-packages/airflow/example_dags/example_setup_teardown_taskflow.py
[2023-12-19T03:32:19.552+0000] {processor.py:830} INFO - Processing file /home/airflow/.local/lib/python3.8/site-packages/airflow/example_dags/example_setup_teardown_taskflow.py for tasks to queue
[2023-12-19T03:32:19.554+0000] {logging_mixin.py:188} INFO - [2023-12-19T03:32:19.554+0000] {dagbag.py:538} INFO - Filling up the DagBag from /home/airflow/.local/lib/python3.8/site-packages/airflow/example_dags/example_setup_teardown_taskflow.py
[2023-12-19T03:32:19.559+0000] {processor.py:840} INFO - DAG(s) 'example_setup_teardown_taskflow' retrieved from /home/airflow/.local/lib/python3.8/site-packages/airflow/example_dags/example_setup_teardown_taskflow.py
[2023-12-19T03:32:19.574+0000] {logging_mixin.py:188} INFO - [2023-12-19T03:32:19.574+0000] {dag.py:3033} INFO - Sync 1 DAGs
[2023-12-19T03:32:19.586+0000] {logging_mixin.py:188} INFO - [2023-12-19T03:32:19.585+0000] {dag.py:3820} INFO - Setting next_dagrun for example_setup_teardown_taskflow to 2023-12-18T00:00:00+00:00, run_after=2023-12-19T00:00:00+00:00
[2023-12-19T03:32:19.594+0000] {processor.py:183} INFO - Processing /home/airflow/.local/lib/python3.8/site-packages/airflow/example_dags/example_setup_teardown_taskflow.py took 0.045 seconds
[2023-12-19T03:32:49.823+0000] {processor.py:161} INFO - Started process (PID=905) to work on /home/airflow/.local/lib/python3.8/site-packages/airflow/example_dags/example_setup_teardown_taskflow.py
[2023-12-19T03:32:49.824+0000] {processor.py:830} INFO - Processing file /home/airflow/.local/lib/python3.8/site-packages/airflow/example_dags/example_setup_teardown_taskflow.py for tasks to queue
[2023-12-19T03:32:49.826+0000] {logging_mixin.py:188} INFO - [2023-12-19T03:32:49.825+0000] {dagbag.py:538} INFO - Filling up the DagBag from /home/airflow/.local/lib/python3.8/site-packages/airflow/example_dags/example_setup_teardown_taskflow.py
[2023-12-19T03:32:49.832+0000] {processor.py:840} INFO - DAG(s) 'example_setup_teardown_taskflow' retrieved from /home/airflow/.local/lib/python3.8/site-packages/airflow/example_dags/example_setup_teardown_taskflow.py
[2023-12-19T03:32:49.847+0000] {logging_mixin.py:188} INFO - [2023-12-19T03:32:49.847+0000] {dag.py:3033} INFO - Sync 1 DAGs
[2023-12-19T03:32:49.860+0000] {logging_mixin.py:188} INFO - [2023-12-19T03:32:49.860+0000] {dag.py:3820} INFO - Setting next_dagrun for example_setup_teardown_taskflow to 2023-12-18T00:00:00+00:00, run_after=2023-12-19T00:00:00+00:00
[2023-12-19T03:32:49.870+0000] {processor.py:183} INFO - Processing /home/airflow/.local/lib/python3.8/site-packages/airflow/example_dags/example_setup_teardown_taskflow.py took 0.050 seconds
[2023-12-19T03:33:20.110+0000] {processor.py:161} INFO - Started process (PID=960) to work on /home/airflow/.local/lib/python3.8/site-packages/airflow/example_dags/example_setup_teardown_taskflow.py
[2023-12-19T03:33:20.111+0000] {processor.py:830} INFO - Processing file /home/airflow/.local/lib/python3.8/site-packages/airflow/example_dags/example_setup_teardown_taskflow.py for tasks to queue
[2023-12-19T03:33:20.113+0000] {logging_mixin.py:188} INFO - [2023-12-19T03:33:20.113+0000] {dagbag.py:538} INFO - Filling up the DagBag from /home/airflow/.local/lib/python3.8/site-packages/airflow/example_dags/example_setup_teardown_taskflow.py
[2023-12-19T03:33:20.120+0000] {processor.py:840} INFO - DAG(s) 'example_setup_teardown_taskflow' retrieved from /home/airflow/.local/lib/python3.8/site-packages/airflow/example_dags/example_setup_teardown_taskflow.py
[2023-12-19T03:33:20.136+0000] {logging_mixin.py:188} INFO - [2023-12-19T03:33:20.136+0000] {dag.py:3033} INFO - Sync 1 DAGs
[2023-12-19T03:33:20.148+0000] {logging_mixin.py:188} INFO - [2023-12-19T03:33:20.148+0000] {dag.py:3820} INFO - Setting next_dagrun for example_setup_teardown_taskflow to 2023-12-18T00:00:00+00:00, run_after=2023-12-19T00:00:00+00:00
[2023-12-19T03:33:20.158+0000] {processor.py:183} INFO - Processing /home/airflow/.local/lib/python3.8/site-packages/airflow/example_dags/example_setup_teardown_taskflow.py took 0.050 seconds
[2023-12-19T03:33:50.399+0000] {processor.py:161} INFO - Started process (PID=1015) to work on /home/airflow/.local/lib/python3.8/site-packages/airflow/example_dags/example_setup_teardown_taskflow.py
[2023-12-19T03:33:50.400+0000] {processor.py:830} INFO - Processing file /home/airflow/.local/lib/python3.8/site-packages/airflow/example_dags/example_setup_teardown_taskflow.py for tasks to queue
[2023-12-19T03:33:50.402+0000] {logging_mixin.py:188} INFO - [2023-12-19T03:33:50.401+0000] {dagbag.py:538} INFO - Filling up the DagBag from /home/airflow/.local/lib/python3.8/site-packages/airflow/example_dags/example_setup_teardown_taskflow.py
[2023-12-19T03:33:50.408+0000] {processor.py:840} INFO - DAG(s) 'example_setup_teardown_taskflow' retrieved from /home/airflow/.local/lib/python3.8/site-packages/airflow/example_dags/example_setup_teardown_taskflow.py
[2023-12-19T03:33:50.423+0000] {logging_mixin.py:188} INFO - [2023-12-19T03:33:50.423+0000] {dag.py:3033} INFO - Sync 1 DAGs
[2023-12-19T03:33:50.435+0000] {logging_mixin.py:188} INFO - [2023-12-19T03:33:50.435+0000] {dag.py:3820} INFO - Setting next_dagrun for example_setup_teardown_taskflow to 2023-12-18T00:00:00+00:00, run_after=2023-12-19T00:00:00+00:00
[2023-12-19T03:33:50.444+0000] {processor.py:183} INFO - Processing /home/airflow/.local/lib/python3.8/site-packages/airflow/example_dags/example_setup_teardown_taskflow.py took 0.047 seconds
[2023-12-19T03:34:20.753+0000] {processor.py:161} INFO - Started process (PID=1070) to work on /home/airflow/.local/lib/python3.8/site-packages/airflow/example_dags/example_setup_teardown_taskflow.py
[2023-12-19T03:34:20.754+0000] {processor.py:830} INFO - Processing file /home/airflow/.local/lib/python3.8/site-packages/airflow/example_dags/example_setup_teardown_taskflow.py for tasks to queue
[2023-12-19T03:34:20.756+0000] {logging_mixin.py:188} INFO - [2023-12-19T03:34:20.756+0000] {dagbag.py:538} INFO - Filling up the DagBag from /home/airflow/.local/lib/python3.8/site-packages/airflow/example_dags/example_setup_teardown_taskflow.py
[2023-12-19T03:34:20.762+0000] {processor.py:840} INFO - DAG(s) 'example_setup_teardown_taskflow' retrieved from /home/airflow/.local/lib/python3.8/site-packages/airflow/example_dags/example_setup_teardown_taskflow.py
[2023-12-19T03:34:20.776+0000] {logging_mixin.py:188} INFO - [2023-12-19T03:34:20.776+0000] {dag.py:3033} INFO - Sync 1 DAGs
[2023-12-19T03:34:20.788+0000] {logging_mixin.py:188} INFO - [2023-12-19T03:34:20.788+0000] {dag.py:3820} INFO - Setting next_dagrun for example_setup_teardown_taskflow to 2023-12-18T00:00:00+00:00, run_after=2023-12-19T00:00:00+00:00
[2023-12-19T03:34:20.797+0000] {processor.py:183} INFO - Processing /home/airflow/.local/lib/python3.8/site-packages/airflow/example_dags/example_setup_teardown_taskflow.py took 0.046 seconds
[2023-12-19T03:34:51.177+0000] {processor.py:161} INFO - Started process (PID=1125) to work on /home/airflow/.local/lib/python3.8/site-packages/airflow/example_dags/example_setup_teardown_taskflow.py
[2023-12-19T03:34:51.179+0000] {processor.py:830} INFO - Processing file /home/airflow/.local/lib/python3.8/site-packages/airflow/example_dags/example_setup_teardown_taskflow.py for tasks to queue
[2023-12-19T03:34:51.180+0000] {logging_mixin.py:188} INFO - [2023-12-19T03:34:51.180+0000] {dagbag.py:538} INFO - Filling up the DagBag from /home/airflow/.local/lib/python3.8/site-packages/airflow/example_dags/example_setup_teardown_taskflow.py
[2023-12-19T03:34:51.185+0000] {processor.py:840} INFO - DAG(s) 'example_setup_teardown_taskflow' retrieved from /home/airflow/.local/lib/python3.8/site-packages/airflow/example_dags/example_setup_teardown_taskflow.py
[2023-12-19T03:34:51.200+0000] {logging_mixin.py:188} INFO - [2023-12-19T03:34:51.200+0000] {dag.py:3033} INFO - Sync 1 DAGs
[2023-12-19T03:34:51.212+0000] {logging_mixin.py:188} INFO - [2023-12-19T03:34:51.212+0000] {dag.py:3820} INFO - Setting next_dagrun for example_setup_teardown_taskflow to 2023-12-18T00:00:00+00:00, run_after=2023-12-19T00:00:00+00:00
[2023-12-19T03:34:51.221+0000] {processor.py:183} INFO - Processing /home/airflow/.local/lib/python3.8/site-packages/airflow/example_dags/example_setup_teardown_taskflow.py took 0.046 seconds
[2023-12-19T03:35:21.295+0000] {processor.py:161} INFO - Started process (PID=1179) to work on /home/airflow/.local/lib/python3.8/site-packages/airflow/example_dags/example_setup_teardown_taskflow.py
[2023-12-19T03:35:21.296+0000] {processor.py:830} INFO - Processing file /home/airflow/.local/lib/python3.8/site-packages/airflow/example_dags/example_setup_teardown_taskflow.py for tasks to queue
[2023-12-19T03:35:21.298+0000] {logging_mixin.py:188} INFO - [2023-12-19T03:35:21.297+0000] {dagbag.py:538} INFO - Filling up the DagBag from /home/airflow/.local/lib/python3.8/site-packages/airflow/example_dags/example_setup_teardown_taskflow.py
[2023-12-19T03:35:21.303+0000] {processor.py:840} INFO - DAG(s) 'example_setup_teardown_taskflow' retrieved from /home/airflow/.local/lib/python3.8/site-packages/airflow/example_dags/example_setup_teardown_taskflow.py
[2023-12-19T03:35:21.318+0000] {logging_mixin.py:188} INFO - [2023-12-19T03:35:21.318+0000] {dag.py:3033} INFO - Sync 1 DAGs
[2023-12-19T03:35:21.329+0000] {logging_mixin.py:188} INFO - [2023-12-19T03:35:21.329+0000] {dag.py:3820} INFO - Setting next_dagrun for example_setup_teardown_taskflow to 2023-12-18T00:00:00+00:00, run_after=2023-12-19T00:00:00+00:00
[2023-12-19T03:35:21.337+0000] {processor.py:183} INFO - Processing /home/airflow/.local/lib/python3.8/site-packages/airflow/example_dags/example_setup_teardown_taskflow.py took 0.044 seconds
[2023-12-19T03:35:51.469+0000] {processor.py:161} INFO - Started process (PID=1234) to work on /home/airflow/.local/lib/python3.8/site-packages/airflow/example_dags/example_setup_teardown_taskflow.py
[2023-12-19T03:35:51.471+0000] {processor.py:830} INFO - Processing file /home/airflow/.local/lib/python3.8/site-packages/airflow/example_dags/example_setup_teardown_taskflow.py for tasks to queue
[2023-12-19T03:35:51.475+0000] {logging_mixin.py:188} INFO - [2023-12-19T03:35:51.474+0000] {dagbag.py:538} INFO - Filling up the DagBag from /home/airflow/.local/lib/python3.8/site-packages/airflow/example_dags/example_setup_teardown_taskflow.py
[2023-12-19T03:35:51.483+0000] {processor.py:840} INFO - DAG(s) 'example_setup_teardown_taskflow' retrieved from /home/airflow/.local/lib/python3.8/site-packages/airflow/example_dags/example_setup_teardown_taskflow.py
[2023-12-19T03:35:51.500+0000] {logging_mixin.py:188} INFO - [2023-12-19T03:35:51.500+0000] {dag.py:3033} INFO - Sync 1 DAGs
[2023-12-19T03:35:51.512+0000] {logging_mixin.py:188} INFO - [2023-12-19T03:35:51.512+0000] {dag.py:3820} INFO - Setting next_dagrun for example_setup_teardown_taskflow to 2023-12-18T00:00:00+00:00, run_after=2023-12-19T00:00:00+00:00
[2023-12-19T03:35:51.521+0000] {processor.py:183} INFO - Processing /home/airflow/.local/lib/python3.8/site-packages/airflow/example_dags/example_setup_teardown_taskflow.py took 0.057 seconds
[2023-12-19T03:36:21.770+0000] {processor.py:161} INFO - Started process (PID=1289) to work on /home/airflow/.local/lib/python3.8/site-packages/airflow/example_dags/example_setup_teardown_taskflow.py
[2023-12-19T03:36:21.772+0000] {processor.py:830} INFO - Processing file /home/airflow/.local/lib/python3.8/site-packages/airflow/example_dags/example_setup_teardown_taskflow.py for tasks to queue
[2023-12-19T03:36:21.775+0000] {logging_mixin.py:188} INFO - [2023-12-19T03:36:21.775+0000] {dagbag.py:538} INFO - Filling up the DagBag from /home/airflow/.local/lib/python3.8/site-packages/airflow/example_dags/example_setup_teardown_taskflow.py
[2023-12-19T03:36:21.785+0000] {processor.py:840} INFO - DAG(s) 'example_setup_teardown_taskflow' retrieved from /home/airflow/.local/lib/python3.8/site-packages/airflow/example_dags/example_setup_teardown_taskflow.py
[2023-12-19T03:36:21.801+0000] {logging_mixin.py:188} INFO - [2023-12-19T03:36:21.801+0000] {dag.py:3033} INFO - Sync 1 DAGs
[2023-12-19T03:36:21.812+0000] {logging_mixin.py:188} INFO - [2023-12-19T03:36:21.812+0000] {dag.py:3820} INFO - Setting next_dagrun for example_setup_teardown_taskflow to 2023-12-18T00:00:00+00:00, run_after=2023-12-19T00:00:00+00:00
[2023-12-19T03:36:21.821+0000] {processor.py:183} INFO - Processing /home/airflow/.local/lib/python3.8/site-packages/airflow/example_dags/example_setup_teardown_taskflow.py took 0.056 seconds
[2023-12-19T03:36:52.331+0000] {processor.py:161} INFO - Started process (PID=1344) to work on /home/airflow/.local/lib/python3.8/site-packages/airflow/example_dags/example_setup_teardown_taskflow.py
[2023-12-19T03:36:52.332+0000] {processor.py:830} INFO - Processing file /home/airflow/.local/lib/python3.8/site-packages/airflow/example_dags/example_setup_teardown_taskflow.py for tasks to queue
[2023-12-19T03:36:52.335+0000] {logging_mixin.py:188} INFO - [2023-12-19T03:36:52.335+0000] {dagbag.py:538} INFO - Filling up the DagBag from /home/airflow/.local/lib/python3.8/site-packages/airflow/example_dags/example_setup_teardown_taskflow.py
[2023-12-19T03:36:52.343+0000] {processor.py:840} INFO - DAG(s) 'example_setup_teardown_taskflow' retrieved from /home/airflow/.local/lib/python3.8/site-packages/airflow/example_dags/example_setup_teardown_taskflow.py
[2023-12-19T03:36:52.362+0000] {logging_mixin.py:188} INFO - [2023-12-19T03:36:52.361+0000] {dag.py:3033} INFO - Sync 1 DAGs
[2023-12-19T03:36:52.374+0000] {logging_mixin.py:188} INFO - [2023-12-19T03:36:52.374+0000] {dag.py:3820} INFO - Setting next_dagrun for example_setup_teardown_taskflow to 2023-12-18T00:00:00+00:00, run_after=2023-12-19T00:00:00+00:00
[2023-12-19T03:36:52.382+0000] {processor.py:183} INFO - Processing /home/airflow/.local/lib/python3.8/site-packages/airflow/example_dags/example_setup_teardown_taskflow.py took 0.056 seconds
[2023-12-19T03:37:22.666+0000] {processor.py:161} INFO - Started process (PID=1399) to work on /home/airflow/.local/lib/python3.8/site-packages/airflow/example_dags/example_setup_teardown_taskflow.py
[2023-12-19T03:37:22.668+0000] {processor.py:830} INFO - Processing file /home/airflow/.local/lib/python3.8/site-packages/airflow/example_dags/example_setup_teardown_taskflow.py for tasks to queue
[2023-12-19T03:37:22.671+0000] {logging_mixin.py:188} INFO - [2023-12-19T03:37:22.670+0000] {dagbag.py:538} INFO - Filling up the DagBag from /home/airflow/.local/lib/python3.8/site-packages/airflow/example_dags/example_setup_teardown_taskflow.py
[2023-12-19T03:37:22.681+0000] {processor.py:840} INFO - DAG(s) 'example_setup_teardown_taskflow' retrieved from /home/airflow/.local/lib/python3.8/site-packages/airflow/example_dags/example_setup_teardown_taskflow.py
[2023-12-19T03:37:22.701+0000] {logging_mixin.py:188} INFO - [2023-12-19T03:37:22.701+0000] {dag.py:3033} INFO - Sync 1 DAGs
[2023-12-19T03:37:22.714+0000] {logging_mixin.py:188} INFO - [2023-12-19T03:37:22.714+0000] {dag.py:3820} INFO - Setting next_dagrun for example_setup_teardown_taskflow to 2023-12-18T00:00:00+00:00, run_after=2023-12-19T00:00:00+00:00
[2023-12-19T03:37:22.723+0000] {processor.py:183} INFO - Processing /home/airflow/.local/lib/python3.8/site-packages/airflow/example_dags/example_setup_teardown_taskflow.py took 0.062 seconds
[2023-12-19T03:37:52.959+0000] {processor.py:161} INFO - Started process (PID=1454) to work on /home/airflow/.local/lib/python3.8/site-packages/airflow/example_dags/example_setup_teardown_taskflow.py
[2023-12-19T03:37:52.960+0000] {processor.py:830} INFO - Processing file /home/airflow/.local/lib/python3.8/site-packages/airflow/example_dags/example_setup_teardown_taskflow.py for tasks to queue
[2023-12-19T03:37:52.963+0000] {logging_mixin.py:188} INFO - [2023-12-19T03:37:52.963+0000] {dagbag.py:538} INFO - Filling up the DagBag from /home/airflow/.local/lib/python3.8/site-packages/airflow/example_dags/example_setup_teardown_taskflow.py
[2023-12-19T03:37:52.971+0000] {processor.py:840} INFO - DAG(s) 'example_setup_teardown_taskflow' retrieved from /home/airflow/.local/lib/python3.8/site-packages/airflow/example_dags/example_setup_teardown_taskflow.py
[2023-12-19T03:37:52.988+0000] {logging_mixin.py:188} INFO - [2023-12-19T03:37:52.988+0000] {dag.py:3033} INFO - Sync 1 DAGs
[2023-12-19T03:37:53.000+0000] {logging_mixin.py:188} INFO - [2023-12-19T03:37:53.000+0000] {dag.py:3820} INFO - Setting next_dagrun for example_setup_teardown_taskflow to 2023-12-18T00:00:00+00:00, run_after=2023-12-19T00:00:00+00:00
[2023-12-19T03:37:53.008+0000] {processor.py:183} INFO - Processing /home/airflow/.local/lib/python3.8/site-packages/airflow/example_dags/example_setup_teardown_taskflow.py took 0.054 seconds
