[2023-12-19T03:23:35.686+0000] {processor.py:161} INFO - Started process (PID=63) to work on /home/airflow/.local/lib/python3.8/site-packages/airflow/example_dags/example_task_group_decorator.py
[2023-12-19T03:23:35.687+0000] {processor.py:830} INFO - Processing file /home/airflow/.local/lib/python3.8/site-packages/airflow/example_dags/example_task_group_decorator.py for tasks to queue
[2023-12-19T03:23:35.689+0000] {logging_mixin.py:188} INFO - [2023-12-19T03:23:35.688+0000] {dagbag.py:538} INFO - Filling up the DagBag from /home/airflow/.local/lib/python3.8/site-packages/airflow/example_dags/example_task_group_decorator.py
[2023-12-19T03:23:35.701+0000] {processor.py:840} INFO - DAG(s) 'example_task_group_decorator' retrieved from /home/airflow/.local/lib/python3.8/site-packages/airflow/example_dags/example_task_group_decorator.py
[2023-12-19T03:23:35.714+0000] {logging_mixin.py:188} INFO - [2023-12-19T03:23:35.714+0000] {dag.py:3033} INFO - Sync 1 DAGs
[2023-12-19T03:23:35.729+0000] {logging_mixin.py:188} INFO - [2023-12-19T03:23:35.729+0000] {dag.py:3820} INFO - Setting next_dagrun for example_task_group_decorator to 2023-12-18T00:00:00+00:00, run_after=2023-12-19T00:00:00+00:00
[2023-12-19T03:23:35.742+0000] {processor.py:183} INFO - Processing /home/airflow/.local/lib/python3.8/site-packages/airflow/example_dags/example_task_group_decorator.py took 0.060 seconds
[2023-12-19T03:24:06.285+0000] {processor.py:161} INFO - Started process (PID=118) to work on /home/airflow/.local/lib/python3.8/site-packages/airflow/example_dags/example_task_group_decorator.py
[2023-12-19T03:24:06.286+0000] {processor.py:830} INFO - Processing file /home/airflow/.local/lib/python3.8/site-packages/airflow/example_dags/example_task_group_decorator.py for tasks to queue
[2023-12-19T03:24:06.288+0000] {logging_mixin.py:188} INFO - [2023-12-19T03:24:06.288+0000] {dagbag.py:538} INFO - Filling up the DagBag from /home/airflow/.local/lib/python3.8/site-packages/airflow/example_dags/example_task_group_decorator.py
[2023-12-19T03:24:06.296+0000] {processor.py:840} INFO - DAG(s) 'example_task_group_decorator' retrieved from /home/airflow/.local/lib/python3.8/site-packages/airflow/example_dags/example_task_group_decorator.py
[2023-12-19T03:24:06.350+0000] {logging_mixin.py:188} INFO - [2023-12-19T03:24:06.350+0000] {dag.py:3033} INFO - Sync 1 DAGs
[2023-12-19T03:24:06.360+0000] {logging_mixin.py:188} INFO - [2023-12-19T03:24:06.360+0000] {dag.py:3820} INFO - Setting next_dagrun for example_task_group_decorator to 2023-12-18T00:00:00+00:00, run_after=2023-12-19T00:00:00+00:00
[2023-12-19T03:24:06.368+0000] {processor.py:183} INFO - Processing /home/airflow/.local/lib/python3.8/site-packages/airflow/example_dags/example_task_group_decorator.py took 0.086 seconds
[2023-12-19T03:24:39.604+0000] {processor.py:161} INFO - Started process (PID=62) to work on /home/airflow/.local/lib/python3.8/site-packages/airflow/example_dags/example_task_group_decorator.py
[2023-12-19T03:24:39.605+0000] {processor.py:830} INFO - Processing file /home/airflow/.local/lib/python3.8/site-packages/airflow/example_dags/example_task_group_decorator.py for tasks to queue
[2023-12-19T03:24:39.607+0000] {logging_mixin.py:188} INFO - [2023-12-19T03:24:39.606+0000] {dagbag.py:538} INFO - Filling up the DagBag from /home/airflow/.local/lib/python3.8/site-packages/airflow/example_dags/example_task_group_decorator.py
[2023-12-19T03:24:39.614+0000] {processor.py:840} INFO - DAG(s) 'example_task_group_decorator' retrieved from /home/airflow/.local/lib/python3.8/site-packages/airflow/example_dags/example_task_group_decorator.py
[2023-12-19T03:24:39.634+0000] {logging_mixin.py:188} INFO - [2023-12-19T03:24:39.634+0000] {dag.py:3033} INFO - Sync 1 DAGs
[2023-12-19T03:24:39.646+0000] {logging_mixin.py:188} INFO - [2023-12-19T03:24:39.646+0000] {dag.py:3820} INFO - Setting next_dagrun for example_task_group_decorator to 2023-12-18T00:00:00+00:00, run_after=2023-12-19T00:00:00+00:00
[2023-12-19T03:24:39.655+0000] {processor.py:183} INFO - Processing /home/airflow/.local/lib/python3.8/site-packages/airflow/example_dags/example_task_group_decorator.py took 0.053 seconds
[2023-12-19T03:25:12.038+0000] {processor.py:161} INFO - Started process (PID=62) to work on /home/airflow/.local/lib/python3.8/site-packages/airflow/example_dags/example_task_group_decorator.py
[2023-12-19T03:25:12.040+0000] {processor.py:830} INFO - Processing file /home/airflow/.local/lib/python3.8/site-packages/airflow/example_dags/example_task_group_decorator.py for tasks to queue
[2023-12-19T03:25:12.043+0000] {logging_mixin.py:188} INFO - [2023-12-19T03:25:12.042+0000] {dagbag.py:538} INFO - Filling up the DagBag from /home/airflow/.local/lib/python3.8/site-packages/airflow/example_dags/example_task_group_decorator.py
[2023-12-19T03:25:12.055+0000] {processor.py:840} INFO - DAG(s) 'example_task_group_decorator' retrieved from /home/airflow/.local/lib/python3.8/site-packages/airflow/example_dags/example_task_group_decorator.py
[2023-12-19T03:25:12.068+0000] {logging_mixin.py:188} INFO - [2023-12-19T03:25:12.068+0000] {dag.py:3033} INFO - Sync 1 DAGs
[2023-12-19T03:25:12.093+0000] {logging_mixin.py:188} INFO - [2023-12-19T03:25:12.093+0000] {dag.py:3820} INFO - Setting next_dagrun for example_task_group_decorator to 2023-12-18T00:00:00+00:00, run_after=2023-12-19T00:00:00+00:00
[2023-12-19T03:25:12.110+0000] {processor.py:183} INFO - Processing /home/airflow/.local/lib/python3.8/site-packages/airflow/example_dags/example_task_group_decorator.py took 0.076 seconds
[2023-12-19T03:25:42.927+0000] {processor.py:161} INFO - Started process (PID=116) to work on /home/airflow/.local/lib/python3.8/site-packages/airflow/example_dags/example_task_group_decorator.py
[2023-12-19T03:25:42.928+0000] {processor.py:830} INFO - Processing file /home/airflow/.local/lib/python3.8/site-packages/airflow/example_dags/example_task_group_decorator.py for tasks to queue
[2023-12-19T03:25:42.930+0000] {logging_mixin.py:188} INFO - [2023-12-19T03:25:42.930+0000] {dagbag.py:538} INFO - Filling up the DagBag from /home/airflow/.local/lib/python3.8/site-packages/airflow/example_dags/example_task_group_decorator.py
[2023-12-19T03:25:42.938+0000] {processor.py:840} INFO - DAG(s) 'example_task_group_decorator' retrieved from /home/airflow/.local/lib/python3.8/site-packages/airflow/example_dags/example_task_group_decorator.py
[2023-12-19T03:25:42.993+0000] {logging_mixin.py:188} INFO - [2023-12-19T03:25:42.993+0000] {dag.py:3033} INFO - Sync 1 DAGs
[2023-12-19T03:25:43.004+0000] {logging_mixin.py:188} INFO - [2023-12-19T03:25:43.004+0000] {dag.py:3820} INFO - Setting next_dagrun for example_task_group_decorator to 2023-12-18T00:00:00+00:00, run_after=2023-12-19T00:00:00+00:00
[2023-12-19T03:25:43.014+0000] {processor.py:183} INFO - Processing /home/airflow/.local/lib/python3.8/site-packages/airflow/example_dags/example_task_group_decorator.py took 0.089 seconds
[2023-12-19T03:26:13.715+0000] {processor.py:161} INFO - Started process (PID=179) to work on /home/airflow/.local/lib/python3.8/site-packages/airflow/example_dags/example_task_group_decorator.py
[2023-12-19T03:26:13.716+0000] {processor.py:830} INFO - Processing file /home/airflow/.local/lib/python3.8/site-packages/airflow/example_dags/example_task_group_decorator.py for tasks to queue
[2023-12-19T03:26:13.719+0000] {logging_mixin.py:188} INFO - [2023-12-19T03:26:13.718+0000] {dagbag.py:538} INFO - Filling up the DagBag from /home/airflow/.local/lib/python3.8/site-packages/airflow/example_dags/example_task_group_decorator.py
[2023-12-19T03:26:13.727+0000] {processor.py:840} INFO - DAG(s) 'example_task_group_decorator' retrieved from /home/airflow/.local/lib/python3.8/site-packages/airflow/example_dags/example_task_group_decorator.py
[2023-12-19T03:26:13.743+0000] {logging_mixin.py:188} INFO - [2023-12-19T03:26:13.742+0000] {dag.py:3033} INFO - Sync 1 DAGs
[2023-12-19T03:26:13.755+0000] {logging_mixin.py:188} INFO - [2023-12-19T03:26:13.754+0000] {dag.py:3820} INFO - Setting next_dagrun for example_task_group_decorator to 2023-12-18T00:00:00+00:00, run_after=2023-12-19T00:00:00+00:00
[2023-12-19T03:26:13.764+0000] {processor.py:183} INFO - Processing /home/airflow/.local/lib/python3.8/site-packages/airflow/example_dags/example_task_group_decorator.py took 0.052 seconds
[2023-12-19T03:26:43.938+0000] {processor.py:161} INFO - Started process (PID=234) to work on /home/airflow/.local/lib/python3.8/site-packages/airflow/example_dags/example_task_group_decorator.py
[2023-12-19T03:26:43.939+0000] {processor.py:830} INFO - Processing file /home/airflow/.local/lib/python3.8/site-packages/airflow/example_dags/example_task_group_decorator.py for tasks to queue
[2023-12-19T03:26:43.941+0000] {logging_mixin.py:188} INFO - [2023-12-19T03:26:43.941+0000] {dagbag.py:538} INFO - Filling up the DagBag from /home/airflow/.local/lib/python3.8/site-packages/airflow/example_dags/example_task_group_decorator.py
[2023-12-19T03:26:43.950+0000] {processor.py:840} INFO - DAG(s) 'example_task_group_decorator' retrieved from /home/airflow/.local/lib/python3.8/site-packages/airflow/example_dags/example_task_group_decorator.py
[2023-12-19T03:26:43.969+0000] {logging_mixin.py:188} INFO - [2023-12-19T03:26:43.969+0000] {dag.py:3033} INFO - Sync 1 DAGs
[2023-12-19T03:26:43.983+0000] {logging_mixin.py:188} INFO - [2023-12-19T03:26:43.983+0000] {dag.py:3820} INFO - Setting next_dagrun for example_task_group_decorator to 2023-12-18T00:00:00+00:00, run_after=2023-12-19T00:00:00+00:00
[2023-12-19T03:26:43.994+0000] {processor.py:183} INFO - Processing /home/airflow/.local/lib/python3.8/site-packages/airflow/example_dags/example_task_group_decorator.py took 0.059 seconds
[2023-12-19T03:27:14.710+0000] {processor.py:161} INFO - Started process (PID=289) to work on /home/airflow/.local/lib/python3.8/site-packages/airflow/example_dags/example_task_group_decorator.py
[2023-12-19T03:27:14.711+0000] {processor.py:830} INFO - Processing file /home/airflow/.local/lib/python3.8/site-packages/airflow/example_dags/example_task_group_decorator.py for tasks to queue
[2023-12-19T03:27:14.713+0000] {logging_mixin.py:188} INFO - [2023-12-19T03:27:14.712+0000] {dagbag.py:538} INFO - Filling up the DagBag from /home/airflow/.local/lib/python3.8/site-packages/airflow/example_dags/example_task_group_decorator.py
[2023-12-19T03:27:14.722+0000] {processor.py:840} INFO - DAG(s) 'example_task_group_decorator' retrieved from /home/airflow/.local/lib/python3.8/site-packages/airflow/example_dags/example_task_group_decorator.py
[2023-12-19T03:27:14.739+0000] {logging_mixin.py:188} INFO - [2023-12-19T03:27:14.739+0000] {dag.py:3033} INFO - Sync 1 DAGs
[2023-12-19T03:27:14.751+0000] {logging_mixin.py:188} INFO - [2023-12-19T03:27:14.750+0000] {dag.py:3820} INFO - Setting next_dagrun for example_task_group_decorator to 2023-12-18T00:00:00+00:00, run_after=2023-12-19T00:00:00+00:00
[2023-12-19T03:27:14.760+0000] {processor.py:183} INFO - Processing /home/airflow/.local/lib/python3.8/site-packages/airflow/example_dags/example_task_group_decorator.py took 0.053 seconds
[2023-12-19T03:27:45.064+0000] {processor.py:161} INFO - Started process (PID=344) to work on /home/airflow/.local/lib/python3.8/site-packages/airflow/example_dags/example_task_group_decorator.py
[2023-12-19T03:27:45.065+0000] {processor.py:830} INFO - Processing file /home/airflow/.local/lib/python3.8/site-packages/airflow/example_dags/example_task_group_decorator.py for tasks to queue
[2023-12-19T03:27:45.067+0000] {logging_mixin.py:188} INFO - [2023-12-19T03:27:45.067+0000] {dagbag.py:538} INFO - Filling up the DagBag from /home/airflow/.local/lib/python3.8/site-packages/airflow/example_dags/example_task_group_decorator.py
[2023-12-19T03:27:45.075+0000] {processor.py:840} INFO - DAG(s) 'example_task_group_decorator' retrieved from /home/airflow/.local/lib/python3.8/site-packages/airflow/example_dags/example_task_group_decorator.py
[2023-12-19T03:27:45.094+0000] {logging_mixin.py:188} INFO - [2023-12-19T03:27:45.094+0000] {dag.py:3033} INFO - Sync 1 DAGs
[2023-12-19T03:27:45.112+0000] {logging_mixin.py:188} INFO - [2023-12-19T03:27:45.112+0000] {dag.py:3820} INFO - Setting next_dagrun for example_task_group_decorator to 2023-12-18T00:00:00+00:00, run_after=2023-12-19T00:00:00+00:00
[2023-12-19T03:27:45.122+0000] {processor.py:183} INFO - Processing /home/airflow/.local/lib/python3.8/site-packages/airflow/example_dags/example_task_group_decorator.py took 0.061 seconds
[2023-12-19T03:28:15.223+0000] {processor.py:161} INFO - Started process (PID=399) to work on /home/airflow/.local/lib/python3.8/site-packages/airflow/example_dags/example_task_group_decorator.py
[2023-12-19T03:28:15.225+0000] {processor.py:830} INFO - Processing file /home/airflow/.local/lib/python3.8/site-packages/airflow/example_dags/example_task_group_decorator.py for tasks to queue
[2023-12-19T03:28:15.226+0000] {logging_mixin.py:188} INFO - [2023-12-19T03:28:15.226+0000] {dagbag.py:538} INFO - Filling up the DagBag from /home/airflow/.local/lib/python3.8/site-packages/airflow/example_dags/example_task_group_decorator.py
[2023-12-19T03:28:15.235+0000] {processor.py:840} INFO - DAG(s) 'example_task_group_decorator' retrieved from /home/airflow/.local/lib/python3.8/site-packages/airflow/example_dags/example_task_group_decorator.py
[2023-12-19T03:28:15.251+0000] {logging_mixin.py:188} INFO - [2023-12-19T03:28:15.251+0000] {dag.py:3033} INFO - Sync 1 DAGs
[2023-12-19T03:28:15.263+0000] {logging_mixin.py:188} INFO - [2023-12-19T03:28:15.263+0000] {dag.py:3820} INFO - Setting next_dagrun for example_task_group_decorator to 2023-12-18T00:00:00+00:00, run_after=2023-12-19T00:00:00+00:00
[2023-12-19T03:28:15.272+0000] {processor.py:183} INFO - Processing /home/airflow/.local/lib/python3.8/site-packages/airflow/example_dags/example_task_group_decorator.py took 0.051 seconds
[2023-12-19T03:28:45.535+0000] {processor.py:161} INFO - Started process (PID=454) to work on /home/airflow/.local/lib/python3.8/site-packages/airflow/example_dags/example_task_group_decorator.py
[2023-12-19T03:28:45.536+0000] {processor.py:830} INFO - Processing file /home/airflow/.local/lib/python3.8/site-packages/airflow/example_dags/example_task_group_decorator.py for tasks to queue
[2023-12-19T03:28:45.537+0000] {logging_mixin.py:188} INFO - [2023-12-19T03:28:45.537+0000] {dagbag.py:538} INFO - Filling up the DagBag from /home/airflow/.local/lib/python3.8/site-packages/airflow/example_dags/example_task_group_decorator.py
[2023-12-19T03:28:45.546+0000] {processor.py:840} INFO - DAG(s) 'example_task_group_decorator' retrieved from /home/airflow/.local/lib/python3.8/site-packages/airflow/example_dags/example_task_group_decorator.py
[2023-12-19T03:28:45.562+0000] {logging_mixin.py:188} INFO - [2023-12-19T03:28:45.562+0000] {dag.py:3033} INFO - Sync 1 DAGs
[2023-12-19T03:28:45.574+0000] {logging_mixin.py:188} INFO - [2023-12-19T03:28:45.574+0000] {dag.py:3820} INFO - Setting next_dagrun for example_task_group_decorator to 2023-12-18T00:00:00+00:00, run_after=2023-12-19T00:00:00+00:00
[2023-12-19T03:28:45.585+0000] {processor.py:183} INFO - Processing /home/airflow/.local/lib/python3.8/site-packages/airflow/example_dags/example_task_group_decorator.py took 0.052 seconds
[2023-12-19T03:29:15.939+0000] {processor.py:161} INFO - Started process (PID=509) to work on /home/airflow/.local/lib/python3.8/site-packages/airflow/example_dags/example_task_group_decorator.py
[2023-12-19T03:29:15.940+0000] {processor.py:830} INFO - Processing file /home/airflow/.local/lib/python3.8/site-packages/airflow/example_dags/example_task_group_decorator.py for tasks to queue
[2023-12-19T03:29:15.942+0000] {logging_mixin.py:188} INFO - [2023-12-19T03:29:15.942+0000] {dagbag.py:538} INFO - Filling up the DagBag from /home/airflow/.local/lib/python3.8/site-packages/airflow/example_dags/example_task_group_decorator.py
[2023-12-19T03:29:15.961+0000] {processor.py:840} INFO - DAG(s) 'example_task_group_decorator' retrieved from /home/airflow/.local/lib/python3.8/site-packages/airflow/example_dags/example_task_group_decorator.py
[2023-12-19T03:29:15.987+0000] {logging_mixin.py:188} INFO - [2023-12-19T03:29:15.987+0000] {dag.py:3033} INFO - Sync 1 DAGs
[2023-12-19T03:29:16.002+0000] {logging_mixin.py:188} INFO - [2023-12-19T03:29:16.002+0000] {dag.py:3820} INFO - Setting next_dagrun for example_task_group_decorator to 2023-12-18T00:00:00+00:00, run_after=2023-12-19T00:00:00+00:00
[2023-12-19T03:29:16.018+0000] {processor.py:183} INFO - Processing /home/airflow/.local/lib/python3.8/site-packages/airflow/example_dags/example_task_group_decorator.py took 0.082 seconds
[2023-12-19T03:29:46.053+0000] {processor.py:161} INFO - Started process (PID=564) to work on /home/airflow/.local/lib/python3.8/site-packages/airflow/example_dags/example_task_group_decorator.py
[2023-12-19T03:29:46.054+0000] {processor.py:830} INFO - Processing file /home/airflow/.local/lib/python3.8/site-packages/airflow/example_dags/example_task_group_decorator.py for tasks to queue
[2023-12-19T03:29:46.056+0000] {logging_mixin.py:188} INFO - [2023-12-19T03:29:46.056+0000] {dagbag.py:538} INFO - Filling up the DagBag from /home/airflow/.local/lib/python3.8/site-packages/airflow/example_dags/example_task_group_decorator.py
[2023-12-19T03:29:46.065+0000] {processor.py:840} INFO - DAG(s) 'example_task_group_decorator' retrieved from /home/airflow/.local/lib/python3.8/site-packages/airflow/example_dags/example_task_group_decorator.py
[2023-12-19T03:29:46.081+0000] {logging_mixin.py:188} INFO - [2023-12-19T03:29:46.081+0000] {dag.py:3033} INFO - Sync 1 DAGs
[2023-12-19T03:29:46.092+0000] {logging_mixin.py:188} INFO - [2023-12-19T03:29:46.092+0000] {dag.py:3820} INFO - Setting next_dagrun for example_task_group_decorator to 2023-12-18T00:00:00+00:00, run_after=2023-12-19T00:00:00+00:00
[2023-12-19T03:29:46.100+0000] {processor.py:183} INFO - Processing /home/airflow/.local/lib/python3.8/site-packages/airflow/example_dags/example_task_group_decorator.py took 0.049 seconds
[2023-12-19T03:30:16.324+0000] {processor.py:161} INFO - Started process (PID=619) to work on /home/airflow/.local/lib/python3.8/site-packages/airflow/example_dags/example_task_group_decorator.py
[2023-12-19T03:30:16.325+0000] {processor.py:830} INFO - Processing file /home/airflow/.local/lib/python3.8/site-packages/airflow/example_dags/example_task_group_decorator.py for tasks to queue
[2023-12-19T03:30:16.327+0000] {logging_mixin.py:188} INFO - [2023-12-19T03:30:16.327+0000] {dagbag.py:538} INFO - Filling up the DagBag from /home/airflow/.local/lib/python3.8/site-packages/airflow/example_dags/example_task_group_decorator.py
[2023-12-19T03:30:16.335+0000] {processor.py:840} INFO - DAG(s) 'example_task_group_decorator' retrieved from /home/airflow/.local/lib/python3.8/site-packages/airflow/example_dags/example_task_group_decorator.py
[2023-12-19T03:30:16.352+0000] {logging_mixin.py:188} INFO - [2023-12-19T03:30:16.351+0000] {dag.py:3033} INFO - Sync 1 DAGs
[2023-12-19T03:30:16.363+0000] {logging_mixin.py:188} INFO - [2023-12-19T03:30:16.363+0000] {dag.py:3820} INFO - Setting next_dagrun for example_task_group_decorator to 2023-12-18T00:00:00+00:00, run_after=2023-12-19T00:00:00+00:00
[2023-12-19T03:30:16.373+0000] {processor.py:183} INFO - Processing /home/airflow/.local/lib/python3.8/site-packages/airflow/example_dags/example_task_group_decorator.py took 0.051 seconds
[2023-12-19T03:30:46.468+0000] {processor.py:161} INFO - Started process (PID=674) to work on /home/airflow/.local/lib/python3.8/site-packages/airflow/example_dags/example_task_group_decorator.py
[2023-12-19T03:30:46.469+0000] {processor.py:830} INFO - Processing file /home/airflow/.local/lib/python3.8/site-packages/airflow/example_dags/example_task_group_decorator.py for tasks to queue
[2023-12-19T03:30:46.470+0000] {logging_mixin.py:188} INFO - [2023-12-19T03:30:46.470+0000] {dagbag.py:538} INFO - Filling up the DagBag from /home/airflow/.local/lib/python3.8/site-packages/airflow/example_dags/example_task_group_decorator.py
[2023-12-19T03:30:46.478+0000] {processor.py:840} INFO - DAG(s) 'example_task_group_decorator' retrieved from /home/airflow/.local/lib/python3.8/site-packages/airflow/example_dags/example_task_group_decorator.py
[2023-12-19T03:30:46.493+0000] {logging_mixin.py:188} INFO - [2023-12-19T03:30:46.493+0000] {dag.py:3033} INFO - Sync 1 DAGs
[2023-12-19T03:30:46.504+0000] {logging_mixin.py:188} INFO - [2023-12-19T03:30:46.504+0000] {dag.py:3820} INFO - Setting next_dagrun for example_task_group_decorator to 2023-12-18T00:00:00+00:00, run_after=2023-12-19T00:00:00+00:00
[2023-12-19T03:30:46.512+0000] {processor.py:183} INFO - Processing /home/airflow/.local/lib/python3.8/site-packages/airflow/example_dags/example_task_group_decorator.py took 0.048 seconds
[2023-12-19T03:31:16.657+0000] {processor.py:161} INFO - Started process (PID=729) to work on /home/airflow/.local/lib/python3.8/site-packages/airflow/example_dags/example_task_group_decorator.py
[2023-12-19T03:31:16.658+0000] {processor.py:830} INFO - Processing file /home/airflow/.local/lib/python3.8/site-packages/airflow/example_dags/example_task_group_decorator.py for tasks to queue
[2023-12-19T03:31:16.659+0000] {logging_mixin.py:188} INFO - [2023-12-19T03:31:16.659+0000] {dagbag.py:538} INFO - Filling up the DagBag from /home/airflow/.local/lib/python3.8/site-packages/airflow/example_dags/example_task_group_decorator.py
[2023-12-19T03:31:16.668+0000] {processor.py:840} INFO - DAG(s) 'example_task_group_decorator' retrieved from /home/airflow/.local/lib/python3.8/site-packages/airflow/example_dags/example_task_group_decorator.py
[2023-12-19T03:31:16.684+0000] {logging_mixin.py:188} INFO - [2023-12-19T03:31:16.684+0000] {dag.py:3033} INFO - Sync 1 DAGs
[2023-12-19T03:31:16.696+0000] {logging_mixin.py:188} INFO - [2023-12-19T03:31:16.696+0000] {dag.py:3820} INFO - Setting next_dagrun for example_task_group_decorator to 2023-12-18T00:00:00+00:00, run_after=2023-12-19T00:00:00+00:00
[2023-12-19T03:31:16.704+0000] {processor.py:183} INFO - Processing /home/airflow/.local/lib/python3.8/site-packages/airflow/example_dags/example_task_group_decorator.py took 0.050 seconds
[2023-12-19T03:31:46.777+0000] {processor.py:161} INFO - Started process (PID=784) to work on /home/airflow/.local/lib/python3.8/site-packages/airflow/example_dags/example_task_group_decorator.py
[2023-12-19T03:31:46.779+0000] {processor.py:830} INFO - Processing file /home/airflow/.local/lib/python3.8/site-packages/airflow/example_dags/example_task_group_decorator.py for tasks to queue
[2023-12-19T03:31:46.780+0000] {logging_mixin.py:188} INFO - [2023-12-19T03:31:46.780+0000] {dagbag.py:538} INFO - Filling up the DagBag from /home/airflow/.local/lib/python3.8/site-packages/airflow/example_dags/example_task_group_decorator.py
[2023-12-19T03:31:46.788+0000] {processor.py:840} INFO - DAG(s) 'example_task_group_decorator' retrieved from /home/airflow/.local/lib/python3.8/site-packages/airflow/example_dags/example_task_group_decorator.py
[2023-12-19T03:31:46.805+0000] {logging_mixin.py:188} INFO - [2023-12-19T03:31:46.805+0000] {dag.py:3033} INFO - Sync 1 DAGs
[2023-12-19T03:31:46.816+0000] {logging_mixin.py:188} INFO - [2023-12-19T03:31:46.816+0000] {dag.py:3820} INFO - Setting next_dagrun for example_task_group_decorator to 2023-12-18T00:00:00+00:00, run_after=2023-12-19T00:00:00+00:00
[2023-12-19T03:31:46.825+0000] {processor.py:183} INFO - Processing /home/airflow/.local/lib/python3.8/site-packages/airflow/example_dags/example_task_group_decorator.py took 0.050 seconds
[2023-12-19T03:32:17.069+0000] {processor.py:161} INFO - Started process (PID=839) to work on /home/airflow/.local/lib/python3.8/site-packages/airflow/example_dags/example_task_group_decorator.py
[2023-12-19T03:32:17.070+0000] {processor.py:830} INFO - Processing file /home/airflow/.local/lib/python3.8/site-packages/airflow/example_dags/example_task_group_decorator.py for tasks to queue
[2023-12-19T03:32:17.071+0000] {logging_mixin.py:188} INFO - [2023-12-19T03:32:17.071+0000] {dagbag.py:538} INFO - Filling up the DagBag from /home/airflow/.local/lib/python3.8/site-packages/airflow/example_dags/example_task_group_decorator.py
[2023-12-19T03:32:17.079+0000] {processor.py:840} INFO - DAG(s) 'example_task_group_decorator' retrieved from /home/airflow/.local/lib/python3.8/site-packages/airflow/example_dags/example_task_group_decorator.py
[2023-12-19T03:32:17.095+0000] {logging_mixin.py:188} INFO - [2023-12-19T03:32:17.095+0000] {dag.py:3033} INFO - Sync 1 DAGs
[2023-12-19T03:32:17.107+0000] {logging_mixin.py:188} INFO - [2023-12-19T03:32:17.107+0000] {dag.py:3820} INFO - Setting next_dagrun for example_task_group_decorator to 2023-12-18T00:00:00+00:00, run_after=2023-12-19T00:00:00+00:00
[2023-12-19T03:32:17.116+0000] {processor.py:183} INFO - Processing /home/airflow/.local/lib/python3.8/site-packages/airflow/example_dags/example_task_group_decorator.py took 0.050 seconds
[2023-12-19T03:32:47.430+0000] {processor.py:161} INFO - Started process (PID=894) to work on /home/airflow/.local/lib/python3.8/site-packages/airflow/example_dags/example_task_group_decorator.py
[2023-12-19T03:32:47.431+0000] {processor.py:830} INFO - Processing file /home/airflow/.local/lib/python3.8/site-packages/airflow/example_dags/example_task_group_decorator.py for tasks to queue
[2023-12-19T03:32:47.433+0000] {logging_mixin.py:188} INFO - [2023-12-19T03:32:47.433+0000] {dagbag.py:538} INFO - Filling up the DagBag from /home/airflow/.local/lib/python3.8/site-packages/airflow/example_dags/example_task_group_decorator.py
[2023-12-19T03:32:47.441+0000] {processor.py:840} INFO - DAG(s) 'example_task_group_decorator' retrieved from /home/airflow/.local/lib/python3.8/site-packages/airflow/example_dags/example_task_group_decorator.py
[2023-12-19T03:32:47.457+0000] {logging_mixin.py:188} INFO - [2023-12-19T03:32:47.457+0000] {dag.py:3033} INFO - Sync 1 DAGs
[2023-12-19T03:32:47.469+0000] {logging_mixin.py:188} INFO - [2023-12-19T03:32:47.469+0000] {dag.py:3820} INFO - Setting next_dagrun for example_task_group_decorator to 2023-12-18T00:00:00+00:00, run_after=2023-12-19T00:00:00+00:00
[2023-12-19T03:32:47.477+0000] {processor.py:183} INFO - Processing /home/airflow/.local/lib/python3.8/site-packages/airflow/example_dags/example_task_group_decorator.py took 0.050 seconds
[2023-12-19T03:33:17.707+0000] {processor.py:161} INFO - Started process (PID=949) to work on /home/airflow/.local/lib/python3.8/site-packages/airflow/example_dags/example_task_group_decorator.py
[2023-12-19T03:33:17.708+0000] {processor.py:830} INFO - Processing file /home/airflow/.local/lib/python3.8/site-packages/airflow/example_dags/example_task_group_decorator.py for tasks to queue
[2023-12-19T03:33:17.710+0000] {logging_mixin.py:188} INFO - [2023-12-19T03:33:17.710+0000] {dagbag.py:538} INFO - Filling up the DagBag from /home/airflow/.local/lib/python3.8/site-packages/airflow/example_dags/example_task_group_decorator.py
[2023-12-19T03:33:17.718+0000] {processor.py:840} INFO - DAG(s) 'example_task_group_decorator' retrieved from /home/airflow/.local/lib/python3.8/site-packages/airflow/example_dags/example_task_group_decorator.py
[2023-12-19T03:33:17.735+0000] {logging_mixin.py:188} INFO - [2023-12-19T03:33:17.734+0000] {dag.py:3033} INFO - Sync 1 DAGs
[2023-12-19T03:33:17.746+0000] {logging_mixin.py:188} INFO - [2023-12-19T03:33:17.746+0000] {dag.py:3820} INFO - Setting next_dagrun for example_task_group_decorator to 2023-12-18T00:00:00+00:00, run_after=2023-12-19T00:00:00+00:00
[2023-12-19T03:33:17.754+0000] {processor.py:183} INFO - Processing /home/airflow/.local/lib/python3.8/site-packages/airflow/example_dags/example_task_group_decorator.py took 0.050 seconds
[2023-12-19T03:33:47.973+0000] {processor.py:161} INFO - Started process (PID=1004) to work on /home/airflow/.local/lib/python3.8/site-packages/airflow/example_dags/example_task_group_decorator.py
[2023-12-19T03:33:47.974+0000] {processor.py:830} INFO - Processing file /home/airflow/.local/lib/python3.8/site-packages/airflow/example_dags/example_task_group_decorator.py for tasks to queue
[2023-12-19T03:33:47.976+0000] {logging_mixin.py:188} INFO - [2023-12-19T03:33:47.976+0000] {dagbag.py:538} INFO - Filling up the DagBag from /home/airflow/.local/lib/python3.8/site-packages/airflow/example_dags/example_task_group_decorator.py
[2023-12-19T03:33:47.984+0000] {processor.py:840} INFO - DAG(s) 'example_task_group_decorator' retrieved from /home/airflow/.local/lib/python3.8/site-packages/airflow/example_dags/example_task_group_decorator.py
[2023-12-19T03:33:47.999+0000] {logging_mixin.py:188} INFO - [2023-12-19T03:33:47.999+0000] {dag.py:3033} INFO - Sync 1 DAGs
[2023-12-19T03:33:48.010+0000] {logging_mixin.py:188} INFO - [2023-12-19T03:33:48.010+0000] {dag.py:3820} INFO - Setting next_dagrun for example_task_group_decorator to 2023-12-18T00:00:00+00:00, run_after=2023-12-19T00:00:00+00:00
[2023-12-19T03:33:48.019+0000] {processor.py:183} INFO - Processing /home/airflow/.local/lib/python3.8/site-packages/airflow/example_dags/example_task_group_decorator.py took 0.049 seconds
[2023-12-19T03:34:18.331+0000] {processor.py:161} INFO - Started process (PID=1059) to work on /home/airflow/.local/lib/python3.8/site-packages/airflow/example_dags/example_task_group_decorator.py
[2023-12-19T03:34:18.332+0000] {processor.py:830} INFO - Processing file /home/airflow/.local/lib/python3.8/site-packages/airflow/example_dags/example_task_group_decorator.py for tasks to queue
[2023-12-19T03:34:18.334+0000] {logging_mixin.py:188} INFO - [2023-12-19T03:34:18.333+0000] {dagbag.py:538} INFO - Filling up the DagBag from /home/airflow/.local/lib/python3.8/site-packages/airflow/example_dags/example_task_group_decorator.py
[2023-12-19T03:34:18.342+0000] {processor.py:840} INFO - DAG(s) 'example_task_group_decorator' retrieved from /home/airflow/.local/lib/python3.8/site-packages/airflow/example_dags/example_task_group_decorator.py
[2023-12-19T03:34:18.357+0000] {logging_mixin.py:188} INFO - [2023-12-19T03:34:18.356+0000] {dag.py:3033} INFO - Sync 1 DAGs
[2023-12-19T03:34:18.368+0000] {logging_mixin.py:188} INFO - [2023-12-19T03:34:18.368+0000] {dag.py:3820} INFO - Setting next_dagrun for example_task_group_decorator to 2023-12-18T00:00:00+00:00, run_after=2023-12-19T00:00:00+00:00
[2023-12-19T03:34:18.376+0000] {processor.py:183} INFO - Processing /home/airflow/.local/lib/python3.8/site-packages/airflow/example_dags/example_task_group_decorator.py took 0.048 seconds
[2023-12-19T03:34:48.697+0000] {processor.py:161} INFO - Started process (PID=1114) to work on /home/airflow/.local/lib/python3.8/site-packages/airflow/example_dags/example_task_group_decorator.py
[2023-12-19T03:34:48.698+0000] {processor.py:830} INFO - Processing file /home/airflow/.local/lib/python3.8/site-packages/airflow/example_dags/example_task_group_decorator.py for tasks to queue
[2023-12-19T03:34:48.699+0000] {logging_mixin.py:188} INFO - [2023-12-19T03:34:48.699+0000] {dagbag.py:538} INFO - Filling up the DagBag from /home/airflow/.local/lib/python3.8/site-packages/airflow/example_dags/example_task_group_decorator.py
[2023-12-19T03:34:48.707+0000] {processor.py:840} INFO - DAG(s) 'example_task_group_decorator' retrieved from /home/airflow/.local/lib/python3.8/site-packages/airflow/example_dags/example_task_group_decorator.py
[2023-12-19T03:34:48.722+0000] {logging_mixin.py:188} INFO - [2023-12-19T03:34:48.722+0000] {dag.py:3033} INFO - Sync 1 DAGs
[2023-12-19T03:34:48.733+0000] {logging_mixin.py:188} INFO - [2023-12-19T03:34:48.733+0000] {dag.py:3820} INFO - Setting next_dagrun for example_task_group_decorator to 2023-12-18T00:00:00+00:00, run_after=2023-12-19T00:00:00+00:00
[2023-12-19T03:34:48.741+0000] {processor.py:183} INFO - Processing /home/airflow/.local/lib/python3.8/site-packages/airflow/example_dags/example_task_group_decorator.py took 0.048 seconds
[2023-12-19T03:35:18.834+0000] {processor.py:161} INFO - Started process (PID=1169) to work on /home/airflow/.local/lib/python3.8/site-packages/airflow/example_dags/example_task_group_decorator.py
[2023-12-19T03:35:18.835+0000] {processor.py:830} INFO - Processing file /home/airflow/.local/lib/python3.8/site-packages/airflow/example_dags/example_task_group_decorator.py for tasks to queue
[2023-12-19T03:35:18.837+0000] {logging_mixin.py:188} INFO - [2023-12-19T03:35:18.837+0000] {dagbag.py:538} INFO - Filling up the DagBag from /home/airflow/.local/lib/python3.8/site-packages/airflow/example_dags/example_task_group_decorator.py
[2023-12-19T03:35:18.844+0000] {processor.py:840} INFO - DAG(s) 'example_task_group_decorator' retrieved from /home/airflow/.local/lib/python3.8/site-packages/airflow/example_dags/example_task_group_decorator.py
[2023-12-19T03:35:18.860+0000] {logging_mixin.py:188} INFO - [2023-12-19T03:35:18.860+0000] {dag.py:3033} INFO - Sync 1 DAGs
[2023-12-19T03:35:18.870+0000] {logging_mixin.py:188} INFO - [2023-12-19T03:35:18.870+0000] {dag.py:3820} INFO - Setting next_dagrun for example_task_group_decorator to 2023-12-18T00:00:00+00:00, run_after=2023-12-19T00:00:00+00:00
[2023-12-19T03:35:18.878+0000] {processor.py:183} INFO - Processing /home/airflow/.local/lib/python3.8/site-packages/airflow/example_dags/example_task_group_decorator.py took 0.046 seconds
[2023-12-19T03:35:49.155+0000] {processor.py:161} INFO - Started process (PID=1224) to work on /home/airflow/.local/lib/python3.8/site-packages/airflow/example_dags/example_task_group_decorator.py
[2023-12-19T03:35:49.156+0000] {processor.py:830} INFO - Processing file /home/airflow/.local/lib/python3.8/site-packages/airflow/example_dags/example_task_group_decorator.py for tasks to queue
[2023-12-19T03:35:49.158+0000] {logging_mixin.py:188} INFO - [2023-12-19T03:35:49.157+0000] {dagbag.py:538} INFO - Filling up the DagBag from /home/airflow/.local/lib/python3.8/site-packages/airflow/example_dags/example_task_group_decorator.py
[2023-12-19T03:35:49.166+0000] {processor.py:840} INFO - DAG(s) 'example_task_group_decorator' retrieved from /home/airflow/.local/lib/python3.8/site-packages/airflow/example_dags/example_task_group_decorator.py
[2023-12-19T03:35:49.181+0000] {logging_mixin.py:188} INFO - [2023-12-19T03:35:49.181+0000] {dag.py:3033} INFO - Sync 1 DAGs
[2023-12-19T03:35:49.192+0000] {logging_mixin.py:188} INFO - [2023-12-19T03:35:49.191+0000] {dag.py:3820} INFO - Setting next_dagrun for example_task_group_decorator to 2023-12-18T00:00:00+00:00, run_after=2023-12-19T00:00:00+00:00
[2023-12-19T03:35:49.200+0000] {processor.py:183} INFO - Processing /home/airflow/.local/lib/python3.8/site-packages/airflow/example_dags/example_task_group_decorator.py took 0.047 seconds
[2023-12-19T03:36:19.448+0000] {processor.py:161} INFO - Started process (PID=1279) to work on /home/airflow/.local/lib/python3.8/site-packages/airflow/example_dags/example_task_group_decorator.py
[2023-12-19T03:36:19.450+0000] {processor.py:830} INFO - Processing file /home/airflow/.local/lib/python3.8/site-packages/airflow/example_dags/example_task_group_decorator.py for tasks to queue
[2023-12-19T03:36:19.451+0000] {logging_mixin.py:188} INFO - [2023-12-19T03:36:19.451+0000] {dagbag.py:538} INFO - Filling up the DagBag from /home/airflow/.local/lib/python3.8/site-packages/airflow/example_dags/example_task_group_decorator.py
[2023-12-19T03:36:19.459+0000] {processor.py:840} INFO - DAG(s) 'example_task_group_decorator' retrieved from /home/airflow/.local/lib/python3.8/site-packages/airflow/example_dags/example_task_group_decorator.py
[2023-12-19T03:36:19.475+0000] {logging_mixin.py:188} INFO - [2023-12-19T03:36:19.474+0000] {dag.py:3033} INFO - Sync 1 DAGs
[2023-12-19T03:36:19.486+0000] {logging_mixin.py:188} INFO - [2023-12-19T03:36:19.486+0000] {dag.py:3820} INFO - Setting next_dagrun for example_task_group_decorator to 2023-12-18T00:00:00+00:00, run_after=2023-12-19T00:00:00+00:00
[2023-12-19T03:36:19.494+0000] {processor.py:183} INFO - Processing /home/airflow/.local/lib/python3.8/site-packages/airflow/example_dags/example_task_group_decorator.py took 0.049 seconds
[2023-12-19T03:36:50.013+0000] {processor.py:161} INFO - Started process (PID=1334) to work on /home/airflow/.local/lib/python3.8/site-packages/airflow/example_dags/example_task_group_decorator.py
[2023-12-19T03:36:50.014+0000] {processor.py:830} INFO - Processing file /home/airflow/.local/lib/python3.8/site-packages/airflow/example_dags/example_task_group_decorator.py for tasks to queue
[2023-12-19T03:36:50.016+0000] {logging_mixin.py:188} INFO - [2023-12-19T03:36:50.016+0000] {dagbag.py:538} INFO - Filling up the DagBag from /home/airflow/.local/lib/python3.8/site-packages/airflow/example_dags/example_task_group_decorator.py
[2023-12-19T03:36:50.024+0000] {processor.py:840} INFO - DAG(s) 'example_task_group_decorator' retrieved from /home/airflow/.local/lib/python3.8/site-packages/airflow/example_dags/example_task_group_decorator.py
[2023-12-19T03:36:50.040+0000] {logging_mixin.py:188} INFO - [2023-12-19T03:36:50.040+0000] {dag.py:3033} INFO - Sync 1 DAGs
[2023-12-19T03:36:50.051+0000] {logging_mixin.py:188} INFO - [2023-12-19T03:36:50.051+0000] {dag.py:3820} INFO - Setting next_dagrun for example_task_group_decorator to 2023-12-18T00:00:00+00:00, run_after=2023-12-19T00:00:00+00:00
[2023-12-19T03:36:50.059+0000] {processor.py:183} INFO - Processing /home/airflow/.local/lib/python3.8/site-packages/airflow/example_dags/example_task_group_decorator.py took 0.048 seconds
[2023-12-19T03:37:20.345+0000] {processor.py:161} INFO - Started process (PID=1389) to work on /home/airflow/.local/lib/python3.8/site-packages/airflow/example_dags/example_task_group_decorator.py
[2023-12-19T03:37:20.346+0000] {processor.py:830} INFO - Processing file /home/airflow/.local/lib/python3.8/site-packages/airflow/example_dags/example_task_group_decorator.py for tasks to queue
[2023-12-19T03:37:20.348+0000] {logging_mixin.py:188} INFO - [2023-12-19T03:37:20.348+0000] {dagbag.py:538} INFO - Filling up the DagBag from /home/airflow/.local/lib/python3.8/site-packages/airflow/example_dags/example_task_group_decorator.py
[2023-12-19T03:37:20.356+0000] {processor.py:840} INFO - DAG(s) 'example_task_group_decorator' retrieved from /home/airflow/.local/lib/python3.8/site-packages/airflow/example_dags/example_task_group_decorator.py
[2023-12-19T03:37:20.372+0000] {logging_mixin.py:188} INFO - [2023-12-19T03:37:20.372+0000] {dag.py:3033} INFO - Sync 1 DAGs
[2023-12-19T03:37:20.383+0000] {logging_mixin.py:188} INFO - [2023-12-19T03:37:20.383+0000] {dag.py:3820} INFO - Setting next_dagrun for example_task_group_decorator to 2023-12-18T00:00:00+00:00, run_after=2023-12-19T00:00:00+00:00
[2023-12-19T03:37:20.391+0000] {processor.py:183} INFO - Processing /home/airflow/.local/lib/python3.8/site-packages/airflow/example_dags/example_task_group_decorator.py took 0.049 seconds
[2023-12-19T03:37:50.629+0000] {processor.py:161} INFO - Started process (PID=1444) to work on /home/airflow/.local/lib/python3.8/site-packages/airflow/example_dags/example_task_group_decorator.py
[2023-12-19T03:37:50.631+0000] {processor.py:830} INFO - Processing file /home/airflow/.local/lib/python3.8/site-packages/airflow/example_dags/example_task_group_decorator.py for tasks to queue
[2023-12-19T03:37:50.632+0000] {logging_mixin.py:188} INFO - [2023-12-19T03:37:50.632+0000] {dagbag.py:538} INFO - Filling up the DagBag from /home/airflow/.local/lib/python3.8/site-packages/airflow/example_dags/example_task_group_decorator.py
[2023-12-19T03:37:50.640+0000] {processor.py:840} INFO - DAG(s) 'example_task_group_decorator' retrieved from /home/airflow/.local/lib/python3.8/site-packages/airflow/example_dags/example_task_group_decorator.py
[2023-12-19T03:37:50.656+0000] {logging_mixin.py:188} INFO - [2023-12-19T03:37:50.656+0000] {dag.py:3033} INFO - Sync 1 DAGs
[2023-12-19T03:37:50.668+0000] {logging_mixin.py:188} INFO - [2023-12-19T03:37:50.667+0000] {dag.py:3820} INFO - Setting next_dagrun for example_task_group_decorator to 2023-12-18T00:00:00+00:00, run_after=2023-12-19T00:00:00+00:00
[2023-12-19T03:37:50.676+0000] {processor.py:183} INFO - Processing /home/airflow/.local/lib/python3.8/site-packages/airflow/example_dags/example_task_group_decorator.py took 0.049 seconds
