[2023-12-19T03:23:35.369+0000] {processor.py:161} INFO - Started process (PID=56) to work on /home/airflow/.local/lib/python3.8/site-packages/airflow/example_dags/example_skip_dag.py
[2023-12-19T03:23:35.370+0000] {processor.py:830} INFO - Processing file /home/airflow/.local/lib/python3.8/site-packages/airflow/example_dags/example_skip_dag.py for tasks to queue
[2023-12-19T03:23:35.375+0000] {logging_mixin.py:188} INFO - [2023-12-19T03:23:35.374+0000] {dagbag.py:538} INFO - Filling up the DagBag from /home/airflow/.local/lib/python3.8/site-packages/airflow/example_dags/example_skip_dag.py
[2023-12-19T03:23:35.380+0000] {processor.py:840} INFO - DAG(s) 'example_skip_dag' retrieved from /home/airflow/.local/lib/python3.8/site-packages/airflow/example_dags/example_skip_dag.py
[2023-12-19T03:23:35.392+0000] {logging_mixin.py:188} INFO - [2023-12-19T03:23:35.391+0000] {dag.py:3033} INFO - Sync 1 DAGs
[2023-12-19T03:23:35.407+0000] {logging_mixin.py:188} INFO - [2023-12-19T03:23:35.407+0000] {dag.py:3820} INFO - Setting next_dagrun for example_skip_dag to 2023-12-18T00:00:00+00:00, run_after=2023-12-19T00:00:00+00:00
[2023-12-19T03:23:35.419+0000] {processor.py:183} INFO - Processing /home/airflow/.local/lib/python3.8/site-packages/airflow/example_dags/example_skip_dag.py took 0.054 seconds
[2023-12-19T03:24:05.903+0000] {processor.py:161} INFO - Started process (PID=111) to work on /home/airflow/.local/lib/python3.8/site-packages/airflow/example_dags/example_skip_dag.py
[2023-12-19T03:24:05.904+0000] {processor.py:830} INFO - Processing file /home/airflow/.local/lib/python3.8/site-packages/airflow/example_dags/example_skip_dag.py for tasks to queue
[2023-12-19T03:24:05.906+0000] {logging_mixin.py:188} INFO - [2023-12-19T03:24:05.906+0000] {dagbag.py:538} INFO - Filling up the DagBag from /home/airflow/.local/lib/python3.8/site-packages/airflow/example_dags/example_skip_dag.py
[2023-12-19T03:24:05.912+0000] {processor.py:840} INFO - DAG(s) 'example_skip_dag' retrieved from /home/airflow/.local/lib/python3.8/site-packages/airflow/example_dags/example_skip_dag.py
[2023-12-19T03:24:05.966+0000] {logging_mixin.py:188} INFO - [2023-12-19T03:24:05.966+0000] {dag.py:3033} INFO - Sync 1 DAGs
[2023-12-19T03:24:05.976+0000] {logging_mixin.py:188} INFO - [2023-12-19T03:24:05.976+0000] {dag.py:3820} INFO - Setting next_dagrun for example_skip_dag to 2023-12-18T00:00:00+00:00, run_after=2023-12-19T00:00:00+00:00
[2023-12-19T03:24:05.985+0000] {processor.py:183} INFO - Processing /home/airflow/.local/lib/python3.8/site-packages/airflow/example_dags/example_skip_dag.py took 0.085 seconds
[2023-12-19T03:24:39.299+0000] {processor.py:161} INFO - Started process (PID=55) to work on /home/airflow/.local/lib/python3.8/site-packages/airflow/example_dags/example_skip_dag.py
[2023-12-19T03:24:39.300+0000] {processor.py:830} INFO - Processing file /home/airflow/.local/lib/python3.8/site-packages/airflow/example_dags/example_skip_dag.py for tasks to queue
[2023-12-19T03:24:39.302+0000] {logging_mixin.py:188} INFO - [2023-12-19T03:24:39.302+0000] {dagbag.py:538} INFO - Filling up the DagBag from /home/airflow/.local/lib/python3.8/site-packages/airflow/example_dags/example_skip_dag.py
[2023-12-19T03:24:39.306+0000] {processor.py:840} INFO - DAG(s) 'example_skip_dag' retrieved from /home/airflow/.local/lib/python3.8/site-packages/airflow/example_dags/example_skip_dag.py
[2023-12-19T03:24:39.323+0000] {logging_mixin.py:188} INFO - [2023-12-19T03:24:39.323+0000] {dag.py:3033} INFO - Sync 1 DAGs
[2023-12-19T03:24:39.335+0000] {logging_mixin.py:188} INFO - [2023-12-19T03:24:39.335+0000] {dag.py:3820} INFO - Setting next_dagrun for example_skip_dag to 2023-12-18T00:00:00+00:00, run_after=2023-12-19T00:00:00+00:00
[2023-12-19T03:24:39.348+0000] {processor.py:183} INFO - Processing /home/airflow/.local/lib/python3.8/site-packages/airflow/example_dags/example_skip_dag.py took 0.052 seconds
[2023-12-19T03:25:11.670+0000] {processor.py:161} INFO - Started process (PID=55) to work on /home/airflow/.local/lib/python3.8/site-packages/airflow/example_dags/example_skip_dag.py
[2023-12-19T03:25:11.673+0000] {processor.py:830} INFO - Processing file /home/airflow/.local/lib/python3.8/site-packages/airflow/example_dags/example_skip_dag.py for tasks to queue
[2023-12-19T03:25:11.677+0000] {logging_mixin.py:188} INFO - [2023-12-19T03:25:11.676+0000] {dagbag.py:538} INFO - Filling up the DagBag from /home/airflow/.local/lib/python3.8/site-packages/airflow/example_dags/example_skip_dag.py
[2023-12-19T03:25:11.685+0000] {processor.py:840} INFO - DAG(s) 'example_skip_dag' retrieved from /home/airflow/.local/lib/python3.8/site-packages/airflow/example_dags/example_skip_dag.py
[2023-12-19T03:25:11.710+0000] {logging_mixin.py:188} INFO - [2023-12-19T03:25:11.710+0000] {dag.py:3033} INFO - Sync 1 DAGs
[2023-12-19T03:25:11.729+0000] {logging_mixin.py:188} INFO - [2023-12-19T03:25:11.729+0000] {dag.py:3820} INFO - Setting next_dagrun for example_skip_dag to 2023-12-18T00:00:00+00:00, run_after=2023-12-19T00:00:00+00:00
[2023-12-19T03:25:11.741+0000] {processor.py:183} INFO - Processing /home/airflow/.local/lib/python3.8/site-packages/airflow/example_dags/example_skip_dag.py took 0.075 seconds
[2023-12-19T03:25:42.542+0000] {processor.py:161} INFO - Started process (PID=109) to work on /home/airflow/.local/lib/python3.8/site-packages/airflow/example_dags/example_skip_dag.py
[2023-12-19T03:25:42.543+0000] {processor.py:830} INFO - Processing file /home/airflow/.local/lib/python3.8/site-packages/airflow/example_dags/example_skip_dag.py for tasks to queue
[2023-12-19T03:25:42.545+0000] {logging_mixin.py:188} INFO - [2023-12-19T03:25:42.545+0000] {dagbag.py:538} INFO - Filling up the DagBag from /home/airflow/.local/lib/python3.8/site-packages/airflow/example_dags/example_skip_dag.py
[2023-12-19T03:25:42.549+0000] {processor.py:840} INFO - DAG(s) 'example_skip_dag' retrieved from /home/airflow/.local/lib/python3.8/site-packages/airflow/example_dags/example_skip_dag.py
[2023-12-19T03:25:42.599+0000] {logging_mixin.py:188} INFO - [2023-12-19T03:25:42.598+0000] {dag.py:3033} INFO - Sync 1 DAGs
[2023-12-19T03:25:42.608+0000] {logging_mixin.py:188} INFO - [2023-12-19T03:25:42.608+0000] {dag.py:3820} INFO - Setting next_dagrun for example_skip_dag to 2023-12-18T00:00:00+00:00, run_after=2023-12-19T00:00:00+00:00
[2023-12-19T03:25:42.618+0000] {processor.py:183} INFO - Processing /home/airflow/.local/lib/python3.8/site-packages/airflow/example_dags/example_skip_dag.py took 0.078 seconds
[2023-12-19T03:26:13.470+0000] {processor.py:161} INFO - Started process (PID=172) to work on /home/airflow/.local/lib/python3.8/site-packages/airflow/example_dags/example_skip_dag.py
[2023-12-19T03:26:13.471+0000] {processor.py:830} INFO - Processing file /home/airflow/.local/lib/python3.8/site-packages/airflow/example_dags/example_skip_dag.py for tasks to queue
[2023-12-19T03:26:13.472+0000] {logging_mixin.py:188} INFO - [2023-12-19T03:26:13.472+0000] {dagbag.py:538} INFO - Filling up the DagBag from /home/airflow/.local/lib/python3.8/site-packages/airflow/example_dags/example_skip_dag.py
[2023-12-19T03:26:13.477+0000] {processor.py:840} INFO - DAG(s) 'example_skip_dag' retrieved from /home/airflow/.local/lib/python3.8/site-packages/airflow/example_dags/example_skip_dag.py
[2023-12-19T03:26:13.493+0000] {logging_mixin.py:188} INFO - [2023-12-19T03:26:13.493+0000] {dag.py:3033} INFO - Sync 1 DAGs
[2023-12-19T03:26:13.504+0000] {logging_mixin.py:188} INFO - [2023-12-19T03:26:13.504+0000] {dag.py:3820} INFO - Setting next_dagrun for example_skip_dag to 2023-12-18T00:00:00+00:00, run_after=2023-12-19T00:00:00+00:00
[2023-12-19T03:26:13.513+0000] {processor.py:183} INFO - Processing /home/airflow/.local/lib/python3.8/site-packages/airflow/example_dags/example_skip_dag.py took 0.046 seconds
[2023-12-19T03:26:43.672+0000] {processor.py:161} INFO - Started process (PID=227) to work on /home/airflow/.local/lib/python3.8/site-packages/airflow/example_dags/example_skip_dag.py
[2023-12-19T03:26:43.673+0000] {processor.py:830} INFO - Processing file /home/airflow/.local/lib/python3.8/site-packages/airflow/example_dags/example_skip_dag.py for tasks to queue
[2023-12-19T03:26:43.675+0000] {logging_mixin.py:188} INFO - [2023-12-19T03:26:43.675+0000] {dagbag.py:538} INFO - Filling up the DagBag from /home/airflow/.local/lib/python3.8/site-packages/airflow/example_dags/example_skip_dag.py
[2023-12-19T03:26:43.680+0000] {processor.py:840} INFO - DAG(s) 'example_skip_dag' retrieved from /home/airflow/.local/lib/python3.8/site-packages/airflow/example_dags/example_skip_dag.py
[2023-12-19T03:26:43.700+0000] {logging_mixin.py:188} INFO - [2023-12-19T03:26:43.700+0000] {dag.py:3033} INFO - Sync 1 DAGs
[2023-12-19T03:26:43.713+0000] {logging_mixin.py:188} INFO - [2023-12-19T03:26:43.713+0000] {dag.py:3820} INFO - Setting next_dagrun for example_skip_dag to 2023-12-18T00:00:00+00:00, run_after=2023-12-19T00:00:00+00:00
[2023-12-19T03:26:43.722+0000] {processor.py:183} INFO - Processing /home/airflow/.local/lib/python3.8/site-packages/airflow/example_dags/example_skip_dag.py took 0.053 seconds
[2023-12-19T03:27:14.342+0000] {processor.py:161} INFO - Started process (PID=282) to work on /home/airflow/.local/lib/python3.8/site-packages/airflow/example_dags/example_skip_dag.py
[2023-12-19T03:27:14.343+0000] {processor.py:830} INFO - Processing file /home/airflow/.local/lib/python3.8/site-packages/airflow/example_dags/example_skip_dag.py for tasks to queue
[2023-12-19T03:27:14.345+0000] {logging_mixin.py:188} INFO - [2023-12-19T03:27:14.345+0000] {dagbag.py:538} INFO - Filling up the DagBag from /home/airflow/.local/lib/python3.8/site-packages/airflow/example_dags/example_skip_dag.py
[2023-12-19T03:27:14.351+0000] {processor.py:840} INFO - DAG(s) 'example_skip_dag' retrieved from /home/airflow/.local/lib/python3.8/site-packages/airflow/example_dags/example_skip_dag.py
[2023-12-19T03:27:14.368+0000] {logging_mixin.py:188} INFO - [2023-12-19T03:27:14.368+0000] {dag.py:3033} INFO - Sync 1 DAGs
[2023-12-19T03:27:14.382+0000] {logging_mixin.py:188} INFO - [2023-12-19T03:27:14.382+0000] {dag.py:3820} INFO - Setting next_dagrun for example_skip_dag to 2023-12-18T00:00:00+00:00, run_after=2023-12-19T00:00:00+00:00
[2023-12-19T03:27:14.397+0000] {processor.py:183} INFO - Processing /home/airflow/.local/lib/python3.8/site-packages/airflow/example_dags/example_skip_dag.py took 0.059 seconds
[2023-12-19T03:27:44.800+0000] {processor.py:161} INFO - Started process (PID=337) to work on /home/airflow/.local/lib/python3.8/site-packages/airflow/example_dags/example_skip_dag.py
[2023-12-19T03:27:44.801+0000] {processor.py:830} INFO - Processing file /home/airflow/.local/lib/python3.8/site-packages/airflow/example_dags/example_skip_dag.py for tasks to queue
[2023-12-19T03:27:44.803+0000] {logging_mixin.py:188} INFO - [2023-12-19T03:27:44.802+0000] {dagbag.py:538} INFO - Filling up the DagBag from /home/airflow/.local/lib/python3.8/site-packages/airflow/example_dags/example_skip_dag.py
[2023-12-19T03:27:44.808+0000] {processor.py:840} INFO - DAG(s) 'example_skip_dag' retrieved from /home/airflow/.local/lib/python3.8/site-packages/airflow/example_dags/example_skip_dag.py
[2023-12-19T03:27:44.823+0000] {logging_mixin.py:188} INFO - [2023-12-19T03:27:44.823+0000] {dag.py:3033} INFO - Sync 1 DAGs
[2023-12-19T03:27:44.840+0000] {logging_mixin.py:188} INFO - [2023-12-19T03:27:44.840+0000] {dag.py:3820} INFO - Setting next_dagrun for example_skip_dag to 2023-12-18T00:00:00+00:00, run_after=2023-12-19T00:00:00+00:00
[2023-12-19T03:27:44.850+0000] {processor.py:183} INFO - Processing /home/airflow/.local/lib/python3.8/site-packages/airflow/example_dags/example_skip_dag.py took 0.053 seconds
[2023-12-19T03:28:15.007+0000] {processor.py:161} INFO - Started process (PID=392) to work on /home/airflow/.local/lib/python3.8/site-packages/airflow/example_dags/example_skip_dag.py
[2023-12-19T03:28:15.008+0000] {processor.py:830} INFO - Processing file /home/airflow/.local/lib/python3.8/site-packages/airflow/example_dags/example_skip_dag.py for tasks to queue
[2023-12-19T03:28:15.009+0000] {logging_mixin.py:188} INFO - [2023-12-19T03:28:15.009+0000] {dagbag.py:538} INFO - Filling up the DagBag from /home/airflow/.local/lib/python3.8/site-packages/airflow/example_dags/example_skip_dag.py
[2023-12-19T03:28:15.014+0000] {processor.py:840} INFO - DAG(s) 'example_skip_dag' retrieved from /home/airflow/.local/lib/python3.8/site-packages/airflow/example_dags/example_skip_dag.py
[2023-12-19T03:28:15.029+0000] {logging_mixin.py:188} INFO - [2023-12-19T03:28:15.029+0000] {dag.py:3033} INFO - Sync 1 DAGs
[2023-12-19T03:28:15.040+0000] {logging_mixin.py:188} INFO - [2023-12-19T03:28:15.040+0000] {dag.py:3820} INFO - Setting next_dagrun for example_skip_dag to 2023-12-18T00:00:00+00:00, run_after=2023-12-19T00:00:00+00:00
[2023-12-19T03:28:15.050+0000] {processor.py:183} INFO - Processing /home/airflow/.local/lib/python3.8/site-packages/airflow/example_dags/example_skip_dag.py took 0.046 seconds
[2023-12-19T03:28:45.200+0000] {processor.py:161} INFO - Started process (PID=447) to work on /home/airflow/.local/lib/python3.8/site-packages/airflow/example_dags/example_skip_dag.py
[2023-12-19T03:28:45.201+0000] {processor.py:830} INFO - Processing file /home/airflow/.local/lib/python3.8/site-packages/airflow/example_dags/example_skip_dag.py for tasks to queue
[2023-12-19T03:28:45.203+0000] {logging_mixin.py:188} INFO - [2023-12-19T03:28:45.203+0000] {dagbag.py:538} INFO - Filling up the DagBag from /home/airflow/.local/lib/python3.8/site-packages/airflow/example_dags/example_skip_dag.py
[2023-12-19T03:28:45.208+0000] {processor.py:840} INFO - DAG(s) 'example_skip_dag' retrieved from /home/airflow/.local/lib/python3.8/site-packages/airflow/example_dags/example_skip_dag.py
[2023-12-19T03:28:45.224+0000] {logging_mixin.py:188} INFO - [2023-12-19T03:28:45.224+0000] {dag.py:3033} INFO - Sync 1 DAGs
[2023-12-19T03:28:45.239+0000] {logging_mixin.py:188} INFO - [2023-12-19T03:28:45.239+0000] {dag.py:3820} INFO - Setting next_dagrun for example_skip_dag to 2023-12-18T00:00:00+00:00, run_after=2023-12-19T00:00:00+00:00
[2023-12-19T03:28:45.248+0000] {processor.py:183} INFO - Processing /home/airflow/.local/lib/python3.8/site-packages/airflow/example_dags/example_skip_dag.py took 0.051 seconds
[2023-12-19T03:29:15.659+0000] {processor.py:161} INFO - Started process (PID=502) to work on /home/airflow/.local/lib/python3.8/site-packages/airflow/example_dags/example_skip_dag.py
[2023-12-19T03:29:15.660+0000] {processor.py:830} INFO - Processing file /home/airflow/.local/lib/python3.8/site-packages/airflow/example_dags/example_skip_dag.py for tasks to queue
[2023-12-19T03:29:15.662+0000] {logging_mixin.py:188} INFO - [2023-12-19T03:29:15.662+0000] {dagbag.py:538} INFO - Filling up the DagBag from /home/airflow/.local/lib/python3.8/site-packages/airflow/example_dags/example_skip_dag.py
[2023-12-19T03:29:15.667+0000] {processor.py:840} INFO - DAG(s) 'example_skip_dag' retrieved from /home/airflow/.local/lib/python3.8/site-packages/airflow/example_dags/example_skip_dag.py
[2023-12-19T03:29:15.683+0000] {logging_mixin.py:188} INFO - [2023-12-19T03:29:15.683+0000] {dag.py:3033} INFO - Sync 1 DAGs
[2023-12-19T03:29:15.700+0000] {logging_mixin.py:188} INFO - [2023-12-19T03:29:15.700+0000] {dag.py:3820} INFO - Setting next_dagrun for example_skip_dag to 2023-12-18T00:00:00+00:00, run_after=2023-12-19T00:00:00+00:00
[2023-12-19T03:29:15.710+0000] {processor.py:183} INFO - Processing /home/airflow/.local/lib/python3.8/site-packages/airflow/example_dags/example_skip_dag.py took 0.054 seconds
[2023-12-19T03:29:45.823+0000] {processor.py:161} INFO - Started process (PID=557) to work on /home/airflow/.local/lib/python3.8/site-packages/airflow/example_dags/example_skip_dag.py
[2023-12-19T03:29:45.825+0000] {processor.py:830} INFO - Processing file /home/airflow/.local/lib/python3.8/site-packages/airflow/example_dags/example_skip_dag.py for tasks to queue
[2023-12-19T03:29:45.826+0000] {logging_mixin.py:188} INFO - [2023-12-19T03:29:45.826+0000] {dagbag.py:538} INFO - Filling up the DagBag from /home/airflow/.local/lib/python3.8/site-packages/airflow/example_dags/example_skip_dag.py
[2023-12-19T03:29:45.831+0000] {processor.py:840} INFO - DAG(s) 'example_skip_dag' retrieved from /home/airflow/.local/lib/python3.8/site-packages/airflow/example_dags/example_skip_dag.py
[2023-12-19T03:29:45.847+0000] {logging_mixin.py:188} INFO - [2023-12-19T03:29:45.846+0000] {dag.py:3033} INFO - Sync 1 DAGs
[2023-12-19T03:29:45.858+0000] {logging_mixin.py:188} INFO - [2023-12-19T03:29:45.858+0000] {dag.py:3820} INFO - Setting next_dagrun for example_skip_dag to 2023-12-18T00:00:00+00:00, run_after=2023-12-19T00:00:00+00:00
[2023-12-19T03:29:45.867+0000] {processor.py:183} INFO - Processing /home/airflow/.local/lib/python3.8/site-packages/airflow/example_dags/example_skip_dag.py took 0.046 seconds
[2023-12-19T03:30:16.105+0000] {processor.py:161} INFO - Started process (PID=612) to work on /home/airflow/.local/lib/python3.8/site-packages/airflow/example_dags/example_skip_dag.py
[2023-12-19T03:30:16.106+0000] {processor.py:830} INFO - Processing file /home/airflow/.local/lib/python3.8/site-packages/airflow/example_dags/example_skip_dag.py for tasks to queue
[2023-12-19T03:30:16.108+0000] {logging_mixin.py:188} INFO - [2023-12-19T03:30:16.108+0000] {dagbag.py:538} INFO - Filling up the DagBag from /home/airflow/.local/lib/python3.8/site-packages/airflow/example_dags/example_skip_dag.py
[2023-12-19T03:30:16.113+0000] {processor.py:840} INFO - DAG(s) 'example_skip_dag' retrieved from /home/airflow/.local/lib/python3.8/site-packages/airflow/example_dags/example_skip_dag.py
[2023-12-19T03:30:16.128+0000] {logging_mixin.py:188} INFO - [2023-12-19T03:30:16.127+0000] {dag.py:3033} INFO - Sync 1 DAGs
[2023-12-19T03:30:16.139+0000] {logging_mixin.py:188} INFO - [2023-12-19T03:30:16.139+0000] {dag.py:3820} INFO - Setting next_dagrun for example_skip_dag to 2023-12-18T00:00:00+00:00, run_after=2023-12-19T00:00:00+00:00
[2023-12-19T03:30:16.148+0000] {processor.py:183} INFO - Processing /home/airflow/.local/lib/python3.8/site-packages/airflow/example_dags/example_skip_dag.py took 0.045 seconds
[2023-12-19T03:30:46.172+0000] {processor.py:161} INFO - Started process (PID=667) to work on /home/airflow/.local/lib/python3.8/site-packages/airflow/example_dags/example_skip_dag.py
[2023-12-19T03:30:46.173+0000] {processor.py:830} INFO - Processing file /home/airflow/.local/lib/python3.8/site-packages/airflow/example_dags/example_skip_dag.py for tasks to queue
[2023-12-19T03:30:46.175+0000] {logging_mixin.py:188} INFO - [2023-12-19T03:30:46.175+0000] {dagbag.py:538} INFO - Filling up the DagBag from /home/airflow/.local/lib/python3.8/site-packages/airflow/example_dags/example_skip_dag.py
[2023-12-19T03:30:46.180+0000] {processor.py:840} INFO - DAG(s) 'example_skip_dag' retrieved from /home/airflow/.local/lib/python3.8/site-packages/airflow/example_dags/example_skip_dag.py
[2023-12-19T03:30:46.195+0000] {logging_mixin.py:188} INFO - [2023-12-19T03:30:46.195+0000] {dag.py:3033} INFO - Sync 1 DAGs
[2023-12-19T03:30:46.207+0000] {logging_mixin.py:188} INFO - [2023-12-19T03:30:46.207+0000] {dag.py:3820} INFO - Setting next_dagrun for example_skip_dag to 2023-12-18T00:00:00+00:00, run_after=2023-12-19T00:00:00+00:00
[2023-12-19T03:30:46.215+0000] {processor.py:183} INFO - Processing /home/airflow/.local/lib/python3.8/site-packages/airflow/example_dags/example_skip_dag.py took 0.045 seconds
[2023-12-19T03:31:16.420+0000] {processor.py:161} INFO - Started process (PID=722) to work on /home/airflow/.local/lib/python3.8/site-packages/airflow/example_dags/example_skip_dag.py
[2023-12-19T03:31:16.421+0000] {processor.py:830} INFO - Processing file /home/airflow/.local/lib/python3.8/site-packages/airflow/example_dags/example_skip_dag.py for tasks to queue
[2023-12-19T03:31:16.423+0000] {logging_mixin.py:188} INFO - [2023-12-19T03:31:16.423+0000] {dagbag.py:538} INFO - Filling up the DagBag from /home/airflow/.local/lib/python3.8/site-packages/airflow/example_dags/example_skip_dag.py
[2023-12-19T03:31:16.428+0000] {processor.py:840} INFO - DAG(s) 'example_skip_dag' retrieved from /home/airflow/.local/lib/python3.8/site-packages/airflow/example_dags/example_skip_dag.py
[2023-12-19T03:31:16.443+0000] {logging_mixin.py:188} INFO - [2023-12-19T03:31:16.443+0000] {dag.py:3033} INFO - Sync 1 DAGs
[2023-12-19T03:31:16.455+0000] {logging_mixin.py:188} INFO - [2023-12-19T03:31:16.455+0000] {dag.py:3820} INFO - Setting next_dagrun for example_skip_dag to 2023-12-18T00:00:00+00:00, run_after=2023-12-19T00:00:00+00:00
[2023-12-19T03:31:16.464+0000] {processor.py:183} INFO - Processing /home/airflow/.local/lib/python3.8/site-packages/airflow/example_dags/example_skip_dag.py took 0.046 seconds
[2023-12-19T03:31:46.540+0000] {processor.py:161} INFO - Started process (PID=777) to work on /home/airflow/.local/lib/python3.8/site-packages/airflow/example_dags/example_skip_dag.py
[2023-12-19T03:31:46.541+0000] {processor.py:830} INFO - Processing file /home/airflow/.local/lib/python3.8/site-packages/airflow/example_dags/example_skip_dag.py for tasks to queue
[2023-12-19T03:31:46.543+0000] {logging_mixin.py:188} INFO - [2023-12-19T03:31:46.543+0000] {dagbag.py:538} INFO - Filling up the DagBag from /home/airflow/.local/lib/python3.8/site-packages/airflow/example_dags/example_skip_dag.py
[2023-12-19T03:31:46.548+0000] {processor.py:840} INFO - DAG(s) 'example_skip_dag' retrieved from /home/airflow/.local/lib/python3.8/site-packages/airflow/example_dags/example_skip_dag.py
[2023-12-19T03:31:46.563+0000] {logging_mixin.py:188} INFO - [2023-12-19T03:31:46.562+0000] {dag.py:3033} INFO - Sync 1 DAGs
[2023-12-19T03:31:46.575+0000] {logging_mixin.py:188} INFO - [2023-12-19T03:31:46.575+0000] {dag.py:3820} INFO - Setting next_dagrun for example_skip_dag to 2023-12-18T00:00:00+00:00, run_after=2023-12-19T00:00:00+00:00
[2023-12-19T03:31:46.583+0000] {processor.py:183} INFO - Processing /home/airflow/.local/lib/python3.8/site-packages/airflow/example_dags/example_skip_dag.py took 0.046 seconds
[2023-12-19T03:32:16.852+0000] {processor.py:161} INFO - Started process (PID=832) to work on /home/airflow/.local/lib/python3.8/site-packages/airflow/example_dags/example_skip_dag.py
[2023-12-19T03:32:16.853+0000] {processor.py:830} INFO - Processing file /home/airflow/.local/lib/python3.8/site-packages/airflow/example_dags/example_skip_dag.py for tasks to queue
[2023-12-19T03:32:16.854+0000] {logging_mixin.py:188} INFO - [2023-12-19T03:32:16.854+0000] {dagbag.py:538} INFO - Filling up the DagBag from /home/airflow/.local/lib/python3.8/site-packages/airflow/example_dags/example_skip_dag.py
[2023-12-19T03:32:16.859+0000] {processor.py:840} INFO - DAG(s) 'example_skip_dag' retrieved from /home/airflow/.local/lib/python3.8/site-packages/airflow/example_dags/example_skip_dag.py
[2023-12-19T03:32:16.874+0000] {logging_mixin.py:188} INFO - [2023-12-19T03:32:16.874+0000] {dag.py:3033} INFO - Sync 1 DAGs
[2023-12-19T03:32:16.886+0000] {logging_mixin.py:188} INFO - [2023-12-19T03:32:16.886+0000] {dag.py:3820} INFO - Setting next_dagrun for example_skip_dag to 2023-12-18T00:00:00+00:00, run_after=2023-12-19T00:00:00+00:00
[2023-12-19T03:32:16.895+0000] {processor.py:183} INFO - Processing /home/airflow/.local/lib/python3.8/site-packages/airflow/example_dags/example_skip_dag.py took 0.046 seconds
[2023-12-19T03:32:47.194+0000] {processor.py:161} INFO - Started process (PID=887) to work on /home/airflow/.local/lib/python3.8/site-packages/airflow/example_dags/example_skip_dag.py
[2023-12-19T03:32:47.195+0000] {processor.py:830} INFO - Processing file /home/airflow/.local/lib/python3.8/site-packages/airflow/example_dags/example_skip_dag.py for tasks to queue
[2023-12-19T03:32:47.197+0000] {logging_mixin.py:188} INFO - [2023-12-19T03:32:47.196+0000] {dagbag.py:538} INFO - Filling up the DagBag from /home/airflow/.local/lib/python3.8/site-packages/airflow/example_dags/example_skip_dag.py
[2023-12-19T03:32:47.202+0000] {processor.py:840} INFO - DAG(s) 'example_skip_dag' retrieved from /home/airflow/.local/lib/python3.8/site-packages/airflow/example_dags/example_skip_dag.py
[2023-12-19T03:32:47.218+0000] {logging_mixin.py:188} INFO - [2023-12-19T03:32:47.218+0000] {dag.py:3033} INFO - Sync 1 DAGs
[2023-12-19T03:32:47.231+0000] {logging_mixin.py:188} INFO - [2023-12-19T03:32:47.231+0000] {dag.py:3820} INFO - Setting next_dagrun for example_skip_dag to 2023-12-18T00:00:00+00:00, run_after=2023-12-19T00:00:00+00:00
[2023-12-19T03:32:47.239+0000] {processor.py:183} INFO - Processing /home/airflow/.local/lib/python3.8/site-packages/airflow/example_dags/example_skip_dag.py took 0.048 seconds
[2023-12-19T03:33:17.472+0000] {processor.py:161} INFO - Started process (PID=942) to work on /home/airflow/.local/lib/python3.8/site-packages/airflow/example_dags/example_skip_dag.py
[2023-12-19T03:33:17.473+0000] {processor.py:830} INFO - Processing file /home/airflow/.local/lib/python3.8/site-packages/airflow/example_dags/example_skip_dag.py for tasks to queue
[2023-12-19T03:33:17.474+0000] {logging_mixin.py:188} INFO - [2023-12-19T03:33:17.474+0000] {dagbag.py:538} INFO - Filling up the DagBag from /home/airflow/.local/lib/python3.8/site-packages/airflow/example_dags/example_skip_dag.py
[2023-12-19T03:33:17.479+0000] {processor.py:840} INFO - DAG(s) 'example_skip_dag' retrieved from /home/airflow/.local/lib/python3.8/site-packages/airflow/example_dags/example_skip_dag.py
[2023-12-19T03:33:17.495+0000] {logging_mixin.py:188} INFO - [2023-12-19T03:33:17.495+0000] {dag.py:3033} INFO - Sync 1 DAGs
[2023-12-19T03:33:17.507+0000] {logging_mixin.py:188} INFO - [2023-12-19T03:33:17.506+0000] {dag.py:3820} INFO - Setting next_dagrun for example_skip_dag to 2023-12-18T00:00:00+00:00, run_after=2023-12-19T00:00:00+00:00
[2023-12-19T03:33:17.516+0000] {processor.py:183} INFO - Processing /home/airflow/.local/lib/python3.8/site-packages/airflow/example_dags/example_skip_dag.py took 0.047 seconds
[2023-12-19T03:33:47.748+0000] {processor.py:161} INFO - Started process (PID=997) to work on /home/airflow/.local/lib/python3.8/site-packages/airflow/example_dags/example_skip_dag.py
[2023-12-19T03:33:47.749+0000] {processor.py:830} INFO - Processing file /home/airflow/.local/lib/python3.8/site-packages/airflow/example_dags/example_skip_dag.py for tasks to queue
[2023-12-19T03:33:47.751+0000] {logging_mixin.py:188} INFO - [2023-12-19T03:33:47.751+0000] {dagbag.py:538} INFO - Filling up the DagBag from /home/airflow/.local/lib/python3.8/site-packages/airflow/example_dags/example_skip_dag.py
[2023-12-19T03:33:47.755+0000] {processor.py:840} INFO - DAG(s) 'example_skip_dag' retrieved from /home/airflow/.local/lib/python3.8/site-packages/airflow/example_dags/example_skip_dag.py
[2023-12-19T03:33:47.770+0000] {logging_mixin.py:188} INFO - [2023-12-19T03:33:47.770+0000] {dag.py:3033} INFO - Sync 1 DAGs
[2023-12-19T03:33:47.781+0000] {logging_mixin.py:188} INFO - [2023-12-19T03:33:47.781+0000] {dag.py:3820} INFO - Setting next_dagrun for example_skip_dag to 2023-12-18T00:00:00+00:00, run_after=2023-12-19T00:00:00+00:00
[2023-12-19T03:33:47.789+0000] {processor.py:183} INFO - Processing /home/airflow/.local/lib/python3.8/site-packages/airflow/example_dags/example_skip_dag.py took 0.043 seconds
[2023-12-19T03:34:18.098+0000] {processor.py:161} INFO - Started process (PID=1052) to work on /home/airflow/.local/lib/python3.8/site-packages/airflow/example_dags/example_skip_dag.py
[2023-12-19T03:34:18.099+0000] {processor.py:830} INFO - Processing file /home/airflow/.local/lib/python3.8/site-packages/airflow/example_dags/example_skip_dag.py for tasks to queue
[2023-12-19T03:34:18.104+0000] {logging_mixin.py:188} INFO - [2023-12-19T03:34:18.104+0000] {dagbag.py:538} INFO - Filling up the DagBag from /home/airflow/.local/lib/python3.8/site-packages/airflow/example_dags/example_skip_dag.py
[2023-12-19T03:34:18.109+0000] {processor.py:840} INFO - DAG(s) 'example_skip_dag' retrieved from /home/airflow/.local/lib/python3.8/site-packages/airflow/example_dags/example_skip_dag.py
[2023-12-19T03:34:18.123+0000] {logging_mixin.py:188} INFO - [2023-12-19T03:34:18.123+0000] {dag.py:3033} INFO - Sync 1 DAGs
[2023-12-19T03:34:18.135+0000] {logging_mixin.py:188} INFO - [2023-12-19T03:34:18.135+0000] {dag.py:3820} INFO - Setting next_dagrun for example_skip_dag to 2023-12-18T00:00:00+00:00, run_after=2023-12-19T00:00:00+00:00
[2023-12-19T03:34:18.143+0000] {processor.py:183} INFO - Processing /home/airflow/.local/lib/python3.8/site-packages/airflow/example_dags/example_skip_dag.py took 0.048 seconds
[2023-12-19T03:34:48.462+0000] {processor.py:161} INFO - Started process (PID=1107) to work on /home/airflow/.local/lib/python3.8/site-packages/airflow/example_dags/example_skip_dag.py
[2023-12-19T03:34:48.463+0000] {processor.py:830} INFO - Processing file /home/airflow/.local/lib/python3.8/site-packages/airflow/example_dags/example_skip_dag.py for tasks to queue
[2023-12-19T03:34:48.465+0000] {logging_mixin.py:188} INFO - [2023-12-19T03:34:48.465+0000] {dagbag.py:538} INFO - Filling up the DagBag from /home/airflow/.local/lib/python3.8/site-packages/airflow/example_dags/example_skip_dag.py
[2023-12-19T03:34:48.470+0000] {processor.py:840} INFO - DAG(s) 'example_skip_dag' retrieved from /home/airflow/.local/lib/python3.8/site-packages/airflow/example_dags/example_skip_dag.py
[2023-12-19T03:34:48.485+0000] {logging_mixin.py:188} INFO - [2023-12-19T03:34:48.485+0000] {dag.py:3033} INFO - Sync 1 DAGs
[2023-12-19T03:34:48.497+0000] {logging_mixin.py:188} INFO - [2023-12-19T03:34:48.497+0000] {dag.py:3820} INFO - Setting next_dagrun for example_skip_dag to 2023-12-18T00:00:00+00:00, run_after=2023-12-19T00:00:00+00:00
[2023-12-19T03:34:48.506+0000] {processor.py:183} INFO - Processing /home/airflow/.local/lib/python3.8/site-packages/airflow/example_dags/example_skip_dag.py took 0.046 seconds
[2023-12-19T03:35:18.614+0000] {processor.py:161} INFO - Started process (PID=1162) to work on /home/airflow/.local/lib/python3.8/site-packages/airflow/example_dags/example_skip_dag.py
[2023-12-19T03:35:18.615+0000] {processor.py:830} INFO - Processing file /home/airflow/.local/lib/python3.8/site-packages/airflow/example_dags/example_skip_dag.py for tasks to queue
[2023-12-19T03:35:18.617+0000] {logging_mixin.py:188} INFO - [2023-12-19T03:35:18.617+0000] {dagbag.py:538} INFO - Filling up the DagBag from /home/airflow/.local/lib/python3.8/site-packages/airflow/example_dags/example_skip_dag.py
[2023-12-19T03:35:18.622+0000] {processor.py:840} INFO - DAG(s) 'example_skip_dag' retrieved from /home/airflow/.local/lib/python3.8/site-packages/airflow/example_dags/example_skip_dag.py
[2023-12-19T03:35:18.636+0000] {logging_mixin.py:188} INFO - [2023-12-19T03:35:18.636+0000] {dag.py:3033} INFO - Sync 1 DAGs
[2023-12-19T03:35:18.647+0000] {logging_mixin.py:188} INFO - [2023-12-19T03:35:18.647+0000] {dag.py:3820} INFO - Setting next_dagrun for example_skip_dag to 2023-12-18T00:00:00+00:00, run_after=2023-12-19T00:00:00+00:00
[2023-12-19T03:35:18.655+0000] {processor.py:183} INFO - Processing /home/airflow/.local/lib/python3.8/site-packages/airflow/example_dags/example_skip_dag.py took 0.044 seconds
[2023-12-19T03:35:48.924+0000] {processor.py:161} INFO - Started process (PID=1217) to work on /home/airflow/.local/lib/python3.8/site-packages/airflow/example_dags/example_skip_dag.py
[2023-12-19T03:35:48.926+0000] {processor.py:830} INFO - Processing file /home/airflow/.local/lib/python3.8/site-packages/airflow/example_dags/example_skip_dag.py for tasks to queue
[2023-12-19T03:35:48.927+0000] {logging_mixin.py:188} INFO - [2023-12-19T03:35:48.927+0000] {dagbag.py:538} INFO - Filling up the DagBag from /home/airflow/.local/lib/python3.8/site-packages/airflow/example_dags/example_skip_dag.py
[2023-12-19T03:35:48.932+0000] {processor.py:840} INFO - DAG(s) 'example_skip_dag' retrieved from /home/airflow/.local/lib/python3.8/site-packages/airflow/example_dags/example_skip_dag.py
[2023-12-19T03:35:48.947+0000] {logging_mixin.py:188} INFO - [2023-12-19T03:35:48.947+0000] {dag.py:3033} INFO - Sync 1 DAGs
[2023-12-19T03:35:48.959+0000] {logging_mixin.py:188} INFO - [2023-12-19T03:35:48.959+0000] {dag.py:3820} INFO - Setting next_dagrun for example_skip_dag to 2023-12-18T00:00:00+00:00, run_after=2023-12-19T00:00:00+00:00
[2023-12-19T03:35:48.968+0000] {processor.py:183} INFO - Processing /home/airflow/.local/lib/python3.8/site-packages/airflow/example_dags/example_skip_dag.py took 0.046 seconds
[2023-12-19T03:36:19.235+0000] {processor.py:161} INFO - Started process (PID=1272) to work on /home/airflow/.local/lib/python3.8/site-packages/airflow/example_dags/example_skip_dag.py
[2023-12-19T03:36:19.236+0000] {processor.py:830} INFO - Processing file /home/airflow/.local/lib/python3.8/site-packages/airflow/example_dags/example_skip_dag.py for tasks to queue
[2023-12-19T03:36:19.238+0000] {logging_mixin.py:188} INFO - [2023-12-19T03:36:19.238+0000] {dagbag.py:538} INFO - Filling up the DagBag from /home/airflow/.local/lib/python3.8/site-packages/airflow/example_dags/example_skip_dag.py
[2023-12-19T03:36:19.243+0000] {processor.py:840} INFO - DAG(s) 'example_skip_dag' retrieved from /home/airflow/.local/lib/python3.8/site-packages/airflow/example_dags/example_skip_dag.py
[2023-12-19T03:36:19.257+0000] {logging_mixin.py:188} INFO - [2023-12-19T03:36:19.257+0000] {dag.py:3033} INFO - Sync 1 DAGs
[2023-12-19T03:36:19.268+0000] {logging_mixin.py:188} INFO - [2023-12-19T03:36:19.268+0000] {dag.py:3820} INFO - Setting next_dagrun for example_skip_dag to 2023-12-18T00:00:00+00:00, run_after=2023-12-19T00:00:00+00:00
[2023-12-19T03:36:19.276+0000] {processor.py:183} INFO - Processing /home/airflow/.local/lib/python3.8/site-packages/airflow/example_dags/example_skip_dag.py took 0.044 seconds
[2023-12-19T03:36:49.779+0000] {processor.py:161} INFO - Started process (PID=1327) to work on /home/airflow/.local/lib/python3.8/site-packages/airflow/example_dags/example_skip_dag.py
[2023-12-19T03:36:49.780+0000] {processor.py:830} INFO - Processing file /home/airflow/.local/lib/python3.8/site-packages/airflow/example_dags/example_skip_dag.py for tasks to queue
[2023-12-19T03:36:49.782+0000] {logging_mixin.py:188} INFO - [2023-12-19T03:36:49.782+0000] {dagbag.py:538} INFO - Filling up the DagBag from /home/airflow/.local/lib/python3.8/site-packages/airflow/example_dags/example_skip_dag.py
[2023-12-19T03:36:49.786+0000] {processor.py:840} INFO - DAG(s) 'example_skip_dag' retrieved from /home/airflow/.local/lib/python3.8/site-packages/airflow/example_dags/example_skip_dag.py
[2023-12-19T03:36:49.801+0000] {logging_mixin.py:188} INFO - [2023-12-19T03:36:49.801+0000] {dag.py:3033} INFO - Sync 1 DAGs
[2023-12-19T03:36:49.813+0000] {logging_mixin.py:188} INFO - [2023-12-19T03:36:49.813+0000] {dag.py:3820} INFO - Setting next_dagrun for example_skip_dag to 2023-12-18T00:00:00+00:00, run_after=2023-12-19T00:00:00+00:00
[2023-12-19T03:36:49.821+0000] {processor.py:183} INFO - Processing /home/airflow/.local/lib/python3.8/site-packages/airflow/example_dags/example_skip_dag.py took 0.044 seconds
[2023-12-19T03:37:20.107+0000] {processor.py:161} INFO - Started process (PID=1382) to work on /home/airflow/.local/lib/python3.8/site-packages/airflow/example_dags/example_skip_dag.py
[2023-12-19T03:37:20.108+0000] {processor.py:830} INFO - Processing file /home/airflow/.local/lib/python3.8/site-packages/airflow/example_dags/example_skip_dag.py for tasks to queue
[2023-12-19T03:37:20.110+0000] {logging_mixin.py:188} INFO - [2023-12-19T03:37:20.110+0000] {dagbag.py:538} INFO - Filling up the DagBag from /home/airflow/.local/lib/python3.8/site-packages/airflow/example_dags/example_skip_dag.py
[2023-12-19T03:37:20.115+0000] {processor.py:840} INFO - DAG(s) 'example_skip_dag' retrieved from /home/airflow/.local/lib/python3.8/site-packages/airflow/example_dags/example_skip_dag.py
[2023-12-19T03:37:20.130+0000] {logging_mixin.py:188} INFO - [2023-12-19T03:37:20.130+0000] {dag.py:3033} INFO - Sync 1 DAGs
[2023-12-19T03:37:20.143+0000] {logging_mixin.py:188} INFO - [2023-12-19T03:37:20.143+0000] {dag.py:3820} INFO - Setting next_dagrun for example_skip_dag to 2023-12-18T00:00:00+00:00, run_after=2023-12-19T00:00:00+00:00
[2023-12-19T03:37:20.152+0000] {processor.py:183} INFO - Processing /home/airflow/.local/lib/python3.8/site-packages/airflow/example_dags/example_skip_dag.py took 0.047 seconds
[2023-12-19T03:37:50.397+0000] {processor.py:161} INFO - Started process (PID=1437) to work on /home/airflow/.local/lib/python3.8/site-packages/airflow/example_dags/example_skip_dag.py
[2023-12-19T03:37:50.398+0000] {processor.py:830} INFO - Processing file /home/airflow/.local/lib/python3.8/site-packages/airflow/example_dags/example_skip_dag.py for tasks to queue
[2023-12-19T03:37:50.400+0000] {logging_mixin.py:188} INFO - [2023-12-19T03:37:50.399+0000] {dagbag.py:538} INFO - Filling up the DagBag from /home/airflow/.local/lib/python3.8/site-packages/airflow/example_dags/example_skip_dag.py
[2023-12-19T03:37:50.404+0000] {processor.py:840} INFO - DAG(s) 'example_skip_dag' retrieved from /home/airflow/.local/lib/python3.8/site-packages/airflow/example_dags/example_skip_dag.py
[2023-12-19T03:37:50.419+0000] {logging_mixin.py:188} INFO - [2023-12-19T03:37:50.419+0000] {dag.py:3033} INFO - Sync 1 DAGs
[2023-12-19T03:37:50.431+0000] {logging_mixin.py:188} INFO - [2023-12-19T03:37:50.431+0000] {dag.py:3820} INFO - Setting next_dagrun for example_skip_dag to 2023-12-18T00:00:00+00:00, run_after=2023-12-19T00:00:00+00:00
[2023-12-19T03:37:50.440+0000] {processor.py:183} INFO - Processing /home/airflow/.local/lib/python3.8/site-packages/airflow/example_dags/example_skip_dag.py took 0.046 seconds
