[2023-12-19T03:23:35.448+0000] {processor.py:161} INFO - Started process (PID=57) to work on /home/airflow/.local/lib/python3.8/site-packages/airflow/example_dags/example_latest_only_with_trigger.py
[2023-12-19T03:23:35.449+0000] {processor.py:830} INFO - Processing file /home/airflow/.local/lib/python3.8/site-packages/airflow/example_dags/example_latest_only_with_trigger.py for tasks to queue
[2023-12-19T03:23:35.452+0000] {logging_mixin.py:188} INFO - [2023-12-19T03:23:35.452+0000] {dagbag.py:538} INFO - Filling up the DagBag from /home/airflow/.local/lib/python3.8/site-packages/airflow/example_dags/example_latest_only_with_trigger.py
[2023-12-19T03:23:35.458+0000] {processor.py:840} INFO - DAG(s) 'latest_only_with_trigger' retrieved from /home/airflow/.local/lib/python3.8/site-packages/airflow/example_dags/example_latest_only_with_trigger.py
[2023-12-19T03:23:35.470+0000] {logging_mixin.py:188} INFO - [2023-12-19T03:23:35.470+0000] {dag.py:3033} INFO - Sync 1 DAGs
[2023-12-19T03:23:35.485+0000] {logging_mixin.py:188} INFO - [2023-12-19T03:23:35.485+0000] {dag.py:3820} INFO - Setting next_dagrun for latest_only_with_trigger to 2023-12-18T20:00:00+00:00, run_after=2023-12-19T00:00:00+00:00
[2023-12-19T03:23:35.496+0000] {processor.py:183} INFO - Processing /home/airflow/.local/lib/python3.8/site-packages/airflow/example_dags/example_latest_only_with_trigger.py took 0.051 seconds
[2023-12-19T03:24:05.965+0000] {processor.py:161} INFO - Started process (PID=112) to work on /home/airflow/.local/lib/python3.8/site-packages/airflow/example_dags/example_latest_only_with_trigger.py
[2023-12-19T03:24:05.966+0000] {processor.py:830} INFO - Processing file /home/airflow/.local/lib/python3.8/site-packages/airflow/example_dags/example_latest_only_with_trigger.py for tasks to queue
[2023-12-19T03:24:05.968+0000] {logging_mixin.py:188} INFO - [2023-12-19T03:24:05.968+0000] {dagbag.py:538} INFO - Filling up the DagBag from /home/airflow/.local/lib/python3.8/site-packages/airflow/example_dags/example_latest_only_with_trigger.py
[2023-12-19T03:24:05.973+0000] {processor.py:840} INFO - DAG(s) 'latest_only_with_trigger' retrieved from /home/airflow/.local/lib/python3.8/site-packages/airflow/example_dags/example_latest_only_with_trigger.py
[2023-12-19T03:24:06.027+0000] {logging_mixin.py:188} INFO - [2023-12-19T03:24:06.027+0000] {dag.py:3033} INFO - Sync 1 DAGs
[2023-12-19T03:24:06.038+0000] {logging_mixin.py:188} INFO - [2023-12-19T03:24:06.037+0000] {dag.py:3820} INFO - Setting next_dagrun for latest_only_with_trigger to 2023-12-18T20:00:00+00:00, run_after=2023-12-19T00:00:00+00:00
[2023-12-19T03:24:06.047+0000] {processor.py:183} INFO - Processing /home/airflow/.local/lib/python3.8/site-packages/airflow/example_dags/example_latest_only_with_trigger.py took 0.084 seconds
[2023-12-19T03:24:39.366+0000] {processor.py:161} INFO - Started process (PID=56) to work on /home/airflow/.local/lib/python3.8/site-packages/airflow/example_dags/example_latest_only_with_trigger.py
[2023-12-19T03:24:39.367+0000] {processor.py:830} INFO - Processing file /home/airflow/.local/lib/python3.8/site-packages/airflow/example_dags/example_latest_only_with_trigger.py for tasks to queue
[2023-12-19T03:24:39.369+0000] {logging_mixin.py:188} INFO - [2023-12-19T03:24:39.369+0000] {dagbag.py:538} INFO - Filling up the DagBag from /home/airflow/.local/lib/python3.8/site-packages/airflow/example_dags/example_latest_only_with_trigger.py
[2023-12-19T03:24:39.373+0000] {processor.py:840} INFO - DAG(s) 'latest_only_with_trigger' retrieved from /home/airflow/.local/lib/python3.8/site-packages/airflow/example_dags/example_latest_only_with_trigger.py
[2023-12-19T03:24:39.392+0000] {logging_mixin.py:188} INFO - [2023-12-19T03:24:39.392+0000] {dag.py:3033} INFO - Sync 1 DAGs
[2023-12-19T03:24:39.405+0000] {logging_mixin.py:188} INFO - [2023-12-19T03:24:39.404+0000] {dag.py:3820} INFO - Setting next_dagrun for latest_only_with_trigger to 2023-12-18T20:00:00+00:00, run_after=2023-12-19T00:00:00+00:00
[2023-12-19T03:24:39.413+0000] {processor.py:183} INFO - Processing /home/airflow/.local/lib/python3.8/site-packages/airflow/example_dags/example_latest_only_with_trigger.py took 0.050 seconds
[2023-12-19T03:25:11.756+0000] {processor.py:161} INFO - Started process (PID=56) to work on /home/airflow/.local/lib/python3.8/site-packages/airflow/example_dags/example_latest_only_with_trigger.py
[2023-12-19T03:25:11.757+0000] {processor.py:830} INFO - Processing file /home/airflow/.local/lib/python3.8/site-packages/airflow/example_dags/example_latest_only_with_trigger.py for tasks to queue
[2023-12-19T03:25:11.759+0000] {logging_mixin.py:188} INFO - [2023-12-19T03:25:11.759+0000] {dagbag.py:538} INFO - Filling up the DagBag from /home/airflow/.local/lib/python3.8/site-packages/airflow/example_dags/example_latest_only_with_trigger.py
[2023-12-19T03:25:11.767+0000] {processor.py:840} INFO - DAG(s) 'latest_only_with_trigger' retrieved from /home/airflow/.local/lib/python3.8/site-packages/airflow/example_dags/example_latest_only_with_trigger.py
[2023-12-19T03:25:11.779+0000] {logging_mixin.py:188} INFO - [2023-12-19T03:25:11.779+0000] {dag.py:3033} INFO - Sync 1 DAGs
[2023-12-19T03:25:11.799+0000] {logging_mixin.py:188} INFO - [2023-12-19T03:25:11.799+0000] {dag.py:3820} INFO - Setting next_dagrun for latest_only_with_trigger to 2023-12-18T20:00:00+00:00, run_after=2023-12-19T00:00:00+00:00
[2023-12-19T03:25:11.825+0000] {processor.py:183} INFO - Processing /home/airflow/.local/lib/python3.8/site-packages/airflow/example_dags/example_latest_only_with_trigger.py took 0.072 seconds
[2023-12-19T03:25:42.626+0000] {processor.py:161} INFO - Started process (PID=110) to work on /home/airflow/.local/lib/python3.8/site-packages/airflow/example_dags/example_latest_only_with_trigger.py
[2023-12-19T03:25:42.627+0000] {processor.py:830} INFO - Processing file /home/airflow/.local/lib/python3.8/site-packages/airflow/example_dags/example_latest_only_with_trigger.py for tasks to queue
[2023-12-19T03:25:42.629+0000] {logging_mixin.py:188} INFO - [2023-12-19T03:25:42.629+0000] {dagbag.py:538} INFO - Filling up the DagBag from /home/airflow/.local/lib/python3.8/site-packages/airflow/example_dags/example_latest_only_with_trigger.py
[2023-12-19T03:25:42.632+0000] {processor.py:840} INFO - DAG(s) 'latest_only_with_trigger' retrieved from /home/airflow/.local/lib/python3.8/site-packages/airflow/example_dags/example_latest_only_with_trigger.py
[2023-12-19T03:25:42.684+0000] {logging_mixin.py:188} INFO - [2023-12-19T03:25:42.684+0000] {dag.py:3033} INFO - Sync 1 DAGs
[2023-12-19T03:25:42.693+0000] {logging_mixin.py:188} INFO - [2023-12-19T03:25:42.693+0000] {dag.py:3820} INFO - Setting next_dagrun for latest_only_with_trigger to 2023-12-18T20:00:00+00:00, run_after=2023-12-19T00:00:00+00:00
[2023-12-19T03:25:42.703+0000] {processor.py:183} INFO - Processing /home/airflow/.local/lib/python3.8/site-packages/airflow/example_dags/example_latest_only_with_trigger.py took 0.080 seconds
[2023-12-19T03:26:13.511+0000] {processor.py:161} INFO - Started process (PID=173) to work on /home/airflow/.local/lib/python3.8/site-packages/airflow/example_dags/example_latest_only_with_trigger.py
[2023-12-19T03:26:13.512+0000] {processor.py:830} INFO - Processing file /home/airflow/.local/lib/python3.8/site-packages/airflow/example_dags/example_latest_only_with_trigger.py for tasks to queue
[2023-12-19T03:26:13.514+0000] {logging_mixin.py:188} INFO - [2023-12-19T03:26:13.513+0000] {dagbag.py:538} INFO - Filling up the DagBag from /home/airflow/.local/lib/python3.8/site-packages/airflow/example_dags/example_latest_only_with_trigger.py
[2023-12-19T03:26:13.518+0000] {processor.py:840} INFO - DAG(s) 'latest_only_with_trigger' retrieved from /home/airflow/.local/lib/python3.8/site-packages/airflow/example_dags/example_latest_only_with_trigger.py
[2023-12-19T03:26:13.533+0000] {logging_mixin.py:188} INFO - [2023-12-19T03:26:13.532+0000] {dag.py:3033} INFO - Sync 1 DAGs
[2023-12-19T03:26:13.544+0000] {logging_mixin.py:188} INFO - [2023-12-19T03:26:13.544+0000] {dag.py:3820} INFO - Setting next_dagrun for latest_only_with_trigger to 2023-12-18T20:00:00+00:00, run_after=2023-12-19T00:00:00+00:00
[2023-12-19T03:26:13.553+0000] {processor.py:183} INFO - Processing /home/airflow/.local/lib/python3.8/site-packages/airflow/example_dags/example_latest_only_with_trigger.py took 0.044 seconds
[2023-12-19T03:26:43.716+0000] {processor.py:161} INFO - Started process (PID=228) to work on /home/airflow/.local/lib/python3.8/site-packages/airflow/example_dags/example_latest_only_with_trigger.py
[2023-12-19T03:26:43.717+0000] {processor.py:830} INFO - Processing file /home/airflow/.local/lib/python3.8/site-packages/airflow/example_dags/example_latest_only_with_trigger.py for tasks to queue
[2023-12-19T03:26:43.719+0000] {logging_mixin.py:188} INFO - [2023-12-19T03:26:43.719+0000] {dagbag.py:538} INFO - Filling up the DagBag from /home/airflow/.local/lib/python3.8/site-packages/airflow/example_dags/example_latest_only_with_trigger.py
[2023-12-19T03:26:43.723+0000] {processor.py:840} INFO - DAG(s) 'latest_only_with_trigger' retrieved from /home/airflow/.local/lib/python3.8/site-packages/airflow/example_dags/example_latest_only_with_trigger.py
[2023-12-19T03:26:43.740+0000] {logging_mixin.py:188} INFO - [2023-12-19T03:26:43.740+0000] {dag.py:3033} INFO - Sync 1 DAGs
[2023-12-19T03:26:43.753+0000] {logging_mixin.py:188} INFO - [2023-12-19T03:26:43.753+0000] {dag.py:3820} INFO - Setting next_dagrun for latest_only_with_trigger to 2023-12-18T20:00:00+00:00, run_after=2023-12-19T00:00:00+00:00
[2023-12-19T03:26:43.764+0000] {processor.py:183} INFO - Processing /home/airflow/.local/lib/python3.8/site-packages/airflow/example_dags/example_latest_only_with_trigger.py took 0.051 seconds
[2023-12-19T03:27:14.401+0000] {processor.py:161} INFO - Started process (PID=283) to work on /home/airflow/.local/lib/python3.8/site-packages/airflow/example_dags/example_latest_only_with_trigger.py
[2023-12-19T03:27:14.402+0000] {processor.py:830} INFO - Processing file /home/airflow/.local/lib/python3.8/site-packages/airflow/example_dags/example_latest_only_with_trigger.py for tasks to queue
[2023-12-19T03:27:14.405+0000] {logging_mixin.py:188} INFO - [2023-12-19T03:27:14.404+0000] {dagbag.py:538} INFO - Filling up the DagBag from /home/airflow/.local/lib/python3.8/site-packages/airflow/example_dags/example_latest_only_with_trigger.py
[2023-12-19T03:27:14.412+0000] {processor.py:840} INFO - DAG(s) 'latest_only_with_trigger' retrieved from /home/airflow/.local/lib/python3.8/site-packages/airflow/example_dags/example_latest_only_with_trigger.py
[2023-12-19T03:27:14.435+0000] {logging_mixin.py:188} INFO - [2023-12-19T03:27:14.435+0000] {dag.py:3033} INFO - Sync 1 DAGs
[2023-12-19T03:27:14.455+0000] {logging_mixin.py:188} INFO - [2023-12-19T03:27:14.455+0000] {dag.py:3820} INFO - Setting next_dagrun for latest_only_with_trigger to 2023-12-18T20:00:00+00:00, run_after=2023-12-19T00:00:00+00:00
[2023-12-19T03:27:14.468+0000] {processor.py:183} INFO - Processing /home/airflow/.local/lib/python3.8/site-packages/airflow/example_dags/example_latest_only_with_trigger.py took 0.072 seconds
[2023-12-19T03:27:44.827+0000] {processor.py:161} INFO - Started process (PID=338) to work on /home/airflow/.local/lib/python3.8/site-packages/airflow/example_dags/example_latest_only_with_trigger.py
[2023-12-19T03:27:44.828+0000] {processor.py:830} INFO - Processing file /home/airflow/.local/lib/python3.8/site-packages/airflow/example_dags/example_latest_only_with_trigger.py for tasks to queue
[2023-12-19T03:27:44.831+0000] {logging_mixin.py:188} INFO - [2023-12-19T03:27:44.831+0000] {dagbag.py:538} INFO - Filling up the DagBag from /home/airflow/.local/lib/python3.8/site-packages/airflow/example_dags/example_latest_only_with_trigger.py
[2023-12-19T03:27:44.838+0000] {processor.py:840} INFO - DAG(s) 'latest_only_with_trigger' retrieved from /home/airflow/.local/lib/python3.8/site-packages/airflow/example_dags/example_latest_only_with_trigger.py
[2023-12-19T03:27:44.854+0000] {logging_mixin.py:188} INFO - [2023-12-19T03:27:44.854+0000] {dag.py:3033} INFO - Sync 1 DAGs
[2023-12-19T03:27:44.867+0000] {logging_mixin.py:188} INFO - [2023-12-19T03:27:44.867+0000] {dag.py:3820} INFO - Setting next_dagrun for latest_only_with_trigger to 2023-12-18T20:00:00+00:00, run_after=2023-12-19T00:00:00+00:00
[2023-12-19T03:27:44.877+0000] {processor.py:183} INFO - Processing /home/airflow/.local/lib/python3.8/site-packages/airflow/example_dags/example_latest_only_with_trigger.py took 0.053 seconds
[2023-12-19T03:28:15.019+0000] {processor.py:161} INFO - Started process (PID=393) to work on /home/airflow/.local/lib/python3.8/site-packages/airflow/example_dags/example_latest_only_with_trigger.py
[2023-12-19T03:28:15.020+0000] {processor.py:830} INFO - Processing file /home/airflow/.local/lib/python3.8/site-packages/airflow/example_dags/example_latest_only_with_trigger.py for tasks to queue
[2023-12-19T03:28:15.022+0000] {logging_mixin.py:188} INFO - [2023-12-19T03:28:15.022+0000] {dagbag.py:538} INFO - Filling up the DagBag from /home/airflow/.local/lib/python3.8/site-packages/airflow/example_dags/example_latest_only_with_trigger.py
[2023-12-19T03:28:15.026+0000] {processor.py:840} INFO - DAG(s) 'latest_only_with_trigger' retrieved from /home/airflow/.local/lib/python3.8/site-packages/airflow/example_dags/example_latest_only_with_trigger.py
[2023-12-19T03:28:15.041+0000] {logging_mixin.py:188} INFO - [2023-12-19T03:28:15.041+0000] {dag.py:3033} INFO - Sync 1 DAGs
[2023-12-19T03:28:15.052+0000] {logging_mixin.py:188} INFO - [2023-12-19T03:28:15.052+0000] {dag.py:3820} INFO - Setting next_dagrun for latest_only_with_trigger to 2023-12-18T20:00:00+00:00, run_after=2023-12-19T00:00:00+00:00
[2023-12-19T03:28:15.061+0000] {processor.py:183} INFO - Processing /home/airflow/.local/lib/python3.8/site-packages/airflow/example_dags/example_latest_only_with_trigger.py took 0.045 seconds
[2023-12-19T03:28:45.266+0000] {processor.py:161} INFO - Started process (PID=448) to work on /home/airflow/.local/lib/python3.8/site-packages/airflow/example_dags/example_latest_only_with_trigger.py
[2023-12-19T03:28:45.267+0000] {processor.py:830} INFO - Processing file /home/airflow/.local/lib/python3.8/site-packages/airflow/example_dags/example_latest_only_with_trigger.py for tasks to queue
[2023-12-19T03:28:45.269+0000] {logging_mixin.py:188} INFO - [2023-12-19T03:28:45.268+0000] {dagbag.py:538} INFO - Filling up the DagBag from /home/airflow/.local/lib/python3.8/site-packages/airflow/example_dags/example_latest_only_with_trigger.py
[2023-12-19T03:28:45.273+0000] {processor.py:840} INFO - DAG(s) 'latest_only_with_trigger' retrieved from /home/airflow/.local/lib/python3.8/site-packages/airflow/example_dags/example_latest_only_with_trigger.py
[2023-12-19T03:28:45.288+0000] {logging_mixin.py:188} INFO - [2023-12-19T03:28:45.288+0000] {dag.py:3033} INFO - Sync 1 DAGs
[2023-12-19T03:28:45.299+0000] {logging_mixin.py:188} INFO - [2023-12-19T03:28:45.299+0000] {dag.py:3820} INFO - Setting next_dagrun for latest_only_with_trigger to 2023-12-18T20:00:00+00:00, run_after=2023-12-19T00:00:00+00:00
[2023-12-19T03:28:45.308+0000] {processor.py:183} INFO - Processing /home/airflow/.local/lib/python3.8/site-packages/airflow/example_dags/example_latest_only_with_trigger.py took 0.045 seconds
[2023-12-19T03:29:15.692+0000] {processor.py:161} INFO - Started process (PID=503) to work on /home/airflow/.local/lib/python3.8/site-packages/airflow/example_dags/example_latest_only_with_trigger.py
[2023-12-19T03:29:15.693+0000] {processor.py:830} INFO - Processing file /home/airflow/.local/lib/python3.8/site-packages/airflow/example_dags/example_latest_only_with_trigger.py for tasks to queue
[2023-12-19T03:29:15.696+0000] {logging_mixin.py:188} INFO - [2023-12-19T03:29:15.696+0000] {dagbag.py:538} INFO - Filling up the DagBag from /home/airflow/.local/lib/python3.8/site-packages/airflow/example_dags/example_latest_only_with_trigger.py
[2023-12-19T03:29:15.701+0000] {processor.py:840} INFO - DAG(s) 'latest_only_with_trigger' retrieved from /home/airflow/.local/lib/python3.8/site-packages/airflow/example_dags/example_latest_only_with_trigger.py
[2023-12-19T03:29:15.719+0000] {logging_mixin.py:188} INFO - [2023-12-19T03:29:15.719+0000] {dag.py:3033} INFO - Sync 1 DAGs
[2023-12-19T03:29:15.732+0000] {logging_mixin.py:188} INFO - [2023-12-19T03:29:15.732+0000] {dag.py:3820} INFO - Setting next_dagrun for latest_only_with_trigger to 2023-12-18T20:00:00+00:00, run_after=2023-12-19T00:00:00+00:00
[2023-12-19T03:29:15.741+0000] {processor.py:183} INFO - Processing /home/airflow/.local/lib/python3.8/site-packages/airflow/example_dags/example_latest_only_with_trigger.py took 0.054 seconds
[2023-12-19T03:29:45.851+0000] {processor.py:161} INFO - Started process (PID=558) to work on /home/airflow/.local/lib/python3.8/site-packages/airflow/example_dags/example_latest_only_with_trigger.py
[2023-12-19T03:29:45.852+0000] {processor.py:830} INFO - Processing file /home/airflow/.local/lib/python3.8/site-packages/airflow/example_dags/example_latest_only_with_trigger.py for tasks to queue
[2023-12-19T03:29:45.854+0000] {logging_mixin.py:188} INFO - [2023-12-19T03:29:45.854+0000] {dagbag.py:538} INFO - Filling up the DagBag from /home/airflow/.local/lib/python3.8/site-packages/airflow/example_dags/example_latest_only_with_trigger.py
[2023-12-19T03:29:45.858+0000] {processor.py:840} INFO - DAG(s) 'latest_only_with_trigger' retrieved from /home/airflow/.local/lib/python3.8/site-packages/airflow/example_dags/example_latest_only_with_trigger.py
[2023-12-19T03:29:45.873+0000] {logging_mixin.py:188} INFO - [2023-12-19T03:29:45.873+0000] {dag.py:3033} INFO - Sync 1 DAGs
[2023-12-19T03:29:45.885+0000] {logging_mixin.py:188} INFO - [2023-12-19T03:29:45.885+0000] {dag.py:3820} INFO - Setting next_dagrun for latest_only_with_trigger to 2023-12-18T20:00:00+00:00, run_after=2023-12-19T00:00:00+00:00
[2023-12-19T03:29:45.894+0000] {processor.py:183} INFO - Processing /home/airflow/.local/lib/python3.8/site-packages/airflow/example_dags/example_latest_only_with_trigger.py took 0.045 seconds
[2023-12-19T03:30:16.118+0000] {processor.py:161} INFO - Started process (PID=613) to work on /home/airflow/.local/lib/python3.8/site-packages/airflow/example_dags/example_latest_only_with_trigger.py
[2023-12-19T03:30:16.119+0000] {processor.py:830} INFO - Processing file /home/airflow/.local/lib/python3.8/site-packages/airflow/example_dags/example_latest_only_with_trigger.py for tasks to queue
[2023-12-19T03:30:16.121+0000] {logging_mixin.py:188} INFO - [2023-12-19T03:30:16.121+0000] {dagbag.py:538} INFO - Filling up the DagBag from /home/airflow/.local/lib/python3.8/site-packages/airflow/example_dags/example_latest_only_with_trigger.py
[2023-12-19T03:30:16.125+0000] {processor.py:840} INFO - DAG(s) 'latest_only_with_trigger' retrieved from /home/airflow/.local/lib/python3.8/site-packages/airflow/example_dags/example_latest_only_with_trigger.py
[2023-12-19T03:30:16.139+0000] {logging_mixin.py:188} INFO - [2023-12-19T03:30:16.139+0000] {dag.py:3033} INFO - Sync 1 DAGs
[2023-12-19T03:30:16.151+0000] {logging_mixin.py:188} INFO - [2023-12-19T03:30:16.150+0000] {dag.py:3820} INFO - Setting next_dagrun for latest_only_with_trigger to 2023-12-18T20:00:00+00:00, run_after=2023-12-19T00:00:00+00:00
[2023-12-19T03:30:16.160+0000] {processor.py:183} INFO - Processing /home/airflow/.local/lib/python3.8/site-packages/airflow/example_dags/example_latest_only_with_trigger.py took 0.044 seconds
[2023-12-19T03:30:46.213+0000] {processor.py:161} INFO - Started process (PID=668) to work on /home/airflow/.local/lib/python3.8/site-packages/airflow/example_dags/example_latest_only_with_trigger.py
[2023-12-19T03:30:46.214+0000] {processor.py:830} INFO - Processing file /home/airflow/.local/lib/python3.8/site-packages/airflow/example_dags/example_latest_only_with_trigger.py for tasks to queue
[2023-12-19T03:30:46.216+0000] {logging_mixin.py:188} INFO - [2023-12-19T03:30:46.216+0000] {dagbag.py:538} INFO - Filling up the DagBag from /home/airflow/.local/lib/python3.8/site-packages/airflow/example_dags/example_latest_only_with_trigger.py
[2023-12-19T03:30:46.220+0000] {processor.py:840} INFO - DAG(s) 'latest_only_with_trigger' retrieved from /home/airflow/.local/lib/python3.8/site-packages/airflow/example_dags/example_latest_only_with_trigger.py
[2023-12-19T03:30:46.235+0000] {logging_mixin.py:188} INFO - [2023-12-19T03:30:46.235+0000] {dag.py:3033} INFO - Sync 1 DAGs
[2023-12-19T03:30:46.246+0000] {logging_mixin.py:188} INFO - [2023-12-19T03:30:46.246+0000] {dag.py:3820} INFO - Setting next_dagrun for latest_only_with_trigger to 2023-12-18T20:00:00+00:00, run_after=2023-12-19T00:00:00+00:00
[2023-12-19T03:30:46.254+0000] {processor.py:183} INFO - Processing /home/airflow/.local/lib/python3.8/site-packages/airflow/example_dags/example_latest_only_with_trigger.py took 0.044 seconds
[2023-12-19T03:31:16.457+0000] {processor.py:161} INFO - Started process (PID=723) to work on /home/airflow/.local/lib/python3.8/site-packages/airflow/example_dags/example_latest_only_with_trigger.py
[2023-12-19T03:31:16.458+0000] {processor.py:830} INFO - Processing file /home/airflow/.local/lib/python3.8/site-packages/airflow/example_dags/example_latest_only_with_trigger.py for tasks to queue
[2023-12-19T03:31:16.460+0000] {logging_mixin.py:188} INFO - [2023-12-19T03:31:16.459+0000] {dagbag.py:538} INFO - Filling up the DagBag from /home/airflow/.local/lib/python3.8/site-packages/airflow/example_dags/example_latest_only_with_trigger.py
[2023-12-19T03:31:16.464+0000] {processor.py:840} INFO - DAG(s) 'latest_only_with_trigger' retrieved from /home/airflow/.local/lib/python3.8/site-packages/airflow/example_dags/example_latest_only_with_trigger.py
[2023-12-19T03:31:16.479+0000] {logging_mixin.py:188} INFO - [2023-12-19T03:31:16.479+0000] {dag.py:3033} INFO - Sync 1 DAGs
[2023-12-19T03:31:16.491+0000] {logging_mixin.py:188} INFO - [2023-12-19T03:31:16.491+0000] {dag.py:3820} INFO - Setting next_dagrun for latest_only_with_trigger to 2023-12-18T20:00:00+00:00, run_after=2023-12-19T00:00:00+00:00
[2023-12-19T03:31:16.500+0000] {processor.py:183} INFO - Processing /home/airflow/.local/lib/python3.8/site-packages/airflow/example_dags/example_latest_only_with_trigger.py took 0.046 seconds
[2023-12-19T03:31:46.579+0000] {processor.py:161} INFO - Started process (PID=778) to work on /home/airflow/.local/lib/python3.8/site-packages/airflow/example_dags/example_latest_only_with_trigger.py
[2023-12-19T03:31:46.580+0000] {processor.py:830} INFO - Processing file /home/airflow/.local/lib/python3.8/site-packages/airflow/example_dags/example_latest_only_with_trigger.py for tasks to queue
[2023-12-19T03:31:46.582+0000] {logging_mixin.py:188} INFO - [2023-12-19T03:31:46.581+0000] {dagbag.py:538} INFO - Filling up the DagBag from /home/airflow/.local/lib/python3.8/site-packages/airflow/example_dags/example_latest_only_with_trigger.py
[2023-12-19T03:31:46.586+0000] {processor.py:840} INFO - DAG(s) 'latest_only_with_trigger' retrieved from /home/airflow/.local/lib/python3.8/site-packages/airflow/example_dags/example_latest_only_with_trigger.py
[2023-12-19T03:31:46.601+0000] {logging_mixin.py:188} INFO - [2023-12-19T03:31:46.601+0000] {dag.py:3033} INFO - Sync 1 DAGs
[2023-12-19T03:31:46.612+0000] {logging_mixin.py:188} INFO - [2023-12-19T03:31:46.612+0000] {dag.py:3820} INFO - Setting next_dagrun for latest_only_with_trigger to 2023-12-18T20:00:00+00:00, run_after=2023-12-19T00:00:00+00:00
[2023-12-19T03:31:46.620+0000] {processor.py:183} INFO - Processing /home/airflow/.local/lib/python3.8/site-packages/airflow/example_dags/example_latest_only_with_trigger.py took 0.044 seconds
[2023-12-19T03:32:16.865+0000] {processor.py:161} INFO - Started process (PID=833) to work on /home/airflow/.local/lib/python3.8/site-packages/airflow/example_dags/example_latest_only_with_trigger.py
[2023-12-19T03:32:16.866+0000] {processor.py:830} INFO - Processing file /home/airflow/.local/lib/python3.8/site-packages/airflow/example_dags/example_latest_only_with_trigger.py for tasks to queue
[2023-12-19T03:32:16.868+0000] {logging_mixin.py:188} INFO - [2023-12-19T03:32:16.868+0000] {dagbag.py:538} INFO - Filling up the DagBag from /home/airflow/.local/lib/python3.8/site-packages/airflow/example_dags/example_latest_only_with_trigger.py
[2023-12-19T03:32:16.872+0000] {processor.py:840} INFO - DAG(s) 'latest_only_with_trigger' retrieved from /home/airflow/.local/lib/python3.8/site-packages/airflow/example_dags/example_latest_only_with_trigger.py
[2023-12-19T03:32:16.888+0000] {logging_mixin.py:188} INFO - [2023-12-19T03:32:16.888+0000] {dag.py:3033} INFO - Sync 1 DAGs
[2023-12-19T03:32:16.899+0000] {logging_mixin.py:188} INFO - [2023-12-19T03:32:16.899+0000] {dag.py:3820} INFO - Setting next_dagrun for latest_only_with_trigger to 2023-12-18T20:00:00+00:00, run_after=2023-12-19T00:00:00+00:00
[2023-12-19T03:32:16.909+0000] {processor.py:183} INFO - Processing /home/airflow/.local/lib/python3.8/site-packages/airflow/example_dags/example_latest_only_with_trigger.py took 0.046 seconds
[2023-12-19T03:32:47.231+0000] {processor.py:161} INFO - Started process (PID=888) to work on /home/airflow/.local/lib/python3.8/site-packages/airflow/example_dags/example_latest_only_with_trigger.py
[2023-12-19T03:32:47.232+0000] {processor.py:830} INFO - Processing file /home/airflow/.local/lib/python3.8/site-packages/airflow/example_dags/example_latest_only_with_trigger.py for tasks to queue
[2023-12-19T03:32:47.234+0000] {logging_mixin.py:188} INFO - [2023-12-19T03:32:47.234+0000] {dagbag.py:538} INFO - Filling up the DagBag from /home/airflow/.local/lib/python3.8/site-packages/airflow/example_dags/example_latest_only_with_trigger.py
[2023-12-19T03:32:47.237+0000] {processor.py:840} INFO - DAG(s) 'latest_only_with_trigger' retrieved from /home/airflow/.local/lib/python3.8/site-packages/airflow/example_dags/example_latest_only_with_trigger.py
[2023-12-19T03:32:47.252+0000] {logging_mixin.py:188} INFO - [2023-12-19T03:32:47.252+0000] {dag.py:3033} INFO - Sync 1 DAGs
[2023-12-19T03:32:47.265+0000] {logging_mixin.py:188} INFO - [2023-12-19T03:32:47.265+0000] {dag.py:3820} INFO - Setting next_dagrun for latest_only_with_trigger to 2023-12-18T20:00:00+00:00, run_after=2023-12-19T00:00:00+00:00
[2023-12-19T03:32:47.273+0000] {processor.py:183} INFO - Processing /home/airflow/.local/lib/python3.8/site-packages/airflow/example_dags/example_latest_only_with_trigger.py took 0.045 seconds
[2023-12-19T03:33:17.509+0000] {processor.py:161} INFO - Started process (PID=943) to work on /home/airflow/.local/lib/python3.8/site-packages/airflow/example_dags/example_latest_only_with_trigger.py
[2023-12-19T03:33:17.510+0000] {processor.py:830} INFO - Processing file /home/airflow/.local/lib/python3.8/site-packages/airflow/example_dags/example_latest_only_with_trigger.py for tasks to queue
[2023-12-19T03:33:17.512+0000] {logging_mixin.py:188} INFO - [2023-12-19T03:33:17.512+0000] {dagbag.py:538} INFO - Filling up the DagBag from /home/airflow/.local/lib/python3.8/site-packages/airflow/example_dags/example_latest_only_with_trigger.py
[2023-12-19T03:33:17.517+0000] {processor.py:840} INFO - DAG(s) 'latest_only_with_trigger' retrieved from /home/airflow/.local/lib/python3.8/site-packages/airflow/example_dags/example_latest_only_with_trigger.py
[2023-12-19T03:33:17.532+0000] {logging_mixin.py:188} INFO - [2023-12-19T03:33:17.532+0000] {dag.py:3033} INFO - Sync 1 DAGs
[2023-12-19T03:33:17.544+0000] {logging_mixin.py:188} INFO - [2023-12-19T03:33:17.544+0000] {dag.py:3820} INFO - Setting next_dagrun for latest_only_with_trigger to 2023-12-18T20:00:00+00:00, run_after=2023-12-19T00:00:00+00:00
[2023-12-19T03:33:17.552+0000] {processor.py:183} INFO - Processing /home/airflow/.local/lib/python3.8/site-packages/airflow/example_dags/example_latest_only_with_trigger.py took 0.046 seconds
[2023-12-19T03:33:47.781+0000] {processor.py:161} INFO - Started process (PID=998) to work on /home/airflow/.local/lib/python3.8/site-packages/airflow/example_dags/example_latest_only_with_trigger.py
[2023-12-19T03:33:47.782+0000] {processor.py:830} INFO - Processing file /home/airflow/.local/lib/python3.8/site-packages/airflow/example_dags/example_latest_only_with_trigger.py for tasks to queue
[2023-12-19T03:33:47.784+0000] {logging_mixin.py:188} INFO - [2023-12-19T03:33:47.784+0000] {dagbag.py:538} INFO - Filling up the DagBag from /home/airflow/.local/lib/python3.8/site-packages/airflow/example_dags/example_latest_only_with_trigger.py
[2023-12-19T03:33:47.788+0000] {processor.py:840} INFO - DAG(s) 'latest_only_with_trigger' retrieved from /home/airflow/.local/lib/python3.8/site-packages/airflow/example_dags/example_latest_only_with_trigger.py
[2023-12-19T03:33:47.803+0000] {logging_mixin.py:188} INFO - [2023-12-19T03:33:47.803+0000] {dag.py:3033} INFO - Sync 1 DAGs
[2023-12-19T03:33:47.813+0000] {logging_mixin.py:188} INFO - [2023-12-19T03:33:47.813+0000] {dag.py:3820} INFO - Setting next_dagrun for latest_only_with_trigger to 2023-12-18T20:00:00+00:00, run_after=2023-12-19T00:00:00+00:00
[2023-12-19T03:33:47.821+0000] {processor.py:183} INFO - Processing /home/airflow/.local/lib/python3.8/site-packages/airflow/example_dags/example_latest_only_with_trigger.py took 0.042 seconds
[2023-12-19T03:34:18.139+0000] {processor.py:161} INFO - Started process (PID=1053) to work on /home/airflow/.local/lib/python3.8/site-packages/airflow/example_dags/example_latest_only_with_trigger.py
[2023-12-19T03:34:18.140+0000] {processor.py:830} INFO - Processing file /home/airflow/.local/lib/python3.8/site-packages/airflow/example_dags/example_latest_only_with_trigger.py for tasks to queue
[2023-12-19T03:34:18.142+0000] {logging_mixin.py:188} INFO - [2023-12-19T03:34:18.142+0000] {dagbag.py:538} INFO - Filling up the DagBag from /home/airflow/.local/lib/python3.8/site-packages/airflow/example_dags/example_latest_only_with_trigger.py
[2023-12-19T03:34:18.146+0000] {processor.py:840} INFO - DAG(s) 'latest_only_with_trigger' retrieved from /home/airflow/.local/lib/python3.8/site-packages/airflow/example_dags/example_latest_only_with_trigger.py
[2023-12-19T03:34:18.161+0000] {logging_mixin.py:188} INFO - [2023-12-19T03:34:18.160+0000] {dag.py:3033} INFO - Sync 1 DAGs
[2023-12-19T03:34:18.172+0000] {logging_mixin.py:188} INFO - [2023-12-19T03:34:18.172+0000] {dag.py:3820} INFO - Setting next_dagrun for latest_only_with_trigger to 2023-12-18T20:00:00+00:00, run_after=2023-12-19T00:00:00+00:00
[2023-12-19T03:34:18.180+0000] {processor.py:183} INFO - Processing /home/airflow/.local/lib/python3.8/site-packages/airflow/example_dags/example_latest_only_with_trigger.py took 0.044 seconds
[2023-12-19T03:34:48.501+0000] {processor.py:161} INFO - Started process (PID=1108) to work on /home/airflow/.local/lib/python3.8/site-packages/airflow/example_dags/example_latest_only_with_trigger.py
[2023-12-19T03:34:48.503+0000] {processor.py:830} INFO - Processing file /home/airflow/.local/lib/python3.8/site-packages/airflow/example_dags/example_latest_only_with_trigger.py for tasks to queue
[2023-12-19T03:34:48.505+0000] {logging_mixin.py:188} INFO - [2023-12-19T03:34:48.505+0000] {dagbag.py:538} INFO - Filling up the DagBag from /home/airflow/.local/lib/python3.8/site-packages/airflow/example_dags/example_latest_only_with_trigger.py
[2023-12-19T03:34:48.509+0000] {processor.py:840} INFO - DAG(s) 'latest_only_with_trigger' retrieved from /home/airflow/.local/lib/python3.8/site-packages/airflow/example_dags/example_latest_only_with_trigger.py
[2023-12-19T03:34:48.524+0000] {logging_mixin.py:188} INFO - [2023-12-19T03:34:48.524+0000] {dag.py:3033} INFO - Sync 1 DAGs
[2023-12-19T03:34:48.535+0000] {logging_mixin.py:188} INFO - [2023-12-19T03:34:48.535+0000] {dag.py:3820} INFO - Setting next_dagrun for latest_only_with_trigger to 2023-12-18T20:00:00+00:00, run_after=2023-12-19T00:00:00+00:00
[2023-12-19T03:34:48.544+0000] {processor.py:183} INFO - Processing /home/airflow/.local/lib/python3.8/site-packages/airflow/example_dags/example_latest_only_with_trigger.py took 0.045 seconds
[2023-12-19T03:35:18.646+0000] {processor.py:161} INFO - Started process (PID=1163) to work on /home/airflow/.local/lib/python3.8/site-packages/airflow/example_dags/example_latest_only_with_trigger.py
[2023-12-19T03:35:18.647+0000] {processor.py:830} INFO - Processing file /home/airflow/.local/lib/python3.8/site-packages/airflow/example_dags/example_latest_only_with_trigger.py for tasks to queue
[2023-12-19T03:35:18.649+0000] {logging_mixin.py:188} INFO - [2023-12-19T03:35:18.649+0000] {dagbag.py:538} INFO - Filling up the DagBag from /home/airflow/.local/lib/python3.8/site-packages/airflow/example_dags/example_latest_only_with_trigger.py
[2023-12-19T03:35:18.653+0000] {processor.py:840} INFO - DAG(s) 'latest_only_with_trigger' retrieved from /home/airflow/.local/lib/python3.8/site-packages/airflow/example_dags/example_latest_only_with_trigger.py
[2023-12-19T03:35:18.667+0000] {logging_mixin.py:188} INFO - [2023-12-19T03:35:18.667+0000] {dag.py:3033} INFO - Sync 1 DAGs
[2023-12-19T03:35:18.679+0000] {logging_mixin.py:188} INFO - [2023-12-19T03:35:18.679+0000] {dag.py:3820} INFO - Setting next_dagrun for latest_only_with_trigger to 2023-12-18T20:00:00+00:00, run_after=2023-12-19T00:00:00+00:00
[2023-12-19T03:35:18.687+0000] {processor.py:183} INFO - Processing /home/airflow/.local/lib/python3.8/site-packages/airflow/example_dags/example_latest_only_with_trigger.py took 0.044 seconds
[2023-12-19T03:35:48.962+0000] {processor.py:161} INFO - Started process (PID=1218) to work on /home/airflow/.local/lib/python3.8/site-packages/airflow/example_dags/example_latest_only_with_trigger.py
[2023-12-19T03:35:48.963+0000] {processor.py:830} INFO - Processing file /home/airflow/.local/lib/python3.8/site-packages/airflow/example_dags/example_latest_only_with_trigger.py for tasks to queue
[2023-12-19T03:35:48.965+0000] {logging_mixin.py:188} INFO - [2023-12-19T03:35:48.965+0000] {dagbag.py:538} INFO - Filling up the DagBag from /home/airflow/.local/lib/python3.8/site-packages/airflow/example_dags/example_latest_only_with_trigger.py
[2023-12-19T03:35:48.968+0000] {processor.py:840} INFO - DAG(s) 'latest_only_with_trigger' retrieved from /home/airflow/.local/lib/python3.8/site-packages/airflow/example_dags/example_latest_only_with_trigger.py
[2023-12-19T03:35:48.983+0000] {logging_mixin.py:188} INFO - [2023-12-19T03:35:48.983+0000] {dag.py:3033} INFO - Sync 1 DAGs
[2023-12-19T03:35:48.994+0000] {logging_mixin.py:188} INFO - [2023-12-19T03:35:48.994+0000] {dag.py:3820} INFO - Setting next_dagrun for latest_only_with_trigger to 2023-12-18T20:00:00+00:00, run_after=2023-12-19T00:00:00+00:00
[2023-12-19T03:35:49.002+0000] {processor.py:183} INFO - Processing /home/airflow/.local/lib/python3.8/site-packages/airflow/example_dags/example_latest_only_with_trigger.py took 0.043 seconds
[2023-12-19T03:36:19.256+0000] {processor.py:161} INFO - Started process (PID=1273) to work on /home/airflow/.local/lib/python3.8/site-packages/airflow/example_dags/example_latest_only_with_trigger.py
[2023-12-19T03:36:19.257+0000] {processor.py:830} INFO - Processing file /home/airflow/.local/lib/python3.8/site-packages/airflow/example_dags/example_latest_only_with_trigger.py for tasks to queue
[2023-12-19T03:36:19.259+0000] {logging_mixin.py:188} INFO - [2023-12-19T03:36:19.258+0000] {dagbag.py:538} INFO - Filling up the DagBag from /home/airflow/.local/lib/python3.8/site-packages/airflow/example_dags/example_latest_only_with_trigger.py
[2023-12-19T03:36:19.262+0000] {processor.py:840} INFO - DAG(s) 'latest_only_with_trigger' retrieved from /home/airflow/.local/lib/python3.8/site-packages/airflow/example_dags/example_latest_only_with_trigger.py
[2023-12-19T03:36:19.276+0000] {logging_mixin.py:188} INFO - [2023-12-19T03:36:19.276+0000] {dag.py:3033} INFO - Sync 1 DAGs
[2023-12-19T03:36:19.287+0000] {logging_mixin.py:188} INFO - [2023-12-19T03:36:19.287+0000] {dag.py:3820} INFO - Setting next_dagrun for latest_only_with_trigger to 2023-12-18T20:00:00+00:00, run_after=2023-12-19T00:00:00+00:00
[2023-12-19T03:36:19.296+0000] {processor.py:183} INFO - Processing /home/airflow/.local/lib/python3.8/site-packages/airflow/example_dags/example_latest_only_with_trigger.py took 0.042 seconds
[2023-12-19T03:36:49.814+0000] {processor.py:161} INFO - Started process (PID=1328) to work on /home/airflow/.local/lib/python3.8/site-packages/airflow/example_dags/example_latest_only_with_trigger.py
[2023-12-19T03:36:49.815+0000] {processor.py:830} INFO - Processing file /home/airflow/.local/lib/python3.8/site-packages/airflow/example_dags/example_latest_only_with_trigger.py for tasks to queue
[2023-12-19T03:36:49.818+0000] {logging_mixin.py:188} INFO - [2023-12-19T03:36:49.817+0000] {dagbag.py:538} INFO - Filling up the DagBag from /home/airflow/.local/lib/python3.8/site-packages/airflow/example_dags/example_latest_only_with_trigger.py
[2023-12-19T03:36:49.821+0000] {processor.py:840} INFO - DAG(s) 'latest_only_with_trigger' retrieved from /home/airflow/.local/lib/python3.8/site-packages/airflow/example_dags/example_latest_only_with_trigger.py
[2023-12-19T03:36:49.837+0000] {logging_mixin.py:188} INFO - [2023-12-19T03:36:49.837+0000] {dag.py:3033} INFO - Sync 1 DAGs
[2023-12-19T03:36:49.848+0000] {logging_mixin.py:188} INFO - [2023-12-19T03:36:49.848+0000] {dag.py:3820} INFO - Setting next_dagrun for latest_only_with_trigger to 2023-12-18T20:00:00+00:00, run_after=2023-12-19T00:00:00+00:00
[2023-12-19T03:36:49.857+0000] {processor.py:183} INFO - Processing /home/airflow/.local/lib/python3.8/site-packages/airflow/example_dags/example_latest_only_with_trigger.py took 0.045 seconds
[2023-12-19T03:37:20.145+0000] {processor.py:161} INFO - Started process (PID=1383) to work on /home/airflow/.local/lib/python3.8/site-packages/airflow/example_dags/example_latest_only_with_trigger.py
[2023-12-19T03:37:20.146+0000] {processor.py:830} INFO - Processing file /home/airflow/.local/lib/python3.8/site-packages/airflow/example_dags/example_latest_only_with_trigger.py for tasks to queue
[2023-12-19T03:37:20.148+0000] {logging_mixin.py:188} INFO - [2023-12-19T03:37:20.148+0000] {dagbag.py:538} INFO - Filling up the DagBag from /home/airflow/.local/lib/python3.8/site-packages/airflow/example_dags/example_latest_only_with_trigger.py
[2023-12-19T03:37:20.153+0000] {processor.py:840} INFO - DAG(s) 'latest_only_with_trigger' retrieved from /home/airflow/.local/lib/python3.8/site-packages/airflow/example_dags/example_latest_only_with_trigger.py
[2023-12-19T03:37:20.168+0000] {logging_mixin.py:188} INFO - [2023-12-19T03:37:20.167+0000] {dag.py:3033} INFO - Sync 1 DAGs
[2023-12-19T03:37:20.180+0000] {logging_mixin.py:188} INFO - [2023-12-19T03:37:20.180+0000] {dag.py:3820} INFO - Setting next_dagrun for latest_only_with_trigger to 2023-12-18T20:00:00+00:00, run_after=2023-12-19T00:00:00+00:00
[2023-12-19T03:37:20.189+0000] {processor.py:183} INFO - Processing /home/airflow/.local/lib/python3.8/site-packages/airflow/example_dags/example_latest_only_with_trigger.py took 0.047 seconds
[2023-12-19T03:37:50.434+0000] {processor.py:161} INFO - Started process (PID=1438) to work on /home/airflow/.local/lib/python3.8/site-packages/airflow/example_dags/example_latest_only_with_trigger.py
[2023-12-19T03:37:50.435+0000] {processor.py:830} INFO - Processing file /home/airflow/.local/lib/python3.8/site-packages/airflow/example_dags/example_latest_only_with_trigger.py for tasks to queue
[2023-12-19T03:37:50.437+0000] {logging_mixin.py:188} INFO - [2023-12-19T03:37:50.437+0000] {dagbag.py:538} INFO - Filling up the DagBag from /home/airflow/.local/lib/python3.8/site-packages/airflow/example_dags/example_latest_only_with_trigger.py
[2023-12-19T03:37:50.441+0000] {processor.py:840} INFO - DAG(s) 'latest_only_with_trigger' retrieved from /home/airflow/.local/lib/python3.8/site-packages/airflow/example_dags/example_latest_only_with_trigger.py
[2023-12-19T03:37:50.456+0000] {logging_mixin.py:188} INFO - [2023-12-19T03:37:50.456+0000] {dag.py:3033} INFO - Sync 1 DAGs
[2023-12-19T03:37:50.466+0000] {logging_mixin.py:188} INFO - [2023-12-19T03:37:50.466+0000] {dag.py:3820} INFO - Setting next_dagrun for latest_only_with_trigger to 2023-12-18T20:00:00+00:00, run_after=2023-12-19T00:00:00+00:00
[2023-12-19T03:37:50.475+0000] {processor.py:183} INFO - Processing /home/airflow/.local/lib/python3.8/site-packages/airflow/example_dags/example_latest_only_with_trigger.py took 0.043 seconds
