[2023-12-19T03:23:36.089+0000] {processor.py:161} INFO - Started process (PID=72) to work on /home/airflow/.local/lib/python3.8/site-packages/airflow/example_dags/example_external_task_marker_dag.py
[2023-12-19T03:23:36.091+0000] {processor.py:830} INFO - Processing file /home/airflow/.local/lib/python3.8/site-packages/airflow/example_dags/example_external_task_marker_dag.py for tasks to queue
[2023-12-19T03:23:36.093+0000] {logging_mixin.py:188} INFO - [2023-12-19T03:23:36.093+0000] {dagbag.py:538} INFO - Filling up the DagBag from /home/airflow/.local/lib/python3.8/site-packages/airflow/example_dags/example_external_task_marker_dag.py
[2023-12-19T03:23:36.100+0000] {processor.py:840} INFO - DAG(s) 'example_external_task_marker_parent', 'example_external_task_marker_child' retrieved from /home/airflow/.local/lib/python3.8/site-packages/airflow/example_dags/example_external_task_marker_dag.py
[2023-12-19T03:23:36.129+0000] {logging_mixin.py:188} INFO - [2023-12-19T03:23:36.129+0000] {dag.py:3033} INFO - Sync 2 DAGs
[2023-12-19T03:23:36.147+0000] {logging_mixin.py:188} INFO - [2023-12-19T03:23:36.147+0000] {dag.py:3820} INFO - Setting next_dagrun for example_external_task_marker_child to None, run_after=None
[2023-12-19T03:23:36.150+0000] {logging_mixin.py:188} INFO - [2023-12-19T03:23:36.150+0000] {dag.py:3820} INFO - Setting next_dagrun for example_external_task_marker_parent to None, run_after=None
[2023-12-19T03:23:36.174+0000] {processor.py:183} INFO - Processing /home/airflow/.local/lib/python3.8/site-packages/airflow/example_dags/example_external_task_marker_dag.py took 0.087 seconds
[2023-12-19T03:24:40.009+0000] {processor.py:161} INFO - Started process (PID=71) to work on /home/airflow/.local/lib/python3.8/site-packages/airflow/example_dags/example_external_task_marker_dag.py
[2023-12-19T03:24:40.010+0000] {processor.py:830} INFO - Processing file /home/airflow/.local/lib/python3.8/site-packages/airflow/example_dags/example_external_task_marker_dag.py for tasks to queue
[2023-12-19T03:24:40.012+0000] {logging_mixin.py:188} INFO - [2023-12-19T03:24:40.012+0000] {dagbag.py:538} INFO - Filling up the DagBag from /home/airflow/.local/lib/python3.8/site-packages/airflow/example_dags/example_external_task_marker_dag.py
[2023-12-19T03:24:40.016+0000] {processor.py:840} INFO - DAG(s) 'example_external_task_marker_child', 'example_external_task_marker_parent' retrieved from /home/airflow/.local/lib/python3.8/site-packages/airflow/example_dags/example_external_task_marker_dag.py
[2023-12-19T03:24:40.070+0000] {logging_mixin.py:188} INFO - [2023-12-19T03:24:40.070+0000] {dag.py:3033} INFO - Sync 2 DAGs
[2023-12-19T03:24:40.076+0000] {logging_mixin.py:188} INFO - [2023-12-19T03:24:40.076+0000] {dag.py:3820} INFO - Setting next_dagrun for example_external_task_marker_child to None, run_after=None
[2023-12-19T03:24:40.077+0000] {logging_mixin.py:188} INFO - [2023-12-19T03:24:40.077+0000] {dag.py:3820} INFO - Setting next_dagrun for example_external_task_marker_parent to None, run_after=None
[2023-12-19T03:24:40.086+0000] {processor.py:183} INFO - Processing /home/airflow/.local/lib/python3.8/site-packages/airflow/example_dags/example_external_task_marker_dag.py took 0.080 seconds
[2023-12-19T03:25:12.520+0000] {processor.py:161} INFO - Started process (PID=71) to work on /home/airflow/.local/lib/python3.8/site-packages/airflow/example_dags/example_external_task_marker_dag.py
[2023-12-19T03:25:12.521+0000] {processor.py:830} INFO - Processing file /home/airflow/.local/lib/python3.8/site-packages/airflow/example_dags/example_external_task_marker_dag.py for tasks to queue
[2023-12-19T03:25:12.524+0000] {logging_mixin.py:188} INFO - [2023-12-19T03:25:12.524+0000] {dagbag.py:538} INFO - Filling up the DagBag from /home/airflow/.local/lib/python3.8/site-packages/airflow/example_dags/example_external_task_marker_dag.py
[2023-12-19T03:25:12.531+0000] {processor.py:840} INFO - DAG(s) 'example_external_task_marker_parent', 'example_external_task_marker_child' retrieved from /home/airflow/.local/lib/python3.8/site-packages/airflow/example_dags/example_external_task_marker_dag.py
[2023-12-19T03:25:12.545+0000] {logging_mixin.py:188} INFO - [2023-12-19T03:25:12.545+0000] {dag.py:3033} INFO - Sync 2 DAGs
[2023-12-19T03:25:12.556+0000] {logging_mixin.py:188} INFO - [2023-12-19T03:25:12.555+0000] {dag.py:3820} INFO - Setting next_dagrun for example_external_task_marker_child to None, run_after=None
[2023-12-19T03:25:12.558+0000] {logging_mixin.py:188} INFO - [2023-12-19T03:25:12.558+0000] {dag.py:3820} INFO - Setting next_dagrun for example_external_task_marker_parent to None, run_after=None
[2023-12-19T03:25:12.568+0000] {processor.py:183} INFO - Processing /home/airflow/.local/lib/python3.8/site-packages/airflow/example_dags/example_external_task_marker_dag.py took 0.051 seconds
[2023-12-19T03:25:43.590+0000] {processor.py:161} INFO - Started process (PID=125) to work on /home/airflow/.local/lib/python3.8/site-packages/airflow/example_dags/example_external_task_marker_dag.py
[2023-12-19T03:25:43.591+0000] {processor.py:830} INFO - Processing file /home/airflow/.local/lib/python3.8/site-packages/airflow/example_dags/example_external_task_marker_dag.py for tasks to queue
[2023-12-19T03:25:43.593+0000] {logging_mixin.py:188} INFO - [2023-12-19T03:25:43.592+0000] {dagbag.py:538} INFO - Filling up the DagBag from /home/airflow/.local/lib/python3.8/site-packages/airflow/example_dags/example_external_task_marker_dag.py
[2023-12-19T03:25:43.597+0000] {processor.py:840} INFO - DAG(s) 'example_external_task_marker_parent', 'example_external_task_marker_child' retrieved from /home/airflow/.local/lib/python3.8/site-packages/airflow/example_dags/example_external_task_marker_dag.py
[2023-12-19T03:25:43.658+0000] {logging_mixin.py:188} INFO - [2023-12-19T03:25:43.658+0000] {dag.py:3033} INFO - Sync 2 DAGs
[2023-12-19T03:25:43.665+0000] {logging_mixin.py:188} INFO - [2023-12-19T03:25:43.665+0000] {dag.py:3820} INFO - Setting next_dagrun for example_external_task_marker_child to None, run_after=None
[2023-12-19T03:25:43.667+0000] {logging_mixin.py:188} INFO - [2023-12-19T03:25:43.667+0000] {dag.py:3820} INFO - Setting next_dagrun for example_external_task_marker_parent to None, run_after=None
[2023-12-19T03:25:43.676+0000] {processor.py:183} INFO - Processing /home/airflow/.local/lib/python3.8/site-packages/airflow/example_dags/example_external_task_marker_dag.py took 0.090 seconds
[2023-12-19T03:26:14.078+0000] {processor.py:161} INFO - Started process (PID=188) to work on /home/airflow/.local/lib/python3.8/site-packages/airflow/example_dags/example_external_task_marker_dag.py
[2023-12-19T03:26:14.079+0000] {processor.py:830} INFO - Processing file /home/airflow/.local/lib/python3.8/site-packages/airflow/example_dags/example_external_task_marker_dag.py for tasks to queue
[2023-12-19T03:26:14.081+0000] {logging_mixin.py:188} INFO - [2023-12-19T03:26:14.081+0000] {dagbag.py:538} INFO - Filling up the DagBag from /home/airflow/.local/lib/python3.8/site-packages/airflow/example_dags/example_external_task_marker_dag.py
[2023-12-19T03:26:14.086+0000] {processor.py:840} INFO - DAG(s) 'example_external_task_marker_parent', 'example_external_task_marker_child' retrieved from /home/airflow/.local/lib/python3.8/site-packages/airflow/example_dags/example_external_task_marker_dag.py
[2023-12-19T03:26:14.103+0000] {logging_mixin.py:188} INFO - [2023-12-19T03:26:14.103+0000] {dag.py:3033} INFO - Sync 2 DAGs
[2023-12-19T03:26:14.111+0000] {logging_mixin.py:188} INFO - [2023-12-19T03:26:14.110+0000] {dag.py:3820} INFO - Setting next_dagrun for example_external_task_marker_child to None, run_after=None
[2023-12-19T03:26:14.112+0000] {logging_mixin.py:188} INFO - [2023-12-19T03:26:14.112+0000] {dag.py:3820} INFO - Setting next_dagrun for example_external_task_marker_parent to None, run_after=None
[2023-12-19T03:26:14.121+0000] {processor.py:183} INFO - Processing /home/airflow/.local/lib/python3.8/site-packages/airflow/example_dags/example_external_task_marker_dag.py took 0.046 seconds
[2023-12-19T03:26:44.364+0000] {processor.py:161} INFO - Started process (PID=243) to work on /home/airflow/.local/lib/python3.8/site-packages/airflow/example_dags/example_external_task_marker_dag.py
[2023-12-19T03:26:44.366+0000] {processor.py:830} INFO - Processing file /home/airflow/.local/lib/python3.8/site-packages/airflow/example_dags/example_external_task_marker_dag.py for tasks to queue
[2023-12-19T03:26:44.367+0000] {logging_mixin.py:188} INFO - [2023-12-19T03:26:44.367+0000] {dagbag.py:538} INFO - Filling up the DagBag from /home/airflow/.local/lib/python3.8/site-packages/airflow/example_dags/example_external_task_marker_dag.py
[2023-12-19T03:26:44.374+0000] {processor.py:840} INFO - DAG(s) 'example_external_task_marker_parent', 'example_external_task_marker_child' retrieved from /home/airflow/.local/lib/python3.8/site-packages/airflow/example_dags/example_external_task_marker_dag.py
[2023-12-19T03:26:44.399+0000] {logging_mixin.py:188} INFO - [2023-12-19T03:26:44.399+0000] {dag.py:3033} INFO - Sync 2 DAGs
[2023-12-19T03:26:44.408+0000] {logging_mixin.py:188} INFO - [2023-12-19T03:26:44.408+0000] {dag.py:3820} INFO - Setting next_dagrun for example_external_task_marker_child to None, run_after=None
[2023-12-19T03:26:44.411+0000] {logging_mixin.py:188} INFO - [2023-12-19T03:26:44.411+0000] {dag.py:3820} INFO - Setting next_dagrun for example_external_task_marker_parent to None, run_after=None
[2023-12-19T03:26:44.421+0000] {processor.py:183} INFO - Processing /home/airflow/.local/lib/python3.8/site-packages/airflow/example_dags/example_external_task_marker_dag.py took 0.059 seconds
[2023-12-19T03:27:15.151+0000] {processor.py:161} INFO - Started process (PID=298) to work on /home/airflow/.local/lib/python3.8/site-packages/airflow/example_dags/example_external_task_marker_dag.py
[2023-12-19T03:27:15.152+0000] {processor.py:830} INFO - Processing file /home/airflow/.local/lib/python3.8/site-packages/airflow/example_dags/example_external_task_marker_dag.py for tasks to queue
[2023-12-19T03:27:15.155+0000] {logging_mixin.py:188} INFO - [2023-12-19T03:27:15.154+0000] {dagbag.py:538} INFO - Filling up the DagBag from /home/airflow/.local/lib/python3.8/site-packages/airflow/example_dags/example_external_task_marker_dag.py
[2023-12-19T03:27:15.161+0000] {processor.py:840} INFO - DAG(s) 'example_external_task_marker_parent', 'example_external_task_marker_child' retrieved from /home/airflow/.local/lib/python3.8/site-packages/airflow/example_dags/example_external_task_marker_dag.py
[2023-12-19T03:27:15.183+0000] {logging_mixin.py:188} INFO - [2023-12-19T03:27:15.182+0000] {dag.py:3033} INFO - Sync 2 DAGs
[2023-12-19T03:27:15.194+0000] {logging_mixin.py:188} INFO - [2023-12-19T03:27:15.194+0000] {dag.py:3820} INFO - Setting next_dagrun for example_external_task_marker_child to None, run_after=None
[2023-12-19T03:27:15.196+0000] {logging_mixin.py:188} INFO - [2023-12-19T03:27:15.196+0000] {dag.py:3820} INFO - Setting next_dagrun for example_external_task_marker_parent to None, run_after=None
[2023-12-19T03:27:15.208+0000] {processor.py:183} INFO - Processing /home/airflow/.local/lib/python3.8/site-packages/airflow/example_dags/example_external_task_marker_dag.py took 0.061 seconds
[2023-12-19T03:27:45.415+0000] {processor.py:161} INFO - Started process (PID=353) to work on /home/airflow/.local/lib/python3.8/site-packages/airflow/example_dags/example_external_task_marker_dag.py
[2023-12-19T03:27:45.416+0000] {processor.py:830} INFO - Processing file /home/airflow/.local/lib/python3.8/site-packages/airflow/example_dags/example_external_task_marker_dag.py for tasks to queue
[2023-12-19T03:27:45.418+0000] {logging_mixin.py:188} INFO - [2023-12-19T03:27:45.418+0000] {dagbag.py:538} INFO - Filling up the DagBag from /home/airflow/.local/lib/python3.8/site-packages/airflow/example_dags/example_external_task_marker_dag.py
[2023-12-19T03:27:45.423+0000] {processor.py:840} INFO - DAG(s) 'example_external_task_marker_parent', 'example_external_task_marker_child' retrieved from /home/airflow/.local/lib/python3.8/site-packages/airflow/example_dags/example_external_task_marker_dag.py
[2023-12-19T03:27:45.440+0000] {logging_mixin.py:188} INFO - [2023-12-19T03:27:45.440+0000] {dag.py:3033} INFO - Sync 2 DAGs
[2023-12-19T03:27:45.447+0000] {logging_mixin.py:188} INFO - [2023-12-19T03:27:45.447+0000] {dag.py:3820} INFO - Setting next_dagrun for example_external_task_marker_child to None, run_after=None
[2023-12-19T03:27:45.449+0000] {logging_mixin.py:188} INFO - [2023-12-19T03:27:45.449+0000] {dag.py:3820} INFO - Setting next_dagrun for example_external_task_marker_parent to None, run_after=None
[2023-12-19T03:27:45.458+0000] {processor.py:183} INFO - Processing /home/airflow/.local/lib/python3.8/site-packages/airflow/example_dags/example_external_task_marker_dag.py took 0.046 seconds
[2023-12-19T03:28:15.574+0000] {processor.py:161} INFO - Started process (PID=408) to work on /home/airflow/.local/lib/python3.8/site-packages/airflow/example_dags/example_external_task_marker_dag.py
[2023-12-19T03:28:15.575+0000] {processor.py:830} INFO - Processing file /home/airflow/.local/lib/python3.8/site-packages/airflow/example_dags/example_external_task_marker_dag.py for tasks to queue
[2023-12-19T03:28:15.577+0000] {logging_mixin.py:188} INFO - [2023-12-19T03:28:15.576+0000] {dagbag.py:538} INFO - Filling up the DagBag from /home/airflow/.local/lib/python3.8/site-packages/airflow/example_dags/example_external_task_marker_dag.py
[2023-12-19T03:28:15.582+0000] {processor.py:840} INFO - DAG(s) 'example_external_task_marker_child', 'example_external_task_marker_parent' retrieved from /home/airflow/.local/lib/python3.8/site-packages/airflow/example_dags/example_external_task_marker_dag.py
[2023-12-19T03:28:15.599+0000] {logging_mixin.py:188} INFO - [2023-12-19T03:28:15.599+0000] {dag.py:3033} INFO - Sync 2 DAGs
[2023-12-19T03:28:15.606+0000] {logging_mixin.py:188} INFO - [2023-12-19T03:28:15.606+0000] {dag.py:3820} INFO - Setting next_dagrun for example_external_task_marker_child to None, run_after=None
[2023-12-19T03:28:15.608+0000] {logging_mixin.py:188} INFO - [2023-12-19T03:28:15.608+0000] {dag.py:3820} INFO - Setting next_dagrun for example_external_task_marker_parent to None, run_after=None
[2023-12-19T03:28:15.616+0000] {processor.py:183} INFO - Processing /home/airflow/.local/lib/python3.8/site-packages/airflow/example_dags/example_external_task_marker_dag.py took 0.045 seconds
[2023-12-19T03:28:45.974+0000] {processor.py:161} INFO - Started process (PID=463) to work on /home/airflow/.local/lib/python3.8/site-packages/airflow/example_dags/example_external_task_marker_dag.py
[2023-12-19T03:28:45.976+0000] {processor.py:830} INFO - Processing file /home/airflow/.local/lib/python3.8/site-packages/airflow/example_dags/example_external_task_marker_dag.py for tasks to queue
[2023-12-19T03:28:45.978+0000] {logging_mixin.py:188} INFO - [2023-12-19T03:28:45.977+0000] {dagbag.py:538} INFO - Filling up the DagBag from /home/airflow/.local/lib/python3.8/site-packages/airflow/example_dags/example_external_task_marker_dag.py
[2023-12-19T03:28:45.983+0000] {processor.py:840} INFO - DAG(s) 'example_external_task_marker_parent', 'example_external_task_marker_child' retrieved from /home/airflow/.local/lib/python3.8/site-packages/airflow/example_dags/example_external_task_marker_dag.py
[2023-12-19T03:28:46.000+0000] {logging_mixin.py:188} INFO - [2023-12-19T03:28:46.000+0000] {dag.py:3033} INFO - Sync 2 DAGs
[2023-12-19T03:28:46.009+0000] {logging_mixin.py:188} INFO - [2023-12-19T03:28:46.009+0000] {dag.py:3820} INFO - Setting next_dagrun for example_external_task_marker_child to None, run_after=None
[2023-12-19T03:28:46.011+0000] {logging_mixin.py:188} INFO - [2023-12-19T03:28:46.011+0000] {dag.py:3820} INFO - Setting next_dagrun for example_external_task_marker_parent to None, run_after=None
[2023-12-19T03:28:46.019+0000] {processor.py:183} INFO - Processing /home/airflow/.local/lib/python3.8/site-packages/airflow/example_dags/example_external_task_marker_dag.py took 0.048 seconds
[2023-12-19T03:29:16.384+0000] {processor.py:161} INFO - Started process (PID=518) to work on /home/airflow/.local/lib/python3.8/site-packages/airflow/example_dags/example_external_task_marker_dag.py
[2023-12-19T03:29:16.386+0000] {processor.py:830} INFO - Processing file /home/airflow/.local/lib/python3.8/site-packages/airflow/example_dags/example_external_task_marker_dag.py for tasks to queue
[2023-12-19T03:29:16.388+0000] {logging_mixin.py:188} INFO - [2023-12-19T03:29:16.388+0000] {dagbag.py:538} INFO - Filling up the DagBag from /home/airflow/.local/lib/python3.8/site-packages/airflow/example_dags/example_external_task_marker_dag.py
[2023-12-19T03:29:16.393+0000] {processor.py:840} INFO - DAG(s) 'example_external_task_marker_parent', 'example_external_task_marker_child' retrieved from /home/airflow/.local/lib/python3.8/site-packages/airflow/example_dags/example_external_task_marker_dag.py
[2023-12-19T03:29:16.419+0000] {logging_mixin.py:188} INFO - [2023-12-19T03:29:16.419+0000] {dag.py:3033} INFO - Sync 2 DAGs
[2023-12-19T03:29:16.427+0000] {logging_mixin.py:188} INFO - [2023-12-19T03:29:16.427+0000] {dag.py:3820} INFO - Setting next_dagrun for example_external_task_marker_child to None, run_after=None
[2023-12-19T03:29:16.430+0000] {logging_mixin.py:188} INFO - [2023-12-19T03:29:16.430+0000] {dag.py:3820} INFO - Setting next_dagrun for example_external_task_marker_parent to None, run_after=None
[2023-12-19T03:29:16.439+0000] {processor.py:183} INFO - Processing /home/airflow/.local/lib/python3.8/site-packages/airflow/example_dags/example_external_task_marker_dag.py took 0.058 seconds
[2023-12-19T03:29:47.450+0000] {processor.py:161} INFO - Started process (PID=573) to work on /home/airflow/.local/lib/python3.8/site-packages/airflow/example_dags/example_external_task_marker_dag.py
[2023-12-19T03:29:47.452+0000] {processor.py:830} INFO - Processing file /home/airflow/.local/lib/python3.8/site-packages/airflow/example_dags/example_external_task_marker_dag.py for tasks to queue
[2023-12-19T03:29:47.454+0000] {logging_mixin.py:188} INFO - [2023-12-19T03:29:47.453+0000] {dagbag.py:538} INFO - Filling up the DagBag from /home/airflow/.local/lib/python3.8/site-packages/airflow/example_dags/example_external_task_marker_dag.py
[2023-12-19T03:29:47.459+0000] {processor.py:840} INFO - DAG(s) 'example_external_task_marker_parent', 'example_external_task_marker_child' retrieved from /home/airflow/.local/lib/python3.8/site-packages/airflow/example_dags/example_external_task_marker_dag.py
[2023-12-19T03:29:47.476+0000] {logging_mixin.py:188} INFO - [2023-12-19T03:29:47.475+0000] {dag.py:3033} INFO - Sync 2 DAGs
[2023-12-19T03:29:47.483+0000] {logging_mixin.py:188} INFO - [2023-12-19T03:29:47.483+0000] {dag.py:3820} INFO - Setting next_dagrun for example_external_task_marker_child to None, run_after=None
[2023-12-19T03:29:47.485+0000] {logging_mixin.py:188} INFO - [2023-12-19T03:29:47.485+0000] {dag.py:3820} INFO - Setting next_dagrun for example_external_task_marker_parent to None, run_after=None
[2023-12-19T03:29:47.494+0000] {processor.py:183} INFO - Processing /home/airflow/.local/lib/python3.8/site-packages/airflow/example_dags/example_external_task_marker_dag.py took 0.046 seconds
[2023-12-19T03:30:17.694+0000] {processor.py:161} INFO - Started process (PID=628) to work on /home/airflow/.local/lib/python3.8/site-packages/airflow/example_dags/example_external_task_marker_dag.py
[2023-12-19T03:30:17.695+0000] {processor.py:830} INFO - Processing file /home/airflow/.local/lib/python3.8/site-packages/airflow/example_dags/example_external_task_marker_dag.py for tasks to queue
[2023-12-19T03:30:17.697+0000] {logging_mixin.py:188} INFO - [2023-12-19T03:30:17.697+0000] {dagbag.py:538} INFO - Filling up the DagBag from /home/airflow/.local/lib/python3.8/site-packages/airflow/example_dags/example_external_task_marker_dag.py
[2023-12-19T03:30:17.702+0000] {processor.py:840} INFO - DAG(s) 'example_external_task_marker_child', 'example_external_task_marker_parent' retrieved from /home/airflow/.local/lib/python3.8/site-packages/airflow/example_dags/example_external_task_marker_dag.py
[2023-12-19T03:30:17.719+0000] {logging_mixin.py:188} INFO - [2023-12-19T03:30:17.719+0000] {dag.py:3033} INFO - Sync 2 DAGs
[2023-12-19T03:30:17.727+0000] {logging_mixin.py:188} INFO - [2023-12-19T03:30:17.727+0000] {dag.py:3820} INFO - Setting next_dagrun for example_external_task_marker_child to None, run_after=None
[2023-12-19T03:30:17.730+0000] {logging_mixin.py:188} INFO - [2023-12-19T03:30:17.729+0000] {dag.py:3820} INFO - Setting next_dagrun for example_external_task_marker_parent to None, run_after=None
[2023-12-19T03:30:17.738+0000] {processor.py:183} INFO - Processing /home/airflow/.local/lib/python3.8/site-packages/airflow/example_dags/example_external_task_marker_dag.py took 0.048 seconds
[2023-12-19T03:30:47.857+0000] {processor.py:161} INFO - Started process (PID=683) to work on /home/airflow/.local/lib/python3.8/site-packages/airflow/example_dags/example_external_task_marker_dag.py
[2023-12-19T03:30:47.858+0000] {processor.py:830} INFO - Processing file /home/airflow/.local/lib/python3.8/site-packages/airflow/example_dags/example_external_task_marker_dag.py for tasks to queue
[2023-12-19T03:30:47.862+0000] {logging_mixin.py:188} INFO - [2023-12-19T03:30:47.862+0000] {dagbag.py:538} INFO - Filling up the DagBag from /home/airflow/.local/lib/python3.8/site-packages/airflow/example_dags/example_external_task_marker_dag.py
[2023-12-19T03:30:47.867+0000] {processor.py:840} INFO - DAG(s) 'example_external_task_marker_child', 'example_external_task_marker_parent' retrieved from /home/airflow/.local/lib/python3.8/site-packages/airflow/example_dags/example_external_task_marker_dag.py
[2023-12-19T03:30:47.885+0000] {logging_mixin.py:188} INFO - [2023-12-19T03:30:47.885+0000] {dag.py:3033} INFO - Sync 2 DAGs
[2023-12-19T03:30:47.892+0000] {logging_mixin.py:188} INFO - [2023-12-19T03:30:47.892+0000] {dag.py:3820} INFO - Setting next_dagrun for example_external_task_marker_child to None, run_after=None
[2023-12-19T03:30:47.894+0000] {logging_mixin.py:188} INFO - [2023-12-19T03:30:47.894+0000] {dag.py:3820} INFO - Setting next_dagrun for example_external_task_marker_parent to None, run_after=None
[2023-12-19T03:30:47.902+0000] {processor.py:183} INFO - Processing /home/airflow/.local/lib/python3.8/site-packages/airflow/example_dags/example_external_task_marker_dag.py took 0.049 seconds
[2023-12-19T03:31:17.948+0000] {processor.py:161} INFO - Started process (PID=737) to work on /home/airflow/.local/lib/python3.8/site-packages/airflow/example_dags/example_external_task_marker_dag.py
[2023-12-19T03:31:17.950+0000] {processor.py:830} INFO - Processing file /home/airflow/.local/lib/python3.8/site-packages/airflow/example_dags/example_external_task_marker_dag.py for tasks to queue
[2023-12-19T03:31:17.952+0000] {logging_mixin.py:188} INFO - [2023-12-19T03:31:17.952+0000] {dagbag.py:538} INFO - Filling up the DagBag from /home/airflow/.local/lib/python3.8/site-packages/airflow/example_dags/example_external_task_marker_dag.py
[2023-12-19T03:31:17.958+0000] {processor.py:840} INFO - DAG(s) 'example_external_task_marker_parent', 'example_external_task_marker_child' retrieved from /home/airflow/.local/lib/python3.8/site-packages/airflow/example_dags/example_external_task_marker_dag.py
[2023-12-19T03:31:17.976+0000] {logging_mixin.py:188} INFO - [2023-12-19T03:31:17.976+0000] {dag.py:3033} INFO - Sync 2 DAGs
[2023-12-19T03:31:17.983+0000] {logging_mixin.py:188} INFO - [2023-12-19T03:31:17.983+0000] {dag.py:3820} INFO - Setting next_dagrun for example_external_task_marker_child to None, run_after=None
[2023-12-19T03:31:17.985+0000] {logging_mixin.py:188} INFO - [2023-12-19T03:31:17.985+0000] {dag.py:3820} INFO - Setting next_dagrun for example_external_task_marker_parent to None, run_after=None
[2023-12-19T03:31:17.993+0000] {processor.py:183} INFO - Processing /home/airflow/.local/lib/python3.8/site-packages/airflow/example_dags/example_external_task_marker_dag.py took 0.049 seconds
[2023-12-19T03:31:48.058+0000] {processor.py:161} INFO - Started process (PID=792) to work on /home/airflow/.local/lib/python3.8/site-packages/airflow/example_dags/example_external_task_marker_dag.py
[2023-12-19T03:31:48.059+0000] {processor.py:830} INFO - Processing file /home/airflow/.local/lib/python3.8/site-packages/airflow/example_dags/example_external_task_marker_dag.py for tasks to queue
[2023-12-19T03:31:48.062+0000] {logging_mixin.py:188} INFO - [2023-12-19T03:31:48.061+0000] {dagbag.py:538} INFO - Filling up the DagBag from /home/airflow/.local/lib/python3.8/site-packages/airflow/example_dags/example_external_task_marker_dag.py
[2023-12-19T03:31:48.067+0000] {processor.py:840} INFO - DAG(s) 'example_external_task_marker_child', 'example_external_task_marker_parent' retrieved from /home/airflow/.local/lib/python3.8/site-packages/airflow/example_dags/example_external_task_marker_dag.py
[2023-12-19T03:31:48.085+0000] {logging_mixin.py:188} INFO - [2023-12-19T03:31:48.085+0000] {dag.py:3033} INFO - Sync 2 DAGs
[2023-12-19T03:31:48.092+0000] {logging_mixin.py:188} INFO - [2023-12-19T03:31:48.092+0000] {dag.py:3820} INFO - Setting next_dagrun for example_external_task_marker_child to None, run_after=None
[2023-12-19T03:31:48.094+0000] {logging_mixin.py:188} INFO - [2023-12-19T03:31:48.094+0000] {dag.py:3820} INFO - Setting next_dagrun for example_external_task_marker_parent to None, run_after=None
[2023-12-19T03:31:48.101+0000] {processor.py:183} INFO - Processing /home/airflow/.local/lib/python3.8/site-packages/airflow/example_dags/example_external_task_marker_dag.py took 0.048 seconds
[2023-12-19T03:32:18.361+0000] {processor.py:161} INFO - Started process (PID=847) to work on /home/airflow/.local/lib/python3.8/site-packages/airflow/example_dags/example_external_task_marker_dag.py
[2023-12-19T03:32:18.363+0000] {processor.py:830} INFO - Processing file /home/airflow/.local/lib/python3.8/site-packages/airflow/example_dags/example_external_task_marker_dag.py for tasks to queue
[2023-12-19T03:32:18.366+0000] {logging_mixin.py:188} INFO - [2023-12-19T03:32:18.365+0000] {dagbag.py:538} INFO - Filling up the DagBag from /home/airflow/.local/lib/python3.8/site-packages/airflow/example_dags/example_external_task_marker_dag.py
[2023-12-19T03:32:18.372+0000] {processor.py:840} INFO - DAG(s) 'example_external_task_marker_child', 'example_external_task_marker_parent' retrieved from /home/airflow/.local/lib/python3.8/site-packages/airflow/example_dags/example_external_task_marker_dag.py
[2023-12-19T03:32:18.392+0000] {logging_mixin.py:188} INFO - [2023-12-19T03:32:18.392+0000] {dag.py:3033} INFO - Sync 2 DAGs
[2023-12-19T03:32:18.400+0000] {logging_mixin.py:188} INFO - [2023-12-19T03:32:18.400+0000] {dag.py:3820} INFO - Setting next_dagrun for example_external_task_marker_child to None, run_after=None
[2023-12-19T03:32:18.402+0000] {logging_mixin.py:188} INFO - [2023-12-19T03:32:18.402+0000] {dag.py:3820} INFO - Setting next_dagrun for example_external_task_marker_parent to None, run_after=None
[2023-12-19T03:32:18.410+0000] {processor.py:183} INFO - Processing /home/airflow/.local/lib/python3.8/site-packages/airflow/example_dags/example_external_task_marker_dag.py took 0.052 seconds
[2023-12-19T03:32:48.696+0000] {processor.py:161} INFO - Started process (PID=902) to work on /home/airflow/.local/lib/python3.8/site-packages/airflow/example_dags/example_external_task_marker_dag.py
[2023-12-19T03:32:48.698+0000] {processor.py:830} INFO - Processing file /home/airflow/.local/lib/python3.8/site-packages/airflow/example_dags/example_external_task_marker_dag.py for tasks to queue
[2023-12-19T03:32:48.700+0000] {logging_mixin.py:188} INFO - [2023-12-19T03:32:48.700+0000] {dagbag.py:538} INFO - Filling up the DagBag from /home/airflow/.local/lib/python3.8/site-packages/airflow/example_dags/example_external_task_marker_dag.py
[2023-12-19T03:32:48.706+0000] {processor.py:840} INFO - DAG(s) 'example_external_task_marker_child', 'example_external_task_marker_parent' retrieved from /home/airflow/.local/lib/python3.8/site-packages/airflow/example_dags/example_external_task_marker_dag.py
[2023-12-19T03:32:48.726+0000] {logging_mixin.py:188} INFO - [2023-12-19T03:32:48.726+0000] {dag.py:3033} INFO - Sync 2 DAGs
[2023-12-19T03:32:48.735+0000] {logging_mixin.py:188} INFO - [2023-12-19T03:32:48.735+0000] {dag.py:3820} INFO - Setting next_dagrun for example_external_task_marker_child to None, run_after=None
[2023-12-19T03:32:48.737+0000] {logging_mixin.py:188} INFO - [2023-12-19T03:32:48.737+0000] {dag.py:3820} INFO - Setting next_dagrun for example_external_task_marker_parent to None, run_after=None
[2023-12-19T03:32:48.745+0000] {processor.py:183} INFO - Processing /home/airflow/.local/lib/python3.8/site-packages/airflow/example_dags/example_external_task_marker_dag.py took 0.054 seconds
[2023-12-19T03:33:18.982+0000] {processor.py:161} INFO - Started process (PID=957) to work on /home/airflow/.local/lib/python3.8/site-packages/airflow/example_dags/example_external_task_marker_dag.py
[2023-12-19T03:33:18.983+0000] {processor.py:830} INFO - Processing file /home/airflow/.local/lib/python3.8/site-packages/airflow/example_dags/example_external_task_marker_dag.py for tasks to queue
[2023-12-19T03:33:18.986+0000] {logging_mixin.py:188} INFO - [2023-12-19T03:33:18.986+0000] {dagbag.py:538} INFO - Filling up the DagBag from /home/airflow/.local/lib/python3.8/site-packages/airflow/example_dags/example_external_task_marker_dag.py
[2023-12-19T03:33:18.992+0000] {processor.py:840} INFO - DAG(s) 'example_external_task_marker_child', 'example_external_task_marker_parent' retrieved from /home/airflow/.local/lib/python3.8/site-packages/airflow/example_dags/example_external_task_marker_dag.py
[2023-12-19T03:33:19.012+0000] {logging_mixin.py:188} INFO - [2023-12-19T03:33:19.012+0000] {dag.py:3033} INFO - Sync 2 DAGs
[2023-12-19T03:33:19.020+0000] {logging_mixin.py:188} INFO - [2023-12-19T03:33:19.020+0000] {dag.py:3820} INFO - Setting next_dagrun for example_external_task_marker_child to None, run_after=None
[2023-12-19T03:33:19.022+0000] {logging_mixin.py:188} INFO - [2023-12-19T03:33:19.022+0000] {dag.py:3820} INFO - Setting next_dagrun for example_external_task_marker_parent to None, run_after=None
[2023-12-19T03:33:19.031+0000] {processor.py:183} INFO - Processing /home/airflow/.local/lib/python3.8/site-packages/airflow/example_dags/example_external_task_marker_dag.py took 0.053 seconds
[2023-12-19T03:33:49.271+0000] {processor.py:161} INFO - Started process (PID=1012) to work on /home/airflow/.local/lib/python3.8/site-packages/airflow/example_dags/example_external_task_marker_dag.py
[2023-12-19T03:33:49.273+0000] {processor.py:830} INFO - Processing file /home/airflow/.local/lib/python3.8/site-packages/airflow/example_dags/example_external_task_marker_dag.py for tasks to queue
[2023-12-19T03:33:49.275+0000] {logging_mixin.py:188} INFO - [2023-12-19T03:33:49.275+0000] {dagbag.py:538} INFO - Filling up the DagBag from /home/airflow/.local/lib/python3.8/site-packages/airflow/example_dags/example_external_task_marker_dag.py
[2023-12-19T03:33:49.281+0000] {processor.py:840} INFO - DAG(s) 'example_external_task_marker_parent', 'example_external_task_marker_child' retrieved from /home/airflow/.local/lib/python3.8/site-packages/airflow/example_dags/example_external_task_marker_dag.py
[2023-12-19T03:33:49.301+0000] {logging_mixin.py:188} INFO - [2023-12-19T03:33:49.301+0000] {dag.py:3033} INFO - Sync 2 DAGs
[2023-12-19T03:33:49.309+0000] {logging_mixin.py:188} INFO - [2023-12-19T03:33:49.309+0000] {dag.py:3820} INFO - Setting next_dagrun for example_external_task_marker_child to None, run_after=None
[2023-12-19T03:33:49.311+0000] {logging_mixin.py:188} INFO - [2023-12-19T03:33:49.311+0000] {dag.py:3820} INFO - Setting next_dagrun for example_external_task_marker_parent to None, run_after=None
[2023-12-19T03:33:49.319+0000] {processor.py:183} INFO - Processing /home/airflow/.local/lib/python3.8/site-packages/airflow/example_dags/example_external_task_marker_dag.py took 0.052 seconds
[2023-12-19T03:34:19.632+0000] {processor.py:161} INFO - Started process (PID=1067) to work on /home/airflow/.local/lib/python3.8/site-packages/airflow/example_dags/example_external_task_marker_dag.py
[2023-12-19T03:34:19.633+0000] {processor.py:830} INFO - Processing file /home/airflow/.local/lib/python3.8/site-packages/airflow/example_dags/example_external_task_marker_dag.py for tasks to queue
[2023-12-19T03:34:19.636+0000] {logging_mixin.py:188} INFO - [2023-12-19T03:34:19.635+0000] {dagbag.py:538} INFO - Filling up the DagBag from /home/airflow/.local/lib/python3.8/site-packages/airflow/example_dags/example_external_task_marker_dag.py
[2023-12-19T03:34:19.642+0000] {processor.py:840} INFO - DAG(s) 'example_external_task_marker_parent', 'example_external_task_marker_child' retrieved from /home/airflow/.local/lib/python3.8/site-packages/airflow/example_dags/example_external_task_marker_dag.py
[2023-12-19T03:34:19.663+0000] {logging_mixin.py:188} INFO - [2023-12-19T03:34:19.663+0000] {dag.py:3033} INFO - Sync 2 DAGs
[2023-12-19T03:34:19.671+0000] {logging_mixin.py:188} INFO - [2023-12-19T03:34:19.671+0000] {dag.py:3820} INFO - Setting next_dagrun for example_external_task_marker_child to None, run_after=None
[2023-12-19T03:34:19.673+0000] {logging_mixin.py:188} INFO - [2023-12-19T03:34:19.673+0000] {dag.py:3820} INFO - Setting next_dagrun for example_external_task_marker_parent to None, run_after=None
[2023-12-19T03:34:19.681+0000] {processor.py:183} INFO - Processing /home/airflow/.local/lib/python3.8/site-packages/airflow/example_dags/example_external_task_marker_dag.py took 0.054 seconds
[2023-12-19T03:34:50.000+0000] {processor.py:161} INFO - Started process (PID=1122) to work on /home/airflow/.local/lib/python3.8/site-packages/airflow/example_dags/example_external_task_marker_dag.py
[2023-12-19T03:34:50.001+0000] {processor.py:830} INFO - Processing file /home/airflow/.local/lib/python3.8/site-packages/airflow/example_dags/example_external_task_marker_dag.py for tasks to queue
[2023-12-19T03:34:50.004+0000] {logging_mixin.py:188} INFO - [2023-12-19T03:34:50.003+0000] {dagbag.py:538} INFO - Filling up the DagBag from /home/airflow/.local/lib/python3.8/site-packages/airflow/example_dags/example_external_task_marker_dag.py
[2023-12-19T03:34:50.010+0000] {processor.py:840} INFO - DAG(s) 'example_external_task_marker_parent', 'example_external_task_marker_child' retrieved from /home/airflow/.local/lib/python3.8/site-packages/airflow/example_dags/example_external_task_marker_dag.py
[2023-12-19T03:34:50.031+0000] {logging_mixin.py:188} INFO - [2023-12-19T03:34:50.031+0000] {dag.py:3033} INFO - Sync 2 DAGs
[2023-12-19T03:34:50.039+0000] {logging_mixin.py:188} INFO - [2023-12-19T03:34:50.039+0000] {dag.py:3820} INFO - Setting next_dagrun for example_external_task_marker_child to None, run_after=None
[2023-12-19T03:34:50.041+0000] {logging_mixin.py:188} INFO - [2023-12-19T03:34:50.041+0000] {dag.py:3820} INFO - Setting next_dagrun for example_external_task_marker_parent to None, run_after=None
[2023-12-19T03:34:50.049+0000] {processor.py:183} INFO - Processing /home/airflow/.local/lib/python3.8/site-packages/airflow/example_dags/example_external_task_marker_dag.py took 0.053 seconds
[2023-12-19T03:35:20.112+0000] {processor.py:161} INFO - Started process (PID=1177) to work on /home/airflow/.local/lib/python3.8/site-packages/airflow/example_dags/example_external_task_marker_dag.py
[2023-12-19T03:35:20.113+0000] {processor.py:830} INFO - Processing file /home/airflow/.local/lib/python3.8/site-packages/airflow/example_dags/example_external_task_marker_dag.py for tasks to queue
[2023-12-19T03:35:20.116+0000] {logging_mixin.py:188} INFO - [2023-12-19T03:35:20.116+0000] {dagbag.py:538} INFO - Filling up the DagBag from /home/airflow/.local/lib/python3.8/site-packages/airflow/example_dags/example_external_task_marker_dag.py
[2023-12-19T03:35:20.122+0000] {processor.py:840} INFO - DAG(s) 'example_external_task_marker_child', 'example_external_task_marker_parent' retrieved from /home/airflow/.local/lib/python3.8/site-packages/airflow/example_dags/example_external_task_marker_dag.py
[2023-12-19T03:35:20.143+0000] {logging_mixin.py:188} INFO - [2023-12-19T03:35:20.143+0000] {dag.py:3033} INFO - Sync 2 DAGs
[2023-12-19T03:35:20.151+0000] {logging_mixin.py:188} INFO - [2023-12-19T03:35:20.151+0000] {dag.py:3820} INFO - Setting next_dagrun for example_external_task_marker_child to None, run_after=None
[2023-12-19T03:35:20.153+0000] {logging_mixin.py:188} INFO - [2023-12-19T03:35:20.153+0000] {dag.py:3820} INFO - Setting next_dagrun for example_external_task_marker_parent to None, run_after=None
[2023-12-19T03:35:20.163+0000] {processor.py:183} INFO - Processing /home/airflow/.local/lib/python3.8/site-packages/airflow/example_dags/example_external_task_marker_dag.py took 0.056 seconds
[2023-12-19T03:35:50.413+0000] {processor.py:161} INFO - Started process (PID=1232) to work on /home/airflow/.local/lib/python3.8/site-packages/airflow/example_dags/example_external_task_marker_dag.py
[2023-12-19T03:35:50.415+0000] {processor.py:830} INFO - Processing file /home/airflow/.local/lib/python3.8/site-packages/airflow/example_dags/example_external_task_marker_dag.py for tasks to queue
[2023-12-19T03:35:50.417+0000] {logging_mixin.py:188} INFO - [2023-12-19T03:35:50.417+0000] {dagbag.py:538} INFO - Filling up the DagBag from /home/airflow/.local/lib/python3.8/site-packages/airflow/example_dags/example_external_task_marker_dag.py
[2023-12-19T03:35:50.424+0000] {processor.py:840} INFO - DAG(s) 'example_external_task_marker_child', 'example_external_task_marker_parent' retrieved from /home/airflow/.local/lib/python3.8/site-packages/airflow/example_dags/example_external_task_marker_dag.py
[2023-12-19T03:35:50.444+0000] {logging_mixin.py:188} INFO - [2023-12-19T03:35:50.444+0000] {dag.py:3033} INFO - Sync 2 DAGs
[2023-12-19T03:35:50.452+0000] {logging_mixin.py:188} INFO - [2023-12-19T03:35:50.452+0000] {dag.py:3820} INFO - Setting next_dagrun for example_external_task_marker_child to None, run_after=None
[2023-12-19T03:35:50.454+0000] {logging_mixin.py:188} INFO - [2023-12-19T03:35:50.454+0000] {dag.py:3820} INFO - Setting next_dagrun for example_external_task_marker_parent to None, run_after=None
[2023-12-19T03:35:50.463+0000] {processor.py:183} INFO - Processing /home/airflow/.local/lib/python3.8/site-packages/airflow/example_dags/example_external_task_marker_dag.py took 0.054 seconds
[2023-12-19T03:36:20.718+0000] {processor.py:161} INFO - Started process (PID=1287) to work on /home/airflow/.local/lib/python3.8/site-packages/airflow/example_dags/example_external_task_marker_dag.py
[2023-12-19T03:36:20.719+0000] {processor.py:830} INFO - Processing file /home/airflow/.local/lib/python3.8/site-packages/airflow/example_dags/example_external_task_marker_dag.py for tasks to queue
[2023-12-19T03:36:20.722+0000] {logging_mixin.py:188} INFO - [2023-12-19T03:36:20.721+0000] {dagbag.py:538} INFO - Filling up the DagBag from /home/airflow/.local/lib/python3.8/site-packages/airflow/example_dags/example_external_task_marker_dag.py
[2023-12-19T03:36:20.727+0000] {processor.py:840} INFO - DAG(s) 'example_external_task_marker_child', 'example_external_task_marker_parent' retrieved from /home/airflow/.local/lib/python3.8/site-packages/airflow/example_dags/example_external_task_marker_dag.py
[2023-12-19T03:36:20.748+0000] {logging_mixin.py:188} INFO - [2023-12-19T03:36:20.747+0000] {dag.py:3033} INFO - Sync 2 DAGs
[2023-12-19T03:36:20.755+0000] {logging_mixin.py:188} INFO - [2023-12-19T03:36:20.755+0000] {dag.py:3820} INFO - Setting next_dagrun for example_external_task_marker_child to None, run_after=None
[2023-12-19T03:36:20.757+0000] {logging_mixin.py:188} INFO - [2023-12-19T03:36:20.757+0000] {dag.py:3820} INFO - Setting next_dagrun for example_external_task_marker_parent to None, run_after=None
[2023-12-19T03:36:20.765+0000] {processor.py:183} INFO - Processing /home/airflow/.local/lib/python3.8/site-packages/airflow/example_dags/example_external_task_marker_dag.py took 0.051 seconds
[2023-12-19T03:36:51.281+0000] {processor.py:161} INFO - Started process (PID=1342) to work on /home/airflow/.local/lib/python3.8/site-packages/airflow/example_dags/example_external_task_marker_dag.py
[2023-12-19T03:36:51.283+0000] {processor.py:830} INFO - Processing file /home/airflow/.local/lib/python3.8/site-packages/airflow/example_dags/example_external_task_marker_dag.py for tasks to queue
[2023-12-19T03:36:51.286+0000] {logging_mixin.py:188} INFO - [2023-12-19T03:36:51.286+0000] {dagbag.py:538} INFO - Filling up the DagBag from /home/airflow/.local/lib/python3.8/site-packages/airflow/example_dags/example_external_task_marker_dag.py
[2023-12-19T03:36:51.293+0000] {processor.py:840} INFO - DAG(s) 'example_external_task_marker_parent', 'example_external_task_marker_child' retrieved from /home/airflow/.local/lib/python3.8/site-packages/airflow/example_dags/example_external_task_marker_dag.py
[2023-12-19T03:36:51.312+0000] {logging_mixin.py:188} INFO - [2023-12-19T03:36:51.312+0000] {dag.py:3033} INFO - Sync 2 DAGs
[2023-12-19T03:36:51.320+0000] {logging_mixin.py:188} INFO - [2023-12-19T03:36:51.320+0000] {dag.py:3820} INFO - Setting next_dagrun for example_external_task_marker_child to None, run_after=None
[2023-12-19T03:36:51.322+0000] {logging_mixin.py:188} INFO - [2023-12-19T03:36:51.322+0000] {dag.py:3820} INFO - Setting next_dagrun for example_external_task_marker_parent to None, run_after=None
[2023-12-19T03:36:51.330+0000] {processor.py:183} INFO - Processing /home/airflow/.local/lib/python3.8/site-packages/airflow/example_dags/example_external_task_marker_dag.py took 0.054 seconds
[2023-12-19T03:37:21.619+0000] {processor.py:161} INFO - Started process (PID=1397) to work on /home/airflow/.local/lib/python3.8/site-packages/airflow/example_dags/example_external_task_marker_dag.py
[2023-12-19T03:37:21.622+0000] {processor.py:830} INFO - Processing file /home/airflow/.local/lib/python3.8/site-packages/airflow/example_dags/example_external_task_marker_dag.py for tasks to queue
[2023-12-19T03:37:21.626+0000] {logging_mixin.py:188} INFO - [2023-12-19T03:37:21.626+0000] {dagbag.py:538} INFO - Filling up the DagBag from /home/airflow/.local/lib/python3.8/site-packages/airflow/example_dags/example_external_task_marker_dag.py
[2023-12-19T03:37:21.633+0000] {processor.py:840} INFO - DAG(s) 'example_external_task_marker_parent', 'example_external_task_marker_child' retrieved from /home/airflow/.local/lib/python3.8/site-packages/airflow/example_dags/example_external_task_marker_dag.py
[2023-12-19T03:37:21.655+0000] {logging_mixin.py:188} INFO - [2023-12-19T03:37:21.655+0000] {dag.py:3033} INFO - Sync 2 DAGs
[2023-12-19T03:37:21.663+0000] {logging_mixin.py:188} INFO - [2023-12-19T03:37:21.663+0000] {dag.py:3820} INFO - Setting next_dagrun for example_external_task_marker_child to None, run_after=None
[2023-12-19T03:37:21.665+0000] {logging_mixin.py:188} INFO - [2023-12-19T03:37:21.665+0000] {dag.py:3820} INFO - Setting next_dagrun for example_external_task_marker_parent to None, run_after=None
[2023-12-19T03:37:21.673+0000] {processor.py:183} INFO - Processing /home/airflow/.local/lib/python3.8/site-packages/airflow/example_dags/example_external_task_marker_dag.py took 0.059 seconds
[2023-12-19T03:37:51.899+0000] {processor.py:161} INFO - Started process (PID=1452) to work on /home/airflow/.local/lib/python3.8/site-packages/airflow/example_dags/example_external_task_marker_dag.py
[2023-12-19T03:37:51.901+0000] {processor.py:830} INFO - Processing file /home/airflow/.local/lib/python3.8/site-packages/airflow/example_dags/example_external_task_marker_dag.py for tasks to queue
[2023-12-19T03:37:51.904+0000] {logging_mixin.py:188} INFO - [2023-12-19T03:37:51.904+0000] {dagbag.py:538} INFO - Filling up the DagBag from /home/airflow/.local/lib/python3.8/site-packages/airflow/example_dags/example_external_task_marker_dag.py
[2023-12-19T03:37:51.910+0000] {processor.py:840} INFO - DAG(s) 'example_external_task_marker_child', 'example_external_task_marker_parent' retrieved from /home/airflow/.local/lib/python3.8/site-packages/airflow/example_dags/example_external_task_marker_dag.py
[2023-12-19T03:37:51.930+0000] {logging_mixin.py:188} INFO - [2023-12-19T03:37:51.929+0000] {dag.py:3033} INFO - Sync 2 DAGs
[2023-12-19T03:37:51.938+0000] {logging_mixin.py:188} INFO - [2023-12-19T03:37:51.938+0000] {dag.py:3820} INFO - Setting next_dagrun for example_external_task_marker_child to None, run_after=None
[2023-12-19T03:37:51.940+0000] {logging_mixin.py:188} INFO - [2023-12-19T03:37:51.940+0000] {dag.py:3820} INFO - Setting next_dagrun for example_external_task_marker_parent to None, run_after=None
[2023-12-19T03:37:51.949+0000] {processor.py:183} INFO - Processing /home/airflow/.local/lib/python3.8/site-packages/airflow/example_dags/example_external_task_marker_dag.py took 0.054 seconds
