[2023-12-19T03:23:35.621+0000] {processor.py:161} INFO - Started process (PID=62) to work on /home/airflow/.local/lib/python3.8/site-packages/airflow/example_dags/example_branch_python_dop_operator_3.py
[2023-12-19T03:23:35.623+0000] {processor.py:830} INFO - Processing file /home/airflow/.local/lib/python3.8/site-packages/airflow/example_dags/example_branch_python_dop_operator_3.py for tasks to queue
[2023-12-19T03:23:35.625+0000] {logging_mixin.py:188} INFO - [2023-12-19T03:23:35.625+0000] {dagbag.py:538} INFO - Filling up the DagBag from /home/airflow/.local/lib/python3.8/site-packages/airflow/example_dags/example_branch_python_dop_operator_3.py
[2023-12-19T03:23:35.633+0000] {processor.py:840} INFO - DAG(s) 'example_branch_dop_operator_v3' retrieved from /home/airflow/.local/lib/python3.8/site-packages/airflow/example_dags/example_branch_python_dop_operator_3.py
[2023-12-19T03:23:35.656+0000] {logging_mixin.py:188} INFO - [2023-12-19T03:23:35.656+0000] {dag.py:3033} INFO - Sync 1 DAGs
[2023-12-19T03:23:35.679+0000] {logging_mixin.py:188} INFO - [2023-12-19T03:23:35.679+0000] {dag.py:3820} INFO - Setting next_dagrun for example_branch_dop_operator_v3 to 2023-12-19T03:22:00+00:00, run_after=2023-12-19T03:23:00+00:00
[2023-12-19T03:23:35.697+0000] {processor.py:183} INFO - Processing /home/airflow/.local/lib/python3.8/site-packages/airflow/example_dags/example_branch_python_dop_operator_3.py took 0.080 seconds
[2023-12-19T03:24:06.221+0000] {processor.py:161} INFO - Started process (PID=117) to work on /home/airflow/.local/lib/python3.8/site-packages/airflow/example_dags/example_branch_python_dop_operator_3.py
[2023-12-19T03:24:06.222+0000] {processor.py:830} INFO - Processing file /home/airflow/.local/lib/python3.8/site-packages/airflow/example_dags/example_branch_python_dop_operator_3.py for tasks to queue
[2023-12-19T03:24:06.223+0000] {logging_mixin.py:188} INFO - [2023-12-19T03:24:06.223+0000] {dagbag.py:538} INFO - Filling up the DagBag from /home/airflow/.local/lib/python3.8/site-packages/airflow/example_dags/example_branch_python_dop_operator_3.py
[2023-12-19T03:24:06.229+0000] {processor.py:840} INFO - DAG(s) 'example_branch_dop_operator_v3' retrieved from /home/airflow/.local/lib/python3.8/site-packages/airflow/example_dags/example_branch_python_dop_operator_3.py
[2023-12-19T03:24:06.282+0000] {logging_mixin.py:188} INFO - [2023-12-19T03:24:06.282+0000] {dag.py:3033} INFO - Sync 1 DAGs
[2023-12-19T03:24:06.294+0000] {logging_mixin.py:188} INFO - [2023-12-19T03:24:06.294+0000] {dag.py:3820} INFO - Setting next_dagrun for example_branch_dop_operator_v3 to 2023-12-19T03:23:00+00:00, run_after=2023-12-19T03:24:00+00:00
[2023-12-19T03:24:06.303+0000] {processor.py:183} INFO - Processing /home/airflow/.local/lib/python3.8/site-packages/airflow/example_dags/example_branch_python_dop_operator_3.py took 0.085 seconds
[2023-12-19T03:24:39.569+0000] {processor.py:161} INFO - Started process (PID=61) to work on /home/airflow/.local/lib/python3.8/site-packages/airflow/example_dags/example_branch_python_dop_operator_3.py
[2023-12-19T03:24:39.570+0000] {processor.py:830} INFO - Processing file /home/airflow/.local/lib/python3.8/site-packages/airflow/example_dags/example_branch_python_dop_operator_3.py for tasks to queue
[2023-12-19T03:24:39.571+0000] {logging_mixin.py:188} INFO - [2023-12-19T03:24:39.571+0000] {dagbag.py:538} INFO - Filling up the DagBag from /home/airflow/.local/lib/python3.8/site-packages/airflow/example_dags/example_branch_python_dop_operator_3.py
[2023-12-19T03:24:39.577+0000] {processor.py:840} INFO - DAG(s) 'example_branch_dop_operator_v3' retrieved from /home/airflow/.local/lib/python3.8/site-packages/airflow/example_dags/example_branch_python_dop_operator_3.py
[2023-12-19T03:24:39.594+0000] {logging_mixin.py:188} INFO - [2023-12-19T03:24:39.594+0000] {dag.py:3033} INFO - Sync 1 DAGs
[2023-12-19T03:24:39.608+0000] {logging_mixin.py:188} INFO - [2023-12-19T03:24:39.608+0000] {dag.py:3820} INFO - Setting next_dagrun for example_branch_dop_operator_v3 to 2023-12-19T03:23:00+00:00, run_after=2023-12-19T03:24:00+00:00
[2023-12-19T03:24:39.617+0000] {processor.py:183} INFO - Processing /home/airflow/.local/lib/python3.8/site-packages/airflow/example_dags/example_branch_python_dop_operator_3.py took 0.051 seconds
[2023-12-19T03:25:11.969+0000] {processor.py:161} INFO - Started process (PID=61) to work on /home/airflow/.local/lib/python3.8/site-packages/airflow/example_dags/example_branch_python_dop_operator_3.py
[2023-12-19T03:25:11.971+0000] {processor.py:830} INFO - Processing file /home/airflow/.local/lib/python3.8/site-packages/airflow/example_dags/example_branch_python_dop_operator_3.py for tasks to queue
[2023-12-19T03:25:11.975+0000] {logging_mixin.py:188} INFO - [2023-12-19T03:25:11.975+0000] {dagbag.py:538} INFO - Filling up the DagBag from /home/airflow/.local/lib/python3.8/site-packages/airflow/example_dags/example_branch_python_dop_operator_3.py
[2023-12-19T03:25:11.986+0000] {processor.py:840} INFO - DAG(s) 'example_branch_dop_operator_v3' retrieved from /home/airflow/.local/lib/python3.8/site-packages/airflow/example_dags/example_branch_python_dop_operator_3.py
[2023-12-19T03:25:12.001+0000] {logging_mixin.py:188} INFO - [2023-12-19T03:25:12.001+0000] {dag.py:3033} INFO - Sync 1 DAGs
[2023-12-19T03:25:12.021+0000] {logging_mixin.py:188} INFO - [2023-12-19T03:25:12.020+0000] {dag.py:3820} INFO - Setting next_dagrun for example_branch_dop_operator_v3 to 2023-12-19T03:24:00+00:00, run_after=2023-12-19T03:25:00+00:00
[2023-12-19T03:25:12.031+0000] {processor.py:183} INFO - Processing /home/airflow/.local/lib/python3.8/site-packages/airflow/example_dags/example_branch_python_dop_operator_3.py took 0.067 seconds
[2023-12-19T03:25:42.839+0000] {processor.py:161} INFO - Started process (PID=115) to work on /home/airflow/.local/lib/python3.8/site-packages/airflow/example_dags/example_branch_python_dop_operator_3.py
[2023-12-19T03:25:42.840+0000] {processor.py:830} INFO - Processing file /home/airflow/.local/lib/python3.8/site-packages/airflow/example_dags/example_branch_python_dop_operator_3.py for tasks to queue
[2023-12-19T03:25:42.842+0000] {logging_mixin.py:188} INFO - [2023-12-19T03:25:42.842+0000] {dagbag.py:538} INFO - Filling up the DagBag from /home/airflow/.local/lib/python3.8/site-packages/airflow/example_dags/example_branch_python_dop_operator_3.py
[2023-12-19T03:25:42.848+0000] {processor.py:840} INFO - DAG(s) 'example_branch_dop_operator_v3' retrieved from /home/airflow/.local/lib/python3.8/site-packages/airflow/example_dags/example_branch_python_dop_operator_3.py
[2023-12-19T03:25:42.897+0000] {logging_mixin.py:188} INFO - [2023-12-19T03:25:42.896+0000] {dag.py:3033} INFO - Sync 1 DAGs
[2023-12-19T03:25:42.908+0000] {logging_mixin.py:188} INFO - [2023-12-19T03:25:42.908+0000] {dag.py:3820} INFO - Setting next_dagrun for example_branch_dop_operator_v3 to 2023-12-19T03:24:00+00:00, run_after=2023-12-19T03:25:00+00:00
[2023-12-19T03:25:42.917+0000] {processor.py:183} INFO - Processing /home/airflow/.local/lib/python3.8/site-packages/airflow/example_dags/example_branch_python_dop_operator_3.py took 0.080 seconds
[2023-12-19T03:26:13.664+0000] {processor.py:161} INFO - Started process (PID=178) to work on /home/airflow/.local/lib/python3.8/site-packages/airflow/example_dags/example_branch_python_dop_operator_3.py
[2023-12-19T03:26:13.665+0000] {processor.py:830} INFO - Processing file /home/airflow/.local/lib/python3.8/site-packages/airflow/example_dags/example_branch_python_dop_operator_3.py for tasks to queue
[2023-12-19T03:26:13.667+0000] {logging_mixin.py:188} INFO - [2023-12-19T03:26:13.667+0000] {dagbag.py:538} INFO - Filling up the DagBag from /home/airflow/.local/lib/python3.8/site-packages/airflow/example_dags/example_branch_python_dop_operator_3.py
[2023-12-19T03:26:13.673+0000] {processor.py:840} INFO - DAG(s) 'example_branch_dop_operator_v3' retrieved from /home/airflow/.local/lib/python3.8/site-packages/airflow/example_dags/example_branch_python_dop_operator_3.py
[2023-12-19T03:26:13.687+0000] {logging_mixin.py:188} INFO - [2023-12-19T03:26:13.687+0000] {dag.py:3033} INFO - Sync 1 DAGs
[2023-12-19T03:26:13.701+0000] {logging_mixin.py:188} INFO - [2023-12-19T03:26:13.701+0000] {dag.py:3820} INFO - Setting next_dagrun for example_branch_dop_operator_v3 to 2023-12-19T03:25:00+00:00, run_after=2023-12-19T03:26:00+00:00
[2023-12-19T03:26:13.713+0000] {processor.py:183} INFO - Processing /home/airflow/.local/lib/python3.8/site-packages/airflow/example_dags/example_branch_python_dop_operator_3.py took 0.052 seconds
[2023-12-19T03:26:43.889+0000] {processor.py:161} INFO - Started process (PID=233) to work on /home/airflow/.local/lib/python3.8/site-packages/airflow/example_dags/example_branch_python_dop_operator_3.py
[2023-12-19T03:26:43.890+0000] {processor.py:830} INFO - Processing file /home/airflow/.local/lib/python3.8/site-packages/airflow/example_dags/example_branch_python_dop_operator_3.py for tasks to queue
[2023-12-19T03:26:43.892+0000] {logging_mixin.py:188} INFO - [2023-12-19T03:26:43.892+0000] {dagbag.py:538} INFO - Filling up the DagBag from /home/airflow/.local/lib/python3.8/site-packages/airflow/example_dags/example_branch_python_dop_operator_3.py
[2023-12-19T03:26:43.898+0000] {processor.py:840} INFO - DAG(s) 'example_branch_dop_operator_v3' retrieved from /home/airflow/.local/lib/python3.8/site-packages/airflow/example_dags/example_branch_python_dop_operator_3.py
[2023-12-19T03:26:43.921+0000] {logging_mixin.py:188} INFO - [2023-12-19T03:26:43.921+0000] {dag.py:3033} INFO - Sync 1 DAGs
[2023-12-19T03:26:43.936+0000] {logging_mixin.py:188} INFO - [2023-12-19T03:26:43.936+0000] {dag.py:3820} INFO - Setting next_dagrun for example_branch_dop_operator_v3 to 2023-12-19T03:25:00+00:00, run_after=2023-12-19T03:26:00+00:00
[2023-12-19T03:26:43.946+0000] {processor.py:183} INFO - Processing /home/airflow/.local/lib/python3.8/site-packages/airflow/example_dags/example_branch_python_dop_operator_3.py took 0.060 seconds
[2023-12-19T03:27:14.623+0000] {processor.py:161} INFO - Started process (PID=288) to work on /home/airflow/.local/lib/python3.8/site-packages/airflow/example_dags/example_branch_python_dop_operator_3.py
[2023-12-19T03:27:14.624+0000] {processor.py:830} INFO - Processing file /home/airflow/.local/lib/python3.8/site-packages/airflow/example_dags/example_branch_python_dop_operator_3.py for tasks to queue
[2023-12-19T03:27:14.626+0000] {logging_mixin.py:188} INFO - [2023-12-19T03:27:14.625+0000] {dagbag.py:538} INFO - Filling up the DagBag from /home/airflow/.local/lib/python3.8/site-packages/airflow/example_dags/example_branch_python_dop_operator_3.py
[2023-12-19T03:27:14.632+0000] {processor.py:840} INFO - DAG(s) 'example_branch_dop_operator_v3' retrieved from /home/airflow/.local/lib/python3.8/site-packages/airflow/example_dags/example_branch_python_dop_operator_3.py
[2023-12-19T03:27:14.657+0000] {logging_mixin.py:188} INFO - [2023-12-19T03:27:14.657+0000] {dag.py:3033} INFO - Sync 1 DAGs
[2023-12-19T03:27:14.687+0000] {logging_mixin.py:188} INFO - [2023-12-19T03:27:14.686+0000] {dag.py:3820} INFO - Setting next_dagrun for example_branch_dop_operator_v3 to 2023-12-19T03:26:00+00:00, run_after=2023-12-19T03:27:00+00:00
[2023-12-19T03:27:14.700+0000] {processor.py:183} INFO - Processing /home/airflow/.local/lib/python3.8/site-packages/airflow/example_dags/example_branch_python_dop_operator_3.py took 0.081 seconds
[2023-12-19T03:27:45.027+0000] {processor.py:161} INFO - Started process (PID=343) to work on /home/airflow/.local/lib/python3.8/site-packages/airflow/example_dags/example_branch_python_dop_operator_3.py
[2023-12-19T03:27:45.028+0000] {processor.py:830} INFO - Processing file /home/airflow/.local/lib/python3.8/site-packages/airflow/example_dags/example_branch_python_dop_operator_3.py for tasks to queue
[2023-12-19T03:27:45.030+0000] {logging_mixin.py:188} INFO - [2023-12-19T03:27:45.029+0000] {dagbag.py:538} INFO - Filling up the DagBag from /home/airflow/.local/lib/python3.8/site-packages/airflow/example_dags/example_branch_python_dop_operator_3.py
[2023-12-19T03:27:45.036+0000] {processor.py:840} INFO - DAG(s) 'example_branch_dop_operator_v3' retrieved from /home/airflow/.local/lib/python3.8/site-packages/airflow/example_dags/example_branch_python_dop_operator_3.py
[2023-12-19T03:27:45.052+0000] {logging_mixin.py:188} INFO - [2023-12-19T03:27:45.051+0000] {dag.py:3033} INFO - Sync 1 DAGs
[2023-12-19T03:27:45.066+0000] {logging_mixin.py:188} INFO - [2023-12-19T03:27:45.066+0000] {dag.py:3820} INFO - Setting next_dagrun for example_branch_dop_operator_v3 to 2023-12-19T03:26:00+00:00, run_after=2023-12-19T03:27:00+00:00
[2023-12-19T03:27:45.075+0000] {processor.py:183} INFO - Processing /home/airflow/.local/lib/python3.8/site-packages/airflow/example_dags/example_branch_python_dop_operator_3.py took 0.051 seconds
[2023-12-19T03:28:15.202+0000] {processor.py:161} INFO - Started process (PID=398) to work on /home/airflow/.local/lib/python3.8/site-packages/airflow/example_dags/example_branch_python_dop_operator_3.py
[2023-12-19T03:28:15.204+0000] {processor.py:830} INFO - Processing file /home/airflow/.local/lib/python3.8/site-packages/airflow/example_dags/example_branch_python_dop_operator_3.py for tasks to queue
[2023-12-19T03:28:15.205+0000] {logging_mixin.py:188} INFO - [2023-12-19T03:28:15.205+0000] {dagbag.py:538} INFO - Filling up the DagBag from /home/airflow/.local/lib/python3.8/site-packages/airflow/example_dags/example_branch_python_dop_operator_3.py
[2023-12-19T03:28:15.212+0000] {processor.py:840} INFO - DAG(s) 'example_branch_dop_operator_v3' retrieved from /home/airflow/.local/lib/python3.8/site-packages/airflow/example_dags/example_branch_python_dop_operator_3.py
[2023-12-19T03:28:15.226+0000] {logging_mixin.py:188} INFO - [2023-12-19T03:28:15.226+0000] {dag.py:3033} INFO - Sync 1 DAGs
[2023-12-19T03:28:15.239+0000] {logging_mixin.py:188} INFO - [2023-12-19T03:28:15.239+0000] {dag.py:3820} INFO - Setting next_dagrun for example_branch_dop_operator_v3 to 2023-12-19T03:27:00+00:00, run_after=2023-12-19T03:28:00+00:00
[2023-12-19T03:28:15.247+0000] {processor.py:183} INFO - Processing /home/airflow/.local/lib/python3.8/site-packages/airflow/example_dags/example_branch_python_dop_operator_3.py took 0.048 seconds
[2023-12-19T03:28:45.477+0000] {processor.py:161} INFO - Started process (PID=453) to work on /home/airflow/.local/lib/python3.8/site-packages/airflow/example_dags/example_branch_python_dop_operator_3.py
[2023-12-19T03:28:45.478+0000] {processor.py:830} INFO - Processing file /home/airflow/.local/lib/python3.8/site-packages/airflow/example_dags/example_branch_python_dop_operator_3.py for tasks to queue
[2023-12-19T03:28:45.480+0000] {logging_mixin.py:188} INFO - [2023-12-19T03:28:45.480+0000] {dagbag.py:538} INFO - Filling up the DagBag from /home/airflow/.local/lib/python3.8/site-packages/airflow/example_dags/example_branch_python_dop_operator_3.py
[2023-12-19T03:28:45.486+0000] {processor.py:840} INFO - DAG(s) 'example_branch_dop_operator_v3' retrieved from /home/airflow/.local/lib/python3.8/site-packages/airflow/example_dags/example_branch_python_dop_operator_3.py
[2023-12-19T03:28:45.501+0000] {logging_mixin.py:188} INFO - [2023-12-19T03:28:45.500+0000] {dag.py:3033} INFO - Sync 1 DAGs
[2023-12-19T03:28:45.514+0000] {logging_mixin.py:188} INFO - [2023-12-19T03:28:45.513+0000] {dag.py:3820} INFO - Setting next_dagrun for example_branch_dop_operator_v3 to 2023-12-19T03:27:00+00:00, run_after=2023-12-19T03:28:00+00:00
[2023-12-19T03:28:45.522+0000] {processor.py:183} INFO - Processing /home/airflow/.local/lib/python3.8/site-packages/airflow/example_dags/example_branch_python_dop_operator_3.py took 0.048 seconds
[2023-12-19T03:29:15.885+0000] {processor.py:161} INFO - Started process (PID=508) to work on /home/airflow/.local/lib/python3.8/site-packages/airflow/example_dags/example_branch_python_dop_operator_3.py
[2023-12-19T03:29:15.886+0000] {processor.py:830} INFO - Processing file /home/airflow/.local/lib/python3.8/site-packages/airflow/example_dags/example_branch_python_dop_operator_3.py for tasks to queue
[2023-12-19T03:29:15.888+0000] {logging_mixin.py:188} INFO - [2023-12-19T03:29:15.888+0000] {dagbag.py:538} INFO - Filling up the DagBag from /home/airflow/.local/lib/python3.8/site-packages/airflow/example_dags/example_branch_python_dop_operator_3.py
[2023-12-19T03:29:15.896+0000] {processor.py:840} INFO - DAG(s) 'example_branch_dop_operator_v3' retrieved from /home/airflow/.local/lib/python3.8/site-packages/airflow/example_dags/example_branch_python_dop_operator_3.py
[2023-12-19T03:29:15.933+0000] {logging_mixin.py:188} INFO - [2023-12-19T03:29:15.933+0000] {dag.py:3033} INFO - Sync 1 DAGs
[2023-12-19T03:29:15.952+0000] {logging_mixin.py:188} INFO - [2023-12-19T03:29:15.951+0000] {dag.py:3820} INFO - Setting next_dagrun for example_branch_dop_operator_v3 to 2023-12-19T03:28:00+00:00, run_after=2023-12-19T03:29:00+00:00
[2023-12-19T03:29:15.966+0000] {processor.py:183} INFO - Processing /home/airflow/.local/lib/python3.8/site-packages/airflow/example_dags/example_branch_python_dop_operator_3.py took 0.084 seconds
[2023-12-19T03:29:46.018+0000] {processor.py:161} INFO - Started process (PID=563) to work on /home/airflow/.local/lib/python3.8/site-packages/airflow/example_dags/example_branch_python_dop_operator_3.py
[2023-12-19T03:29:46.019+0000] {processor.py:830} INFO - Processing file /home/airflow/.local/lib/python3.8/site-packages/airflow/example_dags/example_branch_python_dop_operator_3.py for tasks to queue
[2023-12-19T03:29:46.021+0000] {logging_mixin.py:188} INFO - [2023-12-19T03:29:46.020+0000] {dagbag.py:538} INFO - Filling up the DagBag from /home/airflow/.local/lib/python3.8/site-packages/airflow/example_dags/example_branch_python_dop_operator_3.py
[2023-12-19T03:29:46.026+0000] {processor.py:840} INFO - DAG(s) 'example_branch_dop_operator_v3' retrieved from /home/airflow/.local/lib/python3.8/site-packages/airflow/example_dags/example_branch_python_dop_operator_3.py
[2023-12-19T03:29:46.040+0000] {logging_mixin.py:188} INFO - [2023-12-19T03:29:46.040+0000] {dag.py:3033} INFO - Sync 1 DAGs
[2023-12-19T03:29:46.053+0000] {logging_mixin.py:188} INFO - [2023-12-19T03:29:46.053+0000] {dag.py:3820} INFO - Setting next_dagrun for example_branch_dop_operator_v3 to 2023-12-19T03:28:00+00:00, run_after=2023-12-19T03:29:00+00:00
[2023-12-19T03:29:46.061+0000] {processor.py:183} INFO - Processing /home/airflow/.local/lib/python3.8/site-packages/airflow/example_dags/example_branch_python_dop_operator_3.py took 0.046 seconds
[2023-12-19T03:30:16.305+0000] {processor.py:161} INFO - Started process (PID=618) to work on /home/airflow/.local/lib/python3.8/site-packages/airflow/example_dags/example_branch_python_dop_operator_3.py
[2023-12-19T03:30:16.306+0000] {processor.py:830} INFO - Processing file /home/airflow/.local/lib/python3.8/site-packages/airflow/example_dags/example_branch_python_dop_operator_3.py for tasks to queue
[2023-12-19T03:30:16.308+0000] {logging_mixin.py:188} INFO - [2023-12-19T03:30:16.307+0000] {dagbag.py:538} INFO - Filling up the DagBag from /home/airflow/.local/lib/python3.8/site-packages/airflow/example_dags/example_branch_python_dop_operator_3.py
[2023-12-19T03:30:16.314+0000] {processor.py:840} INFO - DAG(s) 'example_branch_dop_operator_v3' retrieved from /home/airflow/.local/lib/python3.8/site-packages/airflow/example_dags/example_branch_python_dop_operator_3.py
[2023-12-19T03:30:16.328+0000] {logging_mixin.py:188} INFO - [2023-12-19T03:30:16.328+0000] {dag.py:3033} INFO - Sync 1 DAGs
[2023-12-19T03:30:16.341+0000] {logging_mixin.py:188} INFO - [2023-12-19T03:30:16.341+0000] {dag.py:3820} INFO - Setting next_dagrun for example_branch_dop_operator_v3 to 2023-12-19T03:29:00+00:00, run_after=2023-12-19T03:30:00+00:00
[2023-12-19T03:30:16.350+0000] {processor.py:183} INFO - Processing /home/airflow/.local/lib/python3.8/site-packages/airflow/example_dags/example_branch_python_dop_operator_3.py took 0.048 seconds
[2023-12-19T03:30:46.464+0000] {processor.py:161} INFO - Started process (PID=673) to work on /home/airflow/.local/lib/python3.8/site-packages/airflow/example_dags/example_branch_python_dop_operator_3.py
[2023-12-19T03:30:46.465+0000] {processor.py:830} INFO - Processing file /home/airflow/.local/lib/python3.8/site-packages/airflow/example_dags/example_branch_python_dop_operator_3.py for tasks to queue
[2023-12-19T03:30:46.467+0000] {logging_mixin.py:188} INFO - [2023-12-19T03:30:46.467+0000] {dagbag.py:538} INFO - Filling up the DagBag from /home/airflow/.local/lib/python3.8/site-packages/airflow/example_dags/example_branch_python_dop_operator_3.py
[2023-12-19T03:30:46.473+0000] {processor.py:840} INFO - DAG(s) 'example_branch_dop_operator_v3' retrieved from /home/airflow/.local/lib/python3.8/site-packages/airflow/example_dags/example_branch_python_dop_operator_3.py
[2023-12-19T03:30:46.488+0000] {logging_mixin.py:188} INFO - [2023-12-19T03:30:46.488+0000] {dag.py:3033} INFO - Sync 1 DAGs
[2023-12-19T03:30:46.501+0000] {logging_mixin.py:188} INFO - [2023-12-19T03:30:46.501+0000] {dag.py:3820} INFO - Setting next_dagrun for example_branch_dop_operator_v3 to 2023-12-19T03:29:00+00:00, run_after=2023-12-19T03:30:00+00:00
[2023-12-19T03:30:46.510+0000] {processor.py:183} INFO - Processing /home/airflow/.local/lib/python3.8/site-packages/airflow/example_dags/example_branch_python_dop_operator_3.py took 0.048 seconds
[2023-12-19T03:31:16.619+0000] {processor.py:161} INFO - Started process (PID=728) to work on /home/airflow/.local/lib/python3.8/site-packages/airflow/example_dags/example_branch_python_dop_operator_3.py
[2023-12-19T03:31:16.620+0000] {processor.py:830} INFO - Processing file /home/airflow/.local/lib/python3.8/site-packages/airflow/example_dags/example_branch_python_dop_operator_3.py for tasks to queue
[2023-12-19T03:31:16.622+0000] {logging_mixin.py:188} INFO - [2023-12-19T03:31:16.621+0000] {dagbag.py:538} INFO - Filling up the DagBag from /home/airflow/.local/lib/python3.8/site-packages/airflow/example_dags/example_branch_python_dop_operator_3.py
[2023-12-19T03:31:16.628+0000] {processor.py:840} INFO - DAG(s) 'example_branch_dop_operator_v3' retrieved from /home/airflow/.local/lib/python3.8/site-packages/airflow/example_dags/example_branch_python_dop_operator_3.py
[2023-12-19T03:31:16.643+0000] {logging_mixin.py:188} INFO - [2023-12-19T03:31:16.642+0000] {dag.py:3033} INFO - Sync 1 DAGs
[2023-12-19T03:31:16.657+0000] {logging_mixin.py:188} INFO - [2023-12-19T03:31:16.656+0000] {dag.py:3820} INFO - Setting next_dagrun for example_branch_dop_operator_v3 to 2023-12-19T03:30:00+00:00, run_after=2023-12-19T03:31:00+00:00
[2023-12-19T03:31:16.665+0000] {processor.py:183} INFO - Processing /home/airflow/.local/lib/python3.8/site-packages/airflow/example_dags/example_branch_python_dop_operator_3.py took 0.049 seconds
[2023-12-19T03:31:46.735+0000] {processor.py:161} INFO - Started process (PID=783) to work on /home/airflow/.local/lib/python3.8/site-packages/airflow/example_dags/example_branch_python_dop_operator_3.py
[2023-12-19T03:31:46.736+0000] {processor.py:830} INFO - Processing file /home/airflow/.local/lib/python3.8/site-packages/airflow/example_dags/example_branch_python_dop_operator_3.py for tasks to queue
[2023-12-19T03:31:46.738+0000] {logging_mixin.py:188} INFO - [2023-12-19T03:31:46.737+0000] {dagbag.py:538} INFO - Filling up the DagBag from /home/airflow/.local/lib/python3.8/site-packages/airflow/example_dags/example_branch_python_dop_operator_3.py
[2023-12-19T03:31:46.743+0000] {processor.py:840} INFO - DAG(s) 'example_branch_dop_operator_v3' retrieved from /home/airflow/.local/lib/python3.8/site-packages/airflow/example_dags/example_branch_python_dop_operator_3.py
[2023-12-19T03:31:46.758+0000] {logging_mixin.py:188} INFO - [2023-12-19T03:31:46.758+0000] {dag.py:3033} INFO - Sync 1 DAGs
[2023-12-19T03:31:46.772+0000] {logging_mixin.py:188} INFO - [2023-12-19T03:31:46.772+0000] {dag.py:3820} INFO - Setting next_dagrun for example_branch_dop_operator_v3 to 2023-12-19T03:30:00+00:00, run_after=2023-12-19T03:31:00+00:00
[2023-12-19T03:31:46.781+0000] {processor.py:183} INFO - Processing /home/airflow/.local/lib/python3.8/site-packages/airflow/example_dags/example_branch_python_dop_operator_3.py took 0.049 seconds
[2023-12-19T03:32:17.046+0000] {processor.py:161} INFO - Started process (PID=838) to work on /home/airflow/.local/lib/python3.8/site-packages/airflow/example_dags/example_branch_python_dop_operator_3.py
[2023-12-19T03:32:17.047+0000] {processor.py:830} INFO - Processing file /home/airflow/.local/lib/python3.8/site-packages/airflow/example_dags/example_branch_python_dop_operator_3.py for tasks to queue
[2023-12-19T03:32:17.049+0000] {logging_mixin.py:188} INFO - [2023-12-19T03:32:17.048+0000] {dagbag.py:538} INFO - Filling up the DagBag from /home/airflow/.local/lib/python3.8/site-packages/airflow/example_dags/example_branch_python_dop_operator_3.py
[2023-12-19T03:32:17.054+0000] {processor.py:840} INFO - DAG(s) 'example_branch_dop_operator_v3' retrieved from /home/airflow/.local/lib/python3.8/site-packages/airflow/example_dags/example_branch_python_dop_operator_3.py
[2023-12-19T03:32:17.069+0000] {logging_mixin.py:188} INFO - [2023-12-19T03:32:17.069+0000] {dag.py:3033} INFO - Sync 1 DAGs
[2023-12-19T03:32:17.082+0000] {logging_mixin.py:188} INFO - [2023-12-19T03:32:17.082+0000] {dag.py:3820} INFO - Setting next_dagrun for example_branch_dop_operator_v3 to 2023-12-19T03:31:00+00:00, run_after=2023-12-19T03:32:00+00:00
[2023-12-19T03:32:17.090+0000] {processor.py:183} INFO - Processing /home/airflow/.local/lib/python3.8/site-packages/airflow/example_dags/example_branch_python_dop_operator_3.py took 0.048 seconds
[2023-12-19T03:32:47.390+0000] {processor.py:161} INFO - Started process (PID=893) to work on /home/airflow/.local/lib/python3.8/site-packages/airflow/example_dags/example_branch_python_dop_operator_3.py
[2023-12-19T03:32:47.391+0000] {processor.py:830} INFO - Processing file /home/airflow/.local/lib/python3.8/site-packages/airflow/example_dags/example_branch_python_dop_operator_3.py for tasks to queue
[2023-12-19T03:32:47.393+0000] {logging_mixin.py:188} INFO - [2023-12-19T03:32:47.393+0000] {dagbag.py:538} INFO - Filling up the DagBag from /home/airflow/.local/lib/python3.8/site-packages/airflow/example_dags/example_branch_python_dop_operator_3.py
[2023-12-19T03:32:47.399+0000] {processor.py:840} INFO - DAG(s) 'example_branch_dop_operator_v3' retrieved from /home/airflow/.local/lib/python3.8/site-packages/airflow/example_dags/example_branch_python_dop_operator_3.py
[2023-12-19T03:32:47.413+0000] {logging_mixin.py:188} INFO - [2023-12-19T03:32:47.413+0000] {dag.py:3033} INFO - Sync 1 DAGs
[2023-12-19T03:32:47.427+0000] {logging_mixin.py:188} INFO - [2023-12-19T03:32:47.427+0000] {dag.py:3820} INFO - Setting next_dagrun for example_branch_dop_operator_v3 to 2023-12-19T03:31:00+00:00, run_after=2023-12-19T03:32:00+00:00
[2023-12-19T03:32:47.436+0000] {processor.py:183} INFO - Processing /home/airflow/.local/lib/python3.8/site-packages/airflow/example_dags/example_branch_python_dop_operator_3.py took 0.049 seconds
[2023-12-19T03:33:17.668+0000] {processor.py:161} INFO - Started process (PID=948) to work on /home/airflow/.local/lib/python3.8/site-packages/airflow/example_dags/example_branch_python_dop_operator_3.py
[2023-12-19T03:33:17.669+0000] {processor.py:830} INFO - Processing file /home/airflow/.local/lib/python3.8/site-packages/airflow/example_dags/example_branch_python_dop_operator_3.py for tasks to queue
[2023-12-19T03:33:17.671+0000] {logging_mixin.py:188} INFO - [2023-12-19T03:33:17.671+0000] {dagbag.py:538} INFO - Filling up the DagBag from /home/airflow/.local/lib/python3.8/site-packages/airflow/example_dags/example_branch_python_dop_operator_3.py
[2023-12-19T03:33:17.676+0000] {processor.py:840} INFO - DAG(s) 'example_branch_dop_operator_v3' retrieved from /home/airflow/.local/lib/python3.8/site-packages/airflow/example_dags/example_branch_python_dop_operator_3.py
[2023-12-19T03:33:17.691+0000] {logging_mixin.py:188} INFO - [2023-12-19T03:33:17.691+0000] {dag.py:3033} INFO - Sync 1 DAGs
[2023-12-19T03:33:17.705+0000] {logging_mixin.py:188} INFO - [2023-12-19T03:33:17.705+0000] {dag.py:3820} INFO - Setting next_dagrun for example_branch_dop_operator_v3 to 2023-12-19T03:32:00+00:00, run_after=2023-12-19T03:33:00+00:00
[2023-12-19T03:33:17.714+0000] {processor.py:183} INFO - Processing /home/airflow/.local/lib/python3.8/site-packages/airflow/example_dags/example_branch_python_dop_operator_3.py took 0.048 seconds
[2023-12-19T03:33:47.927+0000] {processor.py:161} INFO - Started process (PID=1003) to work on /home/airflow/.local/lib/python3.8/site-packages/airflow/example_dags/example_branch_python_dop_operator_3.py
[2023-12-19T03:33:47.928+0000] {processor.py:830} INFO - Processing file /home/airflow/.local/lib/python3.8/site-packages/airflow/example_dags/example_branch_python_dop_operator_3.py for tasks to queue
[2023-12-19T03:33:47.929+0000] {logging_mixin.py:188} INFO - [2023-12-19T03:33:47.929+0000] {dagbag.py:538} INFO - Filling up the DagBag from /home/airflow/.local/lib/python3.8/site-packages/airflow/example_dags/example_branch_python_dop_operator_3.py
[2023-12-19T03:33:47.935+0000] {processor.py:840} INFO - DAG(s) 'example_branch_dop_operator_v3' retrieved from /home/airflow/.local/lib/python3.8/site-packages/airflow/example_dags/example_branch_python_dop_operator_3.py
[2023-12-19T03:33:47.949+0000] {logging_mixin.py:188} INFO - [2023-12-19T03:33:47.949+0000] {dag.py:3033} INFO - Sync 1 DAGs
[2023-12-19T03:33:47.962+0000] {logging_mixin.py:188} INFO - [2023-12-19T03:33:47.962+0000] {dag.py:3820} INFO - Setting next_dagrun for example_branch_dop_operator_v3 to 2023-12-19T03:32:00+00:00, run_after=2023-12-19T03:33:00+00:00
[2023-12-19T03:33:47.971+0000] {processor.py:183} INFO - Processing /home/airflow/.local/lib/python3.8/site-packages/airflow/example_dags/example_branch_python_dop_operator_3.py took 0.047 seconds
[2023-12-19T03:34:18.287+0000] {processor.py:161} INFO - Started process (PID=1058) to work on /home/airflow/.local/lib/python3.8/site-packages/airflow/example_dags/example_branch_python_dop_operator_3.py
[2023-12-19T03:34:18.288+0000] {processor.py:830} INFO - Processing file /home/airflow/.local/lib/python3.8/site-packages/airflow/example_dags/example_branch_python_dop_operator_3.py for tasks to queue
[2023-12-19T03:34:18.290+0000] {logging_mixin.py:188} INFO - [2023-12-19T03:34:18.289+0000] {dagbag.py:538} INFO - Filling up the DagBag from /home/airflow/.local/lib/python3.8/site-packages/airflow/example_dags/example_branch_python_dop_operator_3.py
[2023-12-19T03:34:18.295+0000] {processor.py:840} INFO - DAG(s) 'example_branch_dop_operator_v3' retrieved from /home/airflow/.local/lib/python3.8/site-packages/airflow/example_dags/example_branch_python_dop_operator_3.py
[2023-12-19T03:34:18.309+0000] {logging_mixin.py:188} INFO - [2023-12-19T03:34:18.308+0000] {dag.py:3033} INFO - Sync 1 DAGs
[2023-12-19T03:34:18.321+0000] {logging_mixin.py:188} INFO - [2023-12-19T03:34:18.321+0000] {dag.py:3820} INFO - Setting next_dagrun for example_branch_dop_operator_v3 to 2023-12-19T03:33:00+00:00, run_after=2023-12-19T03:34:00+00:00
[2023-12-19T03:34:18.330+0000] {processor.py:183} INFO - Processing /home/airflow/.local/lib/python3.8/site-packages/airflow/example_dags/example_branch_python_dop_operator_3.py took 0.045 seconds
[2023-12-19T03:34:48.652+0000] {processor.py:161} INFO - Started process (PID=1113) to work on /home/airflow/.local/lib/python3.8/site-packages/airflow/example_dags/example_branch_python_dop_operator_3.py
[2023-12-19T03:34:48.653+0000] {processor.py:830} INFO - Processing file /home/airflow/.local/lib/python3.8/site-packages/airflow/example_dags/example_branch_python_dop_operator_3.py for tasks to queue
[2023-12-19T03:34:48.655+0000] {logging_mixin.py:188} INFO - [2023-12-19T03:34:48.654+0000] {dagbag.py:538} INFO - Filling up the DagBag from /home/airflow/.local/lib/python3.8/site-packages/airflow/example_dags/example_branch_python_dop_operator_3.py
[2023-12-19T03:34:48.661+0000] {processor.py:840} INFO - DAG(s) 'example_branch_dop_operator_v3' retrieved from /home/airflow/.local/lib/python3.8/site-packages/airflow/example_dags/example_branch_python_dop_operator_3.py
[2023-12-19T03:34:48.674+0000] {logging_mixin.py:188} INFO - [2023-12-19T03:34:48.674+0000] {dag.py:3033} INFO - Sync 1 DAGs
[2023-12-19T03:34:48.687+0000] {logging_mixin.py:188} INFO - [2023-12-19T03:34:48.687+0000] {dag.py:3820} INFO - Setting next_dagrun for example_branch_dop_operator_v3 to 2023-12-19T03:33:00+00:00, run_after=2023-12-19T03:34:00+00:00
[2023-12-19T03:34:48.696+0000] {processor.py:183} INFO - Processing /home/airflow/.local/lib/python3.8/site-packages/airflow/example_dags/example_branch_python_dop_operator_3.py took 0.047 seconds
[2023-12-19T03:35:18.797+0000] {processor.py:161} INFO - Started process (PID=1168) to work on /home/airflow/.local/lib/python3.8/site-packages/airflow/example_dags/example_branch_python_dop_operator_3.py
[2023-12-19T03:35:18.798+0000] {processor.py:830} INFO - Processing file /home/airflow/.local/lib/python3.8/site-packages/airflow/example_dags/example_branch_python_dop_operator_3.py for tasks to queue
[2023-12-19T03:35:18.800+0000] {logging_mixin.py:188} INFO - [2023-12-19T03:35:18.800+0000] {dagbag.py:538} INFO - Filling up the DagBag from /home/airflow/.local/lib/python3.8/site-packages/airflow/example_dags/example_branch_python_dop_operator_3.py
[2023-12-19T03:35:18.805+0000] {processor.py:840} INFO - DAG(s) 'example_branch_dop_operator_v3' retrieved from /home/airflow/.local/lib/python3.8/site-packages/airflow/example_dags/example_branch_python_dop_operator_3.py
[2023-12-19T03:35:18.818+0000] {logging_mixin.py:188} INFO - [2023-12-19T03:35:18.818+0000] {dag.py:3033} INFO - Sync 1 DAGs
[2023-12-19T03:35:18.831+0000] {logging_mixin.py:188} INFO - [2023-12-19T03:35:18.831+0000] {dag.py:3820} INFO - Setting next_dagrun for example_branch_dop_operator_v3 to 2023-12-19T03:34:00+00:00, run_after=2023-12-19T03:35:00+00:00
[2023-12-19T03:35:18.839+0000] {processor.py:183} INFO - Processing /home/airflow/.local/lib/python3.8/site-packages/airflow/example_dags/example_branch_python_dop_operator_3.py took 0.045 seconds
[2023-12-19T03:35:49.114+0000] {processor.py:161} INFO - Started process (PID=1223) to work on /home/airflow/.local/lib/python3.8/site-packages/airflow/example_dags/example_branch_python_dop_operator_3.py
[2023-12-19T03:35:49.115+0000] {processor.py:830} INFO - Processing file /home/airflow/.local/lib/python3.8/site-packages/airflow/example_dags/example_branch_python_dop_operator_3.py for tasks to queue
[2023-12-19T03:35:49.116+0000] {logging_mixin.py:188} INFO - [2023-12-19T03:35:49.116+0000] {dagbag.py:538} INFO - Filling up the DagBag from /home/airflow/.local/lib/python3.8/site-packages/airflow/example_dags/example_branch_python_dop_operator_3.py
[2023-12-19T03:35:49.122+0000] {processor.py:840} INFO - DAG(s) 'example_branch_dop_operator_v3' retrieved from /home/airflow/.local/lib/python3.8/site-packages/airflow/example_dags/example_branch_python_dop_operator_3.py
[2023-12-19T03:35:49.136+0000] {logging_mixin.py:188} INFO - [2023-12-19T03:35:49.136+0000] {dag.py:3033} INFO - Sync 1 DAGs
[2023-12-19T03:35:49.149+0000] {logging_mixin.py:188} INFO - [2023-12-19T03:35:49.149+0000] {dag.py:3820} INFO - Setting next_dagrun for example_branch_dop_operator_v3 to 2023-12-19T03:34:00+00:00, run_after=2023-12-19T03:35:00+00:00
[2023-12-19T03:35:49.157+0000] {processor.py:183} INFO - Processing /home/airflow/.local/lib/python3.8/site-packages/airflow/example_dags/example_branch_python_dop_operator_3.py took 0.046 seconds
[2023-12-19T03:36:19.421+0000] {processor.py:161} INFO - Started process (PID=1278) to work on /home/airflow/.local/lib/python3.8/site-packages/airflow/example_dags/example_branch_python_dop_operator_3.py
[2023-12-19T03:36:19.422+0000] {processor.py:830} INFO - Processing file /home/airflow/.local/lib/python3.8/site-packages/airflow/example_dags/example_branch_python_dop_operator_3.py for tasks to queue
[2023-12-19T03:36:19.424+0000] {logging_mixin.py:188} INFO - [2023-12-19T03:36:19.423+0000] {dagbag.py:538} INFO - Filling up the DagBag from /home/airflow/.local/lib/python3.8/site-packages/airflow/example_dags/example_branch_python_dop_operator_3.py
[2023-12-19T03:36:19.430+0000] {processor.py:840} INFO - DAG(s) 'example_branch_dop_operator_v3' retrieved from /home/airflow/.local/lib/python3.8/site-packages/airflow/example_dags/example_branch_python_dop_operator_3.py
[2023-12-19T03:36:19.444+0000] {logging_mixin.py:188} INFO - [2023-12-19T03:36:19.444+0000] {dag.py:3033} INFO - Sync 1 DAGs
[2023-12-19T03:36:19.458+0000] {logging_mixin.py:188} INFO - [2023-12-19T03:36:19.458+0000] {dag.py:3820} INFO - Setting next_dagrun for example_branch_dop_operator_v3 to 2023-12-19T03:35:00+00:00, run_after=2023-12-19T03:36:00+00:00
[2023-12-19T03:36:19.466+0000] {processor.py:183} INFO - Processing /home/airflow/.local/lib/python3.8/site-packages/airflow/example_dags/example_branch_python_dop_operator_3.py took 0.048 seconds
[2023-12-19T03:36:49.972+0000] {processor.py:161} INFO - Started process (PID=1333) to work on /home/airflow/.local/lib/python3.8/site-packages/airflow/example_dags/example_branch_python_dop_operator_3.py
[2023-12-19T03:36:49.973+0000] {processor.py:830} INFO - Processing file /home/airflow/.local/lib/python3.8/site-packages/airflow/example_dags/example_branch_python_dop_operator_3.py for tasks to queue
[2023-12-19T03:36:49.975+0000] {logging_mixin.py:188} INFO - [2023-12-19T03:36:49.975+0000] {dagbag.py:538} INFO - Filling up the DagBag from /home/airflow/.local/lib/python3.8/site-packages/airflow/example_dags/example_branch_python_dop_operator_3.py
[2023-12-19T03:36:49.981+0000] {processor.py:840} INFO - DAG(s) 'example_branch_dop_operator_v3' retrieved from /home/airflow/.local/lib/python3.8/site-packages/airflow/example_dags/example_branch_python_dop_operator_3.py
[2023-12-19T03:36:49.995+0000] {logging_mixin.py:188} INFO - [2023-12-19T03:36:49.995+0000] {dag.py:3033} INFO - Sync 1 DAGs
[2023-12-19T03:36:50.008+0000] {logging_mixin.py:188} INFO - [2023-12-19T03:36:50.008+0000] {dag.py:3820} INFO - Setting next_dagrun for example_branch_dop_operator_v3 to 2023-12-19T03:35:00+00:00, run_after=2023-12-19T03:36:00+00:00
[2023-12-19T03:36:50.017+0000] {processor.py:183} INFO - Processing /home/airflow/.local/lib/python3.8/site-packages/airflow/example_dags/example_branch_python_dop_operator_3.py took 0.047 seconds
[2023-12-19T03:37:20.304+0000] {processor.py:161} INFO - Started process (PID=1388) to work on /home/airflow/.local/lib/python3.8/site-packages/airflow/example_dags/example_branch_python_dop_operator_3.py
[2023-12-19T03:37:20.305+0000] {processor.py:830} INFO - Processing file /home/airflow/.local/lib/python3.8/site-packages/airflow/example_dags/example_branch_python_dop_operator_3.py for tasks to queue
[2023-12-19T03:37:20.307+0000] {logging_mixin.py:188} INFO - [2023-12-19T03:37:20.307+0000] {dagbag.py:538} INFO - Filling up the DagBag from /home/airflow/.local/lib/python3.8/site-packages/airflow/example_dags/example_branch_python_dop_operator_3.py
[2023-12-19T03:37:20.312+0000] {processor.py:840} INFO - DAG(s) 'example_branch_dop_operator_v3' retrieved from /home/airflow/.local/lib/python3.8/site-packages/airflow/example_dags/example_branch_python_dop_operator_3.py
[2023-12-19T03:37:20.326+0000] {logging_mixin.py:188} INFO - [2023-12-19T03:37:20.326+0000] {dag.py:3033} INFO - Sync 1 DAGs
[2023-12-19T03:37:20.340+0000] {logging_mixin.py:188} INFO - [2023-12-19T03:37:20.340+0000] {dag.py:3820} INFO - Setting next_dagrun for example_branch_dop_operator_v3 to 2023-12-19T03:36:00+00:00, run_after=2023-12-19T03:37:00+00:00
[2023-12-19T03:37:20.350+0000] {processor.py:183} INFO - Processing /home/airflow/.local/lib/python3.8/site-packages/airflow/example_dags/example_branch_python_dop_operator_3.py took 0.048 seconds
[2023-12-19T03:37:50.587+0000] {processor.py:161} INFO - Started process (PID=1443) to work on /home/airflow/.local/lib/python3.8/site-packages/airflow/example_dags/example_branch_python_dop_operator_3.py
[2023-12-19T03:37:50.589+0000] {processor.py:830} INFO - Processing file /home/airflow/.local/lib/python3.8/site-packages/airflow/example_dags/example_branch_python_dop_operator_3.py for tasks to queue
[2023-12-19T03:37:50.590+0000] {logging_mixin.py:188} INFO - [2023-12-19T03:37:50.590+0000] {dagbag.py:538} INFO - Filling up the DagBag from /home/airflow/.local/lib/python3.8/site-packages/airflow/example_dags/example_branch_python_dop_operator_3.py
[2023-12-19T03:37:50.596+0000] {processor.py:840} INFO - DAG(s) 'example_branch_dop_operator_v3' retrieved from /home/airflow/.local/lib/python3.8/site-packages/airflow/example_dags/example_branch_python_dop_operator_3.py
[2023-12-19T03:37:50.611+0000] {logging_mixin.py:188} INFO - [2023-12-19T03:37:50.611+0000] {dag.py:3033} INFO - Sync 1 DAGs
[2023-12-19T03:37:50.624+0000] {logging_mixin.py:188} INFO - [2023-12-19T03:37:50.624+0000] {dag.py:3820} INFO - Setting next_dagrun for example_branch_dop_operator_v3 to 2023-12-19T03:36:00+00:00, run_after=2023-12-19T03:37:00+00:00
[2023-12-19T03:37:50.634+0000] {processor.py:183} INFO - Processing /home/airflow/.local/lib/python3.8/site-packages/airflow/example_dags/example_branch_python_dop_operator_3.py took 0.049 seconds
