[2023-12-19T03:23:35.265+0000] {processor.py:161} INFO - Started process (PID=54) to work on /home/airflow/.local/lib/python3.8/site-packages/airflow/example_dags/example_short_circuit_operator.py
[2023-12-19T03:23:35.266+0000] {processor.py:830} INFO - Processing file /home/airflow/.local/lib/python3.8/site-packages/airflow/example_dags/example_short_circuit_operator.py for tasks to queue
[2023-12-19T03:23:35.268+0000] {logging_mixin.py:188} INFO - [2023-12-19T03:23:35.268+0000] {dagbag.py:538} INFO - Filling up the DagBag from /home/airflow/.local/lib/python3.8/site-packages/airflow/example_dags/example_short_circuit_operator.py
[2023-12-19T03:23:35.279+0000] {processor.py:840} INFO - DAG(s) 'example_short_circuit_operator' retrieved from /home/airflow/.local/lib/python3.8/site-packages/airflow/example_dags/example_short_circuit_operator.py
[2023-12-19T03:23:35.293+0000] {logging_mixin.py:188} INFO - [2023-12-19T03:23:35.293+0000] {dag.py:3033} INFO - Sync 1 DAGs
[2023-12-19T03:23:35.312+0000] {logging_mixin.py:188} INFO - [2023-12-19T03:23:35.312+0000] {dag.py:3820} INFO - Setting next_dagrun for example_short_circuit_operator to 2023-12-18T00:00:00+00:00, run_after=2023-12-19T00:00:00+00:00
[2023-12-19T03:23:35.328+0000] {processor.py:183} INFO - Processing /home/airflow/.local/lib/python3.8/site-packages/airflow/example_dags/example_short_circuit_operator.py took 0.066 seconds
[2023-12-19T03:24:05.797+0000] {processor.py:161} INFO - Started process (PID=109) to work on /home/airflow/.local/lib/python3.8/site-packages/airflow/example_dags/example_short_circuit_operator.py
[2023-12-19T03:24:05.797+0000] {processor.py:830} INFO - Processing file /home/airflow/.local/lib/python3.8/site-packages/airflow/example_dags/example_short_circuit_operator.py for tasks to queue
[2023-12-19T03:24:05.799+0000] {logging_mixin.py:188} INFO - [2023-12-19T03:24:05.799+0000] {dagbag.py:538} INFO - Filling up the DagBag from /home/airflow/.local/lib/python3.8/site-packages/airflow/example_dags/example_short_circuit_operator.py
[2023-12-19T03:24:05.805+0000] {processor.py:840} INFO - DAG(s) 'example_short_circuit_operator' retrieved from /home/airflow/.local/lib/python3.8/site-packages/airflow/example_dags/example_short_circuit_operator.py
[2023-12-19T03:24:05.860+0000] {logging_mixin.py:188} INFO - [2023-12-19T03:24:05.860+0000] {dag.py:3033} INFO - Sync 1 DAGs
[2023-12-19T03:24:05.871+0000] {logging_mixin.py:188} INFO - [2023-12-19T03:24:05.871+0000] {dag.py:3820} INFO - Setting next_dagrun for example_short_circuit_operator to 2023-12-18T00:00:00+00:00, run_after=2023-12-19T00:00:00+00:00
[2023-12-19T03:24:05.881+0000] {processor.py:183} INFO - Processing /home/airflow/.local/lib/python3.8/site-packages/airflow/example_dags/example_short_circuit_operator.py took 0.086 seconds
[2023-12-19T03:24:39.228+0000] {processor.py:161} INFO - Started process (PID=53) to work on /home/airflow/.local/lib/python3.8/site-packages/airflow/example_dags/example_short_circuit_operator.py
[2023-12-19T03:24:39.229+0000] {processor.py:830} INFO - Processing file /home/airflow/.local/lib/python3.8/site-packages/airflow/example_dags/example_short_circuit_operator.py for tasks to queue
[2023-12-19T03:24:39.231+0000] {logging_mixin.py:188} INFO - [2023-12-19T03:24:39.231+0000] {dagbag.py:538} INFO - Filling up the DagBag from /home/airflow/.local/lib/python3.8/site-packages/airflow/example_dags/example_short_circuit_operator.py
[2023-12-19T03:24:39.237+0000] {processor.py:840} INFO - DAG(s) 'example_short_circuit_operator' retrieved from /home/airflow/.local/lib/python3.8/site-packages/airflow/example_dags/example_short_circuit_operator.py
[2023-12-19T03:24:39.255+0000] {logging_mixin.py:188} INFO - [2023-12-19T03:24:39.255+0000] {dag.py:3033} INFO - Sync 1 DAGs
[2023-12-19T03:24:39.267+0000] {logging_mixin.py:188} INFO - [2023-12-19T03:24:39.267+0000] {dag.py:3820} INFO - Setting next_dagrun for example_short_circuit_operator to 2023-12-18T00:00:00+00:00, run_after=2023-12-19T00:00:00+00:00
[2023-12-19T03:24:39.277+0000] {processor.py:183} INFO - Processing /home/airflow/.local/lib/python3.8/site-packages/airflow/example_dags/example_short_circuit_operator.py took 0.051 seconds
[2023-12-19T03:25:11.577+0000] {processor.py:161} INFO - Started process (PID=53) to work on /home/airflow/.local/lib/python3.8/site-packages/airflow/example_dags/example_short_circuit_operator.py
[2023-12-19T03:25:11.579+0000] {processor.py:830} INFO - Processing file /home/airflow/.local/lib/python3.8/site-packages/airflow/example_dags/example_short_circuit_operator.py for tasks to queue
[2023-12-19T03:25:11.581+0000] {logging_mixin.py:188} INFO - [2023-12-19T03:25:11.581+0000] {dagbag.py:538} INFO - Filling up the DagBag from /home/airflow/.local/lib/python3.8/site-packages/airflow/example_dags/example_short_circuit_operator.py
[2023-12-19T03:25:11.592+0000] {processor.py:840} INFO - DAG(s) 'example_short_circuit_operator' retrieved from /home/airflow/.local/lib/python3.8/site-packages/airflow/example_dags/example_short_circuit_operator.py
[2023-12-19T03:25:11.607+0000] {logging_mixin.py:188} INFO - [2023-12-19T03:25:11.606+0000] {dag.py:3033} INFO - Sync 1 DAGs
[2023-12-19T03:25:11.625+0000] {logging_mixin.py:188} INFO - [2023-12-19T03:25:11.625+0000] {dag.py:3820} INFO - Setting next_dagrun for example_short_circuit_operator to 2023-12-18T00:00:00+00:00, run_after=2023-12-19T00:00:00+00:00
[2023-12-19T03:25:11.638+0000] {processor.py:183} INFO - Processing /home/airflow/.local/lib/python3.8/site-packages/airflow/example_dags/example_short_circuit_operator.py took 0.066 seconds
[2023-12-19T03:25:42.417+0000] {processor.py:161} INFO - Started process (PID=107) to work on /home/airflow/.local/lib/python3.8/site-packages/airflow/example_dags/example_short_circuit_operator.py
[2023-12-19T03:25:42.418+0000] {processor.py:830} INFO - Processing file /home/airflow/.local/lib/python3.8/site-packages/airflow/example_dags/example_short_circuit_operator.py for tasks to queue
[2023-12-19T03:25:42.420+0000] {logging_mixin.py:188} INFO - [2023-12-19T03:25:42.420+0000] {dagbag.py:538} INFO - Filling up the DagBag from /home/airflow/.local/lib/python3.8/site-packages/airflow/example_dags/example_short_circuit_operator.py
[2023-12-19T03:25:42.425+0000] {processor.py:840} INFO - DAG(s) 'example_short_circuit_operator' retrieved from /home/airflow/.local/lib/python3.8/site-packages/airflow/example_dags/example_short_circuit_operator.py
[2023-12-19T03:25:42.477+0000] {logging_mixin.py:188} INFO - [2023-12-19T03:25:42.477+0000] {dag.py:3033} INFO - Sync 1 DAGs
[2023-12-19T03:25:42.487+0000] {logging_mixin.py:188} INFO - [2023-12-19T03:25:42.487+0000] {dag.py:3820} INFO - Setting next_dagrun for example_short_circuit_operator to 2023-12-18T00:00:00+00:00, run_after=2023-12-19T00:00:00+00:00
[2023-12-19T03:25:42.497+0000] {processor.py:183} INFO - Processing /home/airflow/.local/lib/python3.8/site-packages/airflow/example_dags/example_short_circuit_operator.py took 0.083 seconds
[2023-12-19T03:26:13.401+0000] {processor.py:161} INFO - Started process (PID=170) to work on /home/airflow/.local/lib/python3.8/site-packages/airflow/example_dags/example_short_circuit_operator.py
[2023-12-19T03:26:13.402+0000] {processor.py:830} INFO - Processing file /home/airflow/.local/lib/python3.8/site-packages/airflow/example_dags/example_short_circuit_operator.py for tasks to queue
[2023-12-19T03:26:13.404+0000] {logging_mixin.py:188} INFO - [2023-12-19T03:26:13.403+0000] {dagbag.py:538} INFO - Filling up the DagBag from /home/airflow/.local/lib/python3.8/site-packages/airflow/example_dags/example_short_circuit_operator.py
[2023-12-19T03:26:13.409+0000] {processor.py:840} INFO - DAG(s) 'example_short_circuit_operator' retrieved from /home/airflow/.local/lib/python3.8/site-packages/airflow/example_dags/example_short_circuit_operator.py
[2023-12-19T03:26:13.426+0000] {logging_mixin.py:188} INFO - [2023-12-19T03:26:13.426+0000] {dag.py:3033} INFO - Sync 1 DAGs
[2023-12-19T03:26:13.438+0000] {logging_mixin.py:188} INFO - [2023-12-19T03:26:13.438+0000] {dag.py:3820} INFO - Setting next_dagrun for example_short_circuit_operator to 2023-12-18T00:00:00+00:00, run_after=2023-12-19T00:00:00+00:00
[2023-12-19T03:26:13.448+0000] {processor.py:183} INFO - Processing /home/airflow/.local/lib/python3.8/site-packages/airflow/example_dags/example_short_circuit_operator.py took 0.050 seconds
[2023-12-19T03:26:43.595+0000] {processor.py:161} INFO - Started process (PID=225) to work on /home/airflow/.local/lib/python3.8/site-packages/airflow/example_dags/example_short_circuit_operator.py
[2023-12-19T03:26:43.597+0000] {processor.py:830} INFO - Processing file /home/airflow/.local/lib/python3.8/site-packages/airflow/example_dags/example_short_circuit_operator.py for tasks to queue
[2023-12-19T03:26:43.598+0000] {logging_mixin.py:188} INFO - [2023-12-19T03:26:43.598+0000] {dagbag.py:538} INFO - Filling up the DagBag from /home/airflow/.local/lib/python3.8/site-packages/airflow/example_dags/example_short_circuit_operator.py
[2023-12-19T03:26:43.604+0000] {processor.py:840} INFO - DAG(s) 'example_short_circuit_operator' retrieved from /home/airflow/.local/lib/python3.8/site-packages/airflow/example_dags/example_short_circuit_operator.py
[2023-12-19T03:26:43.622+0000] {logging_mixin.py:188} INFO - [2023-12-19T03:26:43.622+0000] {dag.py:3033} INFO - Sync 1 DAGs
[2023-12-19T03:26:43.635+0000] {logging_mixin.py:188} INFO - [2023-12-19T03:26:43.635+0000] {dag.py:3820} INFO - Setting next_dagrun for example_short_circuit_operator to 2023-12-18T00:00:00+00:00, run_after=2023-12-19T00:00:00+00:00
[2023-12-19T03:26:43.650+0000] {processor.py:183} INFO - Processing /home/airflow/.local/lib/python3.8/site-packages/airflow/example_dags/example_short_circuit_operator.py took 0.057 seconds
[2023-12-19T03:27:14.260+0000] {processor.py:161} INFO - Started process (PID=280) to work on /home/airflow/.local/lib/python3.8/site-packages/airflow/example_dags/example_short_circuit_operator.py
[2023-12-19T03:27:14.262+0000] {processor.py:830} INFO - Processing file /home/airflow/.local/lib/python3.8/site-packages/airflow/example_dags/example_short_circuit_operator.py for tasks to queue
[2023-12-19T03:27:14.264+0000] {logging_mixin.py:188} INFO - [2023-12-19T03:27:14.264+0000] {dagbag.py:538} INFO - Filling up the DagBag from /home/airflow/.local/lib/python3.8/site-packages/airflow/example_dags/example_short_circuit_operator.py
[2023-12-19T03:27:14.270+0000] {processor.py:840} INFO - DAG(s) 'example_short_circuit_operator' retrieved from /home/airflow/.local/lib/python3.8/site-packages/airflow/example_dags/example_short_circuit_operator.py
[2023-12-19T03:27:14.289+0000] {logging_mixin.py:188} INFO - [2023-12-19T03:27:14.288+0000] {dag.py:3033} INFO - Sync 1 DAGs
[2023-12-19T03:27:14.303+0000] {logging_mixin.py:188} INFO - [2023-12-19T03:27:14.303+0000] {dag.py:3820} INFO - Setting next_dagrun for example_short_circuit_operator to 2023-12-18T00:00:00+00:00, run_after=2023-12-19T00:00:00+00:00
[2023-12-19T03:27:14.316+0000] {processor.py:183} INFO - Processing /home/airflow/.local/lib/python3.8/site-packages/airflow/example_dags/example_short_circuit_operator.py took 0.059 seconds
[2023-12-19T03:27:44.734+0000] {processor.py:161} INFO - Started process (PID=335) to work on /home/airflow/.local/lib/python3.8/site-packages/airflow/example_dags/example_short_circuit_operator.py
[2023-12-19T03:27:44.735+0000] {processor.py:830} INFO - Processing file /home/airflow/.local/lib/python3.8/site-packages/airflow/example_dags/example_short_circuit_operator.py for tasks to queue
[2023-12-19T03:27:44.736+0000] {logging_mixin.py:188} INFO - [2023-12-19T03:27:44.736+0000] {dagbag.py:538} INFO - Filling up the DagBag from /home/airflow/.local/lib/python3.8/site-packages/airflow/example_dags/example_short_circuit_operator.py
[2023-12-19T03:27:44.742+0000] {processor.py:840} INFO - DAG(s) 'example_short_circuit_operator' retrieved from /home/airflow/.local/lib/python3.8/site-packages/airflow/example_dags/example_short_circuit_operator.py
[2023-12-19T03:27:44.757+0000] {logging_mixin.py:188} INFO - [2023-12-19T03:27:44.757+0000] {dag.py:3033} INFO - Sync 1 DAGs
[2023-12-19T03:27:44.769+0000] {logging_mixin.py:188} INFO - [2023-12-19T03:27:44.769+0000] {dag.py:3820} INFO - Setting next_dagrun for example_short_circuit_operator to 2023-12-18T00:00:00+00:00, run_after=2023-12-19T00:00:00+00:00
[2023-12-19T03:27:44.778+0000] {processor.py:183} INFO - Processing /home/airflow/.local/lib/python3.8/site-packages/airflow/example_dags/example_short_circuit_operator.py took 0.048 seconds
[2023-12-19T03:28:14.940+0000] {processor.py:161} INFO - Started process (PID=390) to work on /home/airflow/.local/lib/python3.8/site-packages/airflow/example_dags/example_short_circuit_operator.py
[2023-12-19T03:28:14.941+0000] {processor.py:830} INFO - Processing file /home/airflow/.local/lib/python3.8/site-packages/airflow/example_dags/example_short_circuit_operator.py for tasks to queue
[2023-12-19T03:28:14.943+0000] {logging_mixin.py:188} INFO - [2023-12-19T03:28:14.943+0000] {dagbag.py:538} INFO - Filling up the DagBag from /home/airflow/.local/lib/python3.8/site-packages/airflow/example_dags/example_short_circuit_operator.py
[2023-12-19T03:28:14.948+0000] {processor.py:840} INFO - DAG(s) 'example_short_circuit_operator' retrieved from /home/airflow/.local/lib/python3.8/site-packages/airflow/example_dags/example_short_circuit_operator.py
[2023-12-19T03:28:14.964+0000] {logging_mixin.py:188} INFO - [2023-12-19T03:28:14.964+0000] {dag.py:3033} INFO - Sync 1 DAGs
[2023-12-19T03:28:14.976+0000] {logging_mixin.py:188} INFO - [2023-12-19T03:28:14.976+0000] {dag.py:3820} INFO - Setting next_dagrun for example_short_circuit_operator to 2023-12-18T00:00:00+00:00, run_after=2023-12-19T00:00:00+00:00
[2023-12-19T03:28:14.986+0000] {processor.py:183} INFO - Processing /home/airflow/.local/lib/python3.8/site-packages/airflow/example_dags/example_short_circuit_operator.py took 0.049 seconds
[2023-12-19T03:28:45.099+0000] {processor.py:161} INFO - Started process (PID=445) to work on /home/airflow/.local/lib/python3.8/site-packages/airflow/example_dags/example_short_circuit_operator.py
[2023-12-19T03:28:45.100+0000] {processor.py:830} INFO - Processing file /home/airflow/.local/lib/python3.8/site-packages/airflow/example_dags/example_short_circuit_operator.py for tasks to queue
[2023-12-19T03:28:45.102+0000] {logging_mixin.py:188} INFO - [2023-12-19T03:28:45.102+0000] {dagbag.py:538} INFO - Filling up the DagBag from /home/airflow/.local/lib/python3.8/site-packages/airflow/example_dags/example_short_circuit_operator.py
[2023-12-19T03:28:45.109+0000] {processor.py:840} INFO - DAG(s) 'example_short_circuit_operator' retrieved from /home/airflow/.local/lib/python3.8/site-packages/airflow/example_dags/example_short_circuit_operator.py
[2023-12-19T03:28:45.130+0000] {logging_mixin.py:188} INFO - [2023-12-19T03:28:45.130+0000] {dag.py:3033} INFO - Sync 1 DAGs
[2023-12-19T03:28:45.145+0000] {logging_mixin.py:188} INFO - [2023-12-19T03:28:45.145+0000] {dag.py:3820} INFO - Setting next_dagrun for example_short_circuit_operator to 2023-12-18T00:00:00+00:00, run_after=2023-12-19T00:00:00+00:00
[2023-12-19T03:28:45.158+0000] {processor.py:183} INFO - Processing /home/airflow/.local/lib/python3.8/site-packages/airflow/example_dags/example_short_circuit_operator.py took 0.063 seconds
[2023-12-19T03:29:15.594+0000] {processor.py:161} INFO - Started process (PID=500) to work on /home/airflow/.local/lib/python3.8/site-packages/airflow/example_dags/example_short_circuit_operator.py
[2023-12-19T03:29:15.596+0000] {processor.py:830} INFO - Processing file /home/airflow/.local/lib/python3.8/site-packages/airflow/example_dags/example_short_circuit_operator.py for tasks to queue
[2023-12-19T03:29:15.597+0000] {logging_mixin.py:188} INFO - [2023-12-19T03:29:15.597+0000] {dagbag.py:538} INFO - Filling up the DagBag from /home/airflow/.local/lib/python3.8/site-packages/airflow/example_dags/example_short_circuit_operator.py
[2023-12-19T03:29:15.603+0000] {processor.py:840} INFO - DAG(s) 'example_short_circuit_operator' retrieved from /home/airflow/.local/lib/python3.8/site-packages/airflow/example_dags/example_short_circuit_operator.py
[2023-12-19T03:29:15.618+0000] {logging_mixin.py:188} INFO - [2023-12-19T03:29:15.618+0000] {dag.py:3033} INFO - Sync 1 DAGs
[2023-12-19T03:29:15.630+0000] {logging_mixin.py:188} INFO - [2023-12-19T03:29:15.630+0000] {dag.py:3820} INFO - Setting next_dagrun for example_short_circuit_operator to 2023-12-18T00:00:00+00:00, run_after=2023-12-19T00:00:00+00:00
[2023-12-19T03:29:15.639+0000] {processor.py:183} INFO - Processing /home/airflow/.local/lib/python3.8/site-packages/airflow/example_dags/example_short_circuit_operator.py took 0.047 seconds
[2023-12-19T03:29:45.759+0000] {processor.py:161} INFO - Started process (PID=555) to work on /home/airflow/.local/lib/python3.8/site-packages/airflow/example_dags/example_short_circuit_operator.py
[2023-12-19T03:29:45.760+0000] {processor.py:830} INFO - Processing file /home/airflow/.local/lib/python3.8/site-packages/airflow/example_dags/example_short_circuit_operator.py for tasks to queue
[2023-12-19T03:29:45.762+0000] {logging_mixin.py:188} INFO - [2023-12-19T03:29:45.762+0000] {dagbag.py:538} INFO - Filling up the DagBag from /home/airflow/.local/lib/python3.8/site-packages/airflow/example_dags/example_short_circuit_operator.py
[2023-12-19T03:29:45.767+0000] {processor.py:840} INFO - DAG(s) 'example_short_circuit_operator' retrieved from /home/airflow/.local/lib/python3.8/site-packages/airflow/example_dags/example_short_circuit_operator.py
[2023-12-19T03:29:45.783+0000] {logging_mixin.py:188} INFO - [2023-12-19T03:29:45.783+0000] {dag.py:3033} INFO - Sync 1 DAGs
[2023-12-19T03:29:45.795+0000] {logging_mixin.py:188} INFO - [2023-12-19T03:29:45.795+0000] {dag.py:3820} INFO - Setting next_dagrun for example_short_circuit_operator to 2023-12-18T00:00:00+00:00, run_after=2023-12-19T00:00:00+00:00
[2023-12-19T03:29:45.804+0000] {processor.py:183} INFO - Processing /home/airflow/.local/lib/python3.8/site-packages/airflow/example_dags/example_short_circuit_operator.py took 0.048 seconds
[2023-12-19T03:30:16.040+0000] {processor.py:161} INFO - Started process (PID=610) to work on /home/airflow/.local/lib/python3.8/site-packages/airflow/example_dags/example_short_circuit_operator.py
[2023-12-19T03:30:16.041+0000] {processor.py:830} INFO - Processing file /home/airflow/.local/lib/python3.8/site-packages/airflow/example_dags/example_short_circuit_operator.py for tasks to queue
[2023-12-19T03:30:16.043+0000] {logging_mixin.py:188} INFO - [2023-12-19T03:30:16.042+0000] {dagbag.py:538} INFO - Filling up the DagBag from /home/airflow/.local/lib/python3.8/site-packages/airflow/example_dags/example_short_circuit_operator.py
[2023-12-19T03:30:16.048+0000] {processor.py:840} INFO - DAG(s) 'example_short_circuit_operator' retrieved from /home/airflow/.local/lib/python3.8/site-packages/airflow/example_dags/example_short_circuit_operator.py
[2023-12-19T03:30:16.064+0000] {logging_mixin.py:188} INFO - [2023-12-19T03:30:16.064+0000] {dag.py:3033} INFO - Sync 1 DAGs
[2023-12-19T03:30:16.075+0000] {logging_mixin.py:188} INFO - [2023-12-19T03:30:16.075+0000] {dag.py:3820} INFO - Setting next_dagrun for example_short_circuit_operator to 2023-12-18T00:00:00+00:00, run_after=2023-12-19T00:00:00+00:00
[2023-12-19T03:30:16.084+0000] {processor.py:183} INFO - Processing /home/airflow/.local/lib/python3.8/site-packages/airflow/example_dags/example_short_circuit_operator.py took 0.047 seconds
[2023-12-19T03:30:46.109+0000] {processor.py:161} INFO - Started process (PID=665) to work on /home/airflow/.local/lib/python3.8/site-packages/airflow/example_dags/example_short_circuit_operator.py
[2023-12-19T03:30:46.110+0000] {processor.py:830} INFO - Processing file /home/airflow/.local/lib/python3.8/site-packages/airflow/example_dags/example_short_circuit_operator.py for tasks to queue
[2023-12-19T03:30:46.112+0000] {logging_mixin.py:188} INFO - [2023-12-19T03:30:46.111+0000] {dagbag.py:538} INFO - Filling up the DagBag from /home/airflow/.local/lib/python3.8/site-packages/airflow/example_dags/example_short_circuit_operator.py
[2023-12-19T03:30:46.116+0000] {processor.py:840} INFO - DAG(s) 'example_short_circuit_operator' retrieved from /home/airflow/.local/lib/python3.8/site-packages/airflow/example_dags/example_short_circuit_operator.py
[2023-12-19T03:30:46.133+0000] {logging_mixin.py:188} INFO - [2023-12-19T03:30:46.133+0000] {dag.py:3033} INFO - Sync 1 DAGs
[2023-12-19T03:30:46.145+0000] {logging_mixin.py:188} INFO - [2023-12-19T03:30:46.144+0000] {dag.py:3820} INFO - Setting next_dagrun for example_short_circuit_operator to 2023-12-18T00:00:00+00:00, run_after=2023-12-19T00:00:00+00:00
[2023-12-19T03:30:46.153+0000] {processor.py:183} INFO - Processing /home/airflow/.local/lib/python3.8/site-packages/airflow/example_dags/example_short_circuit_operator.py took 0.047 seconds
[2023-12-19T03:31:16.355+0000] {processor.py:161} INFO - Started process (PID=720) to work on /home/airflow/.local/lib/python3.8/site-packages/airflow/example_dags/example_short_circuit_operator.py
[2023-12-19T03:31:16.356+0000] {processor.py:830} INFO - Processing file /home/airflow/.local/lib/python3.8/site-packages/airflow/example_dags/example_short_circuit_operator.py for tasks to queue
[2023-12-19T03:31:16.358+0000] {logging_mixin.py:188} INFO - [2023-12-19T03:31:16.358+0000] {dagbag.py:538} INFO - Filling up the DagBag from /home/airflow/.local/lib/python3.8/site-packages/airflow/example_dags/example_short_circuit_operator.py
[2023-12-19T03:31:16.363+0000] {processor.py:840} INFO - DAG(s) 'example_short_circuit_operator' retrieved from /home/airflow/.local/lib/python3.8/site-packages/airflow/example_dags/example_short_circuit_operator.py
[2023-12-19T03:31:16.379+0000] {logging_mixin.py:188} INFO - [2023-12-19T03:31:16.379+0000] {dag.py:3033} INFO - Sync 1 DAGs
[2023-12-19T03:31:16.391+0000] {logging_mixin.py:188} INFO - [2023-12-19T03:31:16.391+0000] {dag.py:3820} INFO - Setting next_dagrun for example_short_circuit_operator to 2023-12-18T00:00:00+00:00, run_after=2023-12-19T00:00:00+00:00
[2023-12-19T03:31:16.400+0000] {processor.py:183} INFO - Processing /home/airflow/.local/lib/python3.8/site-packages/airflow/example_dags/example_short_circuit_operator.py took 0.047 seconds
[2023-12-19T03:31:46.475+0000] {processor.py:161} INFO - Started process (PID=775) to work on /home/airflow/.local/lib/python3.8/site-packages/airflow/example_dags/example_short_circuit_operator.py
[2023-12-19T03:31:46.476+0000] {processor.py:830} INFO - Processing file /home/airflow/.local/lib/python3.8/site-packages/airflow/example_dags/example_short_circuit_operator.py for tasks to queue
[2023-12-19T03:31:46.478+0000] {logging_mixin.py:188} INFO - [2023-12-19T03:31:46.478+0000] {dagbag.py:538} INFO - Filling up the DagBag from /home/airflow/.local/lib/python3.8/site-packages/airflow/example_dags/example_short_circuit_operator.py
[2023-12-19T03:31:46.483+0000] {processor.py:840} INFO - DAG(s) 'example_short_circuit_operator' retrieved from /home/airflow/.local/lib/python3.8/site-packages/airflow/example_dags/example_short_circuit_operator.py
[2023-12-19T03:31:46.499+0000] {logging_mixin.py:188} INFO - [2023-12-19T03:31:46.499+0000] {dag.py:3033} INFO - Sync 1 DAGs
[2023-12-19T03:31:46.511+0000] {logging_mixin.py:188} INFO - [2023-12-19T03:31:46.511+0000] {dag.py:3820} INFO - Setting next_dagrun for example_short_circuit_operator to 2023-12-18T00:00:00+00:00, run_after=2023-12-19T00:00:00+00:00
[2023-12-19T03:31:46.520+0000] {processor.py:183} INFO - Processing /home/airflow/.local/lib/python3.8/site-packages/airflow/example_dags/example_short_circuit_operator.py took 0.047 seconds
[2023-12-19T03:32:16.788+0000] {processor.py:161} INFO - Started process (PID=830) to work on /home/airflow/.local/lib/python3.8/site-packages/airflow/example_dags/example_short_circuit_operator.py
[2023-12-19T03:32:16.789+0000] {processor.py:830} INFO - Processing file /home/airflow/.local/lib/python3.8/site-packages/airflow/example_dags/example_short_circuit_operator.py for tasks to queue
[2023-12-19T03:32:16.791+0000] {logging_mixin.py:188} INFO - [2023-12-19T03:32:16.790+0000] {dagbag.py:538} INFO - Filling up the DagBag from /home/airflow/.local/lib/python3.8/site-packages/airflow/example_dags/example_short_circuit_operator.py
[2023-12-19T03:32:16.796+0000] {processor.py:840} INFO - DAG(s) 'example_short_circuit_operator' retrieved from /home/airflow/.local/lib/python3.8/site-packages/airflow/example_dags/example_short_circuit_operator.py
[2023-12-19T03:32:16.812+0000] {logging_mixin.py:188} INFO - [2023-12-19T03:32:16.812+0000] {dag.py:3033} INFO - Sync 1 DAGs
[2023-12-19T03:32:16.823+0000] {logging_mixin.py:188} INFO - [2023-12-19T03:32:16.823+0000] {dag.py:3820} INFO - Setting next_dagrun for example_short_circuit_operator to 2023-12-18T00:00:00+00:00, run_after=2023-12-19T00:00:00+00:00
[2023-12-19T03:32:16.832+0000] {processor.py:183} INFO - Processing /home/airflow/.local/lib/python3.8/site-packages/airflow/example_dags/example_short_circuit_operator.py took 0.047 seconds
[2023-12-19T03:32:47.128+0000] {processor.py:161} INFO - Started process (PID=885) to work on /home/airflow/.local/lib/python3.8/site-packages/airflow/example_dags/example_short_circuit_operator.py
[2023-12-19T03:32:47.129+0000] {processor.py:830} INFO - Processing file /home/airflow/.local/lib/python3.8/site-packages/airflow/example_dags/example_short_circuit_operator.py for tasks to queue
[2023-12-19T03:32:47.131+0000] {logging_mixin.py:188} INFO - [2023-12-19T03:32:47.130+0000] {dagbag.py:538} INFO - Filling up the DagBag from /home/airflow/.local/lib/python3.8/site-packages/airflow/example_dags/example_short_circuit_operator.py
[2023-12-19T03:32:47.136+0000] {processor.py:840} INFO - DAG(s) 'example_short_circuit_operator' retrieved from /home/airflow/.local/lib/python3.8/site-packages/airflow/example_dags/example_short_circuit_operator.py
[2023-12-19T03:32:47.152+0000] {logging_mixin.py:188} INFO - [2023-12-19T03:32:47.152+0000] {dag.py:3033} INFO - Sync 1 DAGs
[2023-12-19T03:32:47.164+0000] {logging_mixin.py:188} INFO - [2023-12-19T03:32:47.164+0000] {dag.py:3820} INFO - Setting next_dagrun for example_short_circuit_operator to 2023-12-18T00:00:00+00:00, run_after=2023-12-19T00:00:00+00:00
[2023-12-19T03:32:47.173+0000] {processor.py:183} INFO - Processing /home/airflow/.local/lib/python3.8/site-packages/airflow/example_dags/example_short_circuit_operator.py took 0.048 seconds
[2023-12-19T03:33:17.405+0000] {processor.py:161} INFO - Started process (PID=940) to work on /home/airflow/.local/lib/python3.8/site-packages/airflow/example_dags/example_short_circuit_operator.py
[2023-12-19T03:33:17.407+0000] {processor.py:830} INFO - Processing file /home/airflow/.local/lib/python3.8/site-packages/airflow/example_dags/example_short_circuit_operator.py for tasks to queue
[2023-12-19T03:33:17.408+0000] {logging_mixin.py:188} INFO - [2023-12-19T03:33:17.408+0000] {dagbag.py:538} INFO - Filling up the DagBag from /home/airflow/.local/lib/python3.8/site-packages/airflow/example_dags/example_short_circuit_operator.py
[2023-12-19T03:33:17.414+0000] {processor.py:840} INFO - DAG(s) 'example_short_circuit_operator' retrieved from /home/airflow/.local/lib/python3.8/site-packages/airflow/example_dags/example_short_circuit_operator.py
[2023-12-19T03:33:17.431+0000] {logging_mixin.py:188} INFO - [2023-12-19T03:33:17.431+0000] {dag.py:3033} INFO - Sync 1 DAGs
[2023-12-19T03:33:17.442+0000] {logging_mixin.py:188} INFO - [2023-12-19T03:33:17.442+0000] {dag.py:3820} INFO - Setting next_dagrun for example_short_circuit_operator to 2023-12-18T00:00:00+00:00, run_after=2023-12-19T00:00:00+00:00
[2023-12-19T03:33:17.451+0000] {processor.py:183} INFO - Processing /home/airflow/.local/lib/python3.8/site-packages/airflow/example_dags/example_short_circuit_operator.py took 0.049 seconds
[2023-12-19T03:33:47.686+0000] {processor.py:161} INFO - Started process (PID=995) to work on /home/airflow/.local/lib/python3.8/site-packages/airflow/example_dags/example_short_circuit_operator.py
[2023-12-19T03:33:47.687+0000] {processor.py:830} INFO - Processing file /home/airflow/.local/lib/python3.8/site-packages/airflow/example_dags/example_short_circuit_operator.py for tasks to queue
[2023-12-19T03:33:47.689+0000] {logging_mixin.py:188} INFO - [2023-12-19T03:33:47.689+0000] {dagbag.py:538} INFO - Filling up the DagBag from /home/airflow/.local/lib/python3.8/site-packages/airflow/example_dags/example_short_circuit_operator.py
[2023-12-19T03:33:47.694+0000] {processor.py:840} INFO - DAG(s) 'example_short_circuit_operator' retrieved from /home/airflow/.local/lib/python3.8/site-packages/airflow/example_dags/example_short_circuit_operator.py
[2023-12-19T03:33:47.710+0000] {logging_mixin.py:188} INFO - [2023-12-19T03:33:47.710+0000] {dag.py:3033} INFO - Sync 1 DAGs
[2023-12-19T03:33:47.721+0000] {logging_mixin.py:188} INFO - [2023-12-19T03:33:47.721+0000] {dag.py:3820} INFO - Setting next_dagrun for example_short_circuit_operator to 2023-12-18T00:00:00+00:00, run_after=2023-12-19T00:00:00+00:00
[2023-12-19T03:33:47.729+0000] {processor.py:183} INFO - Processing /home/airflow/.local/lib/python3.8/site-packages/airflow/example_dags/example_short_circuit_operator.py took 0.045 seconds
[2023-12-19T03:34:18.036+0000] {processor.py:161} INFO - Started process (PID=1050) to work on /home/airflow/.local/lib/python3.8/site-packages/airflow/example_dags/example_short_circuit_operator.py
[2023-12-19T03:34:18.037+0000] {processor.py:830} INFO - Processing file /home/airflow/.local/lib/python3.8/site-packages/airflow/example_dags/example_short_circuit_operator.py for tasks to queue
[2023-12-19T03:34:18.039+0000] {logging_mixin.py:188} INFO - [2023-12-19T03:34:18.038+0000] {dagbag.py:538} INFO - Filling up the DagBag from /home/airflow/.local/lib/python3.8/site-packages/airflow/example_dags/example_short_circuit_operator.py
[2023-12-19T03:34:18.044+0000] {processor.py:840} INFO - DAG(s) 'example_short_circuit_operator' retrieved from /home/airflow/.local/lib/python3.8/site-packages/airflow/example_dags/example_short_circuit_operator.py
[2023-12-19T03:34:18.059+0000] {logging_mixin.py:188} INFO - [2023-12-19T03:34:18.059+0000] {dag.py:3033} INFO - Sync 1 DAGs
[2023-12-19T03:34:18.070+0000] {logging_mixin.py:188} INFO - [2023-12-19T03:34:18.070+0000] {dag.py:3820} INFO - Setting next_dagrun for example_short_circuit_operator to 2023-12-18T00:00:00+00:00, run_after=2023-12-19T00:00:00+00:00
[2023-12-19T03:34:18.079+0000] {processor.py:183} INFO - Processing /home/airflow/.local/lib/python3.8/site-packages/airflow/example_dags/example_short_circuit_operator.py took 0.046 seconds
[2023-12-19T03:34:48.398+0000] {processor.py:161} INFO - Started process (PID=1105) to work on /home/airflow/.local/lib/python3.8/site-packages/airflow/example_dags/example_short_circuit_operator.py
[2023-12-19T03:34:48.399+0000] {processor.py:830} INFO - Processing file /home/airflow/.local/lib/python3.8/site-packages/airflow/example_dags/example_short_circuit_operator.py for tasks to queue
[2023-12-19T03:34:48.401+0000] {logging_mixin.py:188} INFO - [2023-12-19T03:34:48.401+0000] {dagbag.py:538} INFO - Filling up the DagBag from /home/airflow/.local/lib/python3.8/site-packages/airflow/example_dags/example_short_circuit_operator.py
[2023-12-19T03:34:48.406+0000] {processor.py:840} INFO - DAG(s) 'example_short_circuit_operator' retrieved from /home/airflow/.local/lib/python3.8/site-packages/airflow/example_dags/example_short_circuit_operator.py
[2023-12-19T03:34:48.422+0000] {logging_mixin.py:188} INFO - [2023-12-19T03:34:48.422+0000] {dag.py:3033} INFO - Sync 1 DAGs
[2023-12-19T03:34:48.433+0000] {logging_mixin.py:188} INFO - [2023-12-19T03:34:48.433+0000] {dag.py:3820} INFO - Setting next_dagrun for example_short_circuit_operator to 2023-12-18T00:00:00+00:00, run_after=2023-12-19T00:00:00+00:00
[2023-12-19T03:34:48.442+0000] {processor.py:183} INFO - Processing /home/airflow/.local/lib/python3.8/site-packages/airflow/example_dags/example_short_circuit_operator.py took 0.046 seconds
[2023-12-19T03:35:18.552+0000] {processor.py:161} INFO - Started process (PID=1160) to work on /home/airflow/.local/lib/python3.8/site-packages/airflow/example_dags/example_short_circuit_operator.py
[2023-12-19T03:35:18.553+0000] {processor.py:830} INFO - Processing file /home/airflow/.local/lib/python3.8/site-packages/airflow/example_dags/example_short_circuit_operator.py for tasks to queue
[2023-12-19T03:35:18.554+0000] {logging_mixin.py:188} INFO - [2023-12-19T03:35:18.554+0000] {dagbag.py:538} INFO - Filling up the DagBag from /home/airflow/.local/lib/python3.8/site-packages/airflow/example_dags/example_short_circuit_operator.py
[2023-12-19T03:35:18.560+0000] {processor.py:840} INFO - DAG(s) 'example_short_circuit_operator' retrieved from /home/airflow/.local/lib/python3.8/site-packages/airflow/example_dags/example_short_circuit_operator.py
[2023-12-19T03:35:18.576+0000] {logging_mixin.py:188} INFO - [2023-12-19T03:35:18.576+0000] {dag.py:3033} INFO - Sync 1 DAGs
[2023-12-19T03:35:18.587+0000] {logging_mixin.py:188} INFO - [2023-12-19T03:35:18.587+0000] {dag.py:3820} INFO - Setting next_dagrun for example_short_circuit_operator to 2023-12-18T00:00:00+00:00, run_after=2023-12-19T00:00:00+00:00
[2023-12-19T03:35:18.595+0000] {processor.py:183} INFO - Processing /home/airflow/.local/lib/python3.8/site-packages/airflow/example_dags/example_short_circuit_operator.py took 0.046 seconds
[2023-12-19T03:35:48.861+0000] {processor.py:161} INFO - Started process (PID=1215) to work on /home/airflow/.local/lib/python3.8/site-packages/airflow/example_dags/example_short_circuit_operator.py
[2023-12-19T03:35:48.862+0000] {processor.py:830} INFO - Processing file /home/airflow/.local/lib/python3.8/site-packages/airflow/example_dags/example_short_circuit_operator.py for tasks to queue
[2023-12-19T03:35:48.864+0000] {logging_mixin.py:188} INFO - [2023-12-19T03:35:48.864+0000] {dagbag.py:538} INFO - Filling up the DagBag from /home/airflow/.local/lib/python3.8/site-packages/airflow/example_dags/example_short_circuit_operator.py
[2023-12-19T03:35:48.870+0000] {processor.py:840} INFO - DAG(s) 'example_short_circuit_operator' retrieved from /home/airflow/.local/lib/python3.8/site-packages/airflow/example_dags/example_short_circuit_operator.py
[2023-12-19T03:35:48.885+0000] {logging_mixin.py:188} INFO - [2023-12-19T03:35:48.885+0000] {dag.py:3033} INFO - Sync 1 DAGs
[2023-12-19T03:35:48.896+0000] {logging_mixin.py:188} INFO - [2023-12-19T03:35:48.896+0000] {dag.py:3820} INFO - Setting next_dagrun for example_short_circuit_operator to 2023-12-18T00:00:00+00:00, run_after=2023-12-19T00:00:00+00:00
[2023-12-19T03:35:48.905+0000] {processor.py:183} INFO - Processing /home/airflow/.local/lib/python3.8/site-packages/airflow/example_dags/example_short_circuit_operator.py took 0.046 seconds
[2023-12-19T03:36:19.170+0000] {processor.py:161} INFO - Started process (PID=1270) to work on /home/airflow/.local/lib/python3.8/site-packages/airflow/example_dags/example_short_circuit_operator.py
[2023-12-19T03:36:19.172+0000] {processor.py:830} INFO - Processing file /home/airflow/.local/lib/python3.8/site-packages/airflow/example_dags/example_short_circuit_operator.py for tasks to queue
[2023-12-19T03:36:19.173+0000] {logging_mixin.py:188} INFO - [2023-12-19T03:36:19.173+0000] {dagbag.py:538} INFO - Filling up the DagBag from /home/airflow/.local/lib/python3.8/site-packages/airflow/example_dags/example_short_circuit_operator.py
[2023-12-19T03:36:19.179+0000] {processor.py:840} INFO - DAG(s) 'example_short_circuit_operator' retrieved from /home/airflow/.local/lib/python3.8/site-packages/airflow/example_dags/example_short_circuit_operator.py
[2023-12-19T03:36:19.194+0000] {logging_mixin.py:188} INFO - [2023-12-19T03:36:19.194+0000] {dag.py:3033} INFO - Sync 1 DAGs
[2023-12-19T03:36:19.206+0000] {logging_mixin.py:188} INFO - [2023-12-19T03:36:19.206+0000] {dag.py:3820} INFO - Setting next_dagrun for example_short_circuit_operator to 2023-12-18T00:00:00+00:00, run_after=2023-12-19T00:00:00+00:00
[2023-12-19T03:36:19.215+0000] {processor.py:183} INFO - Processing /home/airflow/.local/lib/python3.8/site-packages/airflow/example_dags/example_short_circuit_operator.py took 0.047 seconds
[2023-12-19T03:36:49.715+0000] {processor.py:161} INFO - Started process (PID=1325) to work on /home/airflow/.local/lib/python3.8/site-packages/airflow/example_dags/example_short_circuit_operator.py
[2023-12-19T03:36:49.716+0000] {processor.py:830} INFO - Processing file /home/airflow/.local/lib/python3.8/site-packages/airflow/example_dags/example_short_circuit_operator.py for tasks to queue
[2023-12-19T03:36:49.718+0000] {logging_mixin.py:188} INFO - [2023-12-19T03:36:49.718+0000] {dagbag.py:538} INFO - Filling up the DagBag from /home/airflow/.local/lib/python3.8/site-packages/airflow/example_dags/example_short_circuit_operator.py
[2023-12-19T03:36:49.723+0000] {processor.py:840} INFO - DAG(s) 'example_short_circuit_operator' retrieved from /home/airflow/.local/lib/python3.8/site-packages/airflow/example_dags/example_short_circuit_operator.py
[2023-12-19T03:36:49.738+0000] {logging_mixin.py:188} INFO - [2023-12-19T03:36:49.738+0000] {dag.py:3033} INFO - Sync 1 DAGs
[2023-12-19T03:36:49.750+0000] {logging_mixin.py:188} INFO - [2023-12-19T03:36:49.750+0000] {dag.py:3820} INFO - Setting next_dagrun for example_short_circuit_operator to 2023-12-18T00:00:00+00:00, run_after=2023-12-19T00:00:00+00:00
[2023-12-19T03:36:49.758+0000] {processor.py:183} INFO - Processing /home/airflow/.local/lib/python3.8/site-packages/airflow/example_dags/example_short_circuit_operator.py took 0.047 seconds
[2023-12-19T03:37:20.042+0000] {processor.py:161} INFO - Started process (PID=1380) to work on /home/airflow/.local/lib/python3.8/site-packages/airflow/example_dags/example_short_circuit_operator.py
[2023-12-19T03:37:20.043+0000] {processor.py:830} INFO - Processing file /home/airflow/.local/lib/python3.8/site-packages/airflow/example_dags/example_short_circuit_operator.py for tasks to queue
[2023-12-19T03:37:20.045+0000] {logging_mixin.py:188} INFO - [2023-12-19T03:37:20.045+0000] {dagbag.py:538} INFO - Filling up the DagBag from /home/airflow/.local/lib/python3.8/site-packages/airflow/example_dags/example_short_circuit_operator.py
[2023-12-19T03:37:20.050+0000] {processor.py:840} INFO - DAG(s) 'example_short_circuit_operator' retrieved from /home/airflow/.local/lib/python3.8/site-packages/airflow/example_dags/example_short_circuit_operator.py
[2023-12-19T03:37:20.066+0000] {logging_mixin.py:188} INFO - [2023-12-19T03:37:20.066+0000] {dag.py:3033} INFO - Sync 1 DAGs
[2023-12-19T03:37:20.078+0000] {logging_mixin.py:188} INFO - [2023-12-19T03:37:20.078+0000] {dag.py:3820} INFO - Setting next_dagrun for example_short_circuit_operator to 2023-12-18T00:00:00+00:00, run_after=2023-12-19T00:00:00+00:00
[2023-12-19T03:37:20.087+0000] {processor.py:183} INFO - Processing /home/airflow/.local/lib/python3.8/site-packages/airflow/example_dags/example_short_circuit_operator.py took 0.047 seconds
[2023-12-19T03:37:50.333+0000] {processor.py:161} INFO - Started process (PID=1435) to work on /home/airflow/.local/lib/python3.8/site-packages/airflow/example_dags/example_short_circuit_operator.py
[2023-12-19T03:37:50.334+0000] {processor.py:830} INFO - Processing file /home/airflow/.local/lib/python3.8/site-packages/airflow/example_dags/example_short_circuit_operator.py for tasks to queue
[2023-12-19T03:37:50.336+0000] {logging_mixin.py:188} INFO - [2023-12-19T03:37:50.336+0000] {dagbag.py:538} INFO - Filling up the DagBag from /home/airflow/.local/lib/python3.8/site-packages/airflow/example_dags/example_short_circuit_operator.py
[2023-12-19T03:37:50.341+0000] {processor.py:840} INFO - DAG(s) 'example_short_circuit_operator' retrieved from /home/airflow/.local/lib/python3.8/site-packages/airflow/example_dags/example_short_circuit_operator.py
[2023-12-19T03:37:50.357+0000] {logging_mixin.py:188} INFO - [2023-12-19T03:37:50.357+0000] {dag.py:3033} INFO - Sync 1 DAGs
[2023-12-19T03:37:50.368+0000] {logging_mixin.py:188} INFO - [2023-12-19T03:37:50.368+0000] {dag.py:3820} INFO - Setting next_dagrun for example_short_circuit_operator to 2023-12-18T00:00:00+00:00, run_after=2023-12-19T00:00:00+00:00
[2023-12-19T03:37:50.377+0000] {processor.py:183} INFO - Processing /home/airflow/.local/lib/python3.8/site-packages/airflow/example_dags/example_short_circuit_operator.py took 0.047 seconds
