[2023-12-19T03:23:34.534+0000] {processor.py:161} INFO - Started process (PID=37) to work on /home/airflow/.local/lib/python3.8/site-packages/airflow/example_dags/example_bash_operator.py
[2023-12-19T03:23:34.535+0000] {processor.py:830} INFO - Processing file /home/airflow/.local/lib/python3.8/site-packages/airflow/example_dags/example_bash_operator.py for tasks to queue
[2023-12-19T03:23:34.537+0000] {logging_mixin.py:188} INFO - [2023-12-19T03:23:34.537+0000] {dagbag.py:538} INFO - Filling up the DagBag from /home/airflow/.local/lib/python3.8/site-packages/airflow/example_dags/example_bash_operator.py
[2023-12-19T03:23:34.552+0000] {processor.py:840} INFO - DAG(s) 'example_bash_operator' retrieved from /home/airflow/.local/lib/python3.8/site-packages/airflow/example_dags/example_bash_operator.py
[2023-12-19T03:23:34.567+0000] {logging_mixin.py:188} INFO - [2023-12-19T03:23:34.567+0000] {dag.py:3033} INFO - Sync 1 DAGs
[2023-12-19T03:23:34.588+0000] {logging_mixin.py:188} INFO - [2023-12-19T03:23:34.588+0000] {dag.py:3820} INFO - Setting next_dagrun for example_bash_operator to 2023-12-18T00:00:00+00:00, run_after=2023-12-19T00:00:00+00:00
[2023-12-19T03:23:34.605+0000] {processor.py:183} INFO - Processing /home/airflow/.local/lib/python3.8/site-packages/airflow/example_dags/example_bash_operator.py took 0.073 seconds
[2023-12-19T03:24:04.776+0000] {processor.py:161} INFO - Started process (PID=92) to work on /home/airflow/.local/lib/python3.8/site-packages/airflow/example_dags/example_bash_operator.py
[2023-12-19T03:24:04.776+0000] {processor.py:830} INFO - Processing file /home/airflow/.local/lib/python3.8/site-packages/airflow/example_dags/example_bash_operator.py for tasks to queue
[2023-12-19T03:24:04.778+0000] {logging_mixin.py:188} INFO - [2023-12-19T03:24:04.778+0000] {dagbag.py:538} INFO - Filling up the DagBag from /home/airflow/.local/lib/python3.8/site-packages/airflow/example_dags/example_bash_operator.py
[2023-12-19T03:24:04.786+0000] {processor.py:840} INFO - DAG(s) 'example_bash_operator' retrieved from /home/airflow/.local/lib/python3.8/site-packages/airflow/example_dags/example_bash_operator.py
[2023-12-19T03:24:04.838+0000] {logging_mixin.py:188} INFO - [2023-12-19T03:24:04.838+0000] {dag.py:3033} INFO - Sync 1 DAGs
[2023-12-19T03:24:04.848+0000] {logging_mixin.py:188} INFO - [2023-12-19T03:24:04.848+0000] {dag.py:3820} INFO - Setting next_dagrun for example_bash_operator to 2023-12-18T00:00:00+00:00, run_after=2023-12-19T00:00:00+00:00
[2023-12-19T03:24:04.857+0000] {processor.py:183} INFO - Processing /home/airflow/.local/lib/python3.8/site-packages/airflow/example_dags/example_bash_operator.py took 0.084 seconds
[2023-12-19T03:24:38.511+0000] {processor.py:161} INFO - Started process (PID=36) to work on /home/airflow/.local/lib/python3.8/site-packages/airflow/example_dags/example_bash_operator.py
[2023-12-19T03:24:38.512+0000] {processor.py:830} INFO - Processing file /home/airflow/.local/lib/python3.8/site-packages/airflow/example_dags/example_bash_operator.py for tasks to queue
[2023-12-19T03:24:38.514+0000] {logging_mixin.py:188} INFO - [2023-12-19T03:24:38.513+0000] {dagbag.py:538} INFO - Filling up the DagBag from /home/airflow/.local/lib/python3.8/site-packages/airflow/example_dags/example_bash_operator.py
[2023-12-19T03:24:38.525+0000] {processor.py:840} INFO - DAG(s) 'example_bash_operator' retrieved from /home/airflow/.local/lib/python3.8/site-packages/airflow/example_dags/example_bash_operator.py
[2023-12-19T03:24:38.546+0000] {logging_mixin.py:188} INFO - [2023-12-19T03:24:38.545+0000] {dag.py:3033} INFO - Sync 1 DAGs
[2023-12-19T03:24:38.559+0000] {logging_mixin.py:188} INFO - [2023-12-19T03:24:38.559+0000] {dag.py:3820} INFO - Setting next_dagrun for example_bash_operator to 2023-12-18T00:00:00+00:00, run_after=2023-12-19T00:00:00+00:00
[2023-12-19T03:24:38.568+0000] {processor.py:183} INFO - Processing /home/airflow/.local/lib/python3.8/site-packages/airflow/example_dags/example_bash_operator.py took 0.060 seconds
[2023-12-19T03:25:10.789+0000] {processor.py:161} INFO - Started process (PID=36) to work on /home/airflow/.local/lib/python3.8/site-packages/airflow/example_dags/example_bash_operator.py
[2023-12-19T03:25:10.791+0000] {processor.py:830} INFO - Processing file /home/airflow/.local/lib/python3.8/site-packages/airflow/example_dags/example_bash_operator.py for tasks to queue
[2023-12-19T03:25:10.794+0000] {logging_mixin.py:188} INFO - [2023-12-19T03:25:10.794+0000] {dagbag.py:538} INFO - Filling up the DagBag from /home/airflow/.local/lib/python3.8/site-packages/airflow/example_dags/example_bash_operator.py
[2023-12-19T03:25:10.808+0000] {processor.py:840} INFO - DAG(s) 'example_bash_operator' retrieved from /home/airflow/.local/lib/python3.8/site-packages/airflow/example_dags/example_bash_operator.py
[2023-12-19T03:25:10.824+0000] {logging_mixin.py:188} INFO - [2023-12-19T03:25:10.824+0000] {dag.py:3033} INFO - Sync 1 DAGs
[2023-12-19T03:25:10.844+0000] {logging_mixin.py:188} INFO - [2023-12-19T03:25:10.844+0000] {dag.py:3820} INFO - Setting next_dagrun for example_bash_operator to 2023-12-18T00:00:00+00:00, run_after=2023-12-19T00:00:00+00:00
[2023-12-19T03:25:10.858+0000] {processor.py:183} INFO - Processing /home/airflow/.local/lib/python3.8/site-packages/airflow/example_dags/example_bash_operator.py took 0.073 seconds
[2023-12-19T03:25:41.414+0000] {processor.py:161} INFO - Started process (PID=90) to work on /home/airflow/.local/lib/python3.8/site-packages/airflow/example_dags/example_bash_operator.py
[2023-12-19T03:25:41.415+0000] {processor.py:830} INFO - Processing file /home/airflow/.local/lib/python3.8/site-packages/airflow/example_dags/example_bash_operator.py for tasks to queue
[2023-12-19T03:25:41.417+0000] {logging_mixin.py:188} INFO - [2023-12-19T03:25:41.417+0000] {dagbag.py:538} INFO - Filling up the DagBag from /home/airflow/.local/lib/python3.8/site-packages/airflow/example_dags/example_bash_operator.py
[2023-12-19T03:25:41.424+0000] {processor.py:840} INFO - DAG(s) 'example_bash_operator' retrieved from /home/airflow/.local/lib/python3.8/site-packages/airflow/example_dags/example_bash_operator.py
[2023-12-19T03:25:41.475+0000] {logging_mixin.py:188} INFO - [2023-12-19T03:25:41.475+0000] {dag.py:3033} INFO - Sync 1 DAGs
[2023-12-19T03:25:41.484+0000] {logging_mixin.py:188} INFO - [2023-12-19T03:25:41.484+0000] {dag.py:3820} INFO - Setting next_dagrun for example_bash_operator to 2023-12-18T00:00:00+00:00, run_after=2023-12-19T00:00:00+00:00
[2023-12-19T03:25:41.493+0000] {processor.py:183} INFO - Processing /home/airflow/.local/lib/python3.8/site-packages/airflow/example_dags/example_bash_operator.py took 0.082 seconds
[2023-12-19T03:26:11.578+0000] {processor.py:161} INFO - Started process (PID=153) to work on /home/airflow/.local/lib/python3.8/site-packages/airflow/example_dags/example_bash_operator.py
[2023-12-19T03:26:11.579+0000] {processor.py:830} INFO - Processing file /home/airflow/.local/lib/python3.8/site-packages/airflow/example_dags/example_bash_operator.py for tasks to queue
[2023-12-19T03:26:11.581+0000] {logging_mixin.py:188} INFO - [2023-12-19T03:26:11.581+0000] {dagbag.py:538} INFO - Filling up the DagBag from /home/airflow/.local/lib/python3.8/site-packages/airflow/example_dags/example_bash_operator.py
[2023-12-19T03:26:11.594+0000] {processor.py:840} INFO - DAG(s) 'example_bash_operator' retrieved from /home/airflow/.local/lib/python3.8/site-packages/airflow/example_dags/example_bash_operator.py
[2023-12-19T03:26:11.615+0000] {logging_mixin.py:188} INFO - [2023-12-19T03:26:11.615+0000] {dag.py:3033} INFO - Sync 1 DAGs
[2023-12-19T03:26:11.628+0000] {logging_mixin.py:188} INFO - [2023-12-19T03:26:11.628+0000] {dag.py:3820} INFO - Setting next_dagrun for example_bash_operator to 2023-12-19T00:00:00+00:00, run_after=2023-12-20T00:00:00+00:00
[2023-12-19T03:26:11.644+0000] {processor.py:183} INFO - Processing /home/airflow/.local/lib/python3.8/site-packages/airflow/example_dags/example_bash_operator.py took 0.070 seconds
[2023-12-19T03:26:41.844+0000] {processor.py:161} INFO - Started process (PID=208) to work on /home/airflow/.local/lib/python3.8/site-packages/airflow/example_dags/example_bash_operator.py
[2023-12-19T03:26:41.845+0000] {processor.py:830} INFO - Processing file /home/airflow/.local/lib/python3.8/site-packages/airflow/example_dags/example_bash_operator.py for tasks to queue
[2023-12-19T03:26:41.848+0000] {logging_mixin.py:188} INFO - [2023-12-19T03:26:41.848+0000] {dagbag.py:538} INFO - Filling up the DagBag from /home/airflow/.local/lib/python3.8/site-packages/airflow/example_dags/example_bash_operator.py
[2023-12-19T03:26:41.859+0000] {processor.py:840} INFO - DAG(s) 'example_bash_operator' retrieved from /home/airflow/.local/lib/python3.8/site-packages/airflow/example_dags/example_bash_operator.py
[2023-12-19T03:26:41.884+0000] {logging_mixin.py:188} INFO - [2023-12-19T03:26:41.884+0000] {dag.py:3033} INFO - Sync 1 DAGs
[2023-12-19T03:26:41.914+0000] {logging_mixin.py:188} INFO - [2023-12-19T03:26:41.914+0000] {dag.py:3820} INFO - Setting next_dagrun for example_bash_operator to 2023-12-19T00:00:00+00:00, run_after=2023-12-20T00:00:00+00:00
[2023-12-19T03:26:41.925+0000] {processor.py:183} INFO - Processing /home/airflow/.local/lib/python3.8/site-packages/airflow/example_dags/example_bash_operator.py took 0.084 seconds
[2023-12-19T03:27:12.281+0000] {processor.py:161} INFO - Started process (PID=263) to work on /home/airflow/.local/lib/python3.8/site-packages/airflow/example_dags/example_bash_operator.py
[2023-12-19T03:27:12.282+0000] {processor.py:830} INFO - Processing file /home/airflow/.local/lib/python3.8/site-packages/airflow/example_dags/example_bash_operator.py for tasks to queue
[2023-12-19T03:27:12.284+0000] {logging_mixin.py:188} INFO - [2023-12-19T03:27:12.284+0000] {dagbag.py:538} INFO - Filling up the DagBag from /home/airflow/.local/lib/python3.8/site-packages/airflow/example_dags/example_bash_operator.py
[2023-12-19T03:27:12.294+0000] {processor.py:840} INFO - DAG(s) 'example_bash_operator' retrieved from /home/airflow/.local/lib/python3.8/site-packages/airflow/example_dags/example_bash_operator.py
[2023-12-19T03:27:12.313+0000] {logging_mixin.py:188} INFO - [2023-12-19T03:27:12.313+0000] {dag.py:3033} INFO - Sync 1 DAGs
[2023-12-19T03:27:12.326+0000] {logging_mixin.py:188} INFO - [2023-12-19T03:27:12.326+0000] {dag.py:3820} INFO - Setting next_dagrun for example_bash_operator to 2023-12-19T00:00:00+00:00, run_after=2023-12-20T00:00:00+00:00
[2023-12-19T03:27:12.339+0000] {processor.py:183} INFO - Processing /home/airflow/.local/lib/python3.8/site-packages/airflow/example_dags/example_bash_operator.py took 0.060 seconds
[2023-12-19T03:27:42.953+0000] {processor.py:161} INFO - Started process (PID=318) to work on /home/airflow/.local/lib/python3.8/site-packages/airflow/example_dags/example_bash_operator.py
[2023-12-19T03:27:42.954+0000] {processor.py:830} INFO - Processing file /home/airflow/.local/lib/python3.8/site-packages/airflow/example_dags/example_bash_operator.py for tasks to queue
[2023-12-19T03:27:42.956+0000] {logging_mixin.py:188} INFO - [2023-12-19T03:27:42.956+0000] {dagbag.py:538} INFO - Filling up the DagBag from /home/airflow/.local/lib/python3.8/site-packages/airflow/example_dags/example_bash_operator.py
[2023-12-19T03:27:42.968+0000] {processor.py:840} INFO - DAG(s) 'example_bash_operator' retrieved from /home/airflow/.local/lib/python3.8/site-packages/airflow/example_dags/example_bash_operator.py
[2023-12-19T03:27:42.987+0000] {logging_mixin.py:188} INFO - [2023-12-19T03:27:42.987+0000] {dag.py:3033} INFO - Sync 1 DAGs
[2023-12-19T03:27:43.000+0000] {logging_mixin.py:188} INFO - [2023-12-19T03:27:43.000+0000] {dag.py:3820} INFO - Setting next_dagrun for example_bash_operator to 2023-12-19T00:00:00+00:00, run_after=2023-12-20T00:00:00+00:00
[2023-12-19T03:27:43.012+0000] {processor.py:183} INFO - Processing /home/airflow/.local/lib/python3.8/site-packages/airflow/example_dags/example_bash_operator.py took 0.062 seconds
[2023-12-19T03:28:13.150+0000] {processor.py:161} INFO - Started process (PID=373) to work on /home/airflow/.local/lib/python3.8/site-packages/airflow/example_dags/example_bash_operator.py
[2023-12-19T03:28:13.151+0000] {processor.py:830} INFO - Processing file /home/airflow/.local/lib/python3.8/site-packages/airflow/example_dags/example_bash_operator.py for tasks to queue
[2023-12-19T03:28:13.153+0000] {logging_mixin.py:188} INFO - [2023-12-19T03:28:13.153+0000] {dagbag.py:538} INFO - Filling up the DagBag from /home/airflow/.local/lib/python3.8/site-packages/airflow/example_dags/example_bash_operator.py
[2023-12-19T03:28:13.161+0000] {processor.py:840} INFO - DAG(s) 'example_bash_operator' retrieved from /home/airflow/.local/lib/python3.8/site-packages/airflow/example_dags/example_bash_operator.py
[2023-12-19T03:28:13.185+0000] {logging_mixin.py:188} INFO - [2023-12-19T03:28:13.185+0000] {dag.py:3033} INFO - Sync 1 DAGs
[2023-12-19T03:28:13.199+0000] {logging_mixin.py:188} INFO - [2023-12-19T03:28:13.199+0000] {dag.py:3820} INFO - Setting next_dagrun for example_bash_operator to 2023-12-19T00:00:00+00:00, run_after=2023-12-20T00:00:00+00:00
[2023-12-19T03:28:13.208+0000] {processor.py:183} INFO - Processing /home/airflow/.local/lib/python3.8/site-packages/airflow/example_dags/example_bash_operator.py took 0.061 seconds
[2023-12-19T03:28:43.401+0000] {processor.py:161} INFO - Started process (PID=428) to work on /home/airflow/.local/lib/python3.8/site-packages/airflow/example_dags/example_bash_operator.py
[2023-12-19T03:28:43.402+0000] {processor.py:830} INFO - Processing file /home/airflow/.local/lib/python3.8/site-packages/airflow/example_dags/example_bash_operator.py for tasks to queue
[2023-12-19T03:28:43.404+0000] {logging_mixin.py:188} INFO - [2023-12-19T03:28:43.404+0000] {dagbag.py:538} INFO - Filling up the DagBag from /home/airflow/.local/lib/python3.8/site-packages/airflow/example_dags/example_bash_operator.py
[2023-12-19T03:28:43.412+0000] {processor.py:840} INFO - DAG(s) 'example_bash_operator' retrieved from /home/airflow/.local/lib/python3.8/site-packages/airflow/example_dags/example_bash_operator.py
[2023-12-19T03:28:43.429+0000] {logging_mixin.py:188} INFO - [2023-12-19T03:28:43.429+0000] {dag.py:3033} INFO - Sync 1 DAGs
[2023-12-19T03:28:43.441+0000] {logging_mixin.py:188} INFO - [2023-12-19T03:28:43.441+0000] {dag.py:3820} INFO - Setting next_dagrun for example_bash_operator to 2023-12-19T00:00:00+00:00, run_after=2023-12-20T00:00:00+00:00
[2023-12-19T03:28:43.451+0000] {processor.py:183} INFO - Processing /home/airflow/.local/lib/python3.8/site-packages/airflow/example_dags/example_bash_operator.py took 0.053 seconds
[2023-12-19T03:29:13.846+0000] {processor.py:161} INFO - Started process (PID=483) to work on /home/airflow/.local/lib/python3.8/site-packages/airflow/example_dags/example_bash_operator.py
[2023-12-19T03:29:13.847+0000] {processor.py:830} INFO - Processing file /home/airflow/.local/lib/python3.8/site-packages/airflow/example_dags/example_bash_operator.py for tasks to queue
[2023-12-19T03:29:13.849+0000] {logging_mixin.py:188} INFO - [2023-12-19T03:29:13.848+0000] {dagbag.py:538} INFO - Filling up the DagBag from /home/airflow/.local/lib/python3.8/site-packages/airflow/example_dags/example_bash_operator.py
[2023-12-19T03:29:13.858+0000] {processor.py:840} INFO - DAG(s) 'example_bash_operator' retrieved from /home/airflow/.local/lib/python3.8/site-packages/airflow/example_dags/example_bash_operator.py
[2023-12-19T03:29:13.891+0000] {logging_mixin.py:188} INFO - [2023-12-19T03:29:13.891+0000] {dag.py:3033} INFO - Sync 1 DAGs
[2023-12-19T03:29:13.907+0000] {logging_mixin.py:188} INFO - [2023-12-19T03:29:13.907+0000] {dag.py:3820} INFO - Setting next_dagrun for example_bash_operator to 2023-12-19T00:00:00+00:00, run_after=2023-12-20T00:00:00+00:00
[2023-12-19T03:29:13.918+0000] {processor.py:183} INFO - Processing /home/airflow/.local/lib/python3.8/site-packages/airflow/example_dags/example_bash_operator.py took 0.075 seconds
[2023-12-19T03:29:44.133+0000] {processor.py:161} INFO - Started process (PID=538) to work on /home/airflow/.local/lib/python3.8/site-packages/airflow/example_dags/example_bash_operator.py
[2023-12-19T03:29:44.135+0000] {processor.py:830} INFO - Processing file /home/airflow/.local/lib/python3.8/site-packages/airflow/example_dags/example_bash_operator.py for tasks to queue
[2023-12-19T03:29:44.137+0000] {logging_mixin.py:188} INFO - [2023-12-19T03:29:44.136+0000] {dagbag.py:538} INFO - Filling up the DagBag from /home/airflow/.local/lib/python3.8/site-packages/airflow/example_dags/example_bash_operator.py
[2023-12-19T03:29:44.144+0000] {processor.py:840} INFO - DAG(s) 'example_bash_operator' retrieved from /home/airflow/.local/lib/python3.8/site-packages/airflow/example_dags/example_bash_operator.py
[2023-12-19T03:29:44.162+0000] {logging_mixin.py:188} INFO - [2023-12-19T03:29:44.161+0000] {dag.py:3033} INFO - Sync 1 DAGs
[2023-12-19T03:29:44.173+0000] {logging_mixin.py:188} INFO - [2023-12-19T03:29:44.173+0000] {dag.py:3820} INFO - Setting next_dagrun for example_bash_operator to 2023-12-19T00:00:00+00:00, run_after=2023-12-20T00:00:00+00:00
[2023-12-19T03:29:44.182+0000] {processor.py:183} INFO - Processing /home/airflow/.local/lib/python3.8/site-packages/airflow/example_dags/example_bash_operator.py took 0.051 seconds
[2023-12-19T03:30:14.318+0000] {processor.py:161} INFO - Started process (PID=593) to work on /home/airflow/.local/lib/python3.8/site-packages/airflow/example_dags/example_bash_operator.py
[2023-12-19T03:30:14.319+0000] {processor.py:830} INFO - Processing file /home/airflow/.local/lib/python3.8/site-packages/airflow/example_dags/example_bash_operator.py for tasks to queue
[2023-12-19T03:30:14.322+0000] {logging_mixin.py:188} INFO - [2023-12-19T03:30:14.321+0000] {dagbag.py:538} INFO - Filling up the DagBag from /home/airflow/.local/lib/python3.8/site-packages/airflow/example_dags/example_bash_operator.py
[2023-12-19T03:30:14.329+0000] {processor.py:840} INFO - DAG(s) 'example_bash_operator' retrieved from /home/airflow/.local/lib/python3.8/site-packages/airflow/example_dags/example_bash_operator.py
[2023-12-19T03:30:14.347+0000] {logging_mixin.py:188} INFO - [2023-12-19T03:30:14.347+0000] {dag.py:3033} INFO - Sync 1 DAGs
[2023-12-19T03:30:14.360+0000] {logging_mixin.py:188} INFO - [2023-12-19T03:30:14.360+0000] {dag.py:3820} INFO - Setting next_dagrun for example_bash_operator to 2023-12-19T00:00:00+00:00, run_after=2023-12-20T00:00:00+00:00
[2023-12-19T03:30:14.369+0000] {processor.py:183} INFO - Processing /home/airflow/.local/lib/python3.8/site-packages/airflow/example_dags/example_bash_operator.py took 0.054 seconds
[2023-12-19T03:30:44.498+0000] {processor.py:161} INFO - Started process (PID=648) to work on /home/airflow/.local/lib/python3.8/site-packages/airflow/example_dags/example_bash_operator.py
[2023-12-19T03:30:44.499+0000] {processor.py:830} INFO - Processing file /home/airflow/.local/lib/python3.8/site-packages/airflow/example_dags/example_bash_operator.py for tasks to queue
[2023-12-19T03:30:44.502+0000] {logging_mixin.py:188} INFO - [2023-12-19T03:30:44.501+0000] {dagbag.py:538} INFO - Filling up the DagBag from /home/airflow/.local/lib/python3.8/site-packages/airflow/example_dags/example_bash_operator.py
[2023-12-19T03:30:44.509+0000] {processor.py:840} INFO - DAG(s) 'example_bash_operator' retrieved from /home/airflow/.local/lib/python3.8/site-packages/airflow/example_dags/example_bash_operator.py
[2023-12-19T03:30:44.525+0000] {logging_mixin.py:188} INFO - [2023-12-19T03:30:44.525+0000] {dag.py:3033} INFO - Sync 1 DAGs
[2023-12-19T03:30:44.538+0000] {logging_mixin.py:188} INFO - [2023-12-19T03:30:44.538+0000] {dag.py:3820} INFO - Setting next_dagrun for example_bash_operator to 2023-12-19T00:00:00+00:00, run_after=2023-12-20T00:00:00+00:00
[2023-12-19T03:30:44.546+0000] {processor.py:183} INFO - Processing /home/airflow/.local/lib/python3.8/site-packages/airflow/example_dags/example_bash_operator.py took 0.051 seconds
[2023-12-19T03:31:14.597+0000] {processor.py:161} INFO - Started process (PID=703) to work on /home/airflow/.local/lib/python3.8/site-packages/airflow/example_dags/example_bash_operator.py
[2023-12-19T03:31:14.598+0000] {processor.py:830} INFO - Processing file /home/airflow/.local/lib/python3.8/site-packages/airflow/example_dags/example_bash_operator.py for tasks to queue
[2023-12-19T03:31:14.601+0000] {logging_mixin.py:188} INFO - [2023-12-19T03:31:14.600+0000] {dagbag.py:538} INFO - Filling up the DagBag from /home/airflow/.local/lib/python3.8/site-packages/airflow/example_dags/example_bash_operator.py
[2023-12-19T03:31:14.608+0000] {processor.py:840} INFO - DAG(s) 'example_bash_operator' retrieved from /home/airflow/.local/lib/python3.8/site-packages/airflow/example_dags/example_bash_operator.py
[2023-12-19T03:31:14.625+0000] {logging_mixin.py:188} INFO - [2023-12-19T03:31:14.625+0000] {dag.py:3033} INFO - Sync 1 DAGs
[2023-12-19T03:31:14.637+0000] {logging_mixin.py:188} INFO - [2023-12-19T03:31:14.637+0000] {dag.py:3820} INFO - Setting next_dagrun for example_bash_operator to 2023-12-19T00:00:00+00:00, run_after=2023-12-20T00:00:00+00:00
[2023-12-19T03:31:14.646+0000] {processor.py:183} INFO - Processing /home/airflow/.local/lib/python3.8/site-packages/airflow/example_dags/example_bash_operator.py took 0.052 seconds
[2023-12-19T03:31:44.822+0000] {processor.py:161} INFO - Started process (PID=758) to work on /home/airflow/.local/lib/python3.8/site-packages/airflow/example_dags/example_bash_operator.py
[2023-12-19T03:31:44.823+0000] {processor.py:830} INFO - Processing file /home/airflow/.local/lib/python3.8/site-packages/airflow/example_dags/example_bash_operator.py for tasks to queue
[2023-12-19T03:31:44.825+0000] {logging_mixin.py:188} INFO - [2023-12-19T03:31:44.825+0000] {dagbag.py:538} INFO - Filling up the DagBag from /home/airflow/.local/lib/python3.8/site-packages/airflow/example_dags/example_bash_operator.py
[2023-12-19T03:31:44.833+0000] {processor.py:840} INFO - DAG(s) 'example_bash_operator' retrieved from /home/airflow/.local/lib/python3.8/site-packages/airflow/example_dags/example_bash_operator.py
[2023-12-19T03:31:44.849+0000] {logging_mixin.py:188} INFO - [2023-12-19T03:31:44.849+0000] {dag.py:3033} INFO - Sync 1 DAGs
[2023-12-19T03:31:44.862+0000] {logging_mixin.py:188} INFO - [2023-12-19T03:31:44.861+0000] {dag.py:3820} INFO - Setting next_dagrun for example_bash_operator to 2023-12-19T00:00:00+00:00, run_after=2023-12-20T00:00:00+00:00
[2023-12-19T03:31:44.871+0000] {processor.py:183} INFO - Processing /home/airflow/.local/lib/python3.8/site-packages/airflow/example_dags/example_bash_operator.py took 0.052 seconds
[2023-12-19T03:32:15.074+0000] {processor.py:161} INFO - Started process (PID=813) to work on /home/airflow/.local/lib/python3.8/site-packages/airflow/example_dags/example_bash_operator.py
[2023-12-19T03:32:15.075+0000] {processor.py:830} INFO - Processing file /home/airflow/.local/lib/python3.8/site-packages/airflow/example_dags/example_bash_operator.py for tasks to queue
[2023-12-19T03:32:15.077+0000] {logging_mixin.py:188} INFO - [2023-12-19T03:32:15.077+0000] {dagbag.py:538} INFO - Filling up the DagBag from /home/airflow/.local/lib/python3.8/site-packages/airflow/example_dags/example_bash_operator.py
[2023-12-19T03:32:15.084+0000] {processor.py:840} INFO - DAG(s) 'example_bash_operator' retrieved from /home/airflow/.local/lib/python3.8/site-packages/airflow/example_dags/example_bash_operator.py
[2023-12-19T03:32:15.101+0000] {logging_mixin.py:188} INFO - [2023-12-19T03:32:15.100+0000] {dag.py:3033} INFO - Sync 1 DAGs
[2023-12-19T03:32:15.112+0000] {logging_mixin.py:188} INFO - [2023-12-19T03:32:15.112+0000] {dag.py:3820} INFO - Setting next_dagrun for example_bash_operator to 2023-12-19T00:00:00+00:00, run_after=2023-12-20T00:00:00+00:00
[2023-12-19T03:32:15.121+0000] {processor.py:183} INFO - Processing /home/airflow/.local/lib/python3.8/site-packages/airflow/example_dags/example_bash_operator.py took 0.050 seconds
[2023-12-19T03:32:45.471+0000] {processor.py:161} INFO - Started process (PID=868) to work on /home/airflow/.local/lib/python3.8/site-packages/airflow/example_dags/example_bash_operator.py
[2023-12-19T03:32:45.472+0000] {processor.py:830} INFO - Processing file /home/airflow/.local/lib/python3.8/site-packages/airflow/example_dags/example_bash_operator.py for tasks to queue
[2023-12-19T03:32:45.474+0000] {logging_mixin.py:188} INFO - [2023-12-19T03:32:45.474+0000] {dagbag.py:538} INFO - Filling up the DagBag from /home/airflow/.local/lib/python3.8/site-packages/airflow/example_dags/example_bash_operator.py
[2023-12-19T03:32:45.482+0000] {processor.py:840} INFO - DAG(s) 'example_bash_operator' retrieved from /home/airflow/.local/lib/python3.8/site-packages/airflow/example_dags/example_bash_operator.py
[2023-12-19T03:32:45.499+0000] {logging_mixin.py:188} INFO - [2023-12-19T03:32:45.499+0000] {dag.py:3033} INFO - Sync 1 DAGs
[2023-12-19T03:32:45.511+0000] {logging_mixin.py:188} INFO - [2023-12-19T03:32:45.511+0000] {dag.py:3820} INFO - Setting next_dagrun for example_bash_operator to 2023-12-19T00:00:00+00:00, run_after=2023-12-20T00:00:00+00:00
[2023-12-19T03:32:45.520+0000] {processor.py:183} INFO - Processing /home/airflow/.local/lib/python3.8/site-packages/airflow/example_dags/example_bash_operator.py took 0.052 seconds
[2023-12-19T03:33:15.734+0000] {processor.py:161} INFO - Started process (PID=923) to work on /home/airflow/.local/lib/python3.8/site-packages/airflow/example_dags/example_bash_operator.py
[2023-12-19T03:33:15.735+0000] {processor.py:830} INFO - Processing file /home/airflow/.local/lib/python3.8/site-packages/airflow/example_dags/example_bash_operator.py for tasks to queue
[2023-12-19T03:33:15.737+0000] {logging_mixin.py:188} INFO - [2023-12-19T03:33:15.737+0000] {dagbag.py:538} INFO - Filling up the DagBag from /home/airflow/.local/lib/python3.8/site-packages/airflow/example_dags/example_bash_operator.py
[2023-12-19T03:33:15.744+0000] {processor.py:840} INFO - DAG(s) 'example_bash_operator' retrieved from /home/airflow/.local/lib/python3.8/site-packages/airflow/example_dags/example_bash_operator.py
[2023-12-19T03:33:15.761+0000] {logging_mixin.py:188} INFO - [2023-12-19T03:33:15.761+0000] {dag.py:3033} INFO - Sync 1 DAGs
[2023-12-19T03:33:15.772+0000] {logging_mixin.py:188} INFO - [2023-12-19T03:33:15.772+0000] {dag.py:3820} INFO - Setting next_dagrun for example_bash_operator to 2023-12-19T00:00:00+00:00, run_after=2023-12-20T00:00:00+00:00
[2023-12-19T03:33:15.781+0000] {processor.py:183} INFO - Processing /home/airflow/.local/lib/python3.8/site-packages/airflow/example_dags/example_bash_operator.py took 0.049 seconds
[2023-12-19T03:33:46.082+0000] {processor.py:161} INFO - Started process (PID=978) to work on /home/airflow/.local/lib/python3.8/site-packages/airflow/example_dags/example_bash_operator.py
[2023-12-19T03:33:46.083+0000] {processor.py:830} INFO - Processing file /home/airflow/.local/lib/python3.8/site-packages/airflow/example_dags/example_bash_operator.py for tasks to queue
[2023-12-19T03:33:46.085+0000] {logging_mixin.py:188} INFO - [2023-12-19T03:33:46.085+0000] {dagbag.py:538} INFO - Filling up the DagBag from /home/airflow/.local/lib/python3.8/site-packages/airflow/example_dags/example_bash_operator.py
[2023-12-19T03:33:46.092+0000] {processor.py:840} INFO - DAG(s) 'example_bash_operator' retrieved from /home/airflow/.local/lib/python3.8/site-packages/airflow/example_dags/example_bash_operator.py
[2023-12-19T03:33:46.108+0000] {logging_mixin.py:188} INFO - [2023-12-19T03:33:46.108+0000] {dag.py:3033} INFO - Sync 1 DAGs
[2023-12-19T03:33:46.119+0000] {logging_mixin.py:188} INFO - [2023-12-19T03:33:46.119+0000] {dag.py:3820} INFO - Setting next_dagrun for example_bash_operator to 2023-12-19T00:00:00+00:00, run_after=2023-12-20T00:00:00+00:00
[2023-12-19T03:33:46.127+0000] {processor.py:183} INFO - Processing /home/airflow/.local/lib/python3.8/site-packages/airflow/example_dags/example_bash_operator.py took 0.048 seconds
[2023-12-19T03:34:16.405+0000] {processor.py:161} INFO - Started process (PID=1033) to work on /home/airflow/.local/lib/python3.8/site-packages/airflow/example_dags/example_bash_operator.py
[2023-12-19T03:34:16.406+0000] {processor.py:830} INFO - Processing file /home/airflow/.local/lib/python3.8/site-packages/airflow/example_dags/example_bash_operator.py for tasks to queue
[2023-12-19T03:34:16.408+0000] {logging_mixin.py:188} INFO - [2023-12-19T03:34:16.407+0000] {dagbag.py:538} INFO - Filling up the DagBag from /home/airflow/.local/lib/python3.8/site-packages/airflow/example_dags/example_bash_operator.py
[2023-12-19T03:34:16.415+0000] {processor.py:840} INFO - DAG(s) 'example_bash_operator' retrieved from /home/airflow/.local/lib/python3.8/site-packages/airflow/example_dags/example_bash_operator.py
[2023-12-19T03:34:16.432+0000] {logging_mixin.py:188} INFO - [2023-12-19T03:34:16.432+0000] {dag.py:3033} INFO - Sync 1 DAGs
[2023-12-19T03:34:16.445+0000] {logging_mixin.py:188} INFO - [2023-12-19T03:34:16.445+0000] {dag.py:3820} INFO - Setting next_dagrun for example_bash_operator to 2023-12-19T00:00:00+00:00, run_after=2023-12-20T00:00:00+00:00
[2023-12-19T03:34:16.457+0000] {processor.py:183} INFO - Processing /home/airflow/.local/lib/python3.8/site-packages/airflow/example_dags/example_bash_operator.py took 0.056 seconds
[2023-12-19T03:34:46.788+0000] {processor.py:161} INFO - Started process (PID=1088) to work on /home/airflow/.local/lib/python3.8/site-packages/airflow/example_dags/example_bash_operator.py
[2023-12-19T03:34:46.789+0000] {processor.py:830} INFO - Processing file /home/airflow/.local/lib/python3.8/site-packages/airflow/example_dags/example_bash_operator.py for tasks to queue
[2023-12-19T03:34:46.791+0000] {logging_mixin.py:188} INFO - [2023-12-19T03:34:46.790+0000] {dagbag.py:538} INFO - Filling up the DagBag from /home/airflow/.local/lib/python3.8/site-packages/airflow/example_dags/example_bash_operator.py
[2023-12-19T03:34:46.799+0000] {processor.py:840} INFO - DAG(s) 'example_bash_operator' retrieved from /home/airflow/.local/lib/python3.8/site-packages/airflow/example_dags/example_bash_operator.py
[2023-12-19T03:34:46.818+0000] {logging_mixin.py:188} INFO - [2023-12-19T03:34:46.818+0000] {dag.py:3033} INFO - Sync 1 DAGs
[2023-12-19T03:34:46.830+0000] {logging_mixin.py:188} INFO - [2023-12-19T03:34:46.830+0000] {dag.py:3820} INFO - Setting next_dagrun for example_bash_operator to 2023-12-19T00:00:00+00:00, run_after=2023-12-20T00:00:00+00:00
[2023-12-19T03:34:46.840+0000] {processor.py:183} INFO - Processing /home/airflow/.local/lib/python3.8/site-packages/airflow/example_dags/example_bash_operator.py took 0.055 seconds
[2023-12-19T03:35:16.949+0000] {processor.py:161} INFO - Started process (PID=1143) to work on /home/airflow/.local/lib/python3.8/site-packages/airflow/example_dags/example_bash_operator.py
[2023-12-19T03:35:16.950+0000] {processor.py:830} INFO - Processing file /home/airflow/.local/lib/python3.8/site-packages/airflow/example_dags/example_bash_operator.py for tasks to queue
[2023-12-19T03:35:16.953+0000] {logging_mixin.py:188} INFO - [2023-12-19T03:35:16.952+0000] {dagbag.py:538} INFO - Filling up the DagBag from /home/airflow/.local/lib/python3.8/site-packages/airflow/example_dags/example_bash_operator.py
[2023-12-19T03:35:16.959+0000] {processor.py:840} INFO - DAG(s) 'example_bash_operator' retrieved from /home/airflow/.local/lib/python3.8/site-packages/airflow/example_dags/example_bash_operator.py
[2023-12-19T03:35:16.976+0000] {logging_mixin.py:188} INFO - [2023-12-19T03:35:16.976+0000] {dag.py:3033} INFO - Sync 1 DAGs
[2023-12-19T03:35:16.987+0000] {logging_mixin.py:188} INFO - [2023-12-19T03:35:16.987+0000] {dag.py:3820} INFO - Setting next_dagrun for example_bash_operator to 2023-12-19T00:00:00+00:00, run_after=2023-12-20T00:00:00+00:00
[2023-12-19T03:35:16.995+0000] {processor.py:183} INFO - Processing /home/airflow/.local/lib/python3.8/site-packages/airflow/example_dags/example_bash_operator.py took 0.048 seconds
[2023-12-19T03:35:47.252+0000] {processor.py:161} INFO - Started process (PID=1198) to work on /home/airflow/.local/lib/python3.8/site-packages/airflow/example_dags/example_bash_operator.py
[2023-12-19T03:35:47.255+0000] {processor.py:830} INFO - Processing file /home/airflow/.local/lib/python3.8/site-packages/airflow/example_dags/example_bash_operator.py for tasks to queue
[2023-12-19T03:35:47.257+0000] {logging_mixin.py:188} INFO - [2023-12-19T03:35:47.257+0000] {dagbag.py:538} INFO - Filling up the DagBag from /home/airflow/.local/lib/python3.8/site-packages/airflow/example_dags/example_bash_operator.py
[2023-12-19T03:35:47.264+0000] {processor.py:840} INFO - DAG(s) 'example_bash_operator' retrieved from /home/airflow/.local/lib/python3.8/site-packages/airflow/example_dags/example_bash_operator.py
[2023-12-19T03:35:47.281+0000] {logging_mixin.py:188} INFO - [2023-12-19T03:35:47.281+0000] {dag.py:3033} INFO - Sync 1 DAGs
[2023-12-19T03:35:47.293+0000] {logging_mixin.py:188} INFO - [2023-12-19T03:35:47.293+0000] {dag.py:3820} INFO - Setting next_dagrun for example_bash_operator to 2023-12-19T00:00:00+00:00, run_after=2023-12-20T00:00:00+00:00
[2023-12-19T03:35:47.302+0000] {processor.py:183} INFO - Processing /home/airflow/.local/lib/python3.8/site-packages/airflow/example_dags/example_bash_operator.py took 0.053 seconds
[2023-12-19T03:36:17.510+0000] {processor.py:161} INFO - Started process (PID=1253) to work on /home/airflow/.local/lib/python3.8/site-packages/airflow/example_dags/example_bash_operator.py
[2023-12-19T03:36:17.511+0000] {processor.py:830} INFO - Processing file /home/airflow/.local/lib/python3.8/site-packages/airflow/example_dags/example_bash_operator.py for tasks to queue
[2023-12-19T03:36:17.512+0000] {logging_mixin.py:188} INFO - [2023-12-19T03:36:17.512+0000] {dagbag.py:538} INFO - Filling up the DagBag from /home/airflow/.local/lib/python3.8/site-packages/airflow/example_dags/example_bash_operator.py
[2023-12-19T03:36:17.519+0000] {processor.py:840} INFO - DAG(s) 'example_bash_operator' retrieved from /home/airflow/.local/lib/python3.8/site-packages/airflow/example_dags/example_bash_operator.py
[2023-12-19T03:36:17.535+0000] {logging_mixin.py:188} INFO - [2023-12-19T03:36:17.535+0000] {dag.py:3033} INFO - Sync 1 DAGs
[2023-12-19T03:36:17.547+0000] {logging_mixin.py:188} INFO - [2023-12-19T03:36:17.547+0000] {dag.py:3820} INFO - Setting next_dagrun for example_bash_operator to 2023-12-19T00:00:00+00:00, run_after=2023-12-20T00:00:00+00:00
[2023-12-19T03:36:17.556+0000] {processor.py:183} INFO - Processing /home/airflow/.local/lib/python3.8/site-packages/airflow/example_dags/example_bash_operator.py took 0.049 seconds
[2023-12-19T03:36:48.022+0000] {processor.py:161} INFO - Started process (PID=1308) to work on /home/airflow/.local/lib/python3.8/site-packages/airflow/example_dags/example_bash_operator.py
[2023-12-19T03:36:48.023+0000] {processor.py:830} INFO - Processing file /home/airflow/.local/lib/python3.8/site-packages/airflow/example_dags/example_bash_operator.py for tasks to queue
[2023-12-19T03:36:48.025+0000] {logging_mixin.py:188} INFO - [2023-12-19T03:36:48.025+0000] {dagbag.py:538} INFO - Filling up the DagBag from /home/airflow/.local/lib/python3.8/site-packages/airflow/example_dags/example_bash_operator.py
[2023-12-19T03:36:48.032+0000] {processor.py:840} INFO - DAG(s) 'example_bash_operator' retrieved from /home/airflow/.local/lib/python3.8/site-packages/airflow/example_dags/example_bash_operator.py
[2023-12-19T03:36:48.051+0000] {logging_mixin.py:188} INFO - [2023-12-19T03:36:48.051+0000] {dag.py:3033} INFO - Sync 1 DAGs
[2023-12-19T03:36:48.064+0000] {logging_mixin.py:188} INFO - [2023-12-19T03:36:48.063+0000] {dag.py:3820} INFO - Setting next_dagrun for example_bash_operator to 2023-12-19T00:00:00+00:00, run_after=2023-12-20T00:00:00+00:00
[2023-12-19T03:36:48.073+0000] {processor.py:183} INFO - Processing /home/airflow/.local/lib/python3.8/site-packages/airflow/example_dags/example_bash_operator.py took 0.054 seconds
[2023-12-19T03:37:18.412+0000] {processor.py:161} INFO - Started process (PID=1363) to work on /home/airflow/.local/lib/python3.8/site-packages/airflow/example_dags/example_bash_operator.py
[2023-12-19T03:37:18.412+0000] {processor.py:830} INFO - Processing file /home/airflow/.local/lib/python3.8/site-packages/airflow/example_dags/example_bash_operator.py for tasks to queue
[2023-12-19T03:37:18.414+0000] {logging_mixin.py:188} INFO - [2023-12-19T03:37:18.414+0000] {dagbag.py:538} INFO - Filling up the DagBag from /home/airflow/.local/lib/python3.8/site-packages/airflow/example_dags/example_bash_operator.py
[2023-12-19T03:37:18.421+0000] {processor.py:840} INFO - DAG(s) 'example_bash_operator' retrieved from /home/airflow/.local/lib/python3.8/site-packages/airflow/example_dags/example_bash_operator.py
[2023-12-19T03:37:18.439+0000] {logging_mixin.py:188} INFO - [2023-12-19T03:37:18.438+0000] {dag.py:3033} INFO - Sync 1 DAGs
[2023-12-19T03:37:18.450+0000] {logging_mixin.py:188} INFO - [2023-12-19T03:37:18.450+0000] {dag.py:3820} INFO - Setting next_dagrun for example_bash_operator to 2023-12-19T00:00:00+00:00, run_after=2023-12-20T00:00:00+00:00
[2023-12-19T03:37:18.460+0000] {processor.py:183} INFO - Processing /home/airflow/.local/lib/python3.8/site-packages/airflow/example_dags/example_bash_operator.py took 0.051 seconds
[2023-12-19T03:37:48.710+0000] {processor.py:161} INFO - Started process (PID=1418) to work on /home/airflow/.local/lib/python3.8/site-packages/airflow/example_dags/example_bash_operator.py
[2023-12-19T03:37:48.711+0000] {processor.py:830} INFO - Processing file /home/airflow/.local/lib/python3.8/site-packages/airflow/example_dags/example_bash_operator.py for tasks to queue
[2023-12-19T03:37:48.712+0000] {logging_mixin.py:188} INFO - [2023-12-19T03:37:48.712+0000] {dagbag.py:538} INFO - Filling up the DagBag from /home/airflow/.local/lib/python3.8/site-packages/airflow/example_dags/example_bash_operator.py
[2023-12-19T03:37:48.719+0000] {processor.py:840} INFO - DAG(s) 'example_bash_operator' retrieved from /home/airflow/.local/lib/python3.8/site-packages/airflow/example_dags/example_bash_operator.py
[2023-12-19T03:37:48.736+0000] {logging_mixin.py:188} INFO - [2023-12-19T03:37:48.736+0000] {dag.py:3033} INFO - Sync 1 DAGs
[2023-12-19T03:37:48.748+0000] {logging_mixin.py:188} INFO - [2023-12-19T03:37:48.747+0000] {dag.py:3820} INFO - Setting next_dagrun for example_bash_operator to 2023-12-19T00:00:00+00:00, run_after=2023-12-20T00:00:00+00:00
[2023-12-19T03:37:48.756+0000] {processor.py:183} INFO - Processing /home/airflow/.local/lib/python3.8/site-packages/airflow/example_dags/example_bash_operator.py took 0.049 seconds
