[2023-12-19T03:23:35.814+0000] {processor.py:161} INFO - Started process (PID=66) to work on /home/airflow/.local/lib/python3.8/site-packages/airflow/example_dags/example_sensors.py
[2023-12-19T03:23:35.816+0000] {processor.py:830} INFO - Processing file /home/airflow/.local/lib/python3.8/site-packages/airflow/example_dags/example_sensors.py for tasks to queue
[2023-12-19T03:23:35.818+0000] {logging_mixin.py:188} INFO - [2023-12-19T03:23:35.818+0000] {dagbag.py:538} INFO - Filling up the DagBag from /home/airflow/.local/lib/python3.8/site-packages/airflow/example_dags/example_sensors.py
[2023-12-19T03:23:35.826+0000] {processor.py:840} INFO - DAG(s) 'example_sensors' retrieved from /home/airflow/.local/lib/python3.8/site-packages/airflow/example_dags/example_sensors.py
[2023-12-19T03:23:35.838+0000] {logging_mixin.py:188} INFO - [2023-12-19T03:23:35.838+0000] {dag.py:3033} INFO - Sync 1 DAGs
[2023-12-19T03:23:35.848+0000] {logging_mixin.py:188} INFO - [2023-12-19T03:23:35.848+0000] {dag.py:3820} INFO - Setting next_dagrun for example_sensors to None, run_after=None
[2023-12-19T03:23:35.868+0000] {processor.py:183} INFO - Processing /home/airflow/.local/lib/python3.8/site-packages/airflow/example_dags/example_sensors.py took 0.060 seconds
[2023-12-19T03:24:06.427+0000] {processor.py:161} INFO - Started process (PID=121) to work on /home/airflow/.local/lib/python3.8/site-packages/airflow/example_dags/example_sensors.py
[2023-12-19T03:24:06.428+0000] {processor.py:830} INFO - Processing file /home/airflow/.local/lib/python3.8/site-packages/airflow/example_dags/example_sensors.py for tasks to queue
[2023-12-19T03:24:06.430+0000] {logging_mixin.py:188} INFO - [2023-12-19T03:24:06.429+0000] {dagbag.py:538} INFO - Filling up the DagBag from /home/airflow/.local/lib/python3.8/site-packages/airflow/example_dags/example_sensors.py
[2023-12-19T03:24:06.436+0000] {processor.py:840} INFO - DAG(s) 'example_sensors' retrieved from /home/airflow/.local/lib/python3.8/site-packages/airflow/example_dags/example_sensors.py
[2023-12-19T03:24:06.492+0000] {logging_mixin.py:188} INFO - [2023-12-19T03:24:06.491+0000] {dag.py:3033} INFO - Sync 1 DAGs
[2023-12-19T03:24:06.497+0000] {logging_mixin.py:188} INFO - [2023-12-19T03:24:06.497+0000] {dag.py:3820} INFO - Setting next_dagrun for example_sensors to None, run_after=None
[2023-12-19T03:24:06.512+0000] {processor.py:183} INFO - Processing /home/airflow/.local/lib/python3.8/site-packages/airflow/example_dags/example_sensors.py took 0.087 seconds
[2023-12-19T03:24:39.709+0000] {processor.py:161} INFO - Started process (PID=65) to work on /home/airflow/.local/lib/python3.8/site-packages/airflow/example_dags/example_sensors.py
[2023-12-19T03:24:39.710+0000] {processor.py:830} INFO - Processing file /home/airflow/.local/lib/python3.8/site-packages/airflow/example_dags/example_sensors.py for tasks to queue
[2023-12-19T03:24:39.712+0000] {logging_mixin.py:188} INFO - [2023-12-19T03:24:39.712+0000] {dagbag.py:538} INFO - Filling up the DagBag from /home/airflow/.local/lib/python3.8/site-packages/airflow/example_dags/example_sensors.py
[2023-12-19T03:24:39.718+0000] {processor.py:840} INFO - DAG(s) 'example_sensors' retrieved from /home/airflow/.local/lib/python3.8/site-packages/airflow/example_dags/example_sensors.py
[2023-12-19T03:24:39.737+0000] {logging_mixin.py:188} INFO - [2023-12-19T03:24:39.737+0000] {dag.py:3033} INFO - Sync 1 DAGs
[2023-12-19T03:24:39.744+0000] {logging_mixin.py:188} INFO - [2023-12-19T03:24:39.744+0000] {dag.py:3820} INFO - Setting next_dagrun for example_sensors to None, run_after=None
[2023-12-19T03:24:39.753+0000] {processor.py:183} INFO - Processing /home/airflow/.local/lib/python3.8/site-packages/airflow/example_dags/example_sensors.py took 0.046 seconds
[2023-12-19T03:25:12.153+0000] {processor.py:161} INFO - Started process (PID=65) to work on /home/airflow/.local/lib/python3.8/site-packages/airflow/example_dags/example_sensors.py
[2023-12-19T03:25:12.154+0000] {processor.py:830} INFO - Processing file /home/airflow/.local/lib/python3.8/site-packages/airflow/example_dags/example_sensors.py for tasks to queue
[2023-12-19T03:25:12.158+0000] {logging_mixin.py:188} INFO - [2023-12-19T03:25:12.157+0000] {dagbag.py:538} INFO - Filling up the DagBag from /home/airflow/.local/lib/python3.8/site-packages/airflow/example_dags/example_sensors.py
[2023-12-19T03:25:12.168+0000] {processor.py:840} INFO - DAG(s) 'example_sensors' retrieved from /home/airflow/.local/lib/python3.8/site-packages/airflow/example_dags/example_sensors.py
[2023-12-19T03:25:12.190+0000] {logging_mixin.py:188} INFO - [2023-12-19T03:25:12.190+0000] {dag.py:3033} INFO - Sync 1 DAGs
[2023-12-19T03:25:12.203+0000] {logging_mixin.py:188} INFO - [2023-12-19T03:25:12.203+0000] {dag.py:3820} INFO - Setting next_dagrun for example_sensors to None, run_after=None
[2023-12-19T03:25:12.214+0000] {processor.py:183} INFO - Processing /home/airflow/.local/lib/python3.8/site-packages/airflow/example_dags/example_sensors.py took 0.064 seconds
[2023-12-19T03:25:43.043+0000] {processor.py:161} INFO - Started process (PID=119) to work on /home/airflow/.local/lib/python3.8/site-packages/airflow/example_dags/example_sensors.py
[2023-12-19T03:25:43.044+0000] {processor.py:830} INFO - Processing file /home/airflow/.local/lib/python3.8/site-packages/airflow/example_dags/example_sensors.py for tasks to queue
[2023-12-19T03:25:43.045+0000] {logging_mixin.py:188} INFO - [2023-12-19T03:25:43.045+0000] {dagbag.py:538} INFO - Filling up the DagBag from /home/airflow/.local/lib/python3.8/site-packages/airflow/example_dags/example_sensors.py
[2023-12-19T03:25:43.051+0000] {processor.py:840} INFO - DAG(s) 'example_sensors' retrieved from /home/airflow/.local/lib/python3.8/site-packages/airflow/example_dags/example_sensors.py
[2023-12-19T03:25:43.106+0000] {logging_mixin.py:188} INFO - [2023-12-19T03:25:43.106+0000] {dag.py:3033} INFO - Sync 1 DAGs
[2023-12-19T03:25:43.113+0000] {logging_mixin.py:188} INFO - [2023-12-19T03:25:43.113+0000] {dag.py:3820} INFO - Setting next_dagrun for example_sensors to None, run_after=None
[2023-12-19T03:25:43.122+0000] {processor.py:183} INFO - Processing /home/airflow/.local/lib/python3.8/site-packages/airflow/example_dags/example_sensors.py took 0.082 seconds
[2023-12-19T03:26:13.808+0000] {processor.py:161} INFO - Started process (PID=182) to work on /home/airflow/.local/lib/python3.8/site-packages/airflow/example_dags/example_sensors.py
[2023-12-19T03:26:13.810+0000] {processor.py:830} INFO - Processing file /home/airflow/.local/lib/python3.8/site-packages/airflow/example_dags/example_sensors.py for tasks to queue
[2023-12-19T03:26:13.811+0000] {logging_mixin.py:188} INFO - [2023-12-19T03:26:13.811+0000] {dagbag.py:538} INFO - Filling up the DagBag from /home/airflow/.local/lib/python3.8/site-packages/airflow/example_dags/example_sensors.py
[2023-12-19T03:26:13.818+0000] {processor.py:840} INFO - DAG(s) 'example_sensors' retrieved from /home/airflow/.local/lib/python3.8/site-packages/airflow/example_dags/example_sensors.py
[2023-12-19T03:26:13.834+0000] {logging_mixin.py:188} INFO - [2023-12-19T03:26:13.834+0000] {dag.py:3033} INFO - Sync 1 DAGs
[2023-12-19T03:26:13.842+0000] {logging_mixin.py:188} INFO - [2023-12-19T03:26:13.842+0000] {dag.py:3820} INFO - Setting next_dagrun for example_sensors to None, run_after=None
[2023-12-19T03:26:13.862+0000] {processor.py:183} INFO - Processing /home/airflow/.local/lib/python3.8/site-packages/airflow/example_dags/example_sensors.py took 0.057 seconds
[2023-12-19T03:26:44.053+0000] {processor.py:161} INFO - Started process (PID=237) to work on /home/airflow/.local/lib/python3.8/site-packages/airflow/example_dags/example_sensors.py
[2023-12-19T03:26:44.054+0000] {processor.py:830} INFO - Processing file /home/airflow/.local/lib/python3.8/site-packages/airflow/example_dags/example_sensors.py for tasks to queue
[2023-12-19T03:26:44.055+0000] {logging_mixin.py:188} INFO - [2023-12-19T03:26:44.055+0000] {dagbag.py:538} INFO - Filling up the DagBag from /home/airflow/.local/lib/python3.8/site-packages/airflow/example_dags/example_sensors.py
[2023-12-19T03:26:44.063+0000] {processor.py:840} INFO - DAG(s) 'example_sensors' retrieved from /home/airflow/.local/lib/python3.8/site-packages/airflow/example_dags/example_sensors.py
[2023-12-19T03:26:44.085+0000] {logging_mixin.py:188} INFO - [2023-12-19T03:26:44.085+0000] {dag.py:3033} INFO - Sync 1 DAGs
[2023-12-19T03:26:44.093+0000] {logging_mixin.py:188} INFO - [2023-12-19T03:26:44.093+0000] {dag.py:3820} INFO - Setting next_dagrun for example_sensors to None, run_after=None
[2023-12-19T03:26:44.103+0000] {processor.py:183} INFO - Processing /home/airflow/.local/lib/python3.8/site-packages/airflow/example_dags/example_sensors.py took 0.052 seconds
[2023-12-19T03:27:14.796+0000] {processor.py:161} INFO - Started process (PID=292) to work on /home/airflow/.local/lib/python3.8/site-packages/airflow/example_dags/example_sensors.py
[2023-12-19T03:27:14.797+0000] {processor.py:830} INFO - Processing file /home/airflow/.local/lib/python3.8/site-packages/airflow/example_dags/example_sensors.py for tasks to queue
[2023-12-19T03:27:14.798+0000] {logging_mixin.py:188} INFO - [2023-12-19T03:27:14.798+0000] {dagbag.py:538} INFO - Filling up the DagBag from /home/airflow/.local/lib/python3.8/site-packages/airflow/example_dags/example_sensors.py
[2023-12-19T03:27:14.804+0000] {processor.py:840} INFO - DAG(s) 'example_sensors' retrieved from /home/airflow/.local/lib/python3.8/site-packages/airflow/example_dags/example_sensors.py
[2023-12-19T03:27:14.821+0000] {logging_mixin.py:188} INFO - [2023-12-19T03:27:14.820+0000] {dag.py:3033} INFO - Sync 1 DAGs
[2023-12-19T03:27:14.828+0000] {logging_mixin.py:188} INFO - [2023-12-19T03:27:14.828+0000] {dag.py:3820} INFO - Setting next_dagrun for example_sensors to None, run_after=None
[2023-12-19T03:27:14.838+0000] {processor.py:183} INFO - Processing /home/airflow/.local/lib/python3.8/site-packages/airflow/example_dags/example_sensors.py took 0.045 seconds
[2023-12-19T03:27:45.177+0000] {processor.py:161} INFO - Started process (PID=347) to work on /home/airflow/.local/lib/python3.8/site-packages/airflow/example_dags/example_sensors.py
[2023-12-19T03:27:45.178+0000] {processor.py:830} INFO - Processing file /home/airflow/.local/lib/python3.8/site-packages/airflow/example_dags/example_sensors.py for tasks to queue
[2023-12-19T03:27:45.179+0000] {logging_mixin.py:188} INFO - [2023-12-19T03:27:45.179+0000] {dagbag.py:538} INFO - Filling up the DagBag from /home/airflow/.local/lib/python3.8/site-packages/airflow/example_dags/example_sensors.py
[2023-12-19T03:27:45.185+0000] {processor.py:840} INFO - DAG(s) 'example_sensors' retrieved from /home/airflow/.local/lib/python3.8/site-packages/airflow/example_dags/example_sensors.py
[2023-12-19T03:27:45.204+0000] {logging_mixin.py:188} INFO - [2023-12-19T03:27:45.204+0000] {dag.py:3033} INFO - Sync 1 DAGs
[2023-12-19T03:27:45.211+0000] {logging_mixin.py:188} INFO - [2023-12-19T03:27:45.211+0000] {dag.py:3820} INFO - Setting next_dagrun for example_sensors to None, run_after=None
[2023-12-19T03:27:45.221+0000] {processor.py:183} INFO - Processing /home/airflow/.local/lib/python3.8/site-packages/airflow/example_dags/example_sensors.py took 0.047 seconds
[2023-12-19T03:28:15.335+0000] {processor.py:161} INFO - Started process (PID=402) to work on /home/airflow/.local/lib/python3.8/site-packages/airflow/example_dags/example_sensors.py
[2023-12-19T03:28:15.336+0000] {processor.py:830} INFO - Processing file /home/airflow/.local/lib/python3.8/site-packages/airflow/example_dags/example_sensors.py for tasks to queue
[2023-12-19T03:28:15.338+0000] {logging_mixin.py:188} INFO - [2023-12-19T03:28:15.338+0000] {dagbag.py:538} INFO - Filling up the DagBag from /home/airflow/.local/lib/python3.8/site-packages/airflow/example_dags/example_sensors.py
[2023-12-19T03:28:15.344+0000] {processor.py:840} INFO - DAG(s) 'example_sensors' retrieved from /home/airflow/.local/lib/python3.8/site-packages/airflow/example_dags/example_sensors.py
[2023-12-19T03:28:15.364+0000] {logging_mixin.py:188} INFO - [2023-12-19T03:28:15.364+0000] {dag.py:3033} INFO - Sync 1 DAGs
[2023-12-19T03:28:15.373+0000] {logging_mixin.py:188} INFO - [2023-12-19T03:28:15.373+0000] {dag.py:3820} INFO - Setting next_dagrun for example_sensors to None, run_after=None
[2023-12-19T03:28:15.383+0000] {processor.py:183} INFO - Processing /home/airflow/.local/lib/python3.8/site-packages/airflow/example_dags/example_sensors.py took 0.051 seconds
[2023-12-19T03:28:45.617+0000] {processor.py:161} INFO - Started process (PID=457) to work on /home/airflow/.local/lib/python3.8/site-packages/airflow/example_dags/example_sensors.py
[2023-12-19T03:28:45.618+0000] {processor.py:830} INFO - Processing file /home/airflow/.local/lib/python3.8/site-packages/airflow/example_dags/example_sensors.py for tasks to queue
[2023-12-19T03:28:45.619+0000] {logging_mixin.py:188} INFO - [2023-12-19T03:28:45.619+0000] {dagbag.py:538} INFO - Filling up the DagBag from /home/airflow/.local/lib/python3.8/site-packages/airflow/example_dags/example_sensors.py
[2023-12-19T03:28:45.626+0000] {processor.py:840} INFO - DAG(s) 'example_sensors' retrieved from /home/airflow/.local/lib/python3.8/site-packages/airflow/example_dags/example_sensors.py
[2023-12-19T03:28:45.644+0000] {logging_mixin.py:188} INFO - [2023-12-19T03:28:45.644+0000] {dag.py:3033} INFO - Sync 1 DAGs
[2023-12-19T03:28:45.652+0000] {logging_mixin.py:188} INFO - [2023-12-19T03:28:45.652+0000] {dag.py:3820} INFO - Setting next_dagrun for example_sensors to None, run_after=None
[2023-12-19T03:28:45.664+0000] {processor.py:183} INFO - Processing /home/airflow/.local/lib/python3.8/site-packages/airflow/example_dags/example_sensors.py took 0.050 seconds
[2023-12-19T03:29:16.094+0000] {processor.py:161} INFO - Started process (PID=512) to work on /home/airflow/.local/lib/python3.8/site-packages/airflow/example_dags/example_sensors.py
[2023-12-19T03:29:16.096+0000] {processor.py:830} INFO - Processing file /home/airflow/.local/lib/python3.8/site-packages/airflow/example_dags/example_sensors.py for tasks to queue
[2023-12-19T03:29:16.101+0000] {logging_mixin.py:188} INFO - [2023-12-19T03:29:16.101+0000] {dagbag.py:538} INFO - Filling up the DagBag from /home/airflow/.local/lib/python3.8/site-packages/airflow/example_dags/example_sensors.py
[2023-12-19T03:29:16.113+0000] {processor.py:840} INFO - DAG(s) 'example_sensors' retrieved from /home/airflow/.local/lib/python3.8/site-packages/airflow/example_dags/example_sensors.py
[2023-12-19T03:29:16.139+0000] {logging_mixin.py:188} INFO - [2023-12-19T03:29:16.139+0000] {dag.py:3033} INFO - Sync 1 DAGs
[2023-12-19T03:29:16.149+0000] {logging_mixin.py:188} INFO - [2023-12-19T03:29:16.149+0000] {dag.py:3820} INFO - Setting next_dagrun for example_sensors to None, run_after=None
[2023-12-19T03:29:16.163+0000] {processor.py:183} INFO - Processing /home/airflow/.local/lib/python3.8/site-packages/airflow/example_dags/example_sensors.py took 0.073 seconds
[2023-12-19T03:29:46.191+0000] {processor.py:161} INFO - Started process (PID=567) to work on /home/airflow/.local/lib/python3.8/site-packages/airflow/example_dags/example_sensors.py
[2023-12-19T03:29:46.192+0000] {processor.py:830} INFO - Processing file /home/airflow/.local/lib/python3.8/site-packages/airflow/example_dags/example_sensors.py for tasks to queue
[2023-12-19T03:29:46.194+0000] {logging_mixin.py:188} INFO - [2023-12-19T03:29:46.194+0000] {dagbag.py:538} INFO - Filling up the DagBag from /home/airflow/.local/lib/python3.8/site-packages/airflow/example_dags/example_sensors.py
[2023-12-19T03:29:46.200+0000] {processor.py:840} INFO - DAG(s) 'example_sensors' retrieved from /home/airflow/.local/lib/python3.8/site-packages/airflow/example_dags/example_sensors.py
[2023-12-19T03:29:46.217+0000] {logging_mixin.py:188} INFO - [2023-12-19T03:29:46.217+0000] {dag.py:3033} INFO - Sync 1 DAGs
[2023-12-19T03:29:46.224+0000] {logging_mixin.py:188} INFO - [2023-12-19T03:29:46.224+0000] {dag.py:3820} INFO - Setting next_dagrun for example_sensors to None, run_after=None
[2023-12-19T03:29:46.233+0000] {processor.py:183} INFO - Processing /home/airflow/.local/lib/python3.8/site-packages/airflow/example_dags/example_sensors.py took 0.044 seconds
[2023-12-19T03:30:16.439+0000] {processor.py:161} INFO - Started process (PID=622) to work on /home/airflow/.local/lib/python3.8/site-packages/airflow/example_dags/example_sensors.py
[2023-12-19T03:30:16.440+0000] {processor.py:830} INFO - Processing file /home/airflow/.local/lib/python3.8/site-packages/airflow/example_dags/example_sensors.py for tasks to queue
[2023-12-19T03:30:16.442+0000] {logging_mixin.py:188} INFO - [2023-12-19T03:30:16.442+0000] {dagbag.py:538} INFO - Filling up the DagBag from /home/airflow/.local/lib/python3.8/site-packages/airflow/example_dags/example_sensors.py
[2023-12-19T03:30:16.449+0000] {processor.py:840} INFO - DAG(s) 'example_sensors' retrieved from /home/airflow/.local/lib/python3.8/site-packages/airflow/example_dags/example_sensors.py
[2023-12-19T03:30:16.466+0000] {logging_mixin.py:188} INFO - [2023-12-19T03:30:16.466+0000] {dag.py:3033} INFO - Sync 1 DAGs
[2023-12-19T03:30:16.472+0000] {logging_mixin.py:188} INFO - [2023-12-19T03:30:16.472+0000] {dag.py:3820} INFO - Setting next_dagrun for example_sensors to None, run_after=None
[2023-12-19T03:30:16.481+0000] {processor.py:183} INFO - Processing /home/airflow/.local/lib/python3.8/site-packages/airflow/example_dags/example_sensors.py took 0.045 seconds
[2023-12-19T03:30:46.598+0000] {processor.py:161} INFO - Started process (PID=677) to work on /home/airflow/.local/lib/python3.8/site-packages/airflow/example_dags/example_sensors.py
[2023-12-19T03:30:46.599+0000] {processor.py:830} INFO - Processing file /home/airflow/.local/lib/python3.8/site-packages/airflow/example_dags/example_sensors.py for tasks to queue
[2023-12-19T03:30:46.600+0000] {logging_mixin.py:188} INFO - [2023-12-19T03:30:46.600+0000] {dagbag.py:538} INFO - Filling up the DagBag from /home/airflow/.local/lib/python3.8/site-packages/airflow/example_dags/example_sensors.py
[2023-12-19T03:30:46.605+0000] {processor.py:840} INFO - DAG(s) 'example_sensors' retrieved from /home/airflow/.local/lib/python3.8/site-packages/airflow/example_dags/example_sensors.py
[2023-12-19T03:30:46.621+0000] {logging_mixin.py:188} INFO - [2023-12-19T03:30:46.621+0000] {dag.py:3033} INFO - Sync 1 DAGs
[2023-12-19T03:30:46.628+0000] {logging_mixin.py:188} INFO - [2023-12-19T03:30:46.628+0000] {dag.py:3820} INFO - Setting next_dagrun for example_sensors to None, run_after=None
[2023-12-19T03:30:46.637+0000] {processor.py:183} INFO - Processing /home/airflow/.local/lib/python3.8/site-packages/airflow/example_dags/example_sensors.py took 0.042 seconds
[2023-12-19T03:31:16.752+0000] {processor.py:161} INFO - Started process (PID=732) to work on /home/airflow/.local/lib/python3.8/site-packages/airflow/example_dags/example_sensors.py
[2023-12-19T03:31:16.753+0000] {processor.py:830} INFO - Processing file /home/airflow/.local/lib/python3.8/site-packages/airflow/example_dags/example_sensors.py for tasks to queue
[2023-12-19T03:31:16.755+0000] {logging_mixin.py:188} INFO - [2023-12-19T03:31:16.755+0000] {dagbag.py:538} INFO - Filling up the DagBag from /home/airflow/.local/lib/python3.8/site-packages/airflow/example_dags/example_sensors.py
[2023-12-19T03:31:16.760+0000] {processor.py:840} INFO - DAG(s) 'example_sensors' retrieved from /home/airflow/.local/lib/python3.8/site-packages/airflow/example_dags/example_sensors.py
[2023-12-19T03:31:16.776+0000] {logging_mixin.py:188} INFO - [2023-12-19T03:31:16.776+0000] {dag.py:3033} INFO - Sync 1 DAGs
[2023-12-19T03:31:16.784+0000] {logging_mixin.py:188} INFO - [2023-12-19T03:31:16.784+0000] {dag.py:3820} INFO - Setting next_dagrun for example_sensors to None, run_after=None
[2023-12-19T03:31:16.793+0000] {processor.py:183} INFO - Processing /home/airflow/.local/lib/python3.8/site-packages/airflow/example_dags/example_sensors.py took 0.044 seconds
[2023-12-19T03:31:46.867+0000] {processor.py:161} INFO - Started process (PID=787) to work on /home/airflow/.local/lib/python3.8/site-packages/airflow/example_dags/example_sensors.py
[2023-12-19T03:31:46.868+0000] {processor.py:830} INFO - Processing file /home/airflow/.local/lib/python3.8/site-packages/airflow/example_dags/example_sensors.py for tasks to queue
[2023-12-19T03:31:46.870+0000] {logging_mixin.py:188} INFO - [2023-12-19T03:31:46.869+0000] {dagbag.py:538} INFO - Filling up the DagBag from /home/airflow/.local/lib/python3.8/site-packages/airflow/example_dags/example_sensors.py
[2023-12-19T03:31:46.876+0000] {processor.py:840} INFO - DAG(s) 'example_sensors' retrieved from /home/airflow/.local/lib/python3.8/site-packages/airflow/example_dags/example_sensors.py
[2023-12-19T03:31:46.892+0000] {logging_mixin.py:188} INFO - [2023-12-19T03:31:46.892+0000] {dag.py:3033} INFO - Sync 1 DAGs
[2023-12-19T03:31:46.898+0000] {logging_mixin.py:188} INFO - [2023-12-19T03:31:46.898+0000] {dag.py:3820} INFO - Setting next_dagrun for example_sensors to None, run_after=None
[2023-12-19T03:31:46.908+0000] {processor.py:183} INFO - Processing /home/airflow/.local/lib/python3.8/site-packages/airflow/example_dags/example_sensors.py took 0.043 seconds
[2023-12-19T03:32:17.177+0000] {processor.py:161} INFO - Started process (PID=842) to work on /home/airflow/.local/lib/python3.8/site-packages/airflow/example_dags/example_sensors.py
[2023-12-19T03:32:17.178+0000] {processor.py:830} INFO - Processing file /home/airflow/.local/lib/python3.8/site-packages/airflow/example_dags/example_sensors.py for tasks to queue
[2023-12-19T03:32:17.180+0000] {logging_mixin.py:188} INFO - [2023-12-19T03:32:17.179+0000] {dagbag.py:538} INFO - Filling up the DagBag from /home/airflow/.local/lib/python3.8/site-packages/airflow/example_dags/example_sensors.py
[2023-12-19T03:32:17.185+0000] {processor.py:840} INFO - DAG(s) 'example_sensors' retrieved from /home/airflow/.local/lib/python3.8/site-packages/airflow/example_dags/example_sensors.py
[2023-12-19T03:32:17.202+0000] {logging_mixin.py:188} INFO - [2023-12-19T03:32:17.202+0000] {dag.py:3033} INFO - Sync 1 DAGs
[2023-12-19T03:32:17.209+0000] {logging_mixin.py:188} INFO - [2023-12-19T03:32:17.208+0000] {dag.py:3820} INFO - Setting next_dagrun for example_sensors to None, run_after=None
[2023-12-19T03:32:17.219+0000] {processor.py:183} INFO - Processing /home/airflow/.local/lib/python3.8/site-packages/airflow/example_dags/example_sensors.py took 0.045 seconds
[2023-12-19T03:32:47.523+0000] {processor.py:161} INFO - Started process (PID=897) to work on /home/airflow/.local/lib/python3.8/site-packages/airflow/example_dags/example_sensors.py
[2023-12-19T03:32:47.524+0000] {processor.py:830} INFO - Processing file /home/airflow/.local/lib/python3.8/site-packages/airflow/example_dags/example_sensors.py for tasks to queue
[2023-12-19T03:32:47.526+0000] {logging_mixin.py:188} INFO - [2023-12-19T03:32:47.525+0000] {dagbag.py:538} INFO - Filling up the DagBag from /home/airflow/.local/lib/python3.8/site-packages/airflow/example_dags/example_sensors.py
[2023-12-19T03:32:47.531+0000] {processor.py:840} INFO - DAG(s) 'example_sensors' retrieved from /home/airflow/.local/lib/python3.8/site-packages/airflow/example_dags/example_sensors.py
[2023-12-19T03:32:47.548+0000] {logging_mixin.py:188} INFO - [2023-12-19T03:32:47.548+0000] {dag.py:3033} INFO - Sync 1 DAGs
[2023-12-19T03:32:47.555+0000] {logging_mixin.py:188} INFO - [2023-12-19T03:32:47.555+0000] {dag.py:3820} INFO - Setting next_dagrun for example_sensors to None, run_after=None
[2023-12-19T03:32:47.565+0000] {processor.py:183} INFO - Processing /home/airflow/.local/lib/python3.8/site-packages/airflow/example_dags/example_sensors.py took 0.045 seconds
[2023-12-19T03:33:17.803+0000] {processor.py:161} INFO - Started process (PID=952) to work on /home/airflow/.local/lib/python3.8/site-packages/airflow/example_dags/example_sensors.py
[2023-12-19T03:33:17.804+0000] {processor.py:830} INFO - Processing file /home/airflow/.local/lib/python3.8/site-packages/airflow/example_dags/example_sensors.py for tasks to queue
[2023-12-19T03:33:17.806+0000] {logging_mixin.py:188} INFO - [2023-12-19T03:33:17.805+0000] {dagbag.py:538} INFO - Filling up the DagBag from /home/airflow/.local/lib/python3.8/site-packages/airflow/example_dags/example_sensors.py
[2023-12-19T03:33:17.811+0000] {processor.py:840} INFO - DAG(s) 'example_sensors' retrieved from /home/airflow/.local/lib/python3.8/site-packages/airflow/example_dags/example_sensors.py
[2023-12-19T03:33:17.829+0000] {logging_mixin.py:188} INFO - [2023-12-19T03:33:17.828+0000] {dag.py:3033} INFO - Sync 1 DAGs
[2023-12-19T03:33:17.835+0000] {logging_mixin.py:188} INFO - [2023-12-19T03:33:17.835+0000] {dag.py:3820} INFO - Setting next_dagrun for example_sensors to None, run_after=None
[2023-12-19T03:33:17.844+0000] {processor.py:183} INFO - Processing /home/airflow/.local/lib/python3.8/site-packages/airflow/example_dags/example_sensors.py took 0.044 seconds
[2023-12-19T03:33:48.052+0000] {processor.py:161} INFO - Started process (PID=1007) to work on /home/airflow/.local/lib/python3.8/site-packages/airflow/example_dags/example_sensors.py
[2023-12-19T03:33:48.053+0000] {processor.py:830} INFO - Processing file /home/airflow/.local/lib/python3.8/site-packages/airflow/example_dags/example_sensors.py for tasks to queue
[2023-12-19T03:33:48.054+0000] {logging_mixin.py:188} INFO - [2023-12-19T03:33:48.054+0000] {dagbag.py:538} INFO - Filling up the DagBag from /home/airflow/.local/lib/python3.8/site-packages/airflow/example_dags/example_sensors.py
[2023-12-19T03:33:48.060+0000] {processor.py:840} INFO - DAG(s) 'example_sensors' retrieved from /home/airflow/.local/lib/python3.8/site-packages/airflow/example_dags/example_sensors.py
[2023-12-19T03:33:48.076+0000] {logging_mixin.py:188} INFO - [2023-12-19T03:33:48.076+0000] {dag.py:3033} INFO - Sync 1 DAGs
[2023-12-19T03:33:48.082+0000] {logging_mixin.py:188} INFO - [2023-12-19T03:33:48.082+0000] {dag.py:3820} INFO - Setting next_dagrun for example_sensors to None, run_after=None
[2023-12-19T03:33:48.090+0000] {processor.py:183} INFO - Processing /home/airflow/.local/lib/python3.8/site-packages/airflow/example_dags/example_sensors.py took 0.041 seconds
[2023-12-19T03:34:18.413+0000] {processor.py:161} INFO - Started process (PID=1062) to work on /home/airflow/.local/lib/python3.8/site-packages/airflow/example_dags/example_sensors.py
[2023-12-19T03:34:18.414+0000] {processor.py:830} INFO - Processing file /home/airflow/.local/lib/python3.8/site-packages/airflow/example_dags/example_sensors.py for tasks to queue
[2023-12-19T03:34:18.415+0000] {logging_mixin.py:188} INFO - [2023-12-19T03:34:18.415+0000] {dagbag.py:538} INFO - Filling up the DagBag from /home/airflow/.local/lib/python3.8/site-packages/airflow/example_dags/example_sensors.py
[2023-12-19T03:34:18.421+0000] {processor.py:840} INFO - DAG(s) 'example_sensors' retrieved from /home/airflow/.local/lib/python3.8/site-packages/airflow/example_dags/example_sensors.py
[2023-12-19T03:34:18.437+0000] {logging_mixin.py:188} INFO - [2023-12-19T03:34:18.437+0000] {dag.py:3033} INFO - Sync 1 DAGs
[2023-12-19T03:34:18.444+0000] {logging_mixin.py:188} INFO - [2023-12-19T03:34:18.444+0000] {dag.py:3820} INFO - Setting next_dagrun for example_sensors to None, run_after=None
[2023-12-19T03:34:18.452+0000] {processor.py:183} INFO - Processing /home/airflow/.local/lib/python3.8/site-packages/airflow/example_dags/example_sensors.py took 0.042 seconds
[2023-12-19T03:34:48.777+0000] {processor.py:161} INFO - Started process (PID=1117) to work on /home/airflow/.local/lib/python3.8/site-packages/airflow/example_dags/example_sensors.py
[2023-12-19T03:34:48.778+0000] {processor.py:830} INFO - Processing file /home/airflow/.local/lib/python3.8/site-packages/airflow/example_dags/example_sensors.py for tasks to queue
[2023-12-19T03:34:48.780+0000] {logging_mixin.py:188} INFO - [2023-12-19T03:34:48.780+0000] {dagbag.py:538} INFO - Filling up the DagBag from /home/airflow/.local/lib/python3.8/site-packages/airflow/example_dags/example_sensors.py
[2023-12-19T03:34:48.787+0000] {processor.py:840} INFO - DAG(s) 'example_sensors' retrieved from /home/airflow/.local/lib/python3.8/site-packages/airflow/example_dags/example_sensors.py
[2023-12-19T03:34:48.802+0000] {logging_mixin.py:188} INFO - [2023-12-19T03:34:48.802+0000] {dag.py:3033} INFO - Sync 1 DAGs
[2023-12-19T03:34:48.809+0000] {logging_mixin.py:188} INFO - [2023-12-19T03:34:48.809+0000] {dag.py:3820} INFO - Setting next_dagrun for example_sensors to None, run_after=None
[2023-12-19T03:34:48.818+0000] {processor.py:183} INFO - Processing /home/airflow/.local/lib/python3.8/site-packages/airflow/example_dags/example_sensors.py took 0.043 seconds
[2023-12-19T03:35:18.921+0000] {processor.py:161} INFO - Started process (PID=1172) to work on /home/airflow/.local/lib/python3.8/site-packages/airflow/example_dags/example_sensors.py
[2023-12-19T03:35:18.922+0000] {processor.py:830} INFO - Processing file /home/airflow/.local/lib/python3.8/site-packages/airflow/example_dags/example_sensors.py for tasks to queue
[2023-12-19T03:35:18.923+0000] {logging_mixin.py:188} INFO - [2023-12-19T03:35:18.923+0000] {dagbag.py:538} INFO - Filling up the DagBag from /home/airflow/.local/lib/python3.8/site-packages/airflow/example_dags/example_sensors.py
[2023-12-19T03:35:18.929+0000] {processor.py:840} INFO - DAG(s) 'example_sensors' retrieved from /home/airflow/.local/lib/python3.8/site-packages/airflow/example_dags/example_sensors.py
[2023-12-19T03:35:18.944+0000] {logging_mixin.py:188} INFO - [2023-12-19T03:35:18.944+0000] {dag.py:3033} INFO - Sync 1 DAGs
[2023-12-19T03:35:18.951+0000] {logging_mixin.py:188} INFO - [2023-12-19T03:35:18.951+0000] {dag.py:3820} INFO - Setting next_dagrun for example_sensors to None, run_after=None
[2023-12-19T03:35:18.960+0000] {processor.py:183} INFO - Processing /home/airflow/.local/lib/python3.8/site-packages/airflow/example_dags/example_sensors.py took 0.041 seconds
[2023-12-19T03:35:49.241+0000] {processor.py:161} INFO - Started process (PID=1227) to work on /home/airflow/.local/lib/python3.8/site-packages/airflow/example_dags/example_sensors.py
[2023-12-19T03:35:49.242+0000] {processor.py:830} INFO - Processing file /home/airflow/.local/lib/python3.8/site-packages/airflow/example_dags/example_sensors.py for tasks to queue
[2023-12-19T03:35:49.243+0000] {logging_mixin.py:188} INFO - [2023-12-19T03:35:49.243+0000] {dagbag.py:538} INFO - Filling up the DagBag from /home/airflow/.local/lib/python3.8/site-packages/airflow/example_dags/example_sensors.py
[2023-12-19T03:35:49.249+0000] {processor.py:840} INFO - DAG(s) 'example_sensors' retrieved from /home/airflow/.local/lib/python3.8/site-packages/airflow/example_dags/example_sensors.py
[2023-12-19T03:35:49.265+0000] {logging_mixin.py:188} INFO - [2023-12-19T03:35:49.265+0000] {dag.py:3033} INFO - Sync 1 DAGs
[2023-12-19T03:35:49.271+0000] {logging_mixin.py:188} INFO - [2023-12-19T03:35:49.271+0000] {dag.py:3820} INFO - Setting next_dagrun for example_sensors to None, run_after=None
[2023-12-19T03:35:49.280+0000] {processor.py:183} INFO - Processing /home/airflow/.local/lib/python3.8/site-packages/airflow/example_dags/example_sensors.py took 0.042 seconds
[2023-12-19T03:36:19.549+0000] {processor.py:161} INFO - Started process (PID=1282) to work on /home/airflow/.local/lib/python3.8/site-packages/airflow/example_dags/example_sensors.py
[2023-12-19T03:36:19.550+0000] {processor.py:830} INFO - Processing file /home/airflow/.local/lib/python3.8/site-packages/airflow/example_dags/example_sensors.py for tasks to queue
[2023-12-19T03:36:19.551+0000] {logging_mixin.py:188} INFO - [2023-12-19T03:36:19.551+0000] {dagbag.py:538} INFO - Filling up the DagBag from /home/airflow/.local/lib/python3.8/site-packages/airflow/example_dags/example_sensors.py
[2023-12-19T03:36:19.557+0000] {processor.py:840} INFO - DAG(s) 'example_sensors' retrieved from /home/airflow/.local/lib/python3.8/site-packages/airflow/example_dags/example_sensors.py
[2023-12-19T03:36:19.573+0000] {logging_mixin.py:188} INFO - [2023-12-19T03:36:19.573+0000] {dag.py:3033} INFO - Sync 1 DAGs
[2023-12-19T03:36:19.579+0000] {logging_mixin.py:188} INFO - [2023-12-19T03:36:19.579+0000] {dag.py:3820} INFO - Setting next_dagrun for example_sensors to None, run_after=None
[2023-12-19T03:36:19.589+0000] {processor.py:183} INFO - Processing /home/airflow/.local/lib/python3.8/site-packages/airflow/example_dags/example_sensors.py took 0.042 seconds
[2023-12-19T03:36:50.101+0000] {processor.py:161} INFO - Started process (PID=1337) to work on /home/airflow/.local/lib/python3.8/site-packages/airflow/example_dags/example_sensors.py
[2023-12-19T03:36:50.103+0000] {processor.py:830} INFO - Processing file /home/airflow/.local/lib/python3.8/site-packages/airflow/example_dags/example_sensors.py for tasks to queue
[2023-12-19T03:36:50.105+0000] {logging_mixin.py:188} INFO - [2023-12-19T03:36:50.105+0000] {dagbag.py:538} INFO - Filling up the DagBag from /home/airflow/.local/lib/python3.8/site-packages/airflow/example_dags/example_sensors.py
[2023-12-19T03:36:50.111+0000] {processor.py:840} INFO - DAG(s) 'example_sensors' retrieved from /home/airflow/.local/lib/python3.8/site-packages/airflow/example_dags/example_sensors.py
[2023-12-19T03:36:50.128+0000] {logging_mixin.py:188} INFO - [2023-12-19T03:36:50.127+0000] {dag.py:3033} INFO - Sync 1 DAGs
[2023-12-19T03:36:50.134+0000] {logging_mixin.py:188} INFO - [2023-12-19T03:36:50.134+0000] {dag.py:3820} INFO - Setting next_dagrun for example_sensors to None, run_after=None
[2023-12-19T03:36:50.143+0000] {processor.py:183} INFO - Processing /home/airflow/.local/lib/python3.8/site-packages/airflow/example_dags/example_sensors.py took 0.044 seconds
[2023-12-19T03:37:20.437+0000] {processor.py:161} INFO - Started process (PID=1392) to work on /home/airflow/.local/lib/python3.8/site-packages/airflow/example_dags/example_sensors.py
[2023-12-19T03:37:20.438+0000] {processor.py:830} INFO - Processing file /home/airflow/.local/lib/python3.8/site-packages/airflow/example_dags/example_sensors.py for tasks to queue
[2023-12-19T03:37:20.440+0000] {logging_mixin.py:188} INFO - [2023-12-19T03:37:20.440+0000] {dagbag.py:538} INFO - Filling up the DagBag from /home/airflow/.local/lib/python3.8/site-packages/airflow/example_dags/example_sensors.py
[2023-12-19T03:37:20.445+0000] {processor.py:840} INFO - DAG(s) 'example_sensors' retrieved from /home/airflow/.local/lib/python3.8/site-packages/airflow/example_dags/example_sensors.py
[2023-12-19T03:37:20.462+0000] {logging_mixin.py:188} INFO - [2023-12-19T03:37:20.462+0000] {dag.py:3033} INFO - Sync 1 DAGs
[2023-12-19T03:37:20.469+0000] {logging_mixin.py:188} INFO - [2023-12-19T03:37:20.469+0000] {dag.py:3820} INFO - Setting next_dagrun for example_sensors to None, run_after=None
[2023-12-19T03:37:20.477+0000] {processor.py:183} INFO - Processing /home/airflow/.local/lib/python3.8/site-packages/airflow/example_dags/example_sensors.py took 0.042 seconds
[2023-12-19T03:37:50.721+0000] {processor.py:161} INFO - Started process (PID=1447) to work on /home/airflow/.local/lib/python3.8/site-packages/airflow/example_dags/example_sensors.py
[2023-12-19T03:37:50.722+0000] {processor.py:830} INFO - Processing file /home/airflow/.local/lib/python3.8/site-packages/airflow/example_dags/example_sensors.py for tasks to queue
[2023-12-19T03:37:50.723+0000] {logging_mixin.py:188} INFO - [2023-12-19T03:37:50.723+0000] {dagbag.py:538} INFO - Filling up the DagBag from /home/airflow/.local/lib/python3.8/site-packages/airflow/example_dags/example_sensors.py
[2023-12-19T03:37:50.729+0000] {processor.py:840} INFO - DAG(s) 'example_sensors' retrieved from /home/airflow/.local/lib/python3.8/site-packages/airflow/example_dags/example_sensors.py
[2023-12-19T03:37:50.745+0000] {logging_mixin.py:188} INFO - [2023-12-19T03:37:50.745+0000] {dag.py:3033} INFO - Sync 1 DAGs
[2023-12-19T03:37:50.752+0000] {logging_mixin.py:188} INFO - [2023-12-19T03:37:50.752+0000] {dag.py:3820} INFO - Setting next_dagrun for example_sensors to None, run_after=None
[2023-12-19T03:37:50.761+0000] {processor.py:183} INFO - Processing /home/airflow/.local/lib/python3.8/site-packages/airflow/example_dags/example_sensors.py took 0.043 seconds
