[2023-12-19T03:23:34.957+0000] {processor.py:161} INFO - Started process (PID=47) to work on /home/airflow/.local/lib/python3.8/site-packages/airflow/example_dags/example_python_decorator.py
[2023-12-19T03:23:34.958+0000] {processor.py:830} INFO - Processing file /home/airflow/.local/lib/python3.8/site-packages/airflow/example_dags/example_python_decorator.py for tasks to queue
[2023-12-19T03:23:34.960+0000] {logging_mixin.py:188} INFO - [2023-12-19T03:23:34.960+0000] {dagbag.py:538} INFO - Filling up the DagBag from /home/airflow/.local/lib/python3.8/site-packages/airflow/example_dags/example_python_decorator.py
[2023-12-19T03:23:34.972+0000] {processor.py:840} INFO - DAG(s) 'example_python_decorator' retrieved from /home/airflow/.local/lib/python3.8/site-packages/airflow/example_dags/example_python_decorator.py
[2023-12-19T03:23:34.987+0000] {logging_mixin.py:188} INFO - [2023-12-19T03:23:34.987+0000] {dag.py:3033} INFO - Sync 1 DAGs
[2023-12-19T03:23:34.999+0000] {logging_mixin.py:188} INFO - [2023-12-19T03:23:34.999+0000] {dag.py:3820} INFO - Setting next_dagrun for example_python_decorator to None, run_after=None
[2023-12-19T03:23:35.011+0000] {processor.py:183} INFO - Processing /home/airflow/.local/lib/python3.8/site-packages/airflow/example_dags/example_python_decorator.py took 0.057 seconds
[2023-12-19T03:24:05.399+0000] {processor.py:161} INFO - Started process (PID=102) to work on /home/airflow/.local/lib/python3.8/site-packages/airflow/example_dags/example_python_decorator.py
[2023-12-19T03:24:05.400+0000] {processor.py:830} INFO - Processing file /home/airflow/.local/lib/python3.8/site-packages/airflow/example_dags/example_python_decorator.py for tasks to queue
[2023-12-19T03:24:05.401+0000] {logging_mixin.py:188} INFO - [2023-12-19T03:24:05.401+0000] {dagbag.py:538} INFO - Filling up the DagBag from /home/airflow/.local/lib/python3.8/site-packages/airflow/example_dags/example_python_decorator.py
[2023-12-19T03:24:05.408+0000] {processor.py:840} INFO - DAG(s) 'example_python_decorator' retrieved from /home/airflow/.local/lib/python3.8/site-packages/airflow/example_dags/example_python_decorator.py
[2023-12-19T03:24:05.459+0000] {logging_mixin.py:188} INFO - [2023-12-19T03:24:05.459+0000] {dag.py:3033} INFO - Sync 1 DAGs
[2023-12-19T03:24:05.465+0000] {logging_mixin.py:188} INFO - [2023-12-19T03:24:05.465+0000] {dag.py:3820} INFO - Setting next_dagrun for example_python_decorator to None, run_after=None
[2023-12-19T03:24:05.475+0000] {processor.py:183} INFO - Processing /home/airflow/.local/lib/python3.8/site-packages/airflow/example_dags/example_python_decorator.py took 0.079 seconds
[2023-12-19T03:24:38.953+0000] {processor.py:161} INFO - Started process (PID=46) to work on /home/airflow/.local/lib/python3.8/site-packages/airflow/example_dags/example_python_decorator.py
[2023-12-19T03:24:38.954+0000] {processor.py:830} INFO - Processing file /home/airflow/.local/lib/python3.8/site-packages/airflow/example_dags/example_python_decorator.py for tasks to queue
[2023-12-19T03:24:38.956+0000] {logging_mixin.py:188} INFO - [2023-12-19T03:24:38.956+0000] {dagbag.py:538} INFO - Filling up the DagBag from /home/airflow/.local/lib/python3.8/site-packages/airflow/example_dags/example_python_decorator.py
[2023-12-19T03:24:38.964+0000] {processor.py:840} INFO - DAG(s) 'example_python_decorator' retrieved from /home/airflow/.local/lib/python3.8/site-packages/airflow/example_dags/example_python_decorator.py
[2023-12-19T03:24:38.982+0000] {logging_mixin.py:188} INFO - [2023-12-19T03:24:38.982+0000] {dag.py:3033} INFO - Sync 1 DAGs
[2023-12-19T03:24:38.990+0000] {logging_mixin.py:188} INFO - [2023-12-19T03:24:38.990+0000] {dag.py:3820} INFO - Setting next_dagrun for example_python_decorator to None, run_after=None
[2023-12-19T03:24:38.999+0000] {processor.py:183} INFO - Processing /home/airflow/.local/lib/python3.8/site-packages/airflow/example_dags/example_python_decorator.py took 0.049 seconds
[2023-12-19T03:25:11.249+0000] {processor.py:161} INFO - Started process (PID=46) to work on /home/airflow/.local/lib/python3.8/site-packages/airflow/example_dags/example_python_decorator.py
[2023-12-19T03:25:11.251+0000] {processor.py:830} INFO - Processing file /home/airflow/.local/lib/python3.8/site-packages/airflow/example_dags/example_python_decorator.py for tasks to queue
[2023-12-19T03:25:11.254+0000] {logging_mixin.py:188} INFO - [2023-12-19T03:25:11.254+0000] {dagbag.py:538} INFO - Filling up the DagBag from /home/airflow/.local/lib/python3.8/site-packages/airflow/example_dags/example_python_decorator.py
[2023-12-19T03:25:11.267+0000] {processor.py:840} INFO - DAG(s) 'example_python_decorator' retrieved from /home/airflow/.local/lib/python3.8/site-packages/airflow/example_dags/example_python_decorator.py
[2023-12-19T03:25:11.288+0000] {logging_mixin.py:188} INFO - [2023-12-19T03:25:11.288+0000] {dag.py:3033} INFO - Sync 1 DAGs
[2023-12-19T03:25:11.297+0000] {logging_mixin.py:188} INFO - [2023-12-19T03:25:11.297+0000] {dag.py:3820} INFO - Setting next_dagrun for example_python_decorator to None, run_after=None
[2023-12-19T03:25:11.311+0000] {processor.py:183} INFO - Processing /home/airflow/.local/lib/python3.8/site-packages/airflow/example_dags/example_python_decorator.py took 0.067 seconds
[2023-12-19T03:25:42.000+0000] {processor.py:161} INFO - Started process (PID=100) to work on /home/airflow/.local/lib/python3.8/site-packages/airflow/example_dags/example_python_decorator.py
[2023-12-19T03:25:42.002+0000] {processor.py:830} INFO - Processing file /home/airflow/.local/lib/python3.8/site-packages/airflow/example_dags/example_python_decorator.py for tasks to queue
[2023-12-19T03:25:42.003+0000] {logging_mixin.py:188} INFO - [2023-12-19T03:25:42.003+0000] {dagbag.py:538} INFO - Filling up the DagBag from /home/airflow/.local/lib/python3.8/site-packages/airflow/example_dags/example_python_decorator.py
[2023-12-19T03:25:42.009+0000] {processor.py:840} INFO - DAG(s) 'example_python_decorator' retrieved from /home/airflow/.local/lib/python3.8/site-packages/airflow/example_dags/example_python_decorator.py
[2023-12-19T03:25:42.064+0000] {logging_mixin.py:188} INFO - [2023-12-19T03:25:42.064+0000] {dag.py:3033} INFO - Sync 1 DAGs
[2023-12-19T03:25:42.070+0000] {logging_mixin.py:188} INFO - [2023-12-19T03:25:42.070+0000] {dag.py:3820} INFO - Setting next_dagrun for example_python_decorator to None, run_after=None
[2023-12-19T03:25:42.080+0000] {processor.py:183} INFO - Processing /home/airflow/.local/lib/python3.8/site-packages/airflow/example_dags/example_python_decorator.py took 0.082 seconds
[2023-12-19T03:26:13.104+0000] {processor.py:161} INFO - Started process (PID=163) to work on /home/airflow/.local/lib/python3.8/site-packages/airflow/example_dags/example_python_decorator.py
[2023-12-19T03:26:13.107+0000] {processor.py:830} INFO - Processing file /home/airflow/.local/lib/python3.8/site-packages/airflow/example_dags/example_python_decorator.py for tasks to queue
[2023-12-19T03:26:13.111+0000] {logging_mixin.py:188} INFO - [2023-12-19T03:26:13.111+0000] {dagbag.py:538} INFO - Filling up the DagBag from /home/airflow/.local/lib/python3.8/site-packages/airflow/example_dags/example_python_decorator.py
[2023-12-19T03:26:13.123+0000] {processor.py:840} INFO - DAG(s) 'example_python_decorator' retrieved from /home/airflow/.local/lib/python3.8/site-packages/airflow/example_dags/example_python_decorator.py
[2023-12-19T03:26:13.147+0000] {logging_mixin.py:188} INFO - [2023-12-19T03:26:13.146+0000] {dag.py:3033} INFO - Sync 1 DAGs
[2023-12-19T03:26:13.156+0000] {logging_mixin.py:188} INFO - [2023-12-19T03:26:13.156+0000] {dag.py:3820} INFO - Setting next_dagrun for example_python_decorator to None, run_after=None
[2023-12-19T03:26:13.169+0000] {processor.py:183} INFO - Processing /home/airflow/.local/lib/python3.8/site-packages/airflow/example_dags/example_python_decorator.py took 0.071 seconds
[2023-12-19T03:26:43.235+0000] {processor.py:161} INFO - Started process (PID=218) to work on /home/airflow/.local/lib/python3.8/site-packages/airflow/example_dags/example_python_decorator.py
[2023-12-19T03:26:43.238+0000] {processor.py:830} INFO - Processing file /home/airflow/.local/lib/python3.8/site-packages/airflow/example_dags/example_python_decorator.py for tasks to queue
[2023-12-19T03:26:43.243+0000] {logging_mixin.py:188} INFO - [2023-12-19T03:26:43.242+0000] {dagbag.py:538} INFO - Filling up the DagBag from /home/airflow/.local/lib/python3.8/site-packages/airflow/example_dags/example_python_decorator.py
[2023-12-19T03:26:43.253+0000] {processor.py:840} INFO - DAG(s) 'example_python_decorator' retrieved from /home/airflow/.local/lib/python3.8/site-packages/airflow/example_dags/example_python_decorator.py
[2023-12-19T03:26:43.275+0000] {logging_mixin.py:188} INFO - [2023-12-19T03:26:43.275+0000] {dag.py:3033} INFO - Sync 1 DAGs
[2023-12-19T03:26:43.284+0000] {logging_mixin.py:188} INFO - [2023-12-19T03:26:43.284+0000] {dag.py:3820} INFO - Setting next_dagrun for example_python_decorator to None, run_after=None
[2023-12-19T03:26:43.311+0000] {processor.py:183} INFO - Processing /home/airflow/.local/lib/python3.8/site-packages/airflow/example_dags/example_python_decorator.py took 0.081 seconds
[2023-12-19T03:27:13.857+0000] {processor.py:161} INFO - Started process (PID=273) to work on /home/airflow/.local/lib/python3.8/site-packages/airflow/example_dags/example_python_decorator.py
[2023-12-19T03:27:13.860+0000] {processor.py:830} INFO - Processing file /home/airflow/.local/lib/python3.8/site-packages/airflow/example_dags/example_python_decorator.py for tasks to queue
[2023-12-19T03:27:13.864+0000] {logging_mixin.py:188} INFO - [2023-12-19T03:27:13.863+0000] {dagbag.py:538} INFO - Filling up the DagBag from /home/airflow/.local/lib/python3.8/site-packages/airflow/example_dags/example_python_decorator.py
[2023-12-19T03:27:13.879+0000] {processor.py:840} INFO - DAG(s) 'example_python_decorator' retrieved from /home/airflow/.local/lib/python3.8/site-packages/airflow/example_dags/example_python_decorator.py
[2023-12-19T03:27:13.916+0000] {logging_mixin.py:188} INFO - [2023-12-19T03:27:13.916+0000] {dag.py:3033} INFO - Sync 1 DAGs
[2023-12-19T03:27:13.931+0000] {logging_mixin.py:188} INFO - [2023-12-19T03:27:13.931+0000] {dag.py:3820} INFO - Setting next_dagrun for example_python_decorator to None, run_after=None
[2023-12-19T03:27:13.948+0000] {processor.py:183} INFO - Processing /home/airflow/.local/lib/python3.8/site-packages/airflow/example_dags/example_python_decorator.py took 0.100 seconds
[2023-12-19T03:27:44.435+0000] {processor.py:161} INFO - Started process (PID=328) to work on /home/airflow/.local/lib/python3.8/site-packages/airflow/example_dags/example_python_decorator.py
[2023-12-19T03:27:44.437+0000] {processor.py:830} INFO - Processing file /home/airflow/.local/lib/python3.8/site-packages/airflow/example_dags/example_python_decorator.py for tasks to queue
[2023-12-19T03:27:44.441+0000] {logging_mixin.py:188} INFO - [2023-12-19T03:27:44.441+0000] {dagbag.py:538} INFO - Filling up the DagBag from /home/airflow/.local/lib/python3.8/site-packages/airflow/example_dags/example_python_decorator.py
[2023-12-19T03:27:44.452+0000] {processor.py:840} INFO - DAG(s) 'example_python_decorator' retrieved from /home/airflow/.local/lib/python3.8/site-packages/airflow/example_dags/example_python_decorator.py
[2023-12-19T03:27:44.473+0000] {logging_mixin.py:188} INFO - [2023-12-19T03:27:44.473+0000] {dag.py:3033} INFO - Sync 1 DAGs
[2023-12-19T03:27:44.481+0000] {logging_mixin.py:188} INFO - [2023-12-19T03:27:44.481+0000] {dag.py:3820} INFO - Setting next_dagrun for example_python_decorator to None, run_after=None
[2023-12-19T03:27:44.491+0000] {processor.py:183} INFO - Processing /home/airflow/.local/lib/python3.8/site-packages/airflow/example_dags/example_python_decorator.py took 0.063 seconds
[2023-12-19T03:28:14.576+0000] {processor.py:161} INFO - Started process (PID=383) to work on /home/airflow/.local/lib/python3.8/site-packages/airflow/example_dags/example_python_decorator.py
[2023-12-19T03:28:14.579+0000] {processor.py:830} INFO - Processing file /home/airflow/.local/lib/python3.8/site-packages/airflow/example_dags/example_python_decorator.py for tasks to queue
[2023-12-19T03:28:14.583+0000] {logging_mixin.py:188} INFO - [2023-12-19T03:28:14.583+0000] {dagbag.py:538} INFO - Filling up the DagBag from /home/airflow/.local/lib/python3.8/site-packages/airflow/example_dags/example_python_decorator.py
[2023-12-19T03:28:14.597+0000] {processor.py:840} INFO - DAG(s) 'example_python_decorator' retrieved from /home/airflow/.local/lib/python3.8/site-packages/airflow/example_dags/example_python_decorator.py
[2023-12-19T03:28:14.621+0000] {logging_mixin.py:188} INFO - [2023-12-19T03:28:14.621+0000] {dag.py:3033} INFO - Sync 1 DAGs
[2023-12-19T03:28:14.630+0000] {logging_mixin.py:188} INFO - [2023-12-19T03:28:14.629+0000] {dag.py:3820} INFO - Setting next_dagrun for example_python_decorator to None, run_after=None
[2023-12-19T03:28:14.641+0000] {processor.py:183} INFO - Processing /home/airflow/.local/lib/python3.8/site-packages/airflow/example_dags/example_python_decorator.py took 0.073 seconds
[2023-12-19T03:28:44.758+0000] {processor.py:161} INFO - Started process (PID=438) to work on /home/airflow/.local/lib/python3.8/site-packages/airflow/example_dags/example_python_decorator.py
[2023-12-19T03:28:44.760+0000] {processor.py:830} INFO - Processing file /home/airflow/.local/lib/python3.8/site-packages/airflow/example_dags/example_python_decorator.py for tasks to queue
[2023-12-19T03:28:44.763+0000] {logging_mixin.py:188} INFO - [2023-12-19T03:28:44.763+0000] {dagbag.py:538} INFO - Filling up the DagBag from /home/airflow/.local/lib/python3.8/site-packages/airflow/example_dags/example_python_decorator.py
[2023-12-19T03:28:44.776+0000] {processor.py:840} INFO - DAG(s) 'example_python_decorator' retrieved from /home/airflow/.local/lib/python3.8/site-packages/airflow/example_dags/example_python_decorator.py
[2023-12-19T03:28:44.797+0000] {logging_mixin.py:188} INFO - [2023-12-19T03:28:44.797+0000] {dag.py:3033} INFO - Sync 1 DAGs
[2023-12-19T03:28:44.805+0000] {logging_mixin.py:188} INFO - [2023-12-19T03:28:44.805+0000] {dag.py:3820} INFO - Setting next_dagrun for example_python_decorator to None, run_after=None
[2023-12-19T03:28:44.817+0000] {processor.py:183} INFO - Processing /home/airflow/.local/lib/python3.8/site-packages/airflow/example_dags/example_python_decorator.py took 0.064 seconds
[2023-12-19T03:29:15.253+0000] {processor.py:161} INFO - Started process (PID=493) to work on /home/airflow/.local/lib/python3.8/site-packages/airflow/example_dags/example_python_decorator.py
[2023-12-19T03:29:15.257+0000] {processor.py:830} INFO - Processing file /home/airflow/.local/lib/python3.8/site-packages/airflow/example_dags/example_python_decorator.py for tasks to queue
[2023-12-19T03:29:15.261+0000] {logging_mixin.py:188} INFO - [2023-12-19T03:29:15.260+0000] {dagbag.py:538} INFO - Filling up the DagBag from /home/airflow/.local/lib/python3.8/site-packages/airflow/example_dags/example_python_decorator.py
[2023-12-19T03:29:15.274+0000] {processor.py:840} INFO - DAG(s) 'example_python_decorator' retrieved from /home/airflow/.local/lib/python3.8/site-packages/airflow/example_dags/example_python_decorator.py
[2023-12-19T03:29:15.301+0000] {logging_mixin.py:188} INFO - [2023-12-19T03:29:15.301+0000] {dag.py:3033} INFO - Sync 1 DAGs
[2023-12-19T03:29:15.312+0000] {logging_mixin.py:188} INFO - [2023-12-19T03:29:15.312+0000] {dag.py:3820} INFO - Setting next_dagrun for example_python_decorator to None, run_after=None
[2023-12-19T03:29:15.326+0000] {processor.py:183} INFO - Processing /home/airflow/.local/lib/python3.8/site-packages/airflow/example_dags/example_python_decorator.py took 0.083 seconds
[2023-12-19T03:29:45.482+0000] {processor.py:161} INFO - Started process (PID=548) to work on /home/airflow/.local/lib/python3.8/site-packages/airflow/example_dags/example_python_decorator.py
[2023-12-19T03:29:45.484+0000] {processor.py:830} INFO - Processing file /home/airflow/.local/lib/python3.8/site-packages/airflow/example_dags/example_python_decorator.py for tasks to queue
[2023-12-19T03:29:45.486+0000] {logging_mixin.py:188} INFO - [2023-12-19T03:29:45.486+0000] {dagbag.py:538} INFO - Filling up the DagBag from /home/airflow/.local/lib/python3.8/site-packages/airflow/example_dags/example_python_decorator.py
[2023-12-19T03:29:45.495+0000] {processor.py:840} INFO - DAG(s) 'example_python_decorator' retrieved from /home/airflow/.local/lib/python3.8/site-packages/airflow/example_dags/example_python_decorator.py
[2023-12-19T03:29:45.516+0000] {logging_mixin.py:188} INFO - [2023-12-19T03:29:45.516+0000] {dag.py:3033} INFO - Sync 1 DAGs
[2023-12-19T03:29:45.524+0000] {logging_mixin.py:188} INFO - [2023-12-19T03:29:45.524+0000] {dag.py:3820} INFO - Setting next_dagrun for example_python_decorator to None, run_after=None
[2023-12-19T03:29:45.534+0000] {processor.py:183} INFO - Processing /home/airflow/.local/lib/python3.8/site-packages/airflow/example_dags/example_python_decorator.py took 0.057 seconds
[2023-12-19T03:30:15.673+0000] {processor.py:161} INFO - Started process (PID=603) to work on /home/airflow/.local/lib/python3.8/site-packages/airflow/example_dags/example_python_decorator.py
[2023-12-19T03:30:15.676+0000] {processor.py:830} INFO - Processing file /home/airflow/.local/lib/python3.8/site-packages/airflow/example_dags/example_python_decorator.py for tasks to queue
[2023-12-19T03:30:15.679+0000] {logging_mixin.py:188} INFO - [2023-12-19T03:30:15.679+0000] {dagbag.py:538} INFO - Filling up the DagBag from /home/airflow/.local/lib/python3.8/site-packages/airflow/example_dags/example_python_decorator.py
[2023-12-19T03:30:15.690+0000] {processor.py:840} INFO - DAG(s) 'example_python_decorator' retrieved from /home/airflow/.local/lib/python3.8/site-packages/airflow/example_dags/example_python_decorator.py
[2023-12-19T03:30:15.711+0000] {logging_mixin.py:188} INFO - [2023-12-19T03:30:15.711+0000] {dag.py:3033} INFO - Sync 1 DAGs
[2023-12-19T03:30:15.719+0000] {logging_mixin.py:188} INFO - [2023-12-19T03:30:15.719+0000] {dag.py:3820} INFO - Setting next_dagrun for example_python_decorator to None, run_after=None
[2023-12-19T03:30:15.728+0000] {processor.py:183} INFO - Processing /home/airflow/.local/lib/python3.8/site-packages/airflow/example_dags/example_python_decorator.py took 0.061 seconds
[2023-12-19T03:30:45.841+0000] {processor.py:161} INFO - Started process (PID=658) to work on /home/airflow/.local/lib/python3.8/site-packages/airflow/example_dags/example_python_decorator.py
[2023-12-19T03:30:45.844+0000] {processor.py:830} INFO - Processing file /home/airflow/.local/lib/python3.8/site-packages/airflow/example_dags/example_python_decorator.py for tasks to queue
[2023-12-19T03:30:45.847+0000] {logging_mixin.py:188} INFO - [2023-12-19T03:30:45.847+0000] {dagbag.py:538} INFO - Filling up the DagBag from /home/airflow/.local/lib/python3.8/site-packages/airflow/example_dags/example_python_decorator.py
[2023-12-19T03:30:45.857+0000] {processor.py:840} INFO - DAG(s) 'example_python_decorator' retrieved from /home/airflow/.local/lib/python3.8/site-packages/airflow/example_dags/example_python_decorator.py
[2023-12-19T03:30:45.878+0000] {logging_mixin.py:188} INFO - [2023-12-19T03:30:45.877+0000] {dag.py:3033} INFO - Sync 1 DAGs
[2023-12-19T03:30:45.885+0000] {logging_mixin.py:188} INFO - [2023-12-19T03:30:45.885+0000] {dag.py:3820} INFO - Setting next_dagrun for example_python_decorator to None, run_after=None
[2023-12-19T03:30:45.895+0000] {processor.py:183} INFO - Processing /home/airflow/.local/lib/python3.8/site-packages/airflow/example_dags/example_python_decorator.py took 0.062 seconds
[2023-12-19T03:31:16.085+0000] {processor.py:161} INFO - Started process (PID=713) to work on /home/airflow/.local/lib/python3.8/site-packages/airflow/example_dags/example_python_decorator.py
[2023-12-19T03:31:16.088+0000] {processor.py:830} INFO - Processing file /home/airflow/.local/lib/python3.8/site-packages/airflow/example_dags/example_python_decorator.py for tasks to queue
[2023-12-19T03:31:16.092+0000] {logging_mixin.py:188} INFO - [2023-12-19T03:31:16.092+0000] {dagbag.py:538} INFO - Filling up the DagBag from /home/airflow/.local/lib/python3.8/site-packages/airflow/example_dags/example_python_decorator.py
[2023-12-19T03:31:16.103+0000] {processor.py:840} INFO - DAG(s) 'example_python_decorator' retrieved from /home/airflow/.local/lib/python3.8/site-packages/airflow/example_dags/example_python_decorator.py
[2023-12-19T03:31:16.123+0000] {logging_mixin.py:188} INFO - [2023-12-19T03:31:16.123+0000] {dag.py:3033} INFO - Sync 1 DAGs
[2023-12-19T03:31:16.130+0000] {logging_mixin.py:188} INFO - [2023-12-19T03:31:16.130+0000] {dag.py:3820} INFO - Setting next_dagrun for example_python_decorator to None, run_after=None
[2023-12-19T03:31:16.141+0000] {processor.py:183} INFO - Processing /home/airflow/.local/lib/python3.8/site-packages/airflow/example_dags/example_python_decorator.py took 0.063 seconds
[2023-12-19T03:31:46.205+0000] {processor.py:161} INFO - Started process (PID=768) to work on /home/airflow/.local/lib/python3.8/site-packages/airflow/example_dags/example_python_decorator.py
[2023-12-19T03:31:46.206+0000] {processor.py:830} INFO - Processing file /home/airflow/.local/lib/python3.8/site-packages/airflow/example_dags/example_python_decorator.py for tasks to queue
[2023-12-19T03:31:46.209+0000] {logging_mixin.py:188} INFO - [2023-12-19T03:31:46.209+0000] {dagbag.py:538} INFO - Filling up the DagBag from /home/airflow/.local/lib/python3.8/site-packages/airflow/example_dags/example_python_decorator.py
[2023-12-19T03:31:46.218+0000] {processor.py:840} INFO - DAG(s) 'example_python_decorator' retrieved from /home/airflow/.local/lib/python3.8/site-packages/airflow/example_dags/example_python_decorator.py
[2023-12-19T03:31:46.238+0000] {logging_mixin.py:188} INFO - [2023-12-19T03:31:46.238+0000] {dag.py:3033} INFO - Sync 1 DAGs
[2023-12-19T03:31:46.246+0000] {logging_mixin.py:188} INFO - [2023-12-19T03:31:46.246+0000] {dag.py:3820} INFO - Setting next_dagrun for example_python_decorator to None, run_after=None
[2023-12-19T03:31:46.255+0000] {processor.py:183} INFO - Processing /home/airflow/.local/lib/python3.8/site-packages/airflow/example_dags/example_python_decorator.py took 0.056 seconds
[2023-12-19T03:32:16.432+0000] {processor.py:161} INFO - Started process (PID=823) to work on /home/airflow/.local/lib/python3.8/site-packages/airflow/example_dags/example_python_decorator.py
[2023-12-19T03:32:16.435+0000] {processor.py:830} INFO - Processing file /home/airflow/.local/lib/python3.8/site-packages/airflow/example_dags/example_python_decorator.py for tasks to queue
[2023-12-19T03:32:16.440+0000] {logging_mixin.py:188} INFO - [2023-12-19T03:32:16.439+0000] {dagbag.py:538} INFO - Filling up the DagBag from /home/airflow/.local/lib/python3.8/site-packages/airflow/example_dags/example_python_decorator.py
[2023-12-19T03:32:16.450+0000] {processor.py:840} INFO - DAG(s) 'example_python_decorator' retrieved from /home/airflow/.local/lib/python3.8/site-packages/airflow/example_dags/example_python_decorator.py
[2023-12-19T03:32:16.470+0000] {logging_mixin.py:188} INFO - [2023-12-19T03:32:16.470+0000] {dag.py:3033} INFO - Sync 1 DAGs
[2023-12-19T03:32:16.478+0000] {logging_mixin.py:188} INFO - [2023-12-19T03:32:16.478+0000] {dag.py:3820} INFO - Setting next_dagrun for example_python_decorator to None, run_after=None
[2023-12-19T03:32:16.487+0000] {processor.py:183} INFO - Processing /home/airflow/.local/lib/python3.8/site-packages/airflow/example_dags/example_python_decorator.py took 0.062 seconds
[2023-12-19T03:32:46.829+0000] {processor.py:161} INFO - Started process (PID=878) to work on /home/airflow/.local/lib/python3.8/site-packages/airflow/example_dags/example_python_decorator.py
[2023-12-19T03:32:46.833+0000] {processor.py:830} INFO - Processing file /home/airflow/.local/lib/python3.8/site-packages/airflow/example_dags/example_python_decorator.py for tasks to queue
[2023-12-19T03:32:46.837+0000] {logging_mixin.py:188} INFO - [2023-12-19T03:32:46.836+0000] {dagbag.py:538} INFO - Filling up the DagBag from /home/airflow/.local/lib/python3.8/site-packages/airflow/example_dags/example_python_decorator.py
[2023-12-19T03:32:46.849+0000] {processor.py:840} INFO - DAG(s) 'example_python_decorator' retrieved from /home/airflow/.local/lib/python3.8/site-packages/airflow/example_dags/example_python_decorator.py
[2023-12-19T03:32:46.869+0000] {logging_mixin.py:188} INFO - [2023-12-19T03:32:46.869+0000] {dag.py:3033} INFO - Sync 1 DAGs
[2023-12-19T03:32:46.877+0000] {logging_mixin.py:188} INFO - [2023-12-19T03:32:46.877+0000] {dag.py:3820} INFO - Setting next_dagrun for example_python_decorator to None, run_after=None
[2023-12-19T03:32:46.887+0000] {processor.py:183} INFO - Processing /home/airflow/.local/lib/python3.8/site-packages/airflow/example_dags/example_python_decorator.py took 0.065 seconds
[2023-12-19T03:33:17.106+0000] {processor.py:161} INFO - Started process (PID=933) to work on /home/airflow/.local/lib/python3.8/site-packages/airflow/example_dags/example_python_decorator.py
[2023-12-19T03:33:17.109+0000] {processor.py:830} INFO - Processing file /home/airflow/.local/lib/python3.8/site-packages/airflow/example_dags/example_python_decorator.py for tasks to queue
[2023-12-19T03:33:17.114+0000] {logging_mixin.py:188} INFO - [2023-12-19T03:33:17.113+0000] {dagbag.py:538} INFO - Filling up the DagBag from /home/airflow/.local/lib/python3.8/site-packages/airflow/example_dags/example_python_decorator.py
[2023-12-19T03:33:17.127+0000] {processor.py:840} INFO - DAG(s) 'example_python_decorator' retrieved from /home/airflow/.local/lib/python3.8/site-packages/airflow/example_dags/example_python_decorator.py
[2023-12-19T03:33:17.147+0000] {logging_mixin.py:188} INFO - [2023-12-19T03:33:17.147+0000] {dag.py:3033} INFO - Sync 1 DAGs
[2023-12-19T03:33:17.154+0000] {logging_mixin.py:188} INFO - [2023-12-19T03:33:17.154+0000] {dag.py:3820} INFO - Setting next_dagrun for example_python_decorator to None, run_after=None
[2023-12-19T03:33:17.165+0000] {processor.py:183} INFO - Processing /home/airflow/.local/lib/python3.8/site-packages/airflow/example_dags/example_python_decorator.py took 0.065 seconds
[2023-12-19T03:33:47.429+0000] {processor.py:161} INFO - Started process (PID=988) to work on /home/airflow/.local/lib/python3.8/site-packages/airflow/example_dags/example_python_decorator.py
[2023-12-19T03:33:47.431+0000] {processor.py:830} INFO - Processing file /home/airflow/.local/lib/python3.8/site-packages/airflow/example_dags/example_python_decorator.py for tasks to queue
[2023-12-19T03:33:47.435+0000] {logging_mixin.py:188} INFO - [2023-12-19T03:33:47.434+0000] {dagbag.py:538} INFO - Filling up the DagBag from /home/airflow/.local/lib/python3.8/site-packages/airflow/example_dags/example_python_decorator.py
[2023-12-19T03:33:47.444+0000] {processor.py:840} INFO - DAG(s) 'example_python_decorator' retrieved from /home/airflow/.local/lib/python3.8/site-packages/airflow/example_dags/example_python_decorator.py
[2023-12-19T03:33:47.464+0000] {logging_mixin.py:188} INFO - [2023-12-19T03:33:47.464+0000] {dag.py:3033} INFO - Sync 1 DAGs
[2023-12-19T03:33:47.471+0000] {logging_mixin.py:188} INFO - [2023-12-19T03:33:47.471+0000] {dag.py:3820} INFO - Setting next_dagrun for example_python_decorator to None, run_after=None
[2023-12-19T03:33:47.481+0000] {processor.py:183} INFO - Processing /home/airflow/.local/lib/python3.8/site-packages/airflow/example_dags/example_python_decorator.py took 0.058 seconds
[2023-12-19T03:34:17.771+0000] {processor.py:161} INFO - Started process (PID=1043) to work on /home/airflow/.local/lib/python3.8/site-packages/airflow/example_dags/example_python_decorator.py
[2023-12-19T03:34:17.774+0000] {processor.py:830} INFO - Processing file /home/airflow/.local/lib/python3.8/site-packages/airflow/example_dags/example_python_decorator.py for tasks to queue
[2023-12-19T03:34:17.777+0000] {logging_mixin.py:188} INFO - [2023-12-19T03:34:17.777+0000] {dagbag.py:538} INFO - Filling up the DagBag from /home/airflow/.local/lib/python3.8/site-packages/airflow/example_dags/example_python_decorator.py
[2023-12-19T03:34:17.787+0000] {processor.py:840} INFO - DAG(s) 'example_python_decorator' retrieved from /home/airflow/.local/lib/python3.8/site-packages/airflow/example_dags/example_python_decorator.py
[2023-12-19T03:34:17.806+0000] {logging_mixin.py:188} INFO - [2023-12-19T03:34:17.806+0000] {dag.py:3033} INFO - Sync 1 DAGs
[2023-12-19T03:34:17.814+0000] {logging_mixin.py:188} INFO - [2023-12-19T03:34:17.813+0000] {dag.py:3820} INFO - Setting next_dagrun for example_python_decorator to None, run_after=None
[2023-12-19T03:34:17.823+0000] {processor.py:183} INFO - Processing /home/airflow/.local/lib/python3.8/site-packages/airflow/example_dags/example_python_decorator.py took 0.058 seconds
[2023-12-19T03:34:48.132+0000] {processor.py:161} INFO - Started process (PID=1098) to work on /home/airflow/.local/lib/python3.8/site-packages/airflow/example_dags/example_python_decorator.py
[2023-12-19T03:34:48.134+0000] {processor.py:830} INFO - Processing file /home/airflow/.local/lib/python3.8/site-packages/airflow/example_dags/example_python_decorator.py for tasks to queue
[2023-12-19T03:34:48.138+0000] {logging_mixin.py:188} INFO - [2023-12-19T03:34:48.137+0000] {dagbag.py:538} INFO - Filling up the DagBag from /home/airflow/.local/lib/python3.8/site-packages/airflow/example_dags/example_python_decorator.py
[2023-12-19T03:34:48.144+0000] {processor.py:840} INFO - DAG(s) 'example_python_decorator' retrieved from /home/airflow/.local/lib/python3.8/site-packages/airflow/example_dags/example_python_decorator.py
[2023-12-19T03:34:48.161+0000] {logging_mixin.py:188} INFO - [2023-12-19T03:34:48.161+0000] {dag.py:3033} INFO - Sync 1 DAGs
[2023-12-19T03:34:48.169+0000] {logging_mixin.py:188} INFO - [2023-12-19T03:34:48.169+0000] {dag.py:3820} INFO - Setting next_dagrun for example_python_decorator to None, run_after=None
[2023-12-19T03:34:48.180+0000] {processor.py:183} INFO - Processing /home/airflow/.local/lib/python3.8/site-packages/airflow/example_dags/example_python_decorator.py took 0.054 seconds
[2023-12-19T03:35:18.300+0000] {processor.py:161} INFO - Started process (PID=1153) to work on /home/airflow/.local/lib/python3.8/site-packages/airflow/example_dags/example_python_decorator.py
[2023-12-19T03:35:18.303+0000] {processor.py:830} INFO - Processing file /home/airflow/.local/lib/python3.8/site-packages/airflow/example_dags/example_python_decorator.py for tasks to queue
[2023-12-19T03:35:18.306+0000] {logging_mixin.py:188} INFO - [2023-12-19T03:35:18.306+0000] {dagbag.py:538} INFO - Filling up the DagBag from /home/airflow/.local/lib/python3.8/site-packages/airflow/example_dags/example_python_decorator.py
[2023-12-19T03:35:18.315+0000] {processor.py:840} INFO - DAG(s) 'example_python_decorator' retrieved from /home/airflow/.local/lib/python3.8/site-packages/airflow/example_dags/example_python_decorator.py
[2023-12-19T03:35:18.335+0000] {logging_mixin.py:188} INFO - [2023-12-19T03:35:18.335+0000] {dag.py:3033} INFO - Sync 1 DAGs
[2023-12-19T03:35:18.342+0000] {logging_mixin.py:188} INFO - [2023-12-19T03:35:18.342+0000] {dag.py:3820} INFO - Setting next_dagrun for example_python_decorator to None, run_after=None
[2023-12-19T03:35:18.352+0000] {processor.py:183} INFO - Processing /home/airflow/.local/lib/python3.8/site-packages/airflow/example_dags/example_python_decorator.py took 0.058 seconds
[2023-12-19T03:35:48.604+0000] {processor.py:161} INFO - Started process (PID=1208) to work on /home/airflow/.local/lib/python3.8/site-packages/airflow/example_dags/example_python_decorator.py
[2023-12-19T03:35:48.607+0000] {processor.py:830} INFO - Processing file /home/airflow/.local/lib/python3.8/site-packages/airflow/example_dags/example_python_decorator.py for tasks to queue
[2023-12-19T03:35:48.611+0000] {logging_mixin.py:188} INFO - [2023-12-19T03:35:48.610+0000] {dagbag.py:538} INFO - Filling up the DagBag from /home/airflow/.local/lib/python3.8/site-packages/airflow/example_dags/example_python_decorator.py
[2023-12-19T03:35:48.620+0000] {processor.py:840} INFO - DAG(s) 'example_python_decorator' retrieved from /home/airflow/.local/lib/python3.8/site-packages/airflow/example_dags/example_python_decorator.py
[2023-12-19T03:35:48.640+0000] {logging_mixin.py:188} INFO - [2023-12-19T03:35:48.640+0000] {dag.py:3033} INFO - Sync 1 DAGs
[2023-12-19T03:35:48.647+0000] {logging_mixin.py:188} INFO - [2023-12-19T03:35:48.647+0000] {dag.py:3820} INFO - Setting next_dagrun for example_python_decorator to None, run_after=None
[2023-12-19T03:35:48.656+0000] {processor.py:183} INFO - Processing /home/airflow/.local/lib/python3.8/site-packages/airflow/example_dags/example_python_decorator.py took 0.058 seconds
[2023-12-19T03:36:18.850+0000] {processor.py:161} INFO - Started process (PID=1263) to work on /home/airflow/.local/lib/python3.8/site-packages/airflow/example_dags/example_python_decorator.py
[2023-12-19T03:36:18.852+0000] {processor.py:830} INFO - Processing file /home/airflow/.local/lib/python3.8/site-packages/airflow/example_dags/example_python_decorator.py for tasks to queue
[2023-12-19T03:36:18.856+0000] {logging_mixin.py:188} INFO - [2023-12-19T03:36:18.855+0000] {dagbag.py:538} INFO - Filling up the DagBag from /home/airflow/.local/lib/python3.8/site-packages/airflow/example_dags/example_python_decorator.py
[2023-12-19T03:36:18.867+0000] {processor.py:840} INFO - DAG(s) 'example_python_decorator' retrieved from /home/airflow/.local/lib/python3.8/site-packages/airflow/example_dags/example_python_decorator.py
[2023-12-19T03:36:18.892+0000] {logging_mixin.py:188} INFO - [2023-12-19T03:36:18.892+0000] {dag.py:3033} INFO - Sync 1 DAGs
[2023-12-19T03:36:18.900+0000] {logging_mixin.py:188} INFO - [2023-12-19T03:36:18.900+0000] {dag.py:3820} INFO - Setting next_dagrun for example_python_decorator to None, run_after=None
[2023-12-19T03:36:18.912+0000] {processor.py:183} INFO - Processing /home/airflow/.local/lib/python3.8/site-packages/airflow/example_dags/example_python_decorator.py took 0.068 seconds
[2023-12-19T03:36:49.424+0000] {processor.py:161} INFO - Started process (PID=1318) to work on /home/airflow/.local/lib/python3.8/site-packages/airflow/example_dags/example_python_decorator.py
[2023-12-19T03:36:49.426+0000] {processor.py:830} INFO - Processing file /home/airflow/.local/lib/python3.8/site-packages/airflow/example_dags/example_python_decorator.py for tasks to queue
[2023-12-19T03:36:49.431+0000] {logging_mixin.py:188} INFO - [2023-12-19T03:36:49.430+0000] {dagbag.py:538} INFO - Filling up the DagBag from /home/airflow/.local/lib/python3.8/site-packages/airflow/example_dags/example_python_decorator.py
[2023-12-19T03:36:49.443+0000] {processor.py:840} INFO - DAG(s) 'example_python_decorator' retrieved from /home/airflow/.local/lib/python3.8/site-packages/airflow/example_dags/example_python_decorator.py
[2023-12-19T03:36:49.464+0000] {logging_mixin.py:188} INFO - [2023-12-19T03:36:49.464+0000] {dag.py:3033} INFO - Sync 1 DAGs
[2023-12-19T03:36:49.472+0000] {logging_mixin.py:188} INFO - [2023-12-19T03:36:49.472+0000] {dag.py:3820} INFO - Setting next_dagrun for example_python_decorator to None, run_after=None
[2023-12-19T03:36:49.483+0000] {processor.py:183} INFO - Processing /home/airflow/.local/lib/python3.8/site-packages/airflow/example_dags/example_python_decorator.py took 0.066 seconds
[2023-12-19T03:37:19.776+0000] {processor.py:161} INFO - Started process (PID=1373) to work on /home/airflow/.local/lib/python3.8/site-packages/airflow/example_dags/example_python_decorator.py
[2023-12-19T03:37:19.779+0000] {processor.py:830} INFO - Processing file /home/airflow/.local/lib/python3.8/site-packages/airflow/example_dags/example_python_decorator.py for tasks to queue
[2023-12-19T03:37:19.782+0000] {logging_mixin.py:188} INFO - [2023-12-19T03:37:19.782+0000] {dagbag.py:538} INFO - Filling up the DagBag from /home/airflow/.local/lib/python3.8/site-packages/airflow/example_dags/example_python_decorator.py
[2023-12-19T03:37:19.792+0000] {processor.py:840} INFO - DAG(s) 'example_python_decorator' retrieved from /home/airflow/.local/lib/python3.8/site-packages/airflow/example_dags/example_python_decorator.py
[2023-12-19T03:37:19.813+0000] {logging_mixin.py:188} INFO - [2023-12-19T03:37:19.812+0000] {dag.py:3033} INFO - Sync 1 DAGs
[2023-12-19T03:37:19.821+0000] {logging_mixin.py:188} INFO - [2023-12-19T03:37:19.821+0000] {dag.py:3820} INFO - Setting next_dagrun for example_python_decorator to None, run_after=None
[2023-12-19T03:37:19.831+0000] {processor.py:183} INFO - Processing /home/airflow/.local/lib/python3.8/site-packages/airflow/example_dags/example_python_decorator.py took 0.060 seconds
[2023-12-19T03:37:50.061+0000] {processor.py:161} INFO - Started process (PID=1428) to work on /home/airflow/.local/lib/python3.8/site-packages/airflow/example_dags/example_python_decorator.py
[2023-12-19T03:37:50.064+0000] {processor.py:830} INFO - Processing file /home/airflow/.local/lib/python3.8/site-packages/airflow/example_dags/example_python_decorator.py for tasks to queue
[2023-12-19T03:37:50.067+0000] {logging_mixin.py:188} INFO - [2023-12-19T03:37:50.067+0000] {dagbag.py:538} INFO - Filling up the DagBag from /home/airflow/.local/lib/python3.8/site-packages/airflow/example_dags/example_python_decorator.py
[2023-12-19T03:37:50.080+0000] {processor.py:840} INFO - DAG(s) 'example_python_decorator' retrieved from /home/airflow/.local/lib/python3.8/site-packages/airflow/example_dags/example_python_decorator.py
[2023-12-19T03:37:50.100+0000] {logging_mixin.py:188} INFO - [2023-12-19T03:37:50.100+0000] {dag.py:3033} INFO - Sync 1 DAGs
[2023-12-19T03:37:50.108+0000] {logging_mixin.py:188} INFO - [2023-12-19T03:37:50.108+0000] {dag.py:3820} INFO - Setting next_dagrun for example_python_decorator to None, run_after=None
[2023-12-19T03:37:50.117+0000] {processor.py:183} INFO - Processing /home/airflow/.local/lib/python3.8/site-packages/airflow/example_dags/example_python_decorator.py took 0.062 seconds
