[2023-12-19T03:23:36.017+0000] {processor.py:161} INFO - Started process (PID=71) to work on /home/airflow/.local/lib/python3.8/site-packages/airflow/example_dags/example_complex.py
[2023-12-19T03:23:36.018+0000] {processor.py:830} INFO - Processing file /home/airflow/.local/lib/python3.8/site-packages/airflow/example_dags/example_complex.py for tasks to queue
[2023-12-19T03:23:36.019+0000] {logging_mixin.py:188} INFO - [2023-12-19T03:23:36.019+0000] {dagbag.py:538} INFO - Filling up the DagBag from /home/airflow/.local/lib/python3.8/site-packages/airflow/example_dags/example_complex.py
[2023-12-19T03:23:36.027+0000] {processor.py:840} INFO - DAG(s) 'example_complex' retrieved from /home/airflow/.local/lib/python3.8/site-packages/airflow/example_dags/example_complex.py
[2023-12-19T03:23:36.038+0000] {logging_mixin.py:188} INFO - [2023-12-19T03:23:36.037+0000] {dag.py:3033} INFO - Sync 1 DAGs
[2023-12-19T03:23:36.047+0000] {logging_mixin.py:188} INFO - [2023-12-19T03:23:36.047+0000] {dag.py:3820} INFO - Setting next_dagrun for example_complex to None, run_after=None
[2023-12-19T03:23:36.058+0000] {processor.py:183} INFO - Processing /home/airflow/.local/lib/python3.8/site-packages/airflow/example_dags/example_complex.py took 0.044 seconds
[2023-12-19T03:24:39.917+0000] {processor.py:161} INFO - Started process (PID=70) to work on /home/airflow/.local/lib/python3.8/site-packages/airflow/example_dags/example_complex.py
[2023-12-19T03:24:39.919+0000] {processor.py:830} INFO - Processing file /home/airflow/.local/lib/python3.8/site-packages/airflow/example_dags/example_complex.py for tasks to queue
[2023-12-19T03:24:39.920+0000] {logging_mixin.py:188} INFO - [2023-12-19T03:24:39.920+0000] {dagbag.py:538} INFO - Filling up the DagBag from /home/airflow/.local/lib/python3.8/site-packages/airflow/example_dags/example_complex.py
[2023-12-19T03:24:39.928+0000] {processor.py:840} INFO - DAG(s) 'example_complex' retrieved from /home/airflow/.local/lib/python3.8/site-packages/airflow/example_dags/example_complex.py
[2023-12-19T03:24:39.988+0000] {logging_mixin.py:188} INFO - [2023-12-19T03:24:39.988+0000] {dag.py:3033} INFO - Sync 1 DAGs
[2023-12-19T03:24:39.994+0000] {logging_mixin.py:188} INFO - [2023-12-19T03:24:39.994+0000] {dag.py:3820} INFO - Setting next_dagrun for example_complex to None, run_after=None
[2023-12-19T03:24:40.004+0000] {processor.py:183} INFO - Processing /home/airflow/.local/lib/python3.8/site-packages/airflow/example_dags/example_complex.py took 0.089 seconds
[2023-12-19T03:25:12.409+0000] {processor.py:161} INFO - Started process (PID=70) to work on /home/airflow/.local/lib/python3.8/site-packages/airflow/example_dags/example_complex.py
[2023-12-19T03:25:12.412+0000] {processor.py:830} INFO - Processing file /home/airflow/.local/lib/python3.8/site-packages/airflow/example_dags/example_complex.py for tasks to queue
[2023-12-19T03:25:12.416+0000] {logging_mixin.py:188} INFO - [2023-12-19T03:25:12.416+0000] {dagbag.py:538} INFO - Filling up the DagBag from /home/airflow/.local/lib/python3.8/site-packages/airflow/example_dags/example_complex.py
[2023-12-19T03:25:12.437+0000] {processor.py:840} INFO - DAG(s) 'example_complex' retrieved from /home/airflow/.local/lib/python3.8/site-packages/airflow/example_dags/example_complex.py
[2023-12-19T03:25:12.460+0000] {logging_mixin.py:188} INFO - [2023-12-19T03:25:12.460+0000] {dag.py:3033} INFO - Sync 1 DAGs
[2023-12-19T03:25:12.492+0000] {logging_mixin.py:188} INFO - [2023-12-19T03:25:12.492+0000] {dag.py:3820} INFO - Setting next_dagrun for example_complex to None, run_after=None
[2023-12-19T03:25:12.506+0000] {processor.py:183} INFO - Processing /home/airflow/.local/lib/python3.8/site-packages/airflow/example_dags/example_complex.py took 0.108 seconds
[2023-12-19T03:25:43.586+0000] {processor.py:161} INFO - Started process (PID=124) to work on /home/airflow/.local/lib/python3.8/site-packages/airflow/example_dags/example_complex.py
[2023-12-19T03:25:43.587+0000] {processor.py:830} INFO - Processing file /home/airflow/.local/lib/python3.8/site-packages/airflow/example_dags/example_complex.py for tasks to queue
[2023-12-19T03:25:43.590+0000] {logging_mixin.py:188} INFO - [2023-12-19T03:25:43.589+0000] {dagbag.py:538} INFO - Filling up the DagBag from /home/airflow/.local/lib/python3.8/site-packages/airflow/example_dags/example_complex.py
[2023-12-19T03:25:43.596+0000] {processor.py:840} INFO - DAG(s) 'example_complex' retrieved from /home/airflow/.local/lib/python3.8/site-packages/airflow/example_dags/example_complex.py
[2023-12-19T03:25:43.655+0000] {logging_mixin.py:188} INFO - [2023-12-19T03:25:43.655+0000] {dag.py:3033} INFO - Sync 1 DAGs
[2023-12-19T03:25:43.661+0000] {logging_mixin.py:188} INFO - [2023-12-19T03:25:43.661+0000] {dag.py:3820} INFO - Setting next_dagrun for example_complex to None, run_after=None
[2023-12-19T03:25:43.673+0000] {processor.py:183} INFO - Processing /home/airflow/.local/lib/python3.8/site-packages/airflow/example_dags/example_complex.py took 0.090 seconds
[2023-12-19T03:26:14.006+0000] {processor.py:161} INFO - Started process (PID=187) to work on /home/airflow/.local/lib/python3.8/site-packages/airflow/example_dags/example_complex.py
[2023-12-19T03:26:14.009+0000] {processor.py:830} INFO - Processing file /home/airflow/.local/lib/python3.8/site-packages/airflow/example_dags/example_complex.py for tasks to queue
[2023-12-19T03:26:14.011+0000] {logging_mixin.py:188} INFO - [2023-12-19T03:26:14.011+0000] {dagbag.py:538} INFO - Filling up the DagBag from /home/airflow/.local/lib/python3.8/site-packages/airflow/example_dags/example_complex.py
[2023-12-19T03:26:14.018+0000] {processor.py:840} INFO - DAG(s) 'example_complex' retrieved from /home/airflow/.local/lib/python3.8/site-packages/airflow/example_dags/example_complex.py
[2023-12-19T03:26:14.039+0000] {logging_mixin.py:188} INFO - [2023-12-19T03:26:14.038+0000] {dag.py:3033} INFO - Sync 1 DAGs
[2023-12-19T03:26:14.047+0000] {logging_mixin.py:188} INFO - [2023-12-19T03:26:14.046+0000] {dag.py:3820} INFO - Setting next_dagrun for example_complex to None, run_after=None
[2023-12-19T03:26:14.057+0000] {processor.py:183} INFO - Processing /home/airflow/.local/lib/python3.8/site-packages/airflow/example_dags/example_complex.py took 0.054 seconds
[2023-12-19T03:26:44.269+0000] {processor.py:161} INFO - Started process (PID=242) to work on /home/airflow/.local/lib/python3.8/site-packages/airflow/example_dags/example_complex.py
[2023-12-19T03:26:44.271+0000] {processor.py:830} INFO - Processing file /home/airflow/.local/lib/python3.8/site-packages/airflow/example_dags/example_complex.py for tasks to queue
[2023-12-19T03:26:44.273+0000] {logging_mixin.py:188} INFO - [2023-12-19T03:26:44.273+0000] {dagbag.py:538} INFO - Filling up the DagBag from /home/airflow/.local/lib/python3.8/site-packages/airflow/example_dags/example_complex.py
[2023-12-19T03:26:44.282+0000] {processor.py:840} INFO - DAG(s) 'example_complex' retrieved from /home/airflow/.local/lib/python3.8/site-packages/airflow/example_dags/example_complex.py
[2023-12-19T03:26:44.309+0000] {logging_mixin.py:188} INFO - [2023-12-19T03:26:44.309+0000] {dag.py:3033} INFO - Sync 1 DAGs
[2023-12-19T03:26:44.322+0000] {logging_mixin.py:188} INFO - [2023-12-19T03:26:44.322+0000] {dag.py:3820} INFO - Setting next_dagrun for example_complex to None, run_after=None
[2023-12-19T03:26:44.341+0000] {processor.py:183} INFO - Processing /home/airflow/.local/lib/python3.8/site-packages/airflow/example_dags/example_complex.py took 0.076 seconds
[2023-12-19T03:27:15.147+0000] {processor.py:161} INFO - Started process (PID=297) to work on /home/airflow/.local/lib/python3.8/site-packages/airflow/example_dags/example_complex.py
[2023-12-19T03:27:15.148+0000] {processor.py:830} INFO - Processing file /home/airflow/.local/lib/python3.8/site-packages/airflow/example_dags/example_complex.py for tasks to queue
[2023-12-19T03:27:15.150+0000] {logging_mixin.py:188} INFO - [2023-12-19T03:27:15.150+0000] {dagbag.py:538} INFO - Filling up the DagBag from /home/airflow/.local/lib/python3.8/site-packages/airflow/example_dags/example_complex.py
[2023-12-19T03:27:15.158+0000] {processor.py:840} INFO - DAG(s) 'example_complex' retrieved from /home/airflow/.local/lib/python3.8/site-packages/airflow/example_dags/example_complex.py
[2023-12-19T03:27:15.187+0000] {logging_mixin.py:188} INFO - [2023-12-19T03:27:15.187+0000] {dag.py:3033} INFO - Sync 1 DAGs
[2023-12-19T03:27:15.196+0000] {logging_mixin.py:188} INFO - [2023-12-19T03:27:15.196+0000] {dag.py:3820} INFO - Setting next_dagrun for example_complex to None, run_after=None
[2023-12-19T03:27:15.209+0000] {processor.py:183} INFO - Processing /home/airflow/.local/lib/python3.8/site-packages/airflow/example_dags/example_complex.py took 0.065 seconds
[2023-12-19T03:27:45.349+0000] {processor.py:161} INFO - Started process (PID=352) to work on /home/airflow/.local/lib/python3.8/site-packages/airflow/example_dags/example_complex.py
[2023-12-19T03:27:45.350+0000] {processor.py:830} INFO - Processing file /home/airflow/.local/lib/python3.8/site-packages/airflow/example_dags/example_complex.py for tasks to queue
[2023-12-19T03:27:45.351+0000] {logging_mixin.py:188} INFO - [2023-12-19T03:27:45.351+0000] {dagbag.py:538} INFO - Filling up the DagBag from /home/airflow/.local/lib/python3.8/site-packages/airflow/example_dags/example_complex.py
[2023-12-19T03:27:45.358+0000] {processor.py:840} INFO - DAG(s) 'example_complex' retrieved from /home/airflow/.local/lib/python3.8/site-packages/airflow/example_dags/example_complex.py
[2023-12-19T03:27:45.378+0000] {logging_mixin.py:188} INFO - [2023-12-19T03:27:45.378+0000] {dag.py:3033} INFO - Sync 1 DAGs
[2023-12-19T03:27:45.385+0000] {logging_mixin.py:188} INFO - [2023-12-19T03:27:45.385+0000] {dag.py:3820} INFO - Setting next_dagrun for example_complex to None, run_after=None
[2023-12-19T03:27:45.395+0000] {processor.py:183} INFO - Processing /home/airflow/.local/lib/python3.8/site-packages/airflow/example_dags/example_complex.py took 0.048 seconds
[2023-12-19T03:28:15.508+0000] {processor.py:161} INFO - Started process (PID=407) to work on /home/airflow/.local/lib/python3.8/site-packages/airflow/example_dags/example_complex.py
[2023-12-19T03:28:15.509+0000] {processor.py:830} INFO - Processing file /home/airflow/.local/lib/python3.8/site-packages/airflow/example_dags/example_complex.py for tasks to queue
[2023-12-19T03:28:15.510+0000] {logging_mixin.py:188} INFO - [2023-12-19T03:28:15.510+0000] {dagbag.py:538} INFO - Filling up the DagBag from /home/airflow/.local/lib/python3.8/site-packages/airflow/example_dags/example_complex.py
[2023-12-19T03:28:15.517+0000] {processor.py:840} INFO - DAG(s) 'example_complex' retrieved from /home/airflow/.local/lib/python3.8/site-packages/airflow/example_dags/example_complex.py
[2023-12-19T03:28:15.537+0000] {logging_mixin.py:188} INFO - [2023-12-19T03:28:15.537+0000] {dag.py:3033} INFO - Sync 1 DAGs
[2023-12-19T03:28:15.544+0000] {logging_mixin.py:188} INFO - [2023-12-19T03:28:15.544+0000] {dag.py:3820} INFO - Setting next_dagrun for example_complex to None, run_after=None
[2023-12-19T03:28:15.554+0000] {processor.py:183} INFO - Processing /home/airflow/.local/lib/python3.8/site-packages/airflow/example_dags/example_complex.py took 0.049 seconds
[2023-12-19T03:28:45.968+0000] {processor.py:161} INFO - Started process (PID=462) to work on /home/airflow/.local/lib/python3.8/site-packages/airflow/example_dags/example_complex.py
[2023-12-19T03:28:45.969+0000] {processor.py:830} INFO - Processing file /home/airflow/.local/lib/python3.8/site-packages/airflow/example_dags/example_complex.py for tasks to queue
[2023-12-19T03:28:45.971+0000] {logging_mixin.py:188} INFO - [2023-12-19T03:28:45.971+0000] {dagbag.py:538} INFO - Filling up the DagBag from /home/airflow/.local/lib/python3.8/site-packages/airflow/example_dags/example_complex.py
[2023-12-19T03:28:45.980+0000] {processor.py:840} INFO - DAG(s) 'example_complex' retrieved from /home/airflow/.local/lib/python3.8/site-packages/airflow/example_dags/example_complex.py
[2023-12-19T03:28:46.001+0000] {logging_mixin.py:188} INFO - [2023-12-19T03:28:46.001+0000] {dag.py:3033} INFO - Sync 1 DAGs
[2023-12-19T03:28:46.009+0000] {logging_mixin.py:188} INFO - [2023-12-19T03:28:46.009+0000] {dag.py:3820} INFO - Setting next_dagrun for example_complex to None, run_after=None
[2023-12-19T03:28:46.018+0000] {processor.py:183} INFO - Processing /home/airflow/.local/lib/python3.8/site-packages/airflow/example_dags/example_complex.py took 0.053 seconds
[2023-12-19T03:29:16.304+0000] {processor.py:161} INFO - Started process (PID=517) to work on /home/airflow/.local/lib/python3.8/site-packages/airflow/example_dags/example_complex.py
[2023-12-19T03:29:16.305+0000] {processor.py:830} INFO - Processing file /home/airflow/.local/lib/python3.8/site-packages/airflow/example_dags/example_complex.py for tasks to queue
[2023-12-19T03:29:16.307+0000] {logging_mixin.py:188} INFO - [2023-12-19T03:29:16.307+0000] {dagbag.py:538} INFO - Filling up the DagBag from /home/airflow/.local/lib/python3.8/site-packages/airflow/example_dags/example_complex.py
[2023-12-19T03:29:16.314+0000] {processor.py:840} INFO - DAG(s) 'example_complex' retrieved from /home/airflow/.local/lib/python3.8/site-packages/airflow/example_dags/example_complex.py
[2023-12-19T03:29:16.336+0000] {logging_mixin.py:188} INFO - [2023-12-19T03:29:16.336+0000] {dag.py:3033} INFO - Sync 1 DAGs
[2023-12-19T03:29:16.346+0000] {logging_mixin.py:188} INFO - [2023-12-19T03:29:16.346+0000] {dag.py:3820} INFO - Setting next_dagrun for example_complex to None, run_after=None
[2023-12-19T03:29:16.359+0000] {processor.py:183} INFO - Processing /home/airflow/.local/lib/python3.8/site-packages/airflow/example_dags/example_complex.py took 0.057 seconds
[2023-12-19T03:29:47.385+0000] {processor.py:161} INFO - Started process (PID=572) to work on /home/airflow/.local/lib/python3.8/site-packages/airflow/example_dags/example_complex.py
[2023-12-19T03:29:47.386+0000] {processor.py:830} INFO - Processing file /home/airflow/.local/lib/python3.8/site-packages/airflow/example_dags/example_complex.py for tasks to queue
[2023-12-19T03:29:47.388+0000] {logging_mixin.py:188} INFO - [2023-12-19T03:29:47.387+0000] {dagbag.py:538} INFO - Filling up the DagBag from /home/airflow/.local/lib/python3.8/site-packages/airflow/example_dags/example_complex.py
[2023-12-19T03:29:47.394+0000] {processor.py:840} INFO - DAG(s) 'example_complex' retrieved from /home/airflow/.local/lib/python3.8/site-packages/airflow/example_dags/example_complex.py
[2023-12-19T03:29:47.413+0000] {logging_mixin.py:188} INFO - [2023-12-19T03:29:47.413+0000] {dag.py:3033} INFO - Sync 1 DAGs
[2023-12-19T03:29:47.420+0000] {logging_mixin.py:188} INFO - [2023-12-19T03:29:47.420+0000] {dag.py:3820} INFO - Setting next_dagrun for example_complex to None, run_after=None
[2023-12-19T03:29:47.430+0000] {processor.py:183} INFO - Processing /home/airflow/.local/lib/python3.8/site-packages/airflow/example_dags/example_complex.py took 0.048 seconds
[2023-12-19T03:30:17.619+0000] {processor.py:161} INFO - Started process (PID=627) to work on /home/airflow/.local/lib/python3.8/site-packages/airflow/example_dags/example_complex.py
[2023-12-19T03:30:17.621+0000] {processor.py:830} INFO - Processing file /home/airflow/.local/lib/python3.8/site-packages/airflow/example_dags/example_complex.py for tasks to queue
[2023-12-19T03:30:17.624+0000] {logging_mixin.py:188} INFO - [2023-12-19T03:30:17.623+0000] {dagbag.py:538} INFO - Filling up the DagBag from /home/airflow/.local/lib/python3.8/site-packages/airflow/example_dags/example_complex.py
[2023-12-19T03:30:17.633+0000] {processor.py:840} INFO - DAG(s) 'example_complex' retrieved from /home/airflow/.local/lib/python3.8/site-packages/airflow/example_dags/example_complex.py
[2023-12-19T03:30:17.656+0000] {logging_mixin.py:188} INFO - [2023-12-19T03:30:17.656+0000] {dag.py:3033} INFO - Sync 1 DAGs
[2023-12-19T03:30:17.663+0000] {logging_mixin.py:188} INFO - [2023-12-19T03:30:17.663+0000] {dag.py:3820} INFO - Setting next_dagrun for example_complex to None, run_after=None
[2023-12-19T03:30:17.673+0000] {processor.py:183} INFO - Processing /home/airflow/.local/lib/python3.8/site-packages/airflow/example_dags/example_complex.py took 0.058 seconds
[2023-12-19T03:30:47.776+0000] {processor.py:161} INFO - Started process (PID=681) to work on /home/airflow/.local/lib/python3.8/site-packages/airflow/example_dags/example_complex.py
[2023-12-19T03:30:47.779+0000] {processor.py:830} INFO - Processing file /home/airflow/.local/lib/python3.8/site-packages/airflow/example_dags/example_complex.py for tasks to queue
[2023-12-19T03:30:47.783+0000] {logging_mixin.py:188} INFO - [2023-12-19T03:30:47.783+0000] {dagbag.py:538} INFO - Filling up the DagBag from /home/airflow/.local/lib/python3.8/site-packages/airflow/example_dags/example_complex.py
[2023-12-19T03:30:47.794+0000] {processor.py:840} INFO - DAG(s) 'example_complex' retrieved from /home/airflow/.local/lib/python3.8/site-packages/airflow/example_dags/example_complex.py
[2023-12-19T03:30:47.817+0000] {logging_mixin.py:188} INFO - [2023-12-19T03:30:47.817+0000] {dag.py:3033} INFO - Sync 1 DAGs
[2023-12-19T03:30:47.824+0000] {logging_mixin.py:188} INFO - [2023-12-19T03:30:47.824+0000] {dag.py:3820} INFO - Setting next_dagrun for example_complex to None, run_after=None
[2023-12-19T03:30:47.834+0000] {processor.py:183} INFO - Processing /home/airflow/.local/lib/python3.8/site-packages/airflow/example_dags/example_complex.py took 0.064 seconds
[2023-12-19T03:31:17.927+0000] {processor.py:161} INFO - Started process (PID=736) to work on /home/airflow/.local/lib/python3.8/site-packages/airflow/example_dags/example_complex.py
[2023-12-19T03:31:17.930+0000] {processor.py:830} INFO - Processing file /home/airflow/.local/lib/python3.8/site-packages/airflow/example_dags/example_complex.py for tasks to queue
[2023-12-19T03:31:17.935+0000] {logging_mixin.py:188} INFO - [2023-12-19T03:31:17.934+0000] {dagbag.py:538} INFO - Filling up the DagBag from /home/airflow/.local/lib/python3.8/site-packages/airflow/example_dags/example_complex.py
[2023-12-19T03:31:17.947+0000] {processor.py:840} INFO - DAG(s) 'example_complex' retrieved from /home/airflow/.local/lib/python3.8/site-packages/airflow/example_dags/example_complex.py
[2023-12-19T03:31:17.971+0000] {logging_mixin.py:188} INFO - [2023-12-19T03:31:17.971+0000] {dag.py:3033} INFO - Sync 1 DAGs
[2023-12-19T03:31:17.979+0000] {logging_mixin.py:188} INFO - [2023-12-19T03:31:17.979+0000] {dag.py:3820} INFO - Setting next_dagrun for example_complex to None, run_after=None
[2023-12-19T03:31:17.988+0000] {processor.py:183} INFO - Processing /home/airflow/.local/lib/python3.8/site-packages/airflow/example_dags/example_complex.py took 0.067 seconds
[2023-12-19T03:31:48.036+0000] {processor.py:161} INFO - Started process (PID=791) to work on /home/airflow/.local/lib/python3.8/site-packages/airflow/example_dags/example_complex.py
[2023-12-19T03:31:48.039+0000] {processor.py:830} INFO - Processing file /home/airflow/.local/lib/python3.8/site-packages/airflow/example_dags/example_complex.py for tasks to queue
[2023-12-19T03:31:48.043+0000] {logging_mixin.py:188} INFO - [2023-12-19T03:31:48.043+0000] {dagbag.py:538} INFO - Filling up the DagBag from /home/airflow/.local/lib/python3.8/site-packages/airflow/example_dags/example_complex.py
[2023-12-19T03:31:48.055+0000] {processor.py:840} INFO - DAG(s) 'example_complex' retrieved from /home/airflow/.local/lib/python3.8/site-packages/airflow/example_dags/example_complex.py
[2023-12-19T03:31:48.079+0000] {logging_mixin.py:188} INFO - [2023-12-19T03:31:48.079+0000] {dag.py:3033} INFO - Sync 1 DAGs
[2023-12-19T03:31:48.086+0000] {logging_mixin.py:188} INFO - [2023-12-19T03:31:48.086+0000] {dag.py:3820} INFO - Setting next_dagrun for example_complex to None, run_after=None
[2023-12-19T03:31:48.095+0000] {processor.py:183} INFO - Processing /home/airflow/.local/lib/python3.8/site-packages/airflow/example_dags/example_complex.py took 0.064 seconds
[2023-12-19T03:32:18.354+0000] {processor.py:161} INFO - Started process (PID=846) to work on /home/airflow/.local/lib/python3.8/site-packages/airflow/example_dags/example_complex.py
[2023-12-19T03:32:18.357+0000] {processor.py:830} INFO - Processing file /home/airflow/.local/lib/python3.8/site-packages/airflow/example_dags/example_complex.py for tasks to queue
[2023-12-19T03:32:18.361+0000] {logging_mixin.py:188} INFO - [2023-12-19T03:32:18.360+0000] {dagbag.py:538} INFO - Filling up the DagBag from /home/airflow/.local/lib/python3.8/site-packages/airflow/example_dags/example_complex.py
[2023-12-19T03:32:18.371+0000] {processor.py:840} INFO - DAG(s) 'example_complex' retrieved from /home/airflow/.local/lib/python3.8/site-packages/airflow/example_dags/example_complex.py
[2023-12-19T03:32:18.395+0000] {logging_mixin.py:188} INFO - [2023-12-19T03:32:18.395+0000] {dag.py:3033} INFO - Sync 1 DAGs
[2023-12-19T03:32:18.402+0000] {logging_mixin.py:188} INFO - [2023-12-19T03:32:18.402+0000] {dag.py:3820} INFO - Setting next_dagrun for example_complex to None, run_after=None
[2023-12-19T03:32:18.412+0000] {processor.py:183} INFO - Processing /home/airflow/.local/lib/python3.8/site-packages/airflow/example_dags/example_complex.py took 0.065 seconds
[2023-12-19T03:32:48.688+0000] {processor.py:161} INFO - Started process (PID=901) to work on /home/airflow/.local/lib/python3.8/site-packages/airflow/example_dags/example_complex.py
[2023-12-19T03:32:48.691+0000] {processor.py:830} INFO - Processing file /home/airflow/.local/lib/python3.8/site-packages/airflow/example_dags/example_complex.py for tasks to queue
[2023-12-19T03:32:48.695+0000] {logging_mixin.py:188} INFO - [2023-12-19T03:32:48.695+0000] {dagbag.py:538} INFO - Filling up the DagBag from /home/airflow/.local/lib/python3.8/site-packages/airflow/example_dags/example_complex.py
[2023-12-19T03:32:48.705+0000] {processor.py:840} INFO - DAG(s) 'example_complex' retrieved from /home/airflow/.local/lib/python3.8/site-packages/airflow/example_dags/example_complex.py
[2023-12-19T03:32:48.729+0000] {logging_mixin.py:188} INFO - [2023-12-19T03:32:48.729+0000] {dag.py:3033} INFO - Sync 1 DAGs
[2023-12-19T03:32:48.736+0000] {logging_mixin.py:188} INFO - [2023-12-19T03:32:48.735+0000] {dag.py:3820} INFO - Setting next_dagrun for example_complex to None, run_after=None
[2023-12-19T03:32:48.745+0000] {processor.py:183} INFO - Processing /home/airflow/.local/lib/python3.8/site-packages/airflow/example_dags/example_complex.py took 0.064 seconds
[2023-12-19T03:33:18.973+0000] {processor.py:161} INFO - Started process (PID=956) to work on /home/airflow/.local/lib/python3.8/site-packages/airflow/example_dags/example_complex.py
[2023-12-19T03:33:18.976+0000] {processor.py:830} INFO - Processing file /home/airflow/.local/lib/python3.8/site-packages/airflow/example_dags/example_complex.py for tasks to queue
[2023-12-19T03:33:18.980+0000] {logging_mixin.py:188} INFO - [2023-12-19T03:33:18.979+0000] {dagbag.py:538} INFO - Filling up the DagBag from /home/airflow/.local/lib/python3.8/site-packages/airflow/example_dags/example_complex.py
[2023-12-19T03:33:18.990+0000] {processor.py:840} INFO - DAG(s) 'example_complex' retrieved from /home/airflow/.local/lib/python3.8/site-packages/airflow/example_dags/example_complex.py
[2023-12-19T03:33:19.015+0000] {logging_mixin.py:188} INFO - [2023-12-19T03:33:19.015+0000] {dag.py:3033} INFO - Sync 1 DAGs
[2023-12-19T03:33:19.022+0000] {logging_mixin.py:188} INFO - [2023-12-19T03:33:19.022+0000] {dag.py:3820} INFO - Setting next_dagrun for example_complex to None, run_after=None
[2023-12-19T03:33:19.032+0000] {processor.py:183} INFO - Processing /home/airflow/.local/lib/python3.8/site-packages/airflow/example_dags/example_complex.py took 0.065 seconds
[2023-12-19T03:33:49.265+0000] {processor.py:161} INFO - Started process (PID=1011) to work on /home/airflow/.local/lib/python3.8/site-packages/airflow/example_dags/example_complex.py
[2023-12-19T03:33:49.268+0000] {processor.py:830} INFO - Processing file /home/airflow/.local/lib/python3.8/site-packages/airflow/example_dags/example_complex.py for tasks to queue
[2023-12-19T03:33:49.270+0000] {logging_mixin.py:188} INFO - [2023-12-19T03:33:49.270+0000] {dagbag.py:538} INFO - Filling up the DagBag from /home/airflow/.local/lib/python3.8/site-packages/airflow/example_dags/example_complex.py
[2023-12-19T03:33:49.280+0000] {processor.py:840} INFO - DAG(s) 'example_complex' retrieved from /home/airflow/.local/lib/python3.8/site-packages/airflow/example_dags/example_complex.py
[2023-12-19T03:33:49.304+0000] {logging_mixin.py:188} INFO - [2023-12-19T03:33:49.304+0000] {dag.py:3033} INFO - Sync 1 DAGs
[2023-12-19T03:33:49.311+0000] {logging_mixin.py:188} INFO - [2023-12-19T03:33:49.311+0000] {dag.py:3820} INFO - Setting next_dagrun for example_complex to None, run_after=None
[2023-12-19T03:33:49.319+0000] {processor.py:183} INFO - Processing /home/airflow/.local/lib/python3.8/site-packages/airflow/example_dags/example_complex.py took 0.060 seconds
[2023-12-19T03:34:19.625+0000] {processor.py:161} INFO - Started process (PID=1066) to work on /home/airflow/.local/lib/python3.8/site-packages/airflow/example_dags/example_complex.py
[2023-12-19T03:34:19.628+0000] {processor.py:830} INFO - Processing file /home/airflow/.local/lib/python3.8/site-packages/airflow/example_dags/example_complex.py for tasks to queue
[2023-12-19T03:34:19.632+0000] {logging_mixin.py:188} INFO - [2023-12-19T03:34:19.632+0000] {dagbag.py:538} INFO - Filling up the DagBag from /home/airflow/.local/lib/python3.8/site-packages/airflow/example_dags/example_complex.py
[2023-12-19T03:34:19.642+0000] {processor.py:840} INFO - DAG(s) 'example_complex' retrieved from /home/airflow/.local/lib/python3.8/site-packages/airflow/example_dags/example_complex.py
[2023-12-19T03:34:19.666+0000] {logging_mixin.py:188} INFO - [2023-12-19T03:34:19.666+0000] {dag.py:3033} INFO - Sync 1 DAGs
[2023-12-19T03:34:19.673+0000] {logging_mixin.py:188} INFO - [2023-12-19T03:34:19.673+0000] {dag.py:3820} INFO - Setting next_dagrun for example_complex to None, run_after=None
[2023-12-19T03:34:19.681+0000] {processor.py:183} INFO - Processing /home/airflow/.local/lib/python3.8/site-packages/airflow/example_dags/example_complex.py took 0.063 seconds
[2023-12-19T03:34:49.995+0000] {processor.py:161} INFO - Started process (PID=1121) to work on /home/airflow/.local/lib/python3.8/site-packages/airflow/example_dags/example_complex.py
[2023-12-19T03:34:49.997+0000] {processor.py:830} INFO - Processing file /home/airflow/.local/lib/python3.8/site-packages/airflow/example_dags/example_complex.py for tasks to queue
[2023-12-19T03:34:50.000+0000] {logging_mixin.py:188} INFO - [2023-12-19T03:34:50.000+0000] {dagbag.py:538} INFO - Filling up the DagBag from /home/airflow/.local/lib/python3.8/site-packages/airflow/example_dags/example_complex.py
[2023-12-19T03:34:50.010+0000] {processor.py:840} INFO - DAG(s) 'example_complex' retrieved from /home/airflow/.local/lib/python3.8/site-packages/airflow/example_dags/example_complex.py
[2023-12-19T03:34:50.035+0000] {logging_mixin.py:188} INFO - [2023-12-19T03:34:50.035+0000] {dag.py:3033} INFO - Sync 1 DAGs
[2023-12-19T03:34:50.042+0000] {logging_mixin.py:188} INFO - [2023-12-19T03:34:50.042+0000] {dag.py:3820} INFO - Setting next_dagrun for example_complex to None, run_after=None
[2023-12-19T03:34:50.050+0000] {processor.py:183} INFO - Processing /home/airflow/.local/lib/python3.8/site-packages/airflow/example_dags/example_complex.py took 0.062 seconds
[2023-12-19T03:35:20.108+0000] {processor.py:161} INFO - Started process (PID=1176) to work on /home/airflow/.local/lib/python3.8/site-packages/airflow/example_dags/example_complex.py
[2023-12-19T03:35:20.110+0000] {processor.py:830} INFO - Processing file /home/airflow/.local/lib/python3.8/site-packages/airflow/example_dags/example_complex.py for tasks to queue
[2023-12-19T03:35:20.113+0000] {logging_mixin.py:188} INFO - [2023-12-19T03:35:20.113+0000] {dagbag.py:538} INFO - Filling up the DagBag from /home/airflow/.local/lib/python3.8/site-packages/airflow/example_dags/example_complex.py
[2023-12-19T03:35:20.124+0000] {processor.py:840} INFO - DAG(s) 'example_complex' retrieved from /home/airflow/.local/lib/python3.8/site-packages/airflow/example_dags/example_complex.py
[2023-12-19T03:35:20.147+0000] {logging_mixin.py:188} INFO - [2023-12-19T03:35:20.147+0000] {dag.py:3033} INFO - Sync 1 DAGs
[2023-12-19T03:35:20.154+0000] {logging_mixin.py:188} INFO - [2023-12-19T03:35:20.154+0000] {dag.py:3820} INFO - Setting next_dagrun for example_complex to None, run_after=None
[2023-12-19T03:35:20.163+0000] {processor.py:183} INFO - Processing /home/airflow/.local/lib/python3.8/site-packages/airflow/example_dags/example_complex.py took 0.062 seconds
[2023-12-19T03:35:50.408+0000] {processor.py:161} INFO - Started process (PID=1231) to work on /home/airflow/.local/lib/python3.8/site-packages/airflow/example_dags/example_complex.py
[2023-12-19T03:35:50.411+0000] {processor.py:830} INFO - Processing file /home/airflow/.local/lib/python3.8/site-packages/airflow/example_dags/example_complex.py for tasks to queue
[2023-12-19T03:35:50.414+0000] {logging_mixin.py:188} INFO - [2023-12-19T03:35:50.414+0000] {dagbag.py:538} INFO - Filling up the DagBag from /home/airflow/.local/lib/python3.8/site-packages/airflow/example_dags/example_complex.py
[2023-12-19T03:35:50.424+0000] {processor.py:840} INFO - DAG(s) 'example_complex' retrieved from /home/airflow/.local/lib/python3.8/site-packages/airflow/example_dags/example_complex.py
[2023-12-19T03:35:50.447+0000] {logging_mixin.py:188} INFO - [2023-12-19T03:35:50.447+0000] {dag.py:3033} INFO - Sync 1 DAGs
[2023-12-19T03:35:50.454+0000] {logging_mixin.py:188} INFO - [2023-12-19T03:35:50.454+0000] {dag.py:3820} INFO - Setting next_dagrun for example_complex to None, run_after=None
[2023-12-19T03:35:50.463+0000] {processor.py:183} INFO - Processing /home/airflow/.local/lib/python3.8/site-packages/airflow/example_dags/example_complex.py took 0.060 seconds
[2023-12-19T03:36:20.713+0000] {processor.py:161} INFO - Started process (PID=1286) to work on /home/airflow/.local/lib/python3.8/site-packages/airflow/example_dags/example_complex.py
[2023-12-19T03:36:20.715+0000] {processor.py:830} INFO - Processing file /home/airflow/.local/lib/python3.8/site-packages/airflow/example_dags/example_complex.py for tasks to queue
[2023-12-19T03:36:20.718+0000] {logging_mixin.py:188} INFO - [2023-12-19T03:36:20.718+0000] {dagbag.py:538} INFO - Filling up the DagBag from /home/airflow/.local/lib/python3.8/site-packages/airflow/example_dags/example_complex.py
[2023-12-19T03:36:20.728+0000] {processor.py:840} INFO - DAG(s) 'example_complex' retrieved from /home/airflow/.local/lib/python3.8/site-packages/airflow/example_dags/example_complex.py
[2023-12-19T03:36:20.751+0000] {logging_mixin.py:188} INFO - [2023-12-19T03:36:20.751+0000] {dag.py:3033} INFO - Sync 1 DAGs
[2023-12-19T03:36:20.757+0000] {logging_mixin.py:188} INFO - [2023-12-19T03:36:20.757+0000] {dag.py:3820} INFO - Setting next_dagrun for example_complex to None, run_after=None
[2023-12-19T03:36:20.766+0000] {processor.py:183} INFO - Processing /home/airflow/.local/lib/python3.8/site-packages/airflow/example_dags/example_complex.py took 0.060 seconds
[2023-12-19T03:36:51.271+0000] {processor.py:161} INFO - Started process (PID=1341) to work on /home/airflow/.local/lib/python3.8/site-packages/airflow/example_dags/example_complex.py
[2023-12-19T03:36:51.274+0000] {processor.py:830} INFO - Processing file /home/airflow/.local/lib/python3.8/site-packages/airflow/example_dags/example_complex.py for tasks to queue
[2023-12-19T03:36:51.278+0000] {logging_mixin.py:188} INFO - [2023-12-19T03:36:51.278+0000] {dagbag.py:538} INFO - Filling up the DagBag from /home/airflow/.local/lib/python3.8/site-packages/airflow/example_dags/example_complex.py
[2023-12-19T03:36:51.290+0000] {processor.py:840} INFO - DAG(s) 'example_complex' retrieved from /home/airflow/.local/lib/python3.8/site-packages/airflow/example_dags/example_complex.py
[2023-12-19T03:36:51.315+0000] {logging_mixin.py:188} INFO - [2023-12-19T03:36:51.315+0000] {dag.py:3033} INFO - Sync 1 DAGs
[2023-12-19T03:36:51.322+0000] {logging_mixin.py:188} INFO - [2023-12-19T03:36:51.322+0000] {dag.py:3820} INFO - Setting next_dagrun for example_complex to None, run_after=None
[2023-12-19T03:36:51.330+0000] {processor.py:183} INFO - Processing /home/airflow/.local/lib/python3.8/site-packages/airflow/example_dags/example_complex.py took 0.066 seconds
[2023-12-19T03:37:21.611+0000] {processor.py:161} INFO - Started process (PID=1396) to work on /home/airflow/.local/lib/python3.8/site-packages/airflow/example_dags/example_complex.py
[2023-12-19T03:37:21.615+0000] {processor.py:830} INFO - Processing file /home/airflow/.local/lib/python3.8/site-packages/airflow/example_dags/example_complex.py for tasks to queue
[2023-12-19T03:37:21.620+0000] {logging_mixin.py:188} INFO - [2023-12-19T03:37:21.619+0000] {dagbag.py:538} INFO - Filling up the DagBag from /home/airflow/.local/lib/python3.8/site-packages/airflow/example_dags/example_complex.py
[2023-12-19T03:37:21.632+0000] {processor.py:840} INFO - DAG(s) 'example_complex' retrieved from /home/airflow/.local/lib/python3.8/site-packages/airflow/example_dags/example_complex.py
[2023-12-19T03:37:21.656+0000] {logging_mixin.py:188} INFO - [2023-12-19T03:37:21.656+0000] {dag.py:3033} INFO - Sync 1 DAGs
[2023-12-19T03:37:21.663+0000] {logging_mixin.py:188} INFO - [2023-12-19T03:37:21.663+0000] {dag.py:3820} INFO - Setting next_dagrun for example_complex to None, run_after=None
[2023-12-19T03:37:21.673+0000] {processor.py:183} INFO - Processing /home/airflow/.local/lib/python3.8/site-packages/airflow/example_dags/example_complex.py took 0.068 seconds
[2023-12-19T03:37:51.892+0000] {processor.py:161} INFO - Started process (PID=1451) to work on /home/airflow/.local/lib/python3.8/site-packages/airflow/example_dags/example_complex.py
[2023-12-19T03:37:51.894+0000] {processor.py:830} INFO - Processing file /home/airflow/.local/lib/python3.8/site-packages/airflow/example_dags/example_complex.py for tasks to queue
[2023-12-19T03:37:51.898+0000] {logging_mixin.py:188} INFO - [2023-12-19T03:37:51.898+0000] {dagbag.py:538} INFO - Filling up the DagBag from /home/airflow/.local/lib/python3.8/site-packages/airflow/example_dags/example_complex.py
[2023-12-19T03:37:51.909+0000] {processor.py:840} INFO - DAG(s) 'example_complex' retrieved from /home/airflow/.local/lib/python3.8/site-packages/airflow/example_dags/example_complex.py
[2023-12-19T03:37:51.933+0000] {logging_mixin.py:188} INFO - [2023-12-19T03:37:51.933+0000] {dag.py:3033} INFO - Sync 1 DAGs
[2023-12-19T03:37:51.940+0000] {logging_mixin.py:188} INFO - [2023-12-19T03:37:51.940+0000] {dag.py:3820} INFO - Setting next_dagrun for example_complex to None, run_after=None
[2023-12-19T03:37:51.949+0000] {processor.py:183} INFO - Processing /home/airflow/.local/lib/python3.8/site-packages/airflow/example_dags/example_complex.py took 0.064 seconds
