[2023-12-19T03:23:34.356+0000] {processor.py:161} INFO - Started process (PID=34) to work on /home/airflow/.local/lib/python3.8/site-packages/airflow/example_dags/tutorial.py
[2023-12-19T03:23:34.357+0000] {processor.py:830} INFO - Processing file /home/airflow/.local/lib/python3.8/site-packages/airflow/example_dags/tutorial.py for tasks to queue
[2023-12-19T03:23:34.360+0000] {logging_mixin.py:188} INFO - [2023-12-19T03:23:34.359+0000] {dagbag.py:538} INFO - Filling up the DagBag from /home/airflow/.local/lib/python3.8/site-packages/airflow/example_dags/tutorial.py
[2023-12-19T03:23:34.373+0000] {processor.py:840} INFO - DAG(s) 'tutorial' retrieved from /home/airflow/.local/lib/python3.8/site-packages/airflow/example_dags/tutorial.py
[2023-12-19T03:23:34.395+0000] {logging_mixin.py:188} INFO - [2023-12-19T03:23:34.394+0000] {dag.py:3033} INFO - Sync 1 DAGs
[2023-12-19T03:23:34.410+0000] {logging_mixin.py:188} INFO - [2023-12-19T03:23:34.410+0000] {dag.py:3820} INFO - Setting next_dagrun for tutorial to 2023-12-18T00:00:00+00:00, run_after=2023-12-19T00:00:00+00:00
[2023-12-19T03:23:34.422+0000] {processor.py:183} INFO - Processing /home/airflow/.local/lib/python3.8/site-packages/airflow/example_dags/tutorial.py took 0.069 seconds
[2023-12-19T03:24:04.503+0000] {processor.py:161} INFO - Started process (PID=89) to work on /home/airflow/.local/lib/python3.8/site-packages/airflow/example_dags/tutorial.py
[2023-12-19T03:24:04.505+0000] {processor.py:830} INFO - Processing file /home/airflow/.local/lib/python3.8/site-packages/airflow/example_dags/tutorial.py for tasks to queue
[2023-12-19T03:24:04.507+0000] {logging_mixin.py:188} INFO - [2023-12-19T03:24:04.507+0000] {dagbag.py:538} INFO - Filling up the DagBag from /home/airflow/.local/lib/python3.8/site-packages/airflow/example_dags/tutorial.py
[2023-12-19T03:24:04.513+0000] {processor.py:840} INFO - DAG(s) 'tutorial' retrieved from /home/airflow/.local/lib/python3.8/site-packages/airflow/example_dags/tutorial.py
[2023-12-19T03:24:04.633+0000] {logging_mixin.py:188} INFO - [2023-12-19T03:24:04.633+0000] {dag.py:3033} INFO - Sync 1 DAGs
[2023-12-19T03:24:04.647+0000] {logging_mixin.py:188} INFO - [2023-12-19T03:24:04.647+0000] {dag.py:3820} INFO - Setting next_dagrun for tutorial to 2023-12-18T00:00:00+00:00, run_after=2023-12-19T00:00:00+00:00
[2023-12-19T03:24:04.657+0000] {processor.py:183} INFO - Processing /home/airflow/.local/lib/python3.8/site-packages/airflow/example_dags/tutorial.py took 0.158 seconds
[2023-12-19T03:24:38.333+0000] {processor.py:161} INFO - Started process (PID=33) to work on /home/airflow/.local/lib/python3.8/site-packages/airflow/example_dags/tutorial.py
[2023-12-19T03:24:38.336+0000] {processor.py:830} INFO - Processing file /home/airflow/.local/lib/python3.8/site-packages/airflow/example_dags/tutorial.py for tasks to queue
[2023-12-19T03:24:38.339+0000] {logging_mixin.py:188} INFO - [2023-12-19T03:24:38.338+0000] {dagbag.py:538} INFO - Filling up the DagBag from /home/airflow/.local/lib/python3.8/site-packages/airflow/example_dags/tutorial.py
[2023-12-19T03:24:38.349+0000] {processor.py:840} INFO - DAG(s) 'tutorial' retrieved from /home/airflow/.local/lib/python3.8/site-packages/airflow/example_dags/tutorial.py
[2023-12-19T03:24:38.389+0000] {logging_mixin.py:188} INFO - [2023-12-19T03:24:38.389+0000] {dag.py:3033} INFO - Sync 1 DAGs
[2023-12-19T03:24:38.410+0000] {logging_mixin.py:188} INFO - [2023-12-19T03:24:38.410+0000] {dag.py:3820} INFO - Setting next_dagrun for tutorial to 2023-12-18T00:00:00+00:00, run_after=2023-12-19T00:00:00+00:00
[2023-12-19T03:24:38.420+0000] {processor.py:183} INFO - Processing /home/airflow/.local/lib/python3.8/site-packages/airflow/example_dags/tutorial.py took 0.090 seconds
[2023-12-19T03:25:10.586+0000] {processor.py:161} INFO - Started process (PID=33) to work on /home/airflow/.local/lib/python3.8/site-packages/airflow/example_dags/tutorial.py
[2023-12-19T03:25:10.588+0000] {processor.py:830} INFO - Processing file /home/airflow/.local/lib/python3.8/site-packages/airflow/example_dags/tutorial.py for tasks to queue
[2023-12-19T03:25:10.594+0000] {logging_mixin.py:188} INFO - [2023-12-19T03:25:10.594+0000] {dagbag.py:538} INFO - Filling up the DagBag from /home/airflow/.local/lib/python3.8/site-packages/airflow/example_dags/tutorial.py
[2023-12-19T03:25:10.603+0000] {processor.py:840} INFO - DAG(s) 'tutorial' retrieved from /home/airflow/.local/lib/python3.8/site-packages/airflow/example_dags/tutorial.py
[2023-12-19T03:25:10.640+0000] {logging_mixin.py:188} INFO - [2023-12-19T03:25:10.640+0000] {dag.py:3033} INFO - Sync 1 DAGs
[2023-12-19T03:25:10.660+0000] {logging_mixin.py:188} INFO - [2023-12-19T03:25:10.660+0000] {dag.py:3820} INFO - Setting next_dagrun for tutorial to 2023-12-18T00:00:00+00:00, run_after=2023-12-19T00:00:00+00:00
[2023-12-19T03:25:10.675+0000] {processor.py:183} INFO - Processing /home/airflow/.local/lib/python3.8/site-packages/airflow/example_dags/tutorial.py took 0.093 seconds
[2023-12-19T03:25:41.190+0000] {processor.py:161} INFO - Started process (PID=87) to work on /home/airflow/.local/lib/python3.8/site-packages/airflow/example_dags/tutorial.py
[2023-12-19T03:25:41.192+0000] {processor.py:830} INFO - Processing file /home/airflow/.local/lib/python3.8/site-packages/airflow/example_dags/tutorial.py for tasks to queue
[2023-12-19T03:25:41.195+0000] {logging_mixin.py:188} INFO - [2023-12-19T03:25:41.195+0000] {dagbag.py:538} INFO - Filling up the DagBag from /home/airflow/.local/lib/python3.8/site-packages/airflow/example_dags/tutorial.py
[2023-12-19T03:25:41.201+0000] {processor.py:840} INFO - DAG(s) 'tutorial' retrieved from /home/airflow/.local/lib/python3.8/site-packages/airflow/example_dags/tutorial.py
[2023-12-19T03:25:41.265+0000] {logging_mixin.py:188} INFO - [2023-12-19T03:25:41.265+0000] {dag.py:3033} INFO - Sync 1 DAGs
[2023-12-19T03:25:41.276+0000] {logging_mixin.py:188} INFO - [2023-12-19T03:25:41.276+0000] {dag.py:3820} INFO - Setting next_dagrun for tutorial to 2023-12-18T00:00:00+00:00, run_after=2023-12-19T00:00:00+00:00
[2023-12-19T03:25:41.286+0000] {processor.py:183} INFO - Processing /home/airflow/.local/lib/python3.8/site-packages/airflow/example_dags/tutorial.py took 0.100 seconds
[2023-12-19T03:26:11.351+0000] {processor.py:161} INFO - Started process (PID=150) to work on /home/airflow/.local/lib/python3.8/site-packages/airflow/example_dags/tutorial.py
[2023-12-19T03:26:11.352+0000] {processor.py:830} INFO - Processing file /home/airflow/.local/lib/python3.8/site-packages/airflow/example_dags/tutorial.py for tasks to queue
[2023-12-19T03:26:11.355+0000] {logging_mixin.py:188} INFO - [2023-12-19T03:26:11.355+0000] {dagbag.py:538} INFO - Filling up the DagBag from /home/airflow/.local/lib/python3.8/site-packages/airflow/example_dags/tutorial.py
[2023-12-19T03:26:11.364+0000] {processor.py:840} INFO - DAG(s) 'tutorial' retrieved from /home/airflow/.local/lib/python3.8/site-packages/airflow/example_dags/tutorial.py
[2023-12-19T03:26:11.387+0000] {logging_mixin.py:188} INFO - [2023-12-19T03:26:11.387+0000] {dag.py:3033} INFO - Sync 1 DAGs
[2023-12-19T03:26:11.403+0000] {logging_mixin.py:188} INFO - [2023-12-19T03:26:11.403+0000] {dag.py:3820} INFO - Setting next_dagrun for tutorial to 2023-12-18T00:00:00+00:00, run_after=2023-12-19T00:00:00+00:00
[2023-12-19T03:26:11.413+0000] {processor.py:183} INFO - Processing /home/airflow/.local/lib/python3.8/site-packages/airflow/example_dags/tutorial.py took 0.068 seconds
[2023-12-19T03:26:41.600+0000] {processor.py:161} INFO - Started process (PID=205) to work on /home/airflow/.local/lib/python3.8/site-packages/airflow/example_dags/tutorial.py
[2023-12-19T03:26:41.602+0000] {processor.py:830} INFO - Processing file /home/airflow/.local/lib/python3.8/site-packages/airflow/example_dags/tutorial.py for tasks to queue
[2023-12-19T03:26:41.607+0000] {logging_mixin.py:188} INFO - [2023-12-19T03:26:41.606+0000] {dagbag.py:538} INFO - Filling up the DagBag from /home/airflow/.local/lib/python3.8/site-packages/airflow/example_dags/tutorial.py
[2023-12-19T03:26:41.617+0000] {processor.py:840} INFO - DAG(s) 'tutorial' retrieved from /home/airflow/.local/lib/python3.8/site-packages/airflow/example_dags/tutorial.py
[2023-12-19T03:26:41.643+0000] {logging_mixin.py:188} INFO - [2023-12-19T03:26:41.643+0000] {dag.py:3033} INFO - Sync 1 DAGs
[2023-12-19T03:26:41.661+0000] {logging_mixin.py:188} INFO - [2023-12-19T03:26:41.661+0000] {dag.py:3820} INFO - Setting next_dagrun for tutorial to 2023-12-18T00:00:00+00:00, run_after=2023-12-19T00:00:00+00:00
[2023-12-19T03:26:41.681+0000] {processor.py:183} INFO - Processing /home/airflow/.local/lib/python3.8/site-packages/airflow/example_dags/tutorial.py took 0.093 seconds
[2023-12-19T03:27:12.082+0000] {processor.py:161} INFO - Started process (PID=260) to work on /home/airflow/.local/lib/python3.8/site-packages/airflow/example_dags/tutorial.py
[2023-12-19T03:27:12.083+0000] {processor.py:830} INFO - Processing file /home/airflow/.local/lib/python3.8/site-packages/airflow/example_dags/tutorial.py for tasks to queue
[2023-12-19T03:27:12.088+0000] {logging_mixin.py:188} INFO - [2023-12-19T03:27:12.086+0000] {dagbag.py:538} INFO - Filling up the DagBag from /home/airflow/.local/lib/python3.8/site-packages/airflow/example_dags/tutorial.py
[2023-12-19T03:27:12.102+0000] {processor.py:840} INFO - DAG(s) 'tutorial' retrieved from /home/airflow/.local/lib/python3.8/site-packages/airflow/example_dags/tutorial.py
[2023-12-19T03:27:12.131+0000] {logging_mixin.py:188} INFO - [2023-12-19T03:27:12.131+0000] {dag.py:3033} INFO - Sync 1 DAGs
[2023-12-19T03:27:12.148+0000] {logging_mixin.py:188} INFO - [2023-12-19T03:27:12.148+0000] {dag.py:3820} INFO - Setting next_dagrun for tutorial to 2023-12-18T00:00:00+00:00, run_after=2023-12-19T00:00:00+00:00
[2023-12-19T03:27:12.159+0000] {processor.py:183} INFO - Processing /home/airflow/.local/lib/python3.8/site-packages/airflow/example_dags/tutorial.py took 0.080 seconds
[2023-12-19T03:27:42.757+0000] {processor.py:161} INFO - Started process (PID=315) to work on /home/airflow/.local/lib/python3.8/site-packages/airflow/example_dags/tutorial.py
[2023-12-19T03:27:42.759+0000] {processor.py:830} INFO - Processing file /home/airflow/.local/lib/python3.8/site-packages/airflow/example_dags/tutorial.py for tasks to queue
[2023-12-19T03:27:42.763+0000] {logging_mixin.py:188} INFO - [2023-12-19T03:27:42.762+0000] {dagbag.py:538} INFO - Filling up the DagBag from /home/airflow/.local/lib/python3.8/site-packages/airflow/example_dags/tutorial.py
[2023-12-19T03:27:42.772+0000] {processor.py:840} INFO - DAG(s) 'tutorial' retrieved from /home/airflow/.local/lib/python3.8/site-packages/airflow/example_dags/tutorial.py
[2023-12-19T03:27:42.802+0000] {logging_mixin.py:188} INFO - [2023-12-19T03:27:42.802+0000] {dag.py:3033} INFO - Sync 1 DAGs
[2023-12-19T03:27:42.821+0000] {logging_mixin.py:188} INFO - [2023-12-19T03:27:42.821+0000] {dag.py:3820} INFO - Setting next_dagrun for tutorial to 2023-12-18T00:00:00+00:00, run_after=2023-12-19T00:00:00+00:00
[2023-12-19T03:27:42.834+0000] {processor.py:183} INFO - Processing /home/airflow/.local/lib/python3.8/site-packages/airflow/example_dags/tutorial.py took 0.081 seconds
[2023-12-19T03:28:12.991+0000] {processor.py:161} INFO - Started process (PID=370) to work on /home/airflow/.local/lib/python3.8/site-packages/airflow/example_dags/tutorial.py
[2023-12-19T03:28:12.994+0000] {processor.py:830} INFO - Processing file /home/airflow/.local/lib/python3.8/site-packages/airflow/example_dags/tutorial.py for tasks to queue
[2023-12-19T03:28:12.997+0000] {logging_mixin.py:188} INFO - [2023-12-19T03:28:12.997+0000] {dagbag.py:538} INFO - Filling up the DagBag from /home/airflow/.local/lib/python3.8/site-packages/airflow/example_dags/tutorial.py
[2023-12-19T03:28:13.006+0000] {processor.py:840} INFO - DAG(s) 'tutorial' retrieved from /home/airflow/.local/lib/python3.8/site-packages/airflow/example_dags/tutorial.py
[2023-12-19T03:28:13.029+0000] {logging_mixin.py:188} INFO - [2023-12-19T03:28:13.029+0000] {dag.py:3033} INFO - Sync 1 DAGs
[2023-12-19T03:28:13.044+0000] {logging_mixin.py:188} INFO - [2023-12-19T03:28:13.044+0000] {dag.py:3820} INFO - Setting next_dagrun for tutorial to 2023-12-18T00:00:00+00:00, run_after=2023-12-19T00:00:00+00:00
[2023-12-19T03:28:13.056+0000] {processor.py:183} INFO - Processing /home/airflow/.local/lib/python3.8/site-packages/airflow/example_dags/tutorial.py took 0.068 seconds
[2023-12-19T03:28:43.225+0000] {processor.py:161} INFO - Started process (PID=425) to work on /home/airflow/.local/lib/python3.8/site-packages/airflow/example_dags/tutorial.py
[2023-12-19T03:28:43.227+0000] {processor.py:830} INFO - Processing file /home/airflow/.local/lib/python3.8/site-packages/airflow/example_dags/tutorial.py for tasks to queue
[2023-12-19T03:28:43.230+0000] {logging_mixin.py:188} INFO - [2023-12-19T03:28:43.229+0000] {dagbag.py:538} INFO - Filling up the DagBag from /home/airflow/.local/lib/python3.8/site-packages/airflow/example_dags/tutorial.py
[2023-12-19T03:28:43.242+0000] {processor.py:840} INFO - DAG(s) 'tutorial' retrieved from /home/airflow/.local/lib/python3.8/site-packages/airflow/example_dags/tutorial.py
[2023-12-19T03:28:43.272+0000] {logging_mixin.py:188} INFO - [2023-12-19T03:28:43.272+0000] {dag.py:3033} INFO - Sync 1 DAGs
[2023-12-19T03:28:43.287+0000] {logging_mixin.py:188} INFO - [2023-12-19T03:28:43.287+0000] {dag.py:3820} INFO - Setting next_dagrun for tutorial to 2023-12-18T00:00:00+00:00, run_after=2023-12-19T00:00:00+00:00
[2023-12-19T03:28:43.298+0000] {processor.py:183} INFO - Processing /home/airflow/.local/lib/python3.8/site-packages/airflow/example_dags/tutorial.py took 0.079 seconds
[2023-12-19T03:29:13.641+0000] {processor.py:161} INFO - Started process (PID=480) to work on /home/airflow/.local/lib/python3.8/site-packages/airflow/example_dags/tutorial.py
[2023-12-19T03:29:13.643+0000] {processor.py:830} INFO - Processing file /home/airflow/.local/lib/python3.8/site-packages/airflow/example_dags/tutorial.py for tasks to queue
[2023-12-19T03:29:13.649+0000] {logging_mixin.py:188} INFO - [2023-12-19T03:29:13.648+0000] {dagbag.py:538} INFO - Filling up the DagBag from /home/airflow/.local/lib/python3.8/site-packages/airflow/example_dags/tutorial.py
[2023-12-19T03:29:13.681+0000] {processor.py:840} INFO - DAG(s) 'tutorial' retrieved from /home/airflow/.local/lib/python3.8/site-packages/airflow/example_dags/tutorial.py
[2023-12-19T03:29:13.717+0000] {logging_mixin.py:188} INFO - [2023-12-19T03:29:13.717+0000] {dag.py:3033} INFO - Sync 1 DAGs
[2023-12-19T03:29:13.739+0000] {logging_mixin.py:188} INFO - [2023-12-19T03:29:13.739+0000] {dag.py:3820} INFO - Setting next_dagrun for tutorial to 2023-12-18T00:00:00+00:00, run_after=2023-12-19T00:00:00+00:00
[2023-12-19T03:29:13.752+0000] {processor.py:183} INFO - Processing /home/airflow/.local/lib/python3.8/site-packages/airflow/example_dags/tutorial.py took 0.117 seconds
[2023-12-19T03:29:43.986+0000] {processor.py:161} INFO - Started process (PID=535) to work on /home/airflow/.local/lib/python3.8/site-packages/airflow/example_dags/tutorial.py
[2023-12-19T03:29:43.987+0000] {processor.py:830} INFO - Processing file /home/airflow/.local/lib/python3.8/site-packages/airflow/example_dags/tutorial.py for tasks to queue
[2023-12-19T03:29:43.991+0000] {logging_mixin.py:188} INFO - [2023-12-19T03:29:43.990+0000] {dagbag.py:538} INFO - Filling up the DagBag from /home/airflow/.local/lib/python3.8/site-packages/airflow/example_dags/tutorial.py
[2023-12-19T03:29:43.997+0000] {processor.py:840} INFO - DAG(s) 'tutorial' retrieved from /home/airflow/.local/lib/python3.8/site-packages/airflow/example_dags/tutorial.py
[2023-12-19T03:29:44.017+0000] {logging_mixin.py:188} INFO - [2023-12-19T03:29:44.017+0000] {dag.py:3033} INFO - Sync 1 DAGs
[2023-12-19T03:29:44.031+0000] {logging_mixin.py:188} INFO - [2023-12-19T03:29:44.031+0000] {dag.py:3820} INFO - Setting next_dagrun for tutorial to 2023-12-18T00:00:00+00:00, run_after=2023-12-19T00:00:00+00:00
[2023-12-19T03:29:44.040+0000] {processor.py:183} INFO - Processing /home/airflow/.local/lib/python3.8/site-packages/airflow/example_dags/tutorial.py took 0.059 seconds
[2023-12-19T03:30:14.107+0000] {processor.py:161} INFO - Started process (PID=590) to work on /home/airflow/.local/lib/python3.8/site-packages/airflow/example_dags/tutorial.py
[2023-12-19T03:30:14.109+0000] {processor.py:830} INFO - Processing file /home/airflow/.local/lib/python3.8/site-packages/airflow/example_dags/tutorial.py for tasks to queue
[2023-12-19T03:30:14.112+0000] {logging_mixin.py:188} INFO - [2023-12-19T03:30:14.112+0000] {dagbag.py:538} INFO - Filling up the DagBag from /home/airflow/.local/lib/python3.8/site-packages/airflow/example_dags/tutorial.py
[2023-12-19T03:30:14.121+0000] {processor.py:840} INFO - DAG(s) 'tutorial' retrieved from /home/airflow/.local/lib/python3.8/site-packages/airflow/example_dags/tutorial.py
[2023-12-19T03:30:14.143+0000] {logging_mixin.py:188} INFO - [2023-12-19T03:30:14.143+0000] {dag.py:3033} INFO - Sync 1 DAGs
[2023-12-19T03:30:14.158+0000] {logging_mixin.py:188} INFO - [2023-12-19T03:30:14.158+0000] {dag.py:3820} INFO - Setting next_dagrun for tutorial to 2023-12-18T00:00:00+00:00, run_after=2023-12-19T00:00:00+00:00
[2023-12-19T03:30:14.169+0000] {processor.py:183} INFO - Processing /home/airflow/.local/lib/python3.8/site-packages/airflow/example_dags/tutorial.py took 0.067 seconds
[2023-12-19T03:30:44.280+0000] {processor.py:161} INFO - Started process (PID=645) to work on /home/airflow/.local/lib/python3.8/site-packages/airflow/example_dags/tutorial.py
[2023-12-19T03:30:44.281+0000] {processor.py:830} INFO - Processing file /home/airflow/.local/lib/python3.8/site-packages/airflow/example_dags/tutorial.py for tasks to queue
[2023-12-19T03:30:44.285+0000] {logging_mixin.py:188} INFO - [2023-12-19T03:30:44.284+0000] {dagbag.py:538} INFO - Filling up the DagBag from /home/airflow/.local/lib/python3.8/site-packages/airflow/example_dags/tutorial.py
[2023-12-19T03:30:44.292+0000] {processor.py:840} INFO - DAG(s) 'tutorial' retrieved from /home/airflow/.local/lib/python3.8/site-packages/airflow/example_dags/tutorial.py
[2023-12-19T03:30:44.312+0000] {logging_mixin.py:188} INFO - [2023-12-19T03:30:44.311+0000] {dag.py:3033} INFO - Sync 1 DAGs
[2023-12-19T03:30:44.325+0000] {logging_mixin.py:188} INFO - [2023-12-19T03:30:44.325+0000] {dag.py:3820} INFO - Setting next_dagrun for tutorial to 2023-12-18T00:00:00+00:00, run_after=2023-12-19T00:00:00+00:00
[2023-12-19T03:30:44.334+0000] {processor.py:183} INFO - Processing /home/airflow/.local/lib/python3.8/site-packages/airflow/example_dags/tutorial.py took 0.061 seconds
[2023-12-19T03:31:14.450+0000] {processor.py:161} INFO - Started process (PID=700) to work on /home/airflow/.local/lib/python3.8/site-packages/airflow/example_dags/tutorial.py
[2023-12-19T03:31:14.451+0000] {processor.py:830} INFO - Processing file /home/airflow/.local/lib/python3.8/site-packages/airflow/example_dags/tutorial.py for tasks to queue
[2023-12-19T03:31:14.456+0000] {logging_mixin.py:188} INFO - [2023-12-19T03:31:14.455+0000] {dagbag.py:538} INFO - Filling up the DagBag from /home/airflow/.local/lib/python3.8/site-packages/airflow/example_dags/tutorial.py
[2023-12-19T03:31:14.468+0000] {processor.py:840} INFO - DAG(s) 'tutorial' retrieved from /home/airflow/.local/lib/python3.8/site-packages/airflow/example_dags/tutorial.py
[2023-12-19T03:31:14.489+0000] {logging_mixin.py:188} INFO - [2023-12-19T03:31:14.489+0000] {dag.py:3033} INFO - Sync 1 DAGs
[2023-12-19T03:31:14.504+0000] {logging_mixin.py:188} INFO - [2023-12-19T03:31:14.504+0000] {dag.py:3820} INFO - Setting next_dagrun for tutorial to 2023-12-18T00:00:00+00:00, run_after=2023-12-19T00:00:00+00:00
[2023-12-19T03:31:14.515+0000] {processor.py:183} INFO - Processing /home/airflow/.local/lib/python3.8/site-packages/airflow/example_dags/tutorial.py took 0.070 seconds
[2023-12-19T03:31:44.628+0000] {processor.py:161} INFO - Started process (PID=755) to work on /home/airflow/.local/lib/python3.8/site-packages/airflow/example_dags/tutorial.py
[2023-12-19T03:31:44.629+0000] {processor.py:830} INFO - Processing file /home/airflow/.local/lib/python3.8/site-packages/airflow/example_dags/tutorial.py for tasks to queue
[2023-12-19T03:31:44.633+0000] {logging_mixin.py:188} INFO - [2023-12-19T03:31:44.632+0000] {dagbag.py:538} INFO - Filling up the DagBag from /home/airflow/.local/lib/python3.8/site-packages/airflow/example_dags/tutorial.py
[2023-12-19T03:31:44.640+0000] {processor.py:840} INFO - DAG(s) 'tutorial' retrieved from /home/airflow/.local/lib/python3.8/site-packages/airflow/example_dags/tutorial.py
[2023-12-19T03:31:44.657+0000] {logging_mixin.py:188} INFO - [2023-12-19T03:31:44.657+0000] {dag.py:3033} INFO - Sync 1 DAGs
[2023-12-19T03:31:44.670+0000] {logging_mixin.py:188} INFO - [2023-12-19T03:31:44.670+0000] {dag.py:3820} INFO - Setting next_dagrun for tutorial to 2023-12-18T00:00:00+00:00, run_after=2023-12-19T00:00:00+00:00
[2023-12-19T03:31:44.679+0000] {processor.py:183} INFO - Processing /home/airflow/.local/lib/python3.8/site-packages/airflow/example_dags/tutorial.py took 0.056 seconds
[2023-12-19T03:32:14.942+0000] {processor.py:161} INFO - Started process (PID=810) to work on /home/airflow/.local/lib/python3.8/site-packages/airflow/example_dags/tutorial.py
[2023-12-19T03:32:14.943+0000] {processor.py:830} INFO - Processing file /home/airflow/.local/lib/python3.8/site-packages/airflow/example_dags/tutorial.py for tasks to queue
[2023-12-19T03:32:14.947+0000] {logging_mixin.py:188} INFO - [2023-12-19T03:32:14.946+0000] {dagbag.py:538} INFO - Filling up the DagBag from /home/airflow/.local/lib/python3.8/site-packages/airflow/example_dags/tutorial.py
[2023-12-19T03:32:14.952+0000] {processor.py:840} INFO - DAG(s) 'tutorial' retrieved from /home/airflow/.local/lib/python3.8/site-packages/airflow/example_dags/tutorial.py
[2023-12-19T03:32:14.969+0000] {logging_mixin.py:188} INFO - [2023-12-19T03:32:14.968+0000] {dag.py:3033} INFO - Sync 1 DAGs
[2023-12-19T03:32:14.980+0000] {logging_mixin.py:188} INFO - [2023-12-19T03:32:14.980+0000] {dag.py:3820} INFO - Setting next_dagrun for tutorial to 2023-12-18T00:00:00+00:00, run_after=2023-12-19T00:00:00+00:00
[2023-12-19T03:32:14.989+0000] {processor.py:183} INFO - Processing /home/airflow/.local/lib/python3.8/site-packages/airflow/example_dags/tutorial.py took 0.051 seconds
[2023-12-19T03:32:45.320+0000] {processor.py:161} INFO - Started process (PID=865) to work on /home/airflow/.local/lib/python3.8/site-packages/airflow/example_dags/tutorial.py
[2023-12-19T03:32:45.322+0000] {processor.py:830} INFO - Processing file /home/airflow/.local/lib/python3.8/site-packages/airflow/example_dags/tutorial.py for tasks to queue
[2023-12-19T03:32:45.326+0000] {logging_mixin.py:188} INFO - [2023-12-19T03:32:45.325+0000] {dagbag.py:538} INFO - Filling up the DagBag from /home/airflow/.local/lib/python3.8/site-packages/airflow/example_dags/tutorial.py
[2023-12-19T03:32:45.333+0000] {processor.py:840} INFO - DAG(s) 'tutorial' retrieved from /home/airflow/.local/lib/python3.8/site-packages/airflow/example_dags/tutorial.py
[2023-12-19T03:32:45.354+0000] {logging_mixin.py:188} INFO - [2023-12-19T03:32:45.354+0000] {dag.py:3033} INFO - Sync 1 DAGs
[2023-12-19T03:32:45.368+0000] {logging_mixin.py:188} INFO - [2023-12-19T03:32:45.368+0000] {dag.py:3820} INFO - Setting next_dagrun for tutorial to 2023-12-18T00:00:00+00:00, run_after=2023-12-19T00:00:00+00:00
[2023-12-19T03:32:45.378+0000] {processor.py:183} INFO - Processing /home/airflow/.local/lib/python3.8/site-packages/airflow/example_dags/tutorial.py took 0.063 seconds
[2023-12-19T03:33:15.592+0000] {processor.py:161} INFO - Started process (PID=920) to work on /home/airflow/.local/lib/python3.8/site-packages/airflow/example_dags/tutorial.py
[2023-12-19T03:33:15.594+0000] {processor.py:830} INFO - Processing file /home/airflow/.local/lib/python3.8/site-packages/airflow/example_dags/tutorial.py for tasks to queue
[2023-12-19T03:33:15.597+0000] {logging_mixin.py:188} INFO - [2023-12-19T03:33:15.596+0000] {dagbag.py:538} INFO - Filling up the DagBag from /home/airflow/.local/lib/python3.8/site-packages/airflow/example_dags/tutorial.py
[2023-12-19T03:33:15.604+0000] {processor.py:840} INFO - DAG(s) 'tutorial' retrieved from /home/airflow/.local/lib/python3.8/site-packages/airflow/example_dags/tutorial.py
[2023-12-19T03:33:15.623+0000] {logging_mixin.py:188} INFO - [2023-12-19T03:33:15.623+0000] {dag.py:3033} INFO - Sync 1 DAGs
[2023-12-19T03:33:15.635+0000] {logging_mixin.py:188} INFO - [2023-12-19T03:33:15.635+0000] {dag.py:3820} INFO - Setting next_dagrun for tutorial to 2023-12-18T00:00:00+00:00, run_after=2023-12-19T00:00:00+00:00
[2023-12-19T03:33:15.645+0000] {processor.py:183} INFO - Processing /home/airflow/.local/lib/python3.8/site-packages/airflow/example_dags/tutorial.py took 0.058 seconds
[2023-12-19T03:33:45.942+0000] {processor.py:161} INFO - Started process (PID=975) to work on /home/airflow/.local/lib/python3.8/site-packages/airflow/example_dags/tutorial.py
[2023-12-19T03:33:45.944+0000] {processor.py:830} INFO - Processing file /home/airflow/.local/lib/python3.8/site-packages/airflow/example_dags/tutorial.py for tasks to queue
[2023-12-19T03:33:45.947+0000] {logging_mixin.py:188} INFO - [2023-12-19T03:33:45.947+0000] {dagbag.py:538} INFO - Filling up the DagBag from /home/airflow/.local/lib/python3.8/site-packages/airflow/example_dags/tutorial.py
[2023-12-19T03:33:45.955+0000] {processor.py:840} INFO - DAG(s) 'tutorial' retrieved from /home/airflow/.local/lib/python3.8/site-packages/airflow/example_dags/tutorial.py
[2023-12-19T03:33:45.972+0000] {logging_mixin.py:188} INFO - [2023-12-19T03:33:45.972+0000] {dag.py:3033} INFO - Sync 1 DAGs
[2023-12-19T03:33:45.985+0000] {logging_mixin.py:188} INFO - [2023-12-19T03:33:45.985+0000] {dag.py:3820} INFO - Setting next_dagrun for tutorial to 2023-12-18T00:00:00+00:00, run_after=2023-12-19T00:00:00+00:00
[2023-12-19T03:33:45.995+0000] {processor.py:183} INFO - Processing /home/airflow/.local/lib/python3.8/site-packages/airflow/example_dags/tutorial.py took 0.058 seconds
[2023-12-19T03:34:16.233+0000] {processor.py:161} INFO - Started process (PID=1030) to work on /home/airflow/.local/lib/python3.8/site-packages/airflow/example_dags/tutorial.py
[2023-12-19T03:34:16.234+0000] {processor.py:830} INFO - Processing file /home/airflow/.local/lib/python3.8/site-packages/airflow/example_dags/tutorial.py for tasks to queue
[2023-12-19T03:34:16.237+0000] {logging_mixin.py:188} INFO - [2023-12-19T03:34:16.237+0000] {dagbag.py:538} INFO - Filling up the DagBag from /home/airflow/.local/lib/python3.8/site-packages/airflow/example_dags/tutorial.py
[2023-12-19T03:34:16.244+0000] {processor.py:840} INFO - DAG(s) 'tutorial' retrieved from /home/airflow/.local/lib/python3.8/site-packages/airflow/example_dags/tutorial.py
[2023-12-19T03:34:16.266+0000] {logging_mixin.py:188} INFO - [2023-12-19T03:34:16.266+0000] {dag.py:3033} INFO - Sync 1 DAGs
[2023-12-19T03:34:16.281+0000] {logging_mixin.py:188} INFO - [2023-12-19T03:34:16.281+0000] {dag.py:3820} INFO - Setting next_dagrun for tutorial to 2023-12-18T00:00:00+00:00, run_after=2023-12-19T00:00:00+00:00
[2023-12-19T03:34:16.300+0000] {processor.py:183} INFO - Processing /home/airflow/.local/lib/python3.8/site-packages/airflow/example_dags/tutorial.py took 0.072 seconds
[2023-12-19T03:34:46.630+0000] {processor.py:161} INFO - Started process (PID=1085) to work on /home/airflow/.local/lib/python3.8/site-packages/airflow/example_dags/tutorial.py
[2023-12-19T03:34:46.631+0000] {processor.py:830} INFO - Processing file /home/airflow/.local/lib/python3.8/site-packages/airflow/example_dags/tutorial.py for tasks to queue
[2023-12-19T03:34:46.634+0000] {logging_mixin.py:188} INFO - [2023-12-19T03:34:46.634+0000] {dagbag.py:538} INFO - Filling up the DagBag from /home/airflow/.local/lib/python3.8/site-packages/airflow/example_dags/tutorial.py
[2023-12-19T03:34:46.642+0000] {processor.py:840} INFO - DAG(s) 'tutorial' retrieved from /home/airflow/.local/lib/python3.8/site-packages/airflow/example_dags/tutorial.py
[2023-12-19T03:34:46.666+0000] {logging_mixin.py:188} INFO - [2023-12-19T03:34:46.665+0000] {dag.py:3033} INFO - Sync 1 DAGs
[2023-12-19T03:34:46.681+0000] {logging_mixin.py:188} INFO - [2023-12-19T03:34:46.681+0000] {dag.py:3820} INFO - Setting next_dagrun for tutorial to 2023-12-18T00:00:00+00:00, run_after=2023-12-19T00:00:00+00:00
[2023-12-19T03:34:46.691+0000] {processor.py:183} INFO - Processing /home/airflow/.local/lib/python3.8/site-packages/airflow/example_dags/tutorial.py took 0.067 seconds
[2023-12-19T03:35:16.815+0000] {processor.py:161} INFO - Started process (PID=1140) to work on /home/airflow/.local/lib/python3.8/site-packages/airflow/example_dags/tutorial.py
[2023-12-19T03:35:16.816+0000] {processor.py:830} INFO - Processing file /home/airflow/.local/lib/python3.8/site-packages/airflow/example_dags/tutorial.py for tasks to queue
[2023-12-19T03:35:16.820+0000] {logging_mixin.py:188} INFO - [2023-12-19T03:35:16.819+0000] {dagbag.py:538} INFO - Filling up the DagBag from /home/airflow/.local/lib/python3.8/site-packages/airflow/example_dags/tutorial.py
[2023-12-19T03:35:16.826+0000] {processor.py:840} INFO - DAG(s) 'tutorial' retrieved from /home/airflow/.local/lib/python3.8/site-packages/airflow/example_dags/tutorial.py
[2023-12-19T03:35:16.843+0000] {logging_mixin.py:188} INFO - [2023-12-19T03:35:16.843+0000] {dag.py:3033} INFO - Sync 1 DAGs
[2023-12-19T03:35:16.855+0000] {logging_mixin.py:188} INFO - [2023-12-19T03:35:16.855+0000] {dag.py:3820} INFO - Setting next_dagrun for tutorial to 2023-12-18T00:00:00+00:00, run_after=2023-12-19T00:00:00+00:00
[2023-12-19T03:35:16.865+0000] {processor.py:183} INFO - Processing /home/airflow/.local/lib/python3.8/site-packages/airflow/example_dags/tutorial.py took 0.055 seconds
[2023-12-19T03:35:47.106+0000] {processor.py:161} INFO - Started process (PID=1195) to work on /home/airflow/.local/lib/python3.8/site-packages/airflow/example_dags/tutorial.py
[2023-12-19T03:35:47.108+0000] {processor.py:830} INFO - Processing file /home/airflow/.local/lib/python3.8/site-packages/airflow/example_dags/tutorial.py for tasks to queue
[2023-12-19T03:35:47.111+0000] {logging_mixin.py:188} INFO - [2023-12-19T03:35:47.111+0000] {dagbag.py:538} INFO - Filling up the DagBag from /home/airflow/.local/lib/python3.8/site-packages/airflow/example_dags/tutorial.py
[2023-12-19T03:35:47.120+0000] {processor.py:840} INFO - DAG(s) 'tutorial' retrieved from /home/airflow/.local/lib/python3.8/site-packages/airflow/example_dags/tutorial.py
[2023-12-19T03:35:47.143+0000] {logging_mixin.py:188} INFO - [2023-12-19T03:35:47.142+0000] {dag.py:3033} INFO - Sync 1 DAGs
[2023-12-19T03:35:47.156+0000] {logging_mixin.py:188} INFO - [2023-12-19T03:35:47.156+0000] {dag.py:3820} INFO - Setting next_dagrun for tutorial to 2023-12-18T00:00:00+00:00, run_after=2023-12-19T00:00:00+00:00
[2023-12-19T03:35:47.166+0000] {processor.py:183} INFO - Processing /home/airflow/.local/lib/python3.8/site-packages/airflow/example_dags/tutorial.py took 0.066 seconds
[2023-12-19T03:36:17.372+0000] {processor.py:161} INFO - Started process (PID=1250) to work on /home/airflow/.local/lib/python3.8/site-packages/airflow/example_dags/tutorial.py
[2023-12-19T03:36:17.374+0000] {processor.py:830} INFO - Processing file /home/airflow/.local/lib/python3.8/site-packages/airflow/example_dags/tutorial.py for tasks to queue
[2023-12-19T03:36:17.378+0000] {logging_mixin.py:188} INFO - [2023-12-19T03:36:17.377+0000] {dagbag.py:538} INFO - Filling up the DagBag from /home/airflow/.local/lib/python3.8/site-packages/airflow/example_dags/tutorial.py
[2023-12-19T03:36:17.385+0000] {processor.py:840} INFO - DAG(s) 'tutorial' retrieved from /home/airflow/.local/lib/python3.8/site-packages/airflow/example_dags/tutorial.py
[2023-12-19T03:36:17.407+0000] {logging_mixin.py:188} INFO - [2023-12-19T03:36:17.407+0000] {dag.py:3033} INFO - Sync 1 DAGs
[2023-12-19T03:36:17.422+0000] {logging_mixin.py:188} INFO - [2023-12-19T03:36:17.422+0000] {dag.py:3820} INFO - Setting next_dagrun for tutorial to 2023-12-18T00:00:00+00:00, run_after=2023-12-19T00:00:00+00:00
[2023-12-19T03:36:17.432+0000] {processor.py:183} INFO - Processing /home/airflow/.local/lib/python3.8/site-packages/airflow/example_dags/tutorial.py took 0.067 seconds
[2023-12-19T03:36:47.861+0000] {processor.py:161} INFO - Started process (PID=1305) to work on /home/airflow/.local/lib/python3.8/site-packages/airflow/example_dags/tutorial.py
[2023-12-19T03:36:47.864+0000] {processor.py:830} INFO - Processing file /home/airflow/.local/lib/python3.8/site-packages/airflow/example_dags/tutorial.py for tasks to queue
[2023-12-19T03:36:47.867+0000] {logging_mixin.py:188} INFO - [2023-12-19T03:36:47.867+0000] {dagbag.py:538} INFO - Filling up the DagBag from /home/airflow/.local/lib/python3.8/site-packages/airflow/example_dags/tutorial.py
[2023-12-19T03:36:47.874+0000] {processor.py:840} INFO - DAG(s) 'tutorial' retrieved from /home/airflow/.local/lib/python3.8/site-packages/airflow/example_dags/tutorial.py
[2023-12-19T03:36:47.895+0000] {logging_mixin.py:188} INFO - [2023-12-19T03:36:47.895+0000] {dag.py:3033} INFO - Sync 1 DAGs
[2023-12-19T03:36:47.911+0000] {logging_mixin.py:188} INFO - [2023-12-19T03:36:47.911+0000] {dag.py:3820} INFO - Setting next_dagrun for tutorial to 2023-12-18T00:00:00+00:00, run_after=2023-12-19T00:00:00+00:00
[2023-12-19T03:36:47.925+0000] {processor.py:183} INFO - Processing /home/airflow/.local/lib/python3.8/site-packages/airflow/example_dags/tutorial.py took 0.069 seconds
[2023-12-19T03:37:18.267+0000] {processor.py:161} INFO - Started process (PID=1360) to work on /home/airflow/.local/lib/python3.8/site-packages/airflow/example_dags/tutorial.py
[2023-12-19T03:37:18.269+0000] {processor.py:830} INFO - Processing file /home/airflow/.local/lib/python3.8/site-packages/airflow/example_dags/tutorial.py for tasks to queue
[2023-12-19T03:37:18.271+0000] {logging_mixin.py:188} INFO - [2023-12-19T03:37:18.271+0000] {dagbag.py:538} INFO - Filling up the DagBag from /home/airflow/.local/lib/python3.8/site-packages/airflow/example_dags/tutorial.py
[2023-12-19T03:37:18.278+0000] {processor.py:840} INFO - DAG(s) 'tutorial' retrieved from /home/airflow/.local/lib/python3.8/site-packages/airflow/example_dags/tutorial.py
[2023-12-19T03:37:18.298+0000] {logging_mixin.py:188} INFO - [2023-12-19T03:37:18.297+0000] {dag.py:3033} INFO - Sync 1 DAGs
[2023-12-19T03:37:18.311+0000] {logging_mixin.py:188} INFO - [2023-12-19T03:37:18.311+0000] {dag.py:3820} INFO - Setting next_dagrun for tutorial to 2023-12-18T00:00:00+00:00, run_after=2023-12-19T00:00:00+00:00
[2023-12-19T03:37:18.321+0000] {processor.py:183} INFO - Processing /home/airflow/.local/lib/python3.8/site-packages/airflow/example_dags/tutorial.py took 0.060 seconds
[2023-12-19T03:37:48.568+0000] {processor.py:161} INFO - Started process (PID=1415) to work on /home/airflow/.local/lib/python3.8/site-packages/airflow/example_dags/tutorial.py
[2023-12-19T03:37:48.569+0000] {processor.py:830} INFO - Processing file /home/airflow/.local/lib/python3.8/site-packages/airflow/example_dags/tutorial.py for tasks to queue
[2023-12-19T03:37:48.572+0000] {logging_mixin.py:188} INFO - [2023-12-19T03:37:48.572+0000] {dagbag.py:538} INFO - Filling up the DagBag from /home/airflow/.local/lib/python3.8/site-packages/airflow/example_dags/tutorial.py
[2023-12-19T03:37:48.579+0000] {processor.py:840} INFO - DAG(s) 'tutorial' retrieved from /home/airflow/.local/lib/python3.8/site-packages/airflow/example_dags/tutorial.py
[2023-12-19T03:37:48.597+0000] {logging_mixin.py:188} INFO - [2023-12-19T03:37:48.597+0000] {dag.py:3033} INFO - Sync 1 DAGs
[2023-12-19T03:37:48.609+0000] {logging_mixin.py:188} INFO - [2023-12-19T03:37:48.609+0000] {dag.py:3820} INFO - Setting next_dagrun for tutorial to 2023-12-18T00:00:00+00:00, run_after=2023-12-19T00:00:00+00:00
[2023-12-19T03:37:48.618+0000] {processor.py:183} INFO - Processing /home/airflow/.local/lib/python3.8/site-packages/airflow/example_dags/tutorial.py took 0.056 seconds
